Temtem by Crema [version: Unity 2019.4.18f1_3310a4d4f880]

UnityPlayer.dll caused an Access Violation (0xc0000005)
  in module UnityPlayer.dll at 0033:e708c179.

Error occurred at 2021-04-15_182038.
C:\Program Files (x86)\Steam\steamapps\common\Temtem\Temtem.exe, run by rqflo.

81% physical memory in use.
8035 MB physical memory [1473 MB free].
9373 MB process peak paging file [9373 MB used].
2524 MB process peak working set [2522 MB used].
System Commit Total/Limit/Peak: 15960MB/16227MB/16227MB
System Physical Total/Available: 8035MB/1473MB
System Process Count: 192
System Thread Count: 2001
System Handle Count: 75715
Disk space data for 'C:\Users\rqflo\AppData\Local\Temp\Crema\Temtem\Crashes\Crash_2021-04-15_102029841\': 600640831488 bytes free of 999007711232 total.

Write to location 0000000000000000 caused an access violation.

Context:
RDI:    0x0000000000000000  RSI: 0x0000000000556000  RAX:   0x0000000000000000
RBX:    0x00007fffe82cd700  RCX: 0x0000000000000000  RDX:   0x00000000000005af
RIP:    0x00007fffe708c179  RBP: 0x0000000000000000  SegCs: 0x0000000000000033
EFlags: 0x0000000000010206  RSP: 0x000000772ebfd9d0  SegSs: 0x000000000000002b
R8:     0x000000000000005a  R9:  0x000000000000005e  R10:   0x0000000000000096
R11:    0x0000000000000246  R12: 0x0000000000555578  R13:   0x0000000000000001
R14:    0x0000000000000010  R15: 0x00007fffe82cd820


Bytes at CS:EIP:
48 89 28 48 89 68 08 48 89 48 10 48 8b 8b 70 01 

No mono DLL path set. This app is either running IL2CPP, or the crash occurred before mono was initialized.


Stack Trace of Crashed Thread 15124:
0x00007FFFE708C179 (UnityPlayer) UnityMain
0x00007FFFE7089D0A (UnityPlayer) UnityMain
0x00007FFFE708641C (UnityPlayer) UnityMain
0x00007FFFE7085CE5 (UnityPlayer) UnityMain
0x00007FFFE71AE068 (UnityPlayer) UnityMain
0x00007FFFE71ADE64 (UnityPlayer) UnityMain
0x00007FFFE71AB947 (UnityPlayer) UnityMain
0x00007FFFE7393F8E (UnityPlayer) UnityMain
ERROR: SymGetSymFromAddr64, GetLastError: 'Attempt to access invalid address.' (Address: 00007FFFE700D9BF)
0x00007FFFE700D9BF (UnityPlayer) (function-name not available)
ERROR: SymGetSymFromAddr64, GetLastError: 'Attempt to access invalid address.' (Address: 00007FFFE700E6CD)
0x00007FFFE700E6CD (UnityPlayer) (function-name not available)
ERROR: SymGetSymFromAddr64, GetLastError: 'Attempt to access invalid address.' (Address: 00007FFFE700E7A8)
0x00007FFFE700E7A8 (UnityPlayer) (function-name not available)
0x00007FFFE7334798 (UnityPlayer) UnityMain
0x00007FF849647034 (KERNEL32) BaseThreadInitThunk
0x00007FF84ABE2651 (ntdll) RtlUserThreadStart

Stacks for Running Threads:

Call Stack for Thread 12060:
0x00007FF84AC2CC94 (ntdll) ZwWaitForSingleObject
0x00007FF84833A34E (KERNELBASE) WaitForSingleObjectEx
0x00007FFFE7997732 (UnityPlayer) UnityMain
0x00007FFFE71BF9AC (UnityPlayer) UnityMain
0x00007FFFE719606C (UnityPlayer) UnityMain
0x00007FFFE718B726 (UnityPlayer) UnityMain
0x00007FFFE7402F2A (UnityPlayer) UnityMain
0x00007FFFE73F5104 (UnityPlayer) UnityMain
0x00007FFFE71BE781 (UnityPlayer) UnityMain
0x00007FFFE7195F93 (UnityPlayer) UnityMain
0x00007FFFE71BEAF6 (UnityPlayer) UnityMain
0x00007FFFE719C655 (UnityPlayer) UnityMain
0x00007FFFD8B2AA5F (GameAssembly) WriteZStream
0x00007FFFD8B26911 (GameAssembly) WriteZStream
0x00007FFFD8B14BFE (GameAssembly) WriteZStream
ERROR: SymGetSymFromAddr64, GetLastError: 'Attempt to access invalid address.' (Address: 00007FFFD881513C)
0x00007FFFD881513C (GameAssembly) (function-name not available)
0x00007FFFD89C8980 (GameAssembly) UnityPalGetTimeZoneDataForID
0x00007FFFE73A9D10 (UnityPlayer) UnityMain
0x00007FFFE73BB093 (UnityPlayer) UnityMain
0x00007FFFE73C5358 (UnityPlayer) UnityMain
0x00007FFFE73C53EE (UnityPlayer) UnityMain
0x00007FFFE73C4449 (UnityPlayer) UnityMain
0x00007FFFE714478D (UnityPlayer) UnityMain
0x00007FFFE728D217 (UnityPlayer) UnityMain
0x00007FFFE728D2B3 (UnityPlayer) UnityMain
0x00007FFFE728F6EC (UnityPlayer) UnityMain
ERROR: SymGetSymFromAddr64, GetLastError: 'Attempt to access invalid address.' (Address: 00007FFFE704496E)
0x00007FFFE704496E (UnityPlayer) (function-name not available)
ERROR: SymGetSymFromAddr64, GetLastError: 'Attempt to access invalid address.' (Address: 00007FFFE70436CA)
0x00007FFFE70436CA (UnityPlayer) (function-name not available)
ERROR: SymGetSymFromAddr64, GetLastError: 'Attempt to access invalid address.' (Address: 00007FFFE70478A8)
0x00007FFFE70478A8 (UnityPlayer) (function-name not available)
0x00007FFFE704B3AB (UnityPlayer) UnityMain
ERROR: SymGetSymFromAddr64, GetLastError: 'Attempt to access invalid address.' (Address: 00007FF6FE1B11F2)
0x00007FF6FE1B11F2 (Temtem) (function-name not available)
0x00007FF849647034 (KERNEL32) BaseThreadInitThunk
0x00007FF84ABE2651 (ntdll) RtlUserThreadStart


Call Stack for Thread 3320:
0x00007FF84AC2CC94 (ntdll) ZwWaitForSingleObject
0x00007FF84833A34E (KERNELBASE) WaitForSingleObjectEx
0x00007FFFD8992139 (GameAssembly) il2cpp_value_box
0x00007FFFD89FEBAE (GameAssembly) WriteZStream
0x00007FFFD8990C92 (GameAssembly) il2cpp_value_box
0x00007FFFD8991CB3 (GameAssembly) il2cpp_value_box
0x00007FF849647034 (KERNEL32) BaseThreadInitThunk
0x00007FF84ABE2651 (ntdll) RtlUserThreadStart


Call Stack for Thread 6744:
0x00007FF84AC2CC94 (ntdll) ZwWaitForSingleObject
0x00007FF84833A34E (KERNELBASE) WaitForSingleObjectEx
0x00007FFFE7997732 (UnityPlayer) UnityMain
0x00007FFFE7248710 (UnityPlayer) UnityMain
0x00007FFFE72497E0 (UnityPlayer) UnityMain
0x00007FFFE7334798 (UnityPlayer) UnityMain
0x00007FF849647034 (KERNEL32) BaseThreadInitThunk
0x00007FF84ABE2651 (ntdll) RtlUserThreadStart


Call Stack for Thread 14704:
0x00007FF84AC2CC94 (ntdll) ZwWaitForSingleObject
0x00007FF84833A34E (KERNELBASE) WaitForSingleObjectEx
0x00007FFFE7997732 (UnityPlayer) UnityMain
0x00007FFFE7248710 (UnityPlayer) UnityMain
0x00007FFFE72497E0 (UnityPlayer) UnityMain
0x00007FFFE7334798 (UnityPlayer) UnityMain
0x00007FF849647034 (KERNEL32) BaseThreadInitThunk
0x00007FF84ABE2651 (ntdll) RtlUserThreadStart


Call Stack for Thread 15780:
0x00007FF84AC2CC94 (ntdll) ZwWaitForSingleObject
0x00007FF84833A34E (KERNELBASE) WaitForSingleObjectEx
0x00007FFFE7997732 (UnityPlayer) UnityMain
0x00007FFFE7248710 (UnityPlayer) UnityMain
0x00007FFFE72497E0 (UnityPlayer) UnityMain
0x00007FFFE7334798 (UnityPlayer) UnityMain
0x00007FF849647034 (KERNEL32) BaseThreadInitThunk
0x00007FF84ABE2651 (ntdll) RtlUserThreadStart


Call Stack for Thread 6068:
0x00007FF84AC2CC94 (ntdll) ZwWaitForSingleObject
0x00007FF84833A34E (KERNELBASE) WaitForSingleObjectEx
0x00007FFFE7997732 (UnityPlayer) UnityMain
0x00007FFFE7248710 (UnityPlayer) UnityMain
0x00007FFFE72497E0 (UnityPlayer) UnityMain
0x00007FFFE7334798 (UnityPlayer) UnityMain
0x00007FF849647034 (KERNEL32) BaseThreadInitThunk
0x00007FF84ABE2651 (ntdll) RtlUserThreadStart


Call Stack for Thread 10312:
0x00007FF84AC2CC94 (ntdll) ZwWaitForSingleObject
0x00007FF84833A34E (KERNELBASE) WaitForSingleObjectEx
0x00007FFFE7997732 (UnityPlayer) UnityMain
0x00007FFFE7248710 (UnityPlayer) UnityMain
0x00007FFFE72497E0 (UnityPlayer) UnityMain
0x00007FFFE7334798 (UnityPlayer) UnityMain
0x00007FF849647034 (KERNEL32) BaseThreadInitThunk
0x00007FF84ABE2651 (ntdll) RtlUserThreadStart


Call Stack for Thread 15428:
0x00007FF84AC2CC94 (ntdll) ZwWaitForSingleObject
0x00007FF84833A34E (KERNELBASE) WaitForSingleObjectEx
0x00007FFFE7997732 (UnityPlayer) UnityMain
0x00007FFFE7248710 (UnityPlayer) UnityMain
0x00007FFFE72497E0 (UnityPlayer) UnityMain
0x00007FFFE7334798 (UnityPlayer) UnityMain
0x00007FF849647034 (KERNEL32) BaseThreadInitThunk
0x00007FF84ABE2651 (ntdll) RtlUserThreadStart


Call Stack for Thread 16148:
0x00007FF84AC2CC94 (ntdll) ZwWaitForSingleObject
0x00007FF84833A34E (KERNELBASE) WaitForSingleObjectEx
0x00007FFFE7997732 (UnityPlayer) UnityMain
0x00007FFFE7248710 (UnityPlayer) UnityMain
0x00007FFFE72497E0 (UnityPlayer) UnityMain
0x00007FFFE7334798 (UnityPlayer) UnityMain
0x00007FF849647034 (KERNEL32) BaseThreadInitThunk
0x00007FF84ABE2651 (ntdll) RtlUserThreadStart


Call Stack for Thread 16880:
0x00007FF84AC2CC94 (ntdll) ZwWaitForSingleObject
0x00007FF84833A34E (KERNELBASE) WaitForSingleObjectEx
0x00007FFFE7997732 (UnityPlayer) UnityMain
0x00007FFFE7248710 (UnityPlayer) UnityMain
0x00007FFFE72497E0 (UnityPlayer) UnityMain
0x00007FFFE7334798 (UnityPlayer) UnityMain
0x00007FF849647034 (KERNEL32) BaseThreadInitThunk
0x00007FF84ABE2651 (ntdll) RtlUserThreadStart


Call Stack for Thread 3056:
0x00007FF84AC2CC94 (ntdll) ZwWaitForSingleObject
0x00007FF84833A34E (KERNELBASE) WaitForSingleObjectEx
0x00007FFFE7997732 (UnityPlayer) UnityMain
0x00007FFFE7248710 (UnityPlayer) UnityMain
0x00007FFFE72497E0 (UnityPlayer) UnityMain
0x00007FFFE7334798 (UnityPlayer) UnityMain
0x00007FF849647034 (KERNEL32) BaseThreadInitThunk
0x00007FF84ABE2651 (ntdll) RtlUserThreadStart


Call Stack for Thread 14900:
0x00007FF84AC2CC94 (ntdll) ZwWaitForSingleObject
0x00007FF84833A34E (KERNELBASE) WaitForSingleObjectEx
0x00007FFFE7997732 (UnityPlayer) UnityMain
0x00007FFFE7248710 (UnityPlayer) UnityMain
0x00007FFFE72497E0 (UnityPlayer) UnityMain
0x00007FFFE7334798 (UnityPlayer) UnityMain
0x00007FF849647034 (KERNEL32) BaseThreadInitThunk
0x00007FF84ABE2651 (ntdll) RtlUserThreadStart


Call Stack for Thread 10028:
0x00007FF84AC2CC94 (ntdll) ZwWaitForSingleObject
0x00007FF84833A34E (KERNELBASE) WaitForSingleObjectEx
0x00007FFFE7997732 (UnityPlayer) UnityMain
0x00007FFFE7248710 (UnityPlayer) UnityMain
0x00007FFFE72497E0 (UnityPlayer) UnityMain
0x00007FFFE7334798 (UnityPlayer) UnityMain
0x00007FF849647034 (KERNEL32) BaseThreadInitThunk
0x00007FF84ABE2651 (ntdll) RtlUserThreadStart


Call Stack for Thread 3776:
0x00007FF84AC2CC94 (ntdll) ZwWaitForSingleObject
0x00007FF84833A34E (KERNELBASE) WaitForSingleObjectEx
0x00007FFFE7997732 (UnityPlayer) UnityMain
0x00007FFFE7248710 (UnityPlayer) UnityMain
0x00007FFFE72497E0 (UnityPlayer) UnityMain
0x00007FFFE7334798 (UnityPlayer) UnityMain
0x00007FF849647034 (KERNEL32) BaseThreadInitThunk
0x00007FF84ABE2651 (ntdll) RtlUserThreadStart


Call Stack for Thread 10924:
0x00007FF84AC2CC94 (ntdll) ZwWaitForSingleObject
0x00007FF84833A34E (KERNELBASE) WaitForSingleObjectEx
0x00007FFFE7997732 (UnityPlayer) UnityMain
0x00007FFFE7248710 (UnityPlayer) UnityMain
0x00007FFFE72497E0 (UnityPlayer) UnityMain
0x00007FFFE7334798 (UnityPlayer) UnityMain
0x00007FF849647034 (KERNEL32) BaseThreadInitThunk
0x00007FF84ABE2651 (ntdll) RtlUserThreadStart


Call Stack for Thread 14196:
0x00007FF84AC2CC94 (ntdll) ZwWaitForSingleObject
0x00007FF84833A34E (KERNELBASE) WaitForSingleObjectEx
0x00007FFFE7997732 (UnityPlayer) UnityMain
0x00007FFFE7248710 (UnityPlayer) UnityMain
0x00007FFFE72497E0 (UnityPlayer) UnityMain
0x00007FFFE7334798 (UnityPlayer) UnityMain
0x00007FF849647034 (KERNEL32) BaseThreadInitThunk
0x00007FF84ABE2651 (ntdll) RtlUserThreadStart


Call Stack for Thread 5912:
0x00007FF84AC2CC94 (ntdll) ZwWaitForSingleObject
0x00007FF84833A34E (KERNELBASE) WaitForSingleObjectEx
0x00007FFFE7997732 (UnityPlayer) UnityMain
0x00007FFFE7248710 (UnityPlayer) UnityMain
0x00007FFFE72497E0 (UnityPlayer) UnityMain
0x00007FFFE7334798 (UnityPlayer) UnityMain
0x00007FF849647034 (KERNEL32) BaseThreadInitThunk
0x00007FF84ABE2651 (ntdll) RtlUserThreadStart


Call Stack for Thread 16864:
0x00007FF84AC2CC94 (ntdll) ZwWaitForSingleObject
0x00007FF84833A34E (KERNELBASE) WaitForSingleObjectEx
0x00007FFFE7997732 (UnityPlayer) UnityMain
0x00007FFFE7248710 (UnityPlayer) UnityMain
0x00007FFFE72497E0 (UnityPlayer) UnityMain
0x00007FFFE7334798 (UnityPlayer) UnityMain
0x00007FF849647034 (KERNEL32) BaseThreadInitThunk
0x00007FF84ABE2651 (ntdll) RtlUserThreadStart


Call Stack for Thread 3432:
0x00007FF84AC2CC94 (ntdll) ZwWaitForSingleObject
0x00007FF84833A34E (KERNELBASE) WaitForSingleObjectEx
0x00007FFFE7997732 (UnityPlayer) UnityMain
0x00007FFFE7248710 (UnityPlayer) UnityMain
0x00007FFFE72497E0 (UnityPlayer) UnityMain
0x00007FFFE7334798 (UnityPlayer) UnityMain
0x00007FF849647034 (KERNEL32) BaseThreadInitThunk
0x00007FF84ABE2651 (ntdll) RtlUserThreadStart


Call Stack for Thread 17260:
0x00007FF84AC2CC94 (ntdll) ZwWaitForSingleObject
0x00007FF84833A34E (KERNELBASE) WaitForSingleObjectEx
0x00007FFFE7997732 (UnityPlayer) UnityMain
0x00007FFFE7248710 (UnityPlayer) UnityMain
0x00007FFFE72497E0 (UnityPlayer) UnityMain
0x00007FFFE7334798 (UnityPlayer) UnityMain
0x00007FF849647034 (KERNEL32) BaseThreadInitThunk
0x00007FF84ABE2651 (ntdll) RtlUserThreadStart


Call Stack for Thread 13772:
0x00007FF84AC2CC94 (ntdll) ZwWaitForSingleObject
0x00007FF84833A34E (KERNELBASE) WaitForSingleObjectEx
0x00007FFFE7997732 (UnityPlayer) UnityMain
0x00007FFFE7248710 (UnityPlayer) UnityMain
0x00007FFFE72497E0 (UnityPlayer) UnityMain
0x00007FFFE7334798 (UnityPlayer) UnityMain
0x00007FF849647034 (KERNEL32) BaseThreadInitThunk
0x00007FF84ABE2651 (ntdll) RtlUserThreadStart


Call Stack for Thread 15572:
0x00007FF84AC2CC94 (ntdll) ZwWaitForSingleObject
0x00007FF84833A34E (KERNELBASE) WaitForSingleObjectEx
0x00007FFFE7997732 (UnityPlayer) UnityMain
0x00007FFFE7248710 (UnityPlayer) UnityMain
0x00007FFFE72497E0 (UnityPlayer) UnityMain
0x00007FFFE7334798 (UnityPlayer) UnityMain
0x00007FF849647034 (KERNEL32) BaseThreadInitThunk
0x00007FF84ABE2651 (ntdll) RtlUserThreadStart


Call Stack for Thread 10952:
0x00007FF84AC2CC94 (ntdll) ZwWaitForSingleObject
0x00007FF84833A34E (KERNELBASE) WaitForSingleObjectEx
0x00007FFFE7997732 (UnityPlayer) UnityMain
0x00007FFFE7248710 (UnityPlayer) UnityMain
0x00007FFFE72497E0 (UnityPlayer) UnityMain
0x00007FFFE7334798 (UnityPlayer) UnityMain
0x00007FF849647034 (KERNEL32) BaseThreadInitThunk
0x00007FF84ABE2651 (ntdll) RtlUserThreadStart


Call Stack for Thread 7972:
0x00007FF84AC2CC94 (ntdll) ZwWaitForSingleObject
0x00007FF84833A34E (KERNELBASE) WaitForSingleObjectEx
0x00007FFFE7997732 (UnityPlayer) UnityMain
0x00007FFFE7248710 (UnityPlayer) UnityMain
0x00007FFFE72497E0 (UnityPlayer) UnityMain
0x00007FFFE7334798 (UnityPlayer) UnityMain
0x00007FF849647034 (KERNEL32) BaseThreadInitThunk
0x00007FF84ABE2651 (ntdll) RtlUserThreadStart


Call Stack for Thread 15344:
0x00007FF84AC2CC94 (ntdll) ZwWaitForSingleObject
0x00007FF84833A34E (KERNELBASE) WaitForSingleObjectEx
0x00007FFFE7997732 (UnityPlayer) UnityMain
0x00007FFFE7248710 (UnityPlayer) UnityMain
0x00007FFFE72497E0 (UnityPlayer) UnityMain
0x00007FFFE7334798 (UnityPlayer) UnityMain
0x00007FF849647034 (KERNEL32) BaseThreadInitThunk
0x00007FF84ABE2651 (ntdll) RtlUserThreadStart


Call Stack for Thread 11932:
0x00007FF84AC2CC94 (ntdll) ZwWaitForSingleObject
0x00007FF84833A34E (KERNELBASE) WaitForSingleObjectEx
0x00007FFFE7997732 (UnityPlayer) UnityMain
0x00007FFFE733580A (UnityPlayer) UnityMain
0x00007FFFE728C3FC (UnityPlayer) UnityMain
0x00007FFFE7334798 (UnityPlayer) UnityMain
0x00007FF849647034 (KERNEL32) BaseThreadInitThunk
0x00007FF84ABE2651 (ntdll) RtlUserThreadStart


Call Stack for Thread 14880:
0x00007FF84AC2CC94 (ntdll) ZwWaitForSingleObject
0x00007FF84833A34E (KERNELBASE) WaitForSingleObjectEx
0x00007FFFE7997732 (UnityPlayer) UnityMain
0x00007FFFE71404FD (UnityPlayer) UnityMain
0x00007FFFE7334798 (UnityPlayer) UnityMain
0x00007FF849647034 (KERNEL32) BaseThreadInitThunk
0x00007FF84ABE2651 (ntdll) RtlUserThreadStart


Call Stack for Thread 11504:
0x00007FF84AC2CC94 (ntdll) ZwWaitForSingleObject
0x00007FF84833A34E (KERNELBASE) WaitForSingleObjectEx
0x00007FFFD445EA4D (nvwgf2umx) cask::SafeEnum<cask::GemmChip_ENUMCLASS_SCOPEWRAPPER>::SafeEnum<cask::GemmChip_ENUMCLASS_SCOPEWRAPPER>
0x00007FFFD5377AAC (nvwgf2umx) OpenAdapter12
0x00007FF849647034 (KERNEL32) BaseThreadInitThunk
0x00007FF84ABE2651 (ntdll) RtlUserThreadStart


Call Stack for Thread 14396:
0x00007FF84AC2CC94 (ntdll) ZwWaitForSingleObject
0x00007FF84833A34E (KERNELBASE) WaitForSingleObjectEx
0x00007FFFD445EA4D (nvwgf2umx) cask::SafeEnum<cask::GemmChip_ENUMCLASS_SCOPEWRAPPER>::SafeEnum<cask::GemmChip_ENUMCLASS_SCOPEWRAPPER>
0x00007FFFD5377AAC (nvwgf2umx) OpenAdapter12
0x00007FF849647034 (KERNEL32) BaseThreadInitThunk
0x00007FF84ABE2651 (ntdll) RtlUserThreadStart


Call Stack for Thread 4100:
0x00007FF84AC2CC94 (ntdll) ZwWaitForSingleObject
0x00007FF84833A34E (KERNELBASE) WaitForSingleObjectEx
0x00007FFFD445EA4D (nvwgf2umx) cask::SafeEnum<cask::GemmChip_ENUMCLASS_SCOPEWRAPPER>::SafeEnum<cask::GemmChip_ENUMCLASS_SCOPEWRAPPER>
0x00007FFFD5377AAC (nvwgf2umx) OpenAdapter12
0x00007FF849647034 (KERNEL32) BaseThreadInitThunk
0x00007FF84ABE2651 (ntdll) RtlUserThreadStart


Call Stack for Thread 1652:
0x00007FF84AC2CC94 (ntdll) ZwWaitForSingleObject
0x00007FF84833A34E (KERNELBASE) WaitForSingleObjectEx
0x00007FFFD445EA4D (nvwgf2umx) cask::SafeEnum<cask::GemmChip_ENUMCLASS_SCOPEWRAPPER>::SafeEnum<cask::GemmChip_ENUMCLASS_SCOPEWRAPPER>
0x00007FFFD5377AAC (nvwgf2umx) OpenAdapter12
0x00007FF849647034 (KERNEL32) BaseThreadInitThunk
0x00007FF84ABE2651 (ntdll) RtlUserThreadStart


Call Stack for Thread 5772:
0x00007FF84AC2CC94 (ntdll) ZwWaitForSingleObject
0x00007FF84833A34E (KERNELBASE) WaitForSingleObjectEx
0x00007FFFD4DF66D2 (nvwgf2umx) cask::ShaderList<cask::SoftmaxShader,cask::SoftmaxOperation>::availableShaders
0x00007FFFD4DF55AA (nvwgf2umx) cask::ShaderList<cask::SoftmaxShader,cask::SoftmaxOperation>::availableShaders
0x00007FFFD4DEA7ED (nvwgf2umx) cask::ShaderList<cask::SoftmaxShader,cask::SoftmaxOperation>::availableShaders
0x00007FFFD43C149A (nvwgf2umx) cask::SafeEnum<cask::GemmChip_ENUMCLASS_SCOPEWRAPPER>::SafeEnum<cask::GemmChip_ENUMCLASS_SCOPEWRAPPER>
0x00007FFFD5377AAC (nvwgf2umx) OpenAdapter12
0x00007FF849647034 (KERNEL32) BaseThreadInitThunk
0x00007FF84ABE2651 (ntdll) RtlUserThreadStart


Call Stack for Thread 7452:
0x00007FF84AC2CC94 (ntdll) ZwWaitForSingleObject
0x00007FF84833A34E (KERNELBASE) WaitForSingleObjectEx
0x00007FFFD445EA4D (nvwgf2umx) cask::SafeEnum<cask::GemmChip_ENUMCLASS_SCOPEWRAPPER>::SafeEnum<cask::GemmChip_ENUMCLASS_SCOPEWRAPPER>
0x00007FFFD5377AAC (nvwgf2umx) OpenAdapter12
0x00007FF849647034 (KERNEL32) BaseThreadInitThunk
0x00007FF84ABE2651 (ntdll) RtlUserThreadStart


Call Stack for Thread 14988:
0x00007FF84AC2D764 (ntdll) NtWaitForMultipleObjects
0x00007FF848370D40 (KERNELBASE) WaitForMultipleObjectsEx
0x00007FF84994BCF6 (combase) RoGetServerActivatableClasses
0x00007FF84994BB70 (combase) RoGetServerActivatableClasses
0x00007FF84994B980 (combase) RoGetServerActivatableClasses
0x00007FF84994B909 (combase) RoGetServerActivatableClasses
0x00007FF849647034 (KERNEL32) BaseThreadInitThunk
0x00007FF84ABE2651 (ntdll) RtlUserThreadStart


Call Stack for Thread 13508:
0x00007FF84AC30664 (ntdll) NtWaitForWorkViaWorkerFactory
0x00007FF84ABE2DC7 (ntdll) TpReleaseCleanupGroupMembers
0x00007FF849647034 (KERNEL32) BaseThreadInitThunk
0x00007FF84ABE2651 (ntdll) RtlUserThreadStart


Call Stack for Thread 4540:
0x00007FF84AC30664 (ntdll) NtWaitForWorkViaWorkerFactory
0x00007FF84ABE2DC7 (ntdll) TpReleaseCleanupGroupMembers
0x00007FF849647034 (KERNEL32) BaseThreadInitThunk
0x00007FF84ABE2651 (ntdll) RtlUserThreadStart


Call Stack for Thread 14544:
0x00007FF84AC2CC94 (ntdll) ZwWaitForSingleObject
0x00007FF84833A34E (KERNELBASE) WaitForSingleObjectEx
0x00007FFFD445EA4D (nvwgf2umx) cask::SafeEnum<cask::GemmChip_ENUMCLASS_SCOPEWRAPPER>::SafeEnum<cask::GemmChip_ENUMCLASS_SCOPEWRAPPER>
0x00007FFFD5377AAC (nvwgf2umx) OpenAdapter12
0x00007FF849647034 (KERNEL32) BaseThreadInitThunk
0x00007FF84ABE2651 (ntdll) RtlUserThreadStart


Call Stack for Thread 7484:
0x00007FF84AC2CC94 (ntdll) ZwWaitForSingleObject
0x00007FF84833A34E (KERNELBASE) WaitForSingleObjectEx
0x00007FFFD445EA4D (nvwgf2umx) cask::SafeEnum<cask::GemmChip_ENUMCLASS_SCOPEWRAPPER>::SafeEnum<cask::GemmChip_ENUMCLASS_SCOPEWRAPPER>
0x00007FFFD5377AAC (nvwgf2umx) OpenAdapter12
0x00007FF849647034 (KERNEL32) BaseThreadInitThunk
0x00007FF84ABE2651 (ntdll) RtlUserThreadStart


Call Stack for Thread 7516:
0x00007FF84AC2CC94 (ntdll) ZwWaitForSingleObject
0x00007FF84833A34E (KERNELBASE) WaitForSingleObjectEx
0x00007FFFD445EA4D (nvwgf2umx) cask::SafeEnum<cask::GemmChip_ENUMCLASS_SCOPEWRAPPER>::SafeEnum<cask::GemmChip_ENUMCLASS_SCOPEWRAPPER>
0x00007FFFD5377AAC (nvwgf2umx) OpenAdapter12
0x00007FF849647034 (KERNEL32) BaseThreadInitThunk
0x00007FF84ABE2651 (ntdll) RtlUserThreadStart


Call Stack for Thread 6044:
0x00007FF84AC2CC94 (ntdll) ZwWaitForSingleObject
0x00007FF84833A34E (KERNELBASE) WaitForSingleObjectEx
0x00007FFFD445EA4D (nvwgf2umx) cask::SafeEnum<cask::GemmChip_ENUMCLASS_SCOPEWRAPPER>::SafeEnum<cask::GemmChip_ENUMCLASS_SCOPEWRAPPER>
0x00007FFFD5377AAC (nvwgf2umx) OpenAdapter12
0x00007FF849647034 (KERNEL32) BaseThreadInitThunk
0x00007FF84ABE2651 (ntdll) RtlUserThreadStart


Call Stack for Thread 10488:
0x00007FF84AC2CC94 (ntdll) ZwWaitForSingleObject
0x00007FF84833A34E (KERNELBASE) WaitForSingleObjectEx
0x00007FFFE7AD501A (UnityPlayer) UnityMain
0x00007FFFE7AD4F6E (UnityPlayer) UnityMain
0x00007FFFE7A62D96 (UnityPlayer) UnityMain
0x00007FFFE7F06E60 (UnityPlayer) UnityMain
0x00007FF849647034 (KERNEL32) BaseThreadInitThunk
0x00007FF84ABE2651 (ntdll) RtlUserThreadStart


Call Stack for Thread 14952:
0x00007FF84AC2CC94 (ntdll) ZwWaitForSingleObject
0x00007FF84833A34E (KERNELBASE) WaitForSingleObjectEx
0x00007FFFE7AB7745 (UnityPlayer) UnityMain
0x00007FFFE7A6106A (UnityPlayer) UnityMain
0x00007FFFE7A62D61 (UnityPlayer) UnityMain
0x00007FFFE7F06E60 (UnityPlayer) UnityMain
0x00007FF849647034 (KERNEL32) BaseThreadInitThunk
0x00007FF84ABE2651 (ntdll) RtlUserThreadStart


Call Stack for Thread 11424:
0x00007FF84AC2D294 (ntdll) NtDelayExecution
0x00007FF84836D84E (KERNELBASE) SleepEx
0x00007FFFE7A6121A (UnityPlayer) UnityMain
0x00007FFFE7A62DC4 (UnityPlayer) UnityMain
0x00007FFFE7F06E60 (UnityPlayer) UnityMain
0x00007FF849647034 (KERNEL32) BaseThreadInitThunk
0x00007FF84ABE2651 (ntdll) RtlUserThreadStart


Call Stack for Thread 3964:
0x00007FF84AC2CC94 (ntdll) ZwWaitForSingleObject
0x00007FF84833A34E (KERNELBASE) WaitForSingleObjectEx
0x00007FFFD445EA4D (nvwgf2umx) cask::SafeEnum<cask::GemmChip_ENUMCLASS_SCOPEWRAPPER>::SafeEnum<cask::GemmChip_ENUMCLASS_SCOPEWRAPPER>
0x00007FFFD5377AAC (nvwgf2umx) OpenAdapter12
0x00007FF849647034 (KERNEL32) BaseThreadInitThunk
0x00007FF84ABE2651 (ntdll) RtlUserThreadStart


Call Stack for Thread 16324:
0x00007FF84AC2CC94 (ntdll) ZwWaitForSingleObject
0x00007FF84833A34E (KERNELBASE) WaitForSingleObjectEx
0x00007FFFD445EA4D (nvwgf2umx) cask::SafeEnum<cask::GemmChip_ENUMCLASS_SCOPEWRAPPER>::SafeEnum<cask::GemmChip_ENUMCLASS_SCOPEWRAPPER>
0x00007FFFD5377AAC (nvwgf2umx) OpenAdapter12
0x00007FF849647034 (KERNEL32) BaseThreadInitThunk
0x00007FF84ABE2651 (ntdll) RtlUserThreadStart


Call Stack for Thread 13884:
0x00007FF84AC2CC94 (ntdll) ZwWaitForSingleObject
0x00007FF84833A34E (KERNELBASE) WaitForSingleObjectEx
0x00007FFFD445EA4D (nvwgf2umx) cask::SafeEnum<cask::GemmChip_ENUMCLASS_SCOPEWRAPPER>::SafeEnum<cask::GemmChip_ENUMCLASS_SCOPEWRAPPER>
0x00007FFFD5377AAC (nvwgf2umx) OpenAdapter12
0x00007FF849647034 (KERNEL32) BaseThreadInitThunk
0x00007FF84ABE2651 (ntdll) RtlUserThreadStart


Call Stack for Thread 15924:
0x00007FF84AC2CC94 (ntdll) ZwWaitForSingleObject
0x00007FF84833A34E (KERNELBASE) WaitForSingleObjectEx
0x00007FFFD445EA4D (nvwgf2umx) cask::SafeEnum<cask::GemmChip_ENUMCLASS_SCOPEWRAPPER>::SafeEnum<cask::GemmChip_ENUMCLASS_SCOPEWRAPPER>
0x00007FFFD5377AAC (nvwgf2umx) OpenAdapter12
0x00007FF849647034 (KERNEL32) BaseThreadInitThunk
0x00007FF84ABE2651 (ntdll) RtlUserThreadStart


Call Stack for Thread 3352:
0x00007FF84AC2CC94 (ntdll) ZwWaitForSingleObject
0x00007FF84833A34E (KERNELBASE) WaitForSingleObjectEx
0x00007FFFD4DF66D2 (nvwgf2umx) cask::ShaderList<cask::SoftmaxShader,cask::SoftmaxOperation>::availableShaders
0x00007FFFD4DF55AA (nvwgf2umx) cask::ShaderList<cask::SoftmaxShader,cask::SoftmaxOperation>::availableShaders
0x00007FFFD4DEA7ED (nvwgf2umx) cask::ShaderList<cask::SoftmaxShader,cask::SoftmaxOperation>::availableShaders
0x00007FFFD43C149A (nvwgf2umx) cask::SafeEnum<cask::GemmChip_ENUMCLASS_SCOPEWRAPPER>::SafeEnum<cask::GemmChip_ENUMCLASS_SCOPEWRAPPER>
0x00007FFFD5377AAC (nvwgf2umx) OpenAdapter12
0x00007FF849647034 (KERNEL32) BaseThreadInitThunk
0x00007FF84ABE2651 (ntdll) RtlUserThreadStart


Call Stack for Thread 10828:
0x00007FF84AC2CC94 (ntdll) ZwWaitForSingleObject
0x00007FF84833A34E (KERNELBASE) WaitForSingleObjectEx
0x00007FFFD445EA4D (nvwgf2umx) cask::SafeEnum<cask::GemmChip_ENUMCLASS_SCOPEWRAPPER>::SafeEnum<cask::GemmChip_ENUMCLASS_SCOPEWRAPPER>
0x00007FFFD5377AAC (nvwgf2umx) OpenAdapter12
0x00007FF849647034 (KERNEL32) BaseThreadInitThunk
0x00007FF84ABE2651 (ntdll) RtlUserThreadStart


Call Stack for Thread 15032:
0x00007FF84AC2D764 (ntdll) NtWaitForMultipleObjects
0x00007FF848370D40 (KERNELBASE) WaitForMultipleObjectsEx
0x00007FF848370C3E (KERNELBASE) WaitForMultipleObjects
ERROR: SymGetSymFromAddr64, GetLastError: 'Attempt to access invalid address.' (Address: 00007FFFE7029223)
0x00007FFFE7029223 (UnityPlayer) (function-name not available)
0x00007FFFE7334798 (UnityPlayer) UnityMain
0x00007FF849647034 (KERNEL32) BaseThreadInitThunk
0x00007FF84ABE2651 (ntdll) RtlUserThreadStart


Call Stack for Thread 9416:
0x00007FF84AC2D764 (ntdll) NtWaitForMultipleObjects
0x00007FF848370D40 (KERNELBASE) WaitForMultipleObjectsEx
0x00007FF845287FFF (CoreMessaging) CreateDispatcherQueueController
0x00007FF845287CE9 (CoreMessaging) CreateDispatcherQueueController
0x00007FF845287471 (CoreMessaging) CreateDispatcherQueueController
0x00007FF845286744 (CoreMessaging) CreateDispatcherQueueController
0x00007FF84528996B (CoreMessaging) CreateDispatcherQueueController
0x00007FF845286C28 (CoreMessaging) CreateDispatcherQueueController
0x00007FF8452BEBF5 (CoreMessaging) CoreUICreateEx
0x00007FF8452BDA7B (CoreMessaging) CoreUICreateEx
0x00007FF839C625BA (inputhost) Ordinal2604
0x00007FF839C66809 (inputhost) DllGetActivationFactory
0x00007FF849647034 (KERNEL32) BaseThreadInitThunk
0x00007FF84ABE2651 (ntdll) RtlUserThreadStart


Call Stack for Thread 16016:
0x00007FF84AC2CC94 (ntdll) ZwWaitForSingleObject
0x00007FF84833A34E (KERNELBASE) WaitForSingleObjectEx
0x00007FFFD445EA4D (nvwgf2umx) cask::SafeEnum<cask::GemmChip_ENUMCLASS_SCOPEWRAPPER>::SafeEnum<cask::GemmChip_ENUMCLASS_SCOPEWRAPPER>
0x00007FFFD5377AAC (nvwgf2umx) OpenAdapter12
0x00007FF849647034 (KERNEL32) BaseThreadInitThunk
0x00007FF84ABE2651 (ntdll) RtlUserThreadStart


Call Stack for Thread 10880:
0x00007FF84AC2CC94 (ntdll) ZwWaitForSingleObject
0x00007FF84833A34E (KERNELBASE) WaitForSingleObjectEx
0x00007FFFE72A4268 (UnityPlayer) UnityMain
0x00007FFFE72A453C (UnityPlayer) UnityMain
0x00007FFFE72A45A9 (UnityPlayer) UnityMain
0x00007FFFE7334798 (UnityPlayer) UnityMain
0x00007FF849647034 (KERNEL32) BaseThreadInitThunk
0x00007FF84ABE2651 (ntdll) RtlUserThreadStart


Call Stack for Thread 6216:
0x00007FF84AC2CC94 (ntdll) ZwWaitForSingleObject
0x00007FF84833A34E (KERNELBASE) WaitForSingleObjectEx
0x00007FFFD899254A (GameAssembly) il2cpp_value_box
0x00007FFFD89A79F3 (GameAssembly) UnityPalGetTimeZoneDataForID
0x00007FFFDAF9E306 (GameAssembly) WriteZStream
0x00007FFFDAF9E5B4 (GameAssembly) WriteZStream
0x00007FFFDB42134B (GameAssembly) WriteZStream
0x00007FFFD8B326D4 (GameAssembly) WriteZStream
0x00007FFFDAF97375 (GameAssembly) WriteZStream
0x00007FFFDB584008 (GameAssembly) WriteZStream
0x00007FFFDB58414A (GameAssembly) WriteZStream
0x00007FFFD8B326D4 (GameAssembly) WriteZStream
ERROR: SymGetSymFromAddr64, GetLastError: 'Attempt to access invalid address.' (Address: 00007FFFD881513C)
0x00007FFFD881513C (GameAssembly) (function-name not available)
0x00007FFFD89C8980 (GameAssembly) UnityPalGetTimeZoneDataForID
0x00007FFFD89A71F6 (GameAssembly) UnityPalGetTimeZoneDataForID
0x00007FFFD8990C92 (GameAssembly) il2cpp_value_box
0x00007FFFD8991CB3 (GameAssembly) il2cpp_value_box
0x00007FF849647034 (KERNEL32) BaseThreadInitThunk
0x00007FF84ABE2651 (ntdll) RtlUserThreadStart


Call Stack for Thread 9948:
0x00007FF84AC2CC94 (ntdll) ZwWaitForSingleObject
0x00007FF84833A34E (KERNELBASE) WaitForSingleObjectEx
0x00007FFFD899254A (GameAssembly) il2cpp_value_box
0x00007FFFD89A79F3 (GameAssembly) UnityPalGetTimeZoneDataForID
0x00007FFFDAF9E306 (GameAssembly) WriteZStream
0x00007FFFDAF9E5B4 (GameAssembly) WriteZStream
0x00007FFFDB42134B (GameAssembly) WriteZStream
0x00007FFFD8B326D4 (GameAssembly) WriteZStream
0x00007FFFDAF97375 (GameAssembly) WriteZStream
0x00007FFFDB584008 (GameAssembly) WriteZStream
0x00007FFFDB58414A (GameAssembly) WriteZStream
0x00007FFFD8B326D4 (GameAssembly) WriteZStream
ERROR: SymGetSymFromAddr64, GetLastError: 'Attempt to access invalid address.' (Address: 00007FFFD881513C)
0x00007FFFD881513C (GameAssembly) (function-name not available)
0x00007FFFD89C8980 (GameAssembly) UnityPalGetTimeZoneDataForID
0x00007FFFD89A71F6 (GameAssembly) UnityPalGetTimeZoneDataForID
0x00007FFFD8990C92 (GameAssembly) il2cpp_value_box
0x00007FFFD8991CB3 (GameAssembly) il2cpp_value_box
0x00007FF849647034 (KERNEL32) BaseThreadInitThunk
0x00007FF84ABE2651 (ntdll) RtlUserThreadStart


Call Stack for Thread 17248:
0x00007FF84AC2CC94 (ntdll) ZwWaitForSingleObject
0x00007FF84833A34E (KERNELBASE) WaitForSingleObjectEx
0x00007FFFD899254A (GameAssembly) il2cpp_value_box
0x00007FFFD89A79F3 (GameAssembly) UnityPalGetTimeZoneDataForID
0x00007FFFDAF9E306 (GameAssembly) WriteZStream
0x00007FFFDAF9E5B4 (GameAssembly) WriteZStream
0x00007FFFDCAD529A (GameAssembly) WriteZStream
0x00007FFFD8B326D4 (GameAssembly) WriteZStream
0x00007FFFDAF97375 (GameAssembly) WriteZStream
0x00007FFFDB584008 (GameAssembly) WriteZStream
0x00007FFFDB58414A (GameAssembly) WriteZStream
0x00007FFFD8B326D4 (GameAssembly) WriteZStream
ERROR: SymGetSymFromAddr64, GetLastError: 'Attempt to access invalid address.' (Address: 00007FFFD881513C)
0x00007FFFD881513C (GameAssembly) (function-name not available)
0x00007FFFD89C8980 (GameAssembly) UnityPalGetTimeZoneDataForID
0x00007FFFD89A71F6 (GameAssembly) UnityPalGetTimeZoneDataForID
0x00007FFFD8990C92 (GameAssembly) il2cpp_value_box
0x00007FFFD8991CB3 (GameAssembly) il2cpp_value_box
0x00007FF849647034 (KERNEL32) BaseThreadInitThunk
0x00007FF84ABE2651 (ntdll) RtlUserThreadStart


Call Stack for Thread 6900:
0x00007FF84AC2CC94 (ntdll) ZwWaitForSingleObject
0x00007FF84833A34E (KERNELBASE) WaitForSingleObjectEx
0x00007FFFE7A32E22 (UnityPlayer) UnityMain
0x00007FFFE7A1A07F (UnityPlayer) UnityMain
0x00007FF849647034 (KERNEL32) BaseThreadInitThunk
0x00007FF84ABE2651 (ntdll) RtlUserThreadStart


Call Stack for Thread 1756:
0x00007FF84AC2CC94 (ntdll) ZwWaitForSingleObject
0x00007FF84833A34E (KERNELBASE) WaitForSingleObjectEx
0x00007FFFE7997732 (UnityPlayer) UnityMain
ERROR: SymGetSymFromAddr64, GetLastError: 'Attempt to access invalid address.' (Address: 00007FFFE6F45157)
0x00007FFFE6F45157 (UnityPlayer) (function-name not available)
0x00007FFFE7334798 (UnityPlayer) UnityMain
0x00007FF849647034 (KERNEL32) BaseThreadInitThunk
0x00007FF84ABE2651 (ntdll) RtlUserThreadStart


Call Stack for Thread 11540:
0x00007FF84AC2CC94 (ntdll) ZwWaitForSingleObject
0x00007FF84833A34E (KERNELBASE) WaitForSingleObjectEx
0x00007FFFE7997732 (UnityPlayer) UnityMain
ERROR: SymGetSymFromAddr64, GetLastError: 'Attempt to access invalid address.' (Address: 00007FFFE6F45157)
0x00007FFFE6F45157 (UnityPlayer) (function-name not available)
0x00007FFFE7334798 (UnityPlayer) UnityMain
0x00007FF849647034 (KERNEL32) BaseThreadInitThunk
0x00007FF84ABE2651 (ntdll) RtlUserThreadStart


Call Stack for Thread 2868:
0x00007FF84AC2CC94 (ntdll) ZwWaitForSingleObject
0x00007FF84833A34E (KERNELBASE) WaitForSingleObjectEx
0x00007FFFE7997732 (UnityPlayer) UnityMain
ERROR: SymGetSymFromAddr64, GetLastError: 'Attempt to access invalid address.' (Address: 00007FFFE6F45157)
0x00007FFFE6F45157 (UnityPlayer) (function-name not available)
0x00007FFFE7334798 (UnityPlayer) UnityMain
0x00007FF849647034 (KERNEL32) BaseThreadInitThunk
0x00007FF84ABE2651 (ntdll) RtlUserThreadStart


Call Stack for Thread 17036:
0x00007FF84AC2CC94 (ntdll) ZwWaitForSingleObject
0x00007FF84833A34E (KERNELBASE) WaitForSingleObjectEx
0x00007FFFE7997732 (UnityPlayer) UnityMain
ERROR: SymGetSymFromAddr64, GetLastError: 'Attempt to access invalid address.' (Address: 00007FFFE6F45157)
0x00007FFFE6F45157 (UnityPlayer) (function-name not available)
0x00007FFFE7334798 (UnityPlayer) UnityMain
0x00007FF849647034 (KERNEL32) BaseThreadInitThunk
0x00007FF84ABE2651 (ntdll) RtlUserThreadStart


Call Stack for Thread 6000:
0x00007FF84AC2CC94 (ntdll) ZwWaitForSingleObject
0x00007FF84833A34E (KERNELBASE) WaitForSingleObjectEx
0x00007FFFD400AAF7 (nvwgf2umx) NVENCODEAPI_Thunk
0x00007FFFD5377AAC (nvwgf2umx) OpenAdapter12
0x00007FF849647034 (KERNEL32) BaseThreadInitThunk
0x00007FF84ABE2651 (ntdll) RtlUserThreadStart


Call Stack for Thread 7856:
0x00007FF84AC2D764 (ntdll) NtWaitForMultipleObjects
0x00007FF848370D40 (KERNELBASE) WaitForMultipleObjectsEx
0x00007FF848370C3E (KERNELBASE) WaitForMultipleObjects
0x00007FFFD40F89F7 (nvwgf2umx) NVDEV_Thunk
0x00007FFFD43C149A (nvwgf2umx) cask::SafeEnum<cask::GemmChip_ENUMCLASS_SCOPEWRAPPER>::SafeEnum<cask::GemmChip_ENUMCLASS_SCOPEWRAPPER>
0x00007FFFD5377AAC (nvwgf2umx) OpenAdapter12
0x00007FF849647034 (KERNEL32) BaseThreadInitThunk
0x00007FF84ABE2651 (ntdll) RtlUserThreadStart


Call Stack for Thread 6452:
0x00007FF84AC2CC94 (ntdll) ZwWaitForSingleObject
0x00007FF84833A34E (KERNELBASE) WaitForSingleObjectEx
0x00007FFFD445EA4D (nvwgf2umx) cask::SafeEnum<cask::GemmChip_ENUMCLASS_SCOPEWRAPPER>::SafeEnum<cask::GemmChip_ENUMCLASS_SCOPEWRAPPER>
0x00007FFFD5377AAC (nvwgf2umx) OpenAdapter12
0x00007FF849647034 (KERNEL32) BaseThreadInitThunk
0x00007FF84ABE2651 (ntdll) RtlUserThreadStart


Call Stack for Thread 11004:
0x00007FF84AC2CC94 (ntdll) ZwWaitForSingleObject
0x00007FF84833A34E (KERNELBASE) WaitForSingleObjectEx
0x00007FFFD445EA4D (nvwgf2umx) cask::SafeEnum<cask::GemmChip_ENUMCLASS_SCOPEWRAPPER>::SafeEnum<cask::GemmChip_ENUMCLASS_SCOPEWRAPPER>
0x00007FFFD5377AAC (nvwgf2umx) OpenAdapter12
0x00007FF849647034 (KERNEL32) BaseThreadInitThunk
0x00007FF84ABE2651 (ntdll) RtlUserThreadStart


Call Stack for Thread 8136:
0x00007FF84AC2CC94 (ntdll) ZwWaitForSingleObject
0x00007FF84833A34E (KERNELBASE) WaitForSingleObjectEx
0x00007FFFD445EA4D (nvwgf2umx) cask::SafeEnum<cask::GemmChip_ENUMCLASS_SCOPEWRAPPER>::SafeEnum<cask::GemmChip_ENUMCLASS_SCOPEWRAPPER>
0x00007FFFD5377AAC (nvwgf2umx) OpenAdapter12
0x00007FF849647034 (KERNEL32) BaseThreadInitThunk
0x00007FF84ABE2651 (ntdll) RtlUserThreadStart


Call Stack for Thread 10440:
0x00007FF84AC2CC94 (ntdll) ZwWaitForSingleObject
0x00007FF84833A34E (KERNELBASE) WaitForSingleObjectEx
0x00007FFFD445EA4D (nvwgf2umx) cask::SafeEnum<cask::GemmChip_ENUMCLASS_SCOPEWRAPPER>::SafeEnum<cask::GemmChip_ENUMCLASS_SCOPEWRAPPER>
0x00007FFFD5377AAC (nvwgf2umx) OpenAdapter12
0x00007FF849647034 (KERNEL32) BaseThreadInitThunk
0x00007FF84ABE2651 (ntdll) RtlUserThreadStart


Call Stack for Thread 9180:
0x00007FF84AC2CC94 (ntdll) ZwWaitForSingleObject
0x00007FF84833A34E (KERNELBASE) WaitForSingleObjectEx
0x00007FFFD445EA4D (nvwgf2umx) cask::SafeEnum<cask::GemmChip_ENUMCLASS_SCOPEWRAPPER>::SafeEnum<cask::GemmChip_ENUMCLASS_SCOPEWRAPPER>
0x00007FFFD5377AAC (nvwgf2umx) OpenAdapter12
0x00007FF849647034 (KERNEL32) BaseThreadInitThunk
0x00007FF84ABE2651 (ntdll) RtlUserThreadStart


Call Stack for Thread 5056:
0x00007FF84AC30664 (ntdll) NtWaitForWorkViaWorkerFactory
0x00007FF84ABE2DC7 (ntdll) TpReleaseCleanupGroupMembers
0x00007FF849647034 (KERNEL32) BaseThreadInitThunk
0x00007FF84ABE2651 (ntdll) RtlUserThreadStart


Call Stack for Thread 13876:
0x00007FF84AC30664 (ntdll) NtWaitForWorkViaWorkerFactory
0x00007FF84ABE2DC7 (ntdll) TpReleaseCleanupGroupMembers
0x00007FF849647034 (KERNEL32) BaseThreadInitThunk
0x00007FF84ABE2651 (ntdll) RtlUserThreadStart


Call Stack for Thread 14104:
0x00007FF84AC30664 (ntdll) NtWaitForWorkViaWorkerFactory
0x00007FF84ABE2DC7 (ntdll) TpReleaseCleanupGroupMembers
0x00007FF849647034 (KERNEL32) BaseThreadInitThunk
0x00007FF84ABE2651 (ntdll) RtlUserThreadStart


Call Stack for Thread 992:
0x00007FF84AC2D294 (ntdll) NtDelayExecution
0x00007FF84836D84E (KERNELBASE) SleepEx
ERROR: SymGetSymFromAddr64, GetLastError: 'The specified module could not be found.' (Address: 00007FF811B4D05A)
ERROR: SymGetModuleInfo64, GetLastError: 'A dynamic link library (DLL) initialization routine failed.' (Address: 00007FF811B4D05A)
0x00007FF811B4D05A ((<unknown>)) (function-name not available)
ERROR: SymGetSymFromAddr64, GetLastError: 'The specified module could not be found.' (Address: 00007FF811CA4CC0)
ERROR: SymGetModuleInfo64, GetLastError: 'A dynamic link library (DLL) initialization routine failed.' (Address: 00007FF811CA4CC0)
0x00007FF811CA4CC0 ((<unknown>)) (function-name not available)
ERROR: SymGetSymFromAddr64, GetLastError: 'The specified module could not be found.' (Address: 00007FF800000000)
ERROR: SymGetModuleInfo64, GetLastError: 'A dynamic link library (DLL) initialization routine failed.' (Address: 00007FF800000000)
0x00007FF800000000 ((<unknown>)) (function-name not available)
ERROR: SymGetSymFromAddr64, GetLastError: 'The specified module could not be found.' (Address: 00007FF8C00000BB)
ERROR: SymGetModuleInfo64, GetLastError: 'A dynamic link library (DLL) initialization routine failed.' (Address: 00007FF8C00000BB)
0x00007FF8C00000BB ((<unknown>)) (function-name not available)


Call Stack for Thread 8736:
0x00007FF84AC2CC94 (ntdll) ZwWaitForSingleObject
0x00007FF84833A34E (KERNELBASE) WaitForSingleObjectEx
ERROR: SymGetSymFromAddr64, GetLastError: 'The specified module could not be found.' (Address: 00007FF811B4F9F9)
ERROR: SymGetModuleInfo64, GetLastError: 'A dynamic link library (DLL) initialization routine failed.' (Address: 00007FF811B4F9F9)
0x00007FF811B4F9F9 ((<unknown>)) (function-name not available)
ERROR: SymGetSymFromAddr64, GetLastError: 'The specified module could not be found.' (Address: 0000026D0A8B1908)
ERROR: SymGetModuleInfo64, GetLastError: 'A dynamic link library (DLL) initialization routine failed.' (Address: 0000026D0A8B1908)
0x0000026D0A8B1908 ((<unknown>)) (function-name not available)
ERROR: SymGetSymFromAddr64, GetLastError: 'The specified module could not be found.' (Address: 0000026E4E4BD700)
ERROR: SymGetModuleInfo64, GetLastError: 'A dynamic link library (DLL) initialization routine failed.' (Address: 0000026E4E4BD700)
0x0000026E4E4BD700 ((<unknown>)) (function-name not available)
ERROR: SymGetSymFromAddr64, GetLastError: 'The specified module could not be found.' (Address: 0000026D00000000)
ERROR: SymGetModuleInfo64, GetLastError: 'A dynamic link library (DLL) initialization routine failed.' (Address: 0000026D00000000)
0x0000026D00000000 ((<unknown>)) (function-name not available)
ERROR: SymGetSymFromAddr64, GetLastError: 'The specified module could not be found.' (Address: 0000000000000FE8)
ERROR: SymGetModuleInfo64, GetLastError: 'A dynamic link library (DLL) initialization routine failed.' (Address: 0000000000000FE8)
0x0000000000000FE8 ((<unknown>)) (function-name not available)
ERROR: SymGetSymFromAddr64, GetLastError: 'The specified module could not be found.' (Address: 00007FF811B43B70)
ERROR: SymGetModuleInfo64, GetLastError: 'A dynamic link library (DLL) initialization routine failed.' (Address: 00007FF811B43B70)
0x00007FF811B43B70 ((<unknown>)) (function-name not available)
ERROR: SymGetSymFromAddr64, GetLastError: 'The specified module could not be found.' (Address: 00007FF811B43C01)
ERROR: SymGetModuleInfo64, GetLastError: 'A dynamic link library (DLL) initialization routine failed.' (Address: 00007FF811B43C01)
0x00007FF811B43C01 ((<unknown>)) (function-name not available)
ERROR: SymGetSymFromAddr64, GetLastError: 'The specified module could not be found.' (Address: 0000000000000F00)
ERROR: SymGetModuleInfo64, GetLastError: 'A dynamic link library (DLL) initialization routine failed.' (Address: 0000000000000F00)
0x0000000000000F00 ((<unknown>)) (function-name not available)
ERROR: SymGetSymFromAddr64, GetLastError: 'The specified module could not be found.' (Address: 0000026F0DCD1020)
ERROR: SymGetModuleInfo64, GetLastError: 'A dynamic link library (DLL) initialization routine failed.' (Address: 0000026F0DCD1020)
0x0000026F0DCD1020 ((<unknown>)) (function-name not available)
ERROR: SymGetSymFromAddr64, GetLastError: 'The specified module could not be found.' (Address: 0000026D0A8B1AC8)
ERROR: SymGetModuleInfo64, GetLastError: 'A dynamic link library (DLL) initialization routine failed.' (Address: 0000026D0A8B1AC8)
0x0000026D0A8B1AC8 ((<unknown>)) (function-name not available)


Call Stack for Thread 13828:
0x00007FF84AC2CC94 (ntdll) ZwWaitForSingleObject
0x00007FF84833A34E (KERNELBASE) WaitForSingleObjectEx
ERROR: SymGetSymFromAddr64, GetLastError: 'The specified module could not be found.' (Address: 00007FF811B4CD9F)
ERROR: SymGetModuleInfo64, GetLastError: 'A dynamic link library (DLL) initialization routine failed.' (Address: 00007FF811B4CD9F)
0x00007FF811B4CD9F ((<unknown>)) (function-name not available)
ERROR: SymGetSymFromAddr64, GetLastError: 'The specified module could not be found.' (Address: 0000026C7F41E128)
ERROR: SymGetModuleInfo64, GetLastError: 'A dynamic link library (DLL) initialization routine failed.' (Address: 0000026C7F41E128)
0x0000026C7F41E128 ((<unknown>)) (function-name not available)
ERROR: SymGetSymFromAddr64, GetLastError: 'The specified module could not be found.' (Address: 00007FF82943DB68)
ERROR: SymGetModuleInfo64, GetLastError: 'A dynamic link library (DLL) initialization routine failed.' (Address: 00007FF82943DB68)
0x00007FF82943DB68 ((<unknown>)) (function-name not available)


Call Stack for Thread 880:
0x00007FF84AC2CC94 (ntdll) ZwWaitForSingleObject
0x00007FF84833A34E (KERNELBASE) WaitForSingleObjectEx
ERROR: SymGetSymFromAddr64, GetLastError: 'The specified module could not be found.' (Address: 00007FF811B4CD9F)
ERROR: SymGetModuleInfo64, GetLastError: 'A dynamic link library (DLL) initialization routine failed.' (Address: 00007FF811B4CD9F)
0x00007FF811B4CD9F ((<unknown>)) (function-name not available)
ERROR: SymGetSymFromAddr64, GetLastError: 'The specified module could not be found.' (Address: 0000026D09CC4D18)
ERROR: SymGetModuleInfo64, GetLastError: 'A dynamic link library (DLL) initialization routine failed.' (Address: 0000026D09CC4D18)
0x0000026D09CC4D18 ((<unknown>)) (function-name not available)


Call Stack for Thread 9248:
0x00007FF84AC2CC94 (ntdll) ZwWaitForSingleObject
0x00007FF84833A34E (KERNELBASE) WaitForSingleObjectEx
ERROR: SymGetSymFromAddr64, GetLastError: 'The specified module could not be found.' (Address: 00007FF811B4CD9F)
ERROR: SymGetModuleInfo64, GetLastError: 'A dynamic link library (DLL) initialization routine failed.' (Address: 00007FF811B4CD9F)
0x00007FF811B4CD9F ((<unknown>)) (function-name not available)
ERROR: SymGetSymFromAddr64, GetLastError: 'The specified module could not be found.' (Address: 0000026D09CADDC8)
ERROR: SymGetModuleInfo64, GetLastError: 'A dynamic link library (DLL) initialization routine failed.' (Address: 0000026D09CADDC8)
0x0000026D09CADDC8 ((<unknown>)) (function-name not available)
ERROR: SymGetSymFromAddr64, GetLastError: 'The specified module could not be found.' (Address: 00007FF811B42390)
ERROR: SymGetModuleInfo64, GetLastError: 'A dynamic link library (DLL) initialization routine failed.' (Address: 00007FF811B42390)
0x00007FF811B42390 ((<unknown>)) (function-name not available)
ERROR: SymGetSymFromAddr64, GetLastError: 'The specified module could not be found.' (Address: 0000026D00000000)
ERROR: SymGetModuleInfo64, GetLastError: 'A dynamic link library (DLL) initialization routine failed.' (Address: 0000026D00000000)
0x0000026D00000000 ((<unknown>)) (function-name not available)
ERROR: SymGetSymFromAddr64, GetLastError: 'The specified module could not be found.' (Address: 0000000000001044)
ERROR: SymGetModuleInfo64, GetLastError: 'A dynamic link library (DLL) initialization routine failed.' (Address: 0000000000001044)
0x0000000000001044 ((<unknown>)) (function-name not available)
ERROR: SymGetSymFromAddr64, GetLastError: 'The specified module could not be found.' (Address: 000000773008FA09)
ERROR: SymGetModuleInfo64, GetLastError: 'A dynamic link library (DLL) initialization routine failed.' (Address: 000000773008FA09)
0x000000773008FA09 ((<unknown>)) (function-name not available)
ERROR: SymGetSymFromAddr64, GetLastError: 'The specified module could not be found.' (Address: 00007FF811A886BE)
ERROR: SymGetModuleInfo64, GetLastError: 'A dynamic link library (DLL) initialization routine failed.' (Address: 00007FF811A886BE)
0x00007FF811A886BE ((<unknown>)) (function-name not available)


Call Stack for Thread 1620:
0x00007FF84AC2D294 (ntdll) NtDelayExecution
0x00007FF84836D84E (KERNELBASE) SleepEx
0x00007FFFD8991B75 (GameAssembly) il2cpp_value_box
0x00007FFFD89A6E12 (GameAssembly) UnityPalGetTimeZoneDataForID
0x00007FFFDB1A4647 (GameAssembly) WriteZStream
0x00007FFFD8B326D4 (GameAssembly) WriteZStream
0x00007FFFDAF97375 (GameAssembly) WriteZStream
0x00007FFFDB584008 (GameAssembly) WriteZStream
0x00007FFFDB58414A (GameAssembly) WriteZStream
0x00007FFFD8B326D4 (GameAssembly) WriteZStream
ERROR: SymGetSymFromAddr64, GetLastError: 'Attempt to access invalid address.' (Address: 00007FFFD881513C)
0x00007FFFD881513C (GameAssembly) (function-name not available)
0x00007FFFD89C8980 (GameAssembly) UnityPalGetTimeZoneDataForID
0x00007FFFD89A71F6 (GameAssembly) UnityPalGetTimeZoneDataForID
0x00007FFFD8990C92 (GameAssembly) il2cpp_value_box
0x00007FFFD8991CB3 (GameAssembly) il2cpp_value_box
0x00007FF849647034 (KERNEL32) BaseThreadInitThunk
0x00007FF84ABE2651 (ntdll) RtlUserThreadStart


Call Stack for Thread 11756:
0x00007FF84AC2D294 (ntdll) NtDelayExecution
0x00007FF84836D84E (KERNELBASE) SleepEx
0x00007FFFD8991B75 (GameAssembly) il2cpp_value_box
0x00007FFFD89A6E12 (GameAssembly) UnityPalGetTimeZoneDataForID
0x00007FFFDB1A47A7 (GameAssembly) WriteZStream
0x00007FFFD8B326D4 (GameAssembly) WriteZStream
0x00007FFFDAF97375 (GameAssembly) WriteZStream
0x00007FFFDB584008 (GameAssembly) WriteZStream
0x00007FFFDB58414A (GameAssembly) WriteZStream
0x00007FFFD8B326D4 (GameAssembly) WriteZStream
ERROR: SymGetSymFromAddr64, GetLastError: 'Attempt to access invalid address.' (Address: 00007FFFD881513C)
0x00007FFFD881513C (GameAssembly) (function-name not available)
0x00007FFFD89C8980 (GameAssembly) UnityPalGetTimeZoneDataForID
0x00007FFFD89A71F6 (GameAssembly) UnityPalGetTimeZoneDataForID
0x00007FFFD8990C92 (GameAssembly) il2cpp_value_box
0x00007FFFD8991CB3 (GameAssembly) il2cpp_value_box
0x00007FF849647034 (KERNEL32) BaseThreadInitThunk
0x00007FF84ABE2651 (ntdll) RtlUserThreadStart


Call Stack for Thread 15836:
0x00007FF84AC2D294 (ntdll) NtDelayExecution
0x00007FF84836D84E (KERNELBASE) SleepEx
0x00007FFFD8991B75 (GameAssembly) il2cpp_value_box
0x00007FFFD89A6E12 (GameAssembly) UnityPalGetTimeZoneDataForID
0x00007FFFDB26F2D3 (GameAssembly) WriteZStream
0x00007FFFD8B3260A (GameAssembly) WriteZStream
0x00007FFFDAF97375 (GameAssembly) WriteZStream
0x00007FFFDB584008 (GameAssembly) WriteZStream
0x00007FFFDB58414A (GameAssembly) WriteZStream
0x00007FFFD8B326D4 (GameAssembly) WriteZStream
ERROR: SymGetSymFromAddr64, GetLastError: 'Attempt to access invalid address.' (Address: 00007FFFD881513C)
0x00007FFFD881513C (GameAssembly) (function-name not available)
0x00007FFFD89C8980 (GameAssembly) UnityPalGetTimeZoneDataForID
0x00007FFFD89A71F6 (GameAssembly) UnityPalGetTimeZoneDataForID
0x00007FFFD8990C92 (GameAssembly) il2cpp_value_box
0x00007FFFD8991CB3 (GameAssembly) il2cpp_value_box
0x00007FF849647034 (KERNEL32) BaseThreadInitThunk
0x00007FF84ABE2651 (ntdll) RtlUserThreadStart


Call Stack for Thread 11084:
0x00007FF84AC2CC94 (ntdll) ZwWaitForSingleObject
ERROR: SymGetSymFromAddr64, GetLastError: 'Attempt to access invalid address.' (Address: 00007FF8479F80FC)
0x00007FF8479F80FC (mswsock) (function-name not available)
0x00007FF8479FC8CB (mswsock) NSPStartup
0x00007FF847A0DDBF (mswsock) Tcpip6_WSHGetWildcardSockaddr
0x00007FF84A1D3E74 (WS2_32) recvfrom
0x00007FFFD899050C (GameAssembly) il2cpp_value_box
0x00007FFFD89902FF (GameAssembly) il2cpp_value_box
0x00007FFFD89A5199 (GameAssembly) UnityPalGetTimeZoneDataForID
0x00007FFFDAF5BB24 (GameAssembly) WriteZStream
0x00007FFFDAF5C2D2 (GameAssembly) WriteZStream
0x00007FFFDAF5C3F9 (GameAssembly) WriteZStream
0x00007FFFDAF53FF3 (GameAssembly) WriteZStream
0x00007FFFDB44F3BC (GameAssembly) WriteZStream
0x00007FFFD8B326D4 (GameAssembly) WriteZStream
0x00007FFFDAF97375 (GameAssembly) WriteZStream
0x00007FFFDB584008 (GameAssembly) WriteZStream
0x00007FFFDB58414A (GameAssembly) WriteZStream
0x00007FFFD8B326D4 (GameAssembly) WriteZStream
ERROR: SymGetSymFromAddr64, GetLastError: 'Attempt to access invalid address.' (Address: 00007FFFD881513C)
0x00007FFFD881513C (GameAssembly) (function-name not available)
0x00007FFFD89C8980 (GameAssembly) UnityPalGetTimeZoneDataForID
0x00007FFFD89A71F6 (GameAssembly) UnityPalGetTimeZoneDataForID
0x00007FFFD8990C92 (GameAssembly) il2cpp_value_box
0x00007FFFD8991CB3 (GameAssembly) il2cpp_value_box
0x00007FF849647034 (KERNEL32) BaseThreadInitThunk
0x00007FF84ABE2651 (ntdll) RtlUserThreadStart


Call Stack for Thread 3396:
0x00007FF84AC2CC94 (ntdll) ZwWaitForSingleObject
0x00007FF84833A34E (KERNELBASE) WaitForSingleObjectEx
0x00007FFFD899254A (GameAssembly) il2cpp_value_box
0x00007FFFD89A79F3 (GameAssembly) UnityPalGetTimeZoneDataForID
0x00007FFFDAF9E306 (GameAssembly) WriteZStream
0x00007FFFDAF9E5B4 (GameAssembly) WriteZStream
0x00007FFFDAF845CC (GameAssembly) WriteZStream
0x00007FFFD8B326D4 (GameAssembly) WriteZStream
0x00007FFFDAF97375 (GameAssembly) WriteZStream
0x00007FFFDB584008 (GameAssembly) WriteZStream
0x00007FFFDB58414A (GameAssembly) WriteZStream
0x00007FFFD8B326D4 (GameAssembly) WriteZStream
ERROR: SymGetSymFromAddr64, GetLastError: 'Attempt to access invalid address.' (Address: 00007FFFD881513C)
0x00007FFFD881513C (GameAssembly) (function-name not available)
0x00007FFFD89C8980 (GameAssembly) UnityPalGetTimeZoneDataForID
0x00007FFFD89A71F6 (GameAssembly) UnityPalGetTimeZoneDataForID
0x00007FFFD8990C92 (GameAssembly) il2cpp_value_box
0x00007FFFD8991CB3 (GameAssembly) il2cpp_value_box
0x00007FF849647034 (KERNEL32) BaseThreadInitThunk
0x00007FF84ABE2651 (ntdll) RtlUserThreadStart


Call Stack for Thread 17272:
0x00007FF84AC2D294 (ntdll) NtDelayExecution
0x00007FF84836D84E (KERNELBASE) SleepEx
0x00007FFFD8991B75 (GameAssembly) il2cpp_value_box
0x00007FFFD89FC127 (GameAssembly) DllGetActivationFactory
0x00007FFFD89D3EDE (GameAssembly) UnityPalGetTimeZoneDataForID
0x00007FFFD8990C92 (GameAssembly) il2cpp_value_box
0x00007FFFD8991CB3 (GameAssembly) il2cpp_value_box
0x00007FF849647034 (KERNEL32) BaseThreadInitThunk
0x00007FF84ABE2651 (ntdll) RtlUserThreadStart


Call Stack for Thread 11708:
0x00007FF84AC30604 (ntdll) ZwWaitForAlertByThreadId
0x00007FF84ABF4295 (ntdll) RtlSleepConditionVariableCS
0x00007FF84838B9D9 (KERNELBASE) SleepConditionVariableCS
0x00007FFFD8991CD0 (GameAssembly) il2cpp_value_box
0x00007FFFD89FDF43 (GameAssembly) DllGetActivationFactory
0x00007FFFD89D3EDE (GameAssembly) UnityPalGetTimeZoneDataForID
0x00007FFFD8990C92 (GameAssembly) il2cpp_value_box
0x00007FFFD8991CB3 (GameAssembly) il2cpp_value_box
0x00007FF849647034 (KERNEL32) BaseThreadInitThunk
0x00007FF84ABE2651 (ntdll) RtlUserThreadStart


Call Stack for Thread 14312:
0x00007FF84AC30664 (ntdll) NtWaitForWorkViaWorkerFactory
0x00007FF84ABE2DC7 (ntdll) TpReleaseCleanupGroupMembers
0x00007FF849647034 (KERNEL32) BaseThreadInitThunk
0x00007FF84ABE2651 (ntdll) RtlUserThreadStart


Call Stack for Thread 3164:
0x00007FF84AC2CC94 (ntdll) ZwWaitForSingleObject
ERROR: SymGetSymFromAddr64, GetLastError: 'Attempt to access invalid address.' (Address: 00007FF8479F80FC)
0x00007FF8479F80FC (mswsock) (function-name not available)
0x00007FF8479FF4DE (mswsock) Tcpip4_WSHAddressToString
0x00007FF84A1D16F7 (WS2_32) select
0x00007FFFD898FD2B (GameAssembly) il2cpp_value_box
0x00007FFFD89FA183 (GameAssembly) DllGetActivationFactory
0x00007FFFD89FC911 (GameAssembly) DllGetActivationFactory
0x00007FFFD89D3EDE (GameAssembly) UnityPalGetTimeZoneDataForID
0x00007FFFD8990C92 (GameAssembly) il2cpp_value_box
0x00007FFFD8991CB3 (GameAssembly) il2cpp_value_box
0x00007FF849647034 (KERNEL32) BaseThreadInitThunk
0x00007FF84ABE2651 (ntdll) RtlUserThreadStart




Stack Memory [0x000000772EBFD9D0-0x000000772EC00000]:
0x2ebfd9d0: 00556000 00000000 00560000 00000000 .`U.......V.....
0x2ebfd9e0: 00555578 00000000 00560000 00000000 xUU.......V.....
0x2ebfd9f0: e82cd700 00007fff 10dc6b30 0000026c ..,.....0k..l...
0x2ebfda00: e82cd3c0 00007fff e708b06e 00007fff ..,.....n.......
0x2ebfda10: 00000000 00000000 0007acd2 00000000 ................
0x2ebfda20: 00000000 00000000 0007acd2 00000000 ................
0x2ebfda30: 00000000 00000000 e7336353 00007fff ........Sc3.....
0x2ebfda40: e82cd8c0 00007fff e7089d8f 00007fff ..,.............
0x2ebfda50: 10dc6b30 0000026c e708a533 00007fff 0k..l...3.......
0x2ebfda60: 00000000 00000000 e7335a82 00007fff .........Z3.....
0x2ebfda70: 00000010 00000000 78a9ed10 0000026b ...........xk...
0x2ebfda80: 00555578 00000000 e82cd700 00007fff xUU.......,.....
0x2ebfda90: e82cd8c0 00007fff e7089d0a 00007fff ..,.............
0x2ebfdaa0: 00000000 00000000 00555578 00000000 ........xUU.....
0x2ebfdab0: 00000010 00000000 e708b19a 00007fff ................
0x2ebfdac0: 00555578 00000000 e708641c 00007fff xUU......d......
0x2ebfdad0: e82bc660 00007fff 0000001c 00000000 `.+.............
0x2ebfdae0: 00555578 00000000 2ebfdbb9 00000077 xUU.........w...
0x2ebfdaf0: e82bc660 00007fff e7f35004 00007fff `.+......P......
0x2ebfdb00: 78a9ed10 0000026b e7086770 00007fff ...xk...pg......
0x2ebfdb10: 701b15e0 0000026b 00000000 00000000 ...pk...........
0x2ebfdb20: 1447cb00 0000026c 701b1590 0000026b ..G.l......pk...
0x2ebfdb30: 0000001c 00000000 e7085ce5 00007fff .........\......
0x2ebfdb40: 00555578 00000000 00555578 00000000 xUU.....xUU.....
0x2ebfdb50: 78a9ed10 0000026b e7f35004 00007fff ...xk....P......
0x2ebfdb60: 00000000 00000000 e7f35004 00007fff .........P......
0x2ebfdb70: 00000010 00000000 e72470e8 00007fff .........p$.....
0x2ebfdb80: 10f4f3a0 0000026c e71ae068 00007fff ....l...h.......
0x2ebfdb90: 701b1590 0000026b 00000000 00000000 ...pk...........
0x2ebfdba0: 00000000 00000000 00000000 00000000 ................
0x2ebfdbb0: 000000be 00000000 00000000 00000000 ................
0x2ebfdbc0: 2ebfdd90 00000077 10f4e650 0000026c ....w...P...l...
0x2ebfdbd0: 00000000 00000000 e71ade64 00007fff ........d.......
0x2ebfdbe0: 2ebfdf20 00000077 7022f3c0 0000026b  ...w....."pk...
0x2ebfdbf0: 701b1590 0000026b 9c014585 000001e1 ...pk....E......
0x2ebfdc00: 00000000 00000000 00000000 00000000 ................
0x2ebfdc10: 701b1590 0000026b e71ab947 00007fff ...pk...G.......
0x2ebfdc20: 00000000 00000000 10f4ef30 0000026c ........0...l...
0x2ebfdc30: 10f4ef30 0000026c 00000000 00000000 0...l...........
0x2ebfdc40: 10f188b0 0000026c 50301058 0000026f ....l...X.0Po...
0x2ebfdc50: 000aaab8 00000000 00000000 00000000 ................
0x2ebfdc60: 00000000 00000000 300002c0 0000026c ...........0l...
0x2ebfdc70: 00000000 00000000 00000000 00000000 ................
0x2ebfdc80: 00000000 00000000 00000000 00000000 ................
0x2ebfdc90: 10f4ef30 0000026c 00000202 00007fff 0...l...........
0x2ebfdca0: 7022b8c0 0000026b 00000000 00000000 .."pk...........
0x2ebfdcb0: 00000000 00000000 00000000 00000000 ................
0x2ebfdcc0: 2ebfdd90 00000077 e7393f8e 00007fff ....w....?9.....
0x2ebfdcd0: 2ebfdf20 00000077 2ebfdd90 00000077  ...w.......w...
0x2ebfdce0: 7022f3c0 0000026b 00000009 00000000 .."pk...........
0x2ebfdcf0: 0000000a 00000000 e700d9bf 00007fff ................
0x2ebfdd00: 300002c0 0000026c 300002c0 0000026c ...0l......0l...
0x2ebfdd10: 002f6640 002f6644 2ebfdd90 00000077 @f/.Df/.....w...
0x2ebfdd20: 000000b8 00000000 00000010 00000000 ................
0x2ebfdd30: 00000010 00000077 00000060 00000000 ....w...`.......
0x2ebfdd40: 00000005 0000026b 00000003 00000000 ....k...........
0x2ebfdd50: 00000000 00000000 00000000 00000000 ................
0x2ebfdd60: 00000000 00000000 00000000 00000000 ................
0x2ebfdd70: 00000000 00000000 00000000 00000000 ................
0x2ebfdd80: 00000000 00000000 00000000 00000000 ................
0x2ebfdd90: 10f4ef30 0000026c 00000202 00007fff 0...l...........
0x2ebfdda0: 00000002 00000000 00000001 00000000 ................
0x2ebfddb0: 00000000 00000000 00000000 00000000 ................
0x2ebfddc0: 00000000 00000000 00000000 00000000 ................
0x2ebfddd0: 00000000 00000000 00000000 00000000 ................
0x2ebfdde0: 00000000 00000000 00000000 00000000 ................
0x2ebfddf0: 00000000 00000000 00000000 00000000 ................
0x2ebfde00: 00000000 00000000 00000000 00000000 ................
0x2ebfde10: 00000000 00000000 00000000 00000000 ................
0x2ebfde20: 00000000 00000000 00000000 00000000 ................
0x2ebfde30: 0000143a 00000002 000000b8 00000010 :...............
0x2ebfde40: 00000000 00000000 00000000 00000000 ................
0x2ebfde50: 00000000 00000000 00000000 00000000 ................
0x2ebfde60: 00000000 00000000 00000000 00000000 ................
0x2ebfde70: 00000014 00000002 00000004 00000000 ................
0x2ebfde80: 00000002 00000000 00000000 00000000 ................
0x2ebfde90: 00000000 00000000 00000000 00000000 ................
0x2ebfdea0: 00000000 00000000 00000000 00000000 ................
0x2ebfdeb0: 00000000 00000000 00000000 00000000 ................
0x2ebfdec0: 00000000 00000000 00000000 00000000 ................
0x2ebfded0: 00000000 00000000 00000000 00000000 ................
0x2ebfdee0: 00000000 00000000 00000000 00000000 ................
0x2ebfdef0: 00000000 00000000 00000000 00000000 ................
0x2ebfdf00: 00000000 00000000 00000000 00000000 ................
0x2ebfdf10: 30166110 0000026b 00000004 00007f01 .a.0k...........
0x2ebfdf20: 00000004 00000201 00000000 00000000 ................
0x2ebfdf30: 00000000 00000000 00000000 0000026b ............k...
0x2ebfdf40: 4a1350c0 0000026c 00000000 00000000 .P.Jl...........
0x2ebfdf50: 00000000 00000000 00000000 00000000 ................
0x2ebfdf60: 00000000 00000000 00000000 00000000 ................
0x2ebfdf70: 00000000 00000000 00000000 00000000 ................
0x2ebfdf80: 00000000 00000000 00000000 00000000 ................
0x2ebfdf90: 00000000 00000000 00000000 00000000 ................
0x2ebfdfa0: 00000000 00000000 00000000 00000000 ................
0x2ebfdfb0: 00000000 00000000 00000000 00000000 ................
0x2ebfdfc0: 00000000 00000000 00000000 00000000 ................
0x2ebfdfd0: 00000000 00000000 00000000 00000000 ................
0x2ebfdfe0: 00000000 00000000 00000000 00000000 ................
0x2ebfdff0: 00000000 00000000 00000000 00000000 ................
0x2ebfe000: 00000000 00000000 00000000 00000000 ................
0x2ebfe010: 00000000 00000000 00000000 00000000 ................
0x2ebfe020: 00000000 00000000 00000000 00000000 ................
0x2ebfe030: 00000000 00000000 00000000 00000000 ................
0x2ebfe040: 00000000 00000000 00000000 00000000 ................
0x2ebfe050: 00000000 00000000 00000000 00000000 ................
0x2ebfe060: 00000000 00000000 00000000 00000000 ................
0x2ebfe070: 139ea1a0 0000026c 0000001c 00000000 ....l...........
0x2ebfe080: 00000000 00000000 0000001c 00000000 ................
0x2ebfe090: 00000048 00000000 00000000 00000000 H...............
0x2ebfe0a0: 00000000 00000000 00000000 00000000 ................
0x2ebfe0b0: 00000000 00000000 00000000 00000000 ................
0x2ebfe0c0: 00000000 00000000 00000000 00000000 ................
0x2ebfe0d0: 00000000 00000000 00000000 00000000 ................
0x2ebfe0e0: 00000000 00000000 00000000 00000000 ................
0x2ebfe0f0: 00000000 00000000 00000000 00000000 ................
0x2ebfe100: 00000000 00000000 00000000 00000000 ................
0x2ebfe110: 00000000 00000000 00000000 00000000 ................
0x2ebfe120: 00000000 00000000 00000000 00000000 ................
0x2ebfe130: 00000000 00000000 00000000 00000000 ................
0x2ebfe140: 00000000 00000000 00000000 00000000 ................
0x2ebfe150: 00000000 00000000 00000000 00000000 ................
0x2ebfe160: 00000000 00000000 00000000 00000000 ................
0x2ebfe170: 00000000 00000000 00000000 00000000 ................
0x2ebfe180: 00000000 00000000 00000000 00000000 ................
0x2ebfe190: 00000000 00000000 00000000 00000000 ................
0x2ebfe1a0: 00000000 00000000 00000000 00000000 ................
0x2ebfe1b0: 00000000 00000000 00000000 00000000 ................
0x2ebfe1c0: 00000000 00000000 00000000 00000000 ................
0x2ebfe1d0: 00000000 00000000 00000000 00000000 ................
0x2ebfe1e0: 00000000 00000000 00000000 00000000 ................
0x2ebfe1f0: 00000000 00000000 00000000 00000000 ................
0x2ebfe200: 00000000 00000000 00000000 00000000 ................
0x2ebfe210: 00000000 00000000 00000000 00000000 ................
0x2ebfe220: 00000000 00000000 00000000 00000000 ................
0x2ebfe230: 00000000 00000000 00000000 00000000 ................
0x2ebfe240: 00000000 00000000 00000000 00000000 ................
0x2ebfe250: 00000000 00000000 00000000 00000000 ................
0x2ebfe260: 00000000 00000000 00000000 00000000 ................
0x2ebfe270: 00000000 00000000 00000000 00000000 ................
0x2ebfe280: 00000000 00000000 00000000 00000000 ................
0x2ebfe290: 00000000 00000000 00000000 00000070 ............p...
0x2ebfe2a0: 00000000 00000000 00000000 00000000 ................
0x2ebfe2b0: 00000000 00000000 00000000 00000000 ................
0x2ebfe2c0: 00000000 00000000 00000000 00000000 ................
0x2ebfe2d0: 300ab8f0 0000026b 3001ad10 0000026b ...0k......0k...
0x2ebfe2e0: 00000000 00000000 00000000 00000000 ................
0x2ebfe2f0: 00000000 00000000 00000000 00000000 ................
0x2ebfe300: 00000000 00000000 00000000 00000000 ................
0x2ebfe310: 00000000 00000000 00000000 00000000 ................
0x2ebfe320: 00000000 00000000 00000000 00000000 ................
0x2ebfe330: 00000000 00000000 00000000 00000000 ................
0x2ebfe340: 00000000 00000000 00000000 00000000 ................
0x2ebfe350: 00000000 00000000 00000000 00000000 ................
0x2ebfe360: 00000000 00000000 00000000 00000000 ................
0x2ebfe370: 00000000 00000000 00000000 00000000 ................
0x2ebfe380: 00000000 00000000 00000000 00000000 ................
0x2ebfe390: 00000000 00000000 00000000 00000000 ................
0x2ebfe3a0: 00000000 00000000 00000000 00000000 ................
0x2ebfe3b0: 00000000 00000000 00000000 00000000 ................
0x2ebfe3c0: 00000000 00000000 00000000 00000000 ................
0x2ebfe3d0: 00000000 00000000 00000000 00000000 ................
0x2ebfe3e0: 00000000 00000000 00000000 00000000 ................
0x2ebfe3f0: 00000000 00000000 00000000 00000000 ................
0x2ebfe400: 00000000 00000000 00000000 00000000 ................
0x2ebfe410: 00000000 00000000 00000000 00000000 ................
0x2ebfe420: 00000000 00000000 00000000 00000000 ................
0x2ebfe430: 00000000 00000000 00000000 00000000 ................
0x2ebfe440: 00000000 00000000 00000000 00000000 ................
0x2ebfe450: 00000000 00000000 00000000 00000000 ................
0x2ebfe460: 00000000 00000000 00000000 00000000 ................
0x2ebfe470: 00000000 00000000 00000000 00000000 ................
0x2ebfe480: 00000000 00000000 00000000 00000000 ................
0x2ebfe490: 00000000 00000000 00000000 00000000 ................
0x2ebfe4a0: 00000000 00000000 00000000 00000000 ................
0x2ebfe4b0: 00000000 00000000 00000000 00000000 ................
0x2ebfe4c0: 00000000 00000000 00000000 00000000 ................
0x2ebfe4d0: 00000000 00000000 00000000 00000000 ................
0x2ebfe4e0: 00000000 00000000 00000000 00000000 ................
0x2ebfe4f0: 00000000 00000000 00000000 00000000 ................
0x2ebfe500: 00000000 00000000 00000000 00000000 ................
0x2ebfe510: 00000000 00000000 00000000 00000000 ................
0x2ebfe520: 00000000 00000000 00000000 00000000 ................
0x2ebfe530: 00000000 00000000 00000000 00000000 ................
0x2ebfe540: 00000000 00000000 00000000 00000000 ................
0x2ebfe550: 00000000 00000000 00000000 00000000 ................
0x2ebfe560: 00000000 00000000 00000000 00000000 ................
0x2ebfe570: 00000000 00000000 00000000 00000000 ................
0x2ebfe580: 00000000 00000000 00000000 00000000 ................
0x2ebfe590: 00000000 00000000 00000000 00000000 ................
0x2ebfe5a0: 00000000 00000000 00000000 00000000 ................
0x2ebfe5b0: 00000000 00000000 00000000 00000000 ................
0x2ebfe5c0: 00000000 00000000 00000000 00000000 ................
0x2ebfe5d0: 00000000 00000000 00000000 00000000 ................
0x2ebfe5e0: 00000000 00000000 00000000 00000000 ................
0x2ebfe5f0: 00000000 00000000 00000000 00000000 ................
0x2ebfe600: 00000000 00000000 00000000 00000000 ................
0x2ebfe610: 00000000 00000000 00000000 00000000 ................
0x2ebfe620: 00000000 00000000 00000000 00000000 ................
0x2ebfe630: 00000000 00000000 00000000 00000000 ................
0x2ebfe640: 00000000 00000000 00000000 00000000 ................
0x2ebfe650: 00000000 00000000 00000000 00000000 ................
0x2ebfe660: 00000000 00000000 00000000 00000000 ................
0x2ebfe670: 00000000 00000000 00000000 00000000 ................
0x2ebfe680: 00000000 00000000 00000000 00000000 ................
0x2ebfe690: 00000000 00000000 00000000 00000000 ................
0x2ebfe6a0: 00000000 00000000 00000000 00000000 ................
0x2ebfe6b0: 00000000 00000000 00000000 00000000 ................
0x2ebfe6c0: 00000000 00000000 00000000 00000000 ................
0x2ebfe6d0: 00000000 00000000 00000000 00000000 ................
0x2ebfe6e0: 00000000 00000000 00000000 00000000 ................
0x2ebfe6f0: 00000000 00000000 00000000 00000000 ................
0x2ebfe700: 00000000 00000000 00000000 00000000 ................
0x2ebfe710: 00000000 00000000 00000000 00000000 ................
0x2ebfe720: 00000000 00000000 00000000 00000000 ................
0x2ebfe730: 00000000 00000000 00000000 00000000 ................
0x2ebfe740: 00000000 00000000 00000000 00000000 ................
0x2ebfe750: 00000000 00000000 00000000 00000000 ................
0x2ebfe760: 00000000 00000000 00000000 00000000 ................
0x2ebfe770: 00000000 00000000 00000000 00000000 ................
0x2ebfe780: 00000000 00000000 00000000 00000000 ................
0x2ebfe790: 00000000 00000000 00000000 00000000 ................
0x2ebfe7a0: 36463f50 0000026d 00000000 00000000 P?F6m...........
0x2ebfe7b0: 00000000 00000000 00000000 00000000 ................
0x2ebfe7c0: 00000000 00000000 00000000 00000000 ................
0x2ebfe7d0: 00000000 00000000 00000000 00000000 ................
0x2ebfe7e0: 00000000 00000000 00000000 00000000 ................
0x2ebfe7f0: 00000000 00000000 00000000 00000000 ................
0x2ebfe800: 00000000 00000000 00000000 00000000 ................
0x2ebfe810: 00000000 00000000 00000000 00000000 ................
0x2ebfe820: 00000000 00000000 00000000 00000000 ................
0x2ebfe830: 00000000 00000000 00000000 00000000 ................
0x2ebfe840: 00000000 00000000 00000000 00000000 ................
0x2ebfe850: 00000000 00000000 00000000 00000000 ................
0x2ebfe860: 00000000 00000000 00000000 00000000 ................
0x2ebfe870: 00000000 00000000 00000000 00000000 ................
0x2ebfe880: 00000000 00000000 00000000 00000000 ................
0x2ebfe890: 00000000 00000000 00000000 00000000 ................
0x2ebfe8a0: 00000000 00000000 00000000 00000000 ................
0x2ebfe8b0: 00000000 00000000 00000000 00000000 ................
0x2ebfe8c0: 00000000 00000000 00000000 00000000 ................
0x2ebfe8d0: 00000000 00000000 00000000 00000000 ................
0x2ebfe8e0: 00000000 00000000 00000000 00000000 ................
0x2ebfe8f0: 00000000 00000000 00000000 00000000 ................
0x2ebfe900: 00000000 00000000 00000000 00000000 ................
0x2ebfe910: 00000000 00000000 00000000 00000000 ................
0x2ebfe920: 00000000 00000000 00000000 00000000 ................
0x2ebfe930: 00000000 00000000 00000000 00000000 ................
0x2ebfe940: 00000000 00000000 00000000 00000000 ................
0x2ebfe950: 00000000 00000000 00000000 00000000 ................
0x2ebfe960: 00000000 00000000 00000000 00000000 ................
0x2ebfe970: 00000000 00000000 00000000 00000000 ................
0x2ebfe980: 00000000 00000000 00000000 00000000 ................
0x2ebfe990: 00000000 00000000 00000000 00000000 ................
0x2ebfe9a0: 00000000 00000000 00000000 00000000 ................
0x2ebfe9b0: 00000000 00000000 00000000 00000000 ................
0x2ebfe9c0: 00000000 00000000 00000000 00000000 ................
0x2ebfe9d0: 00000000 00000000 00000000 00000000 ................
0x2ebfe9e0: 00000000 00000000 00000000 00000000 ................
0x2ebfe9f0: 00000000 00000000 00000000 00000000 ................
0x2ebfea00: 00000000 00000000 00000000 00000000 ................
0x2ebfea10: 00000000 00000000 00000000 00000000 ................
0x2ebfea20: 00000000 00000000 00000000 00000000 ................
0x2ebfea30: 00000000 00000000 00000000 00000000 ................
0x2ebfea40: 00000000 00000000 00000000 00000000 ................
0x2ebfea50: 00000000 00000000 00000000 00000000 ................
0x2ebfea60: 00000000 00000000 00000000 00000000 ................
0x2ebfea70: 00000000 00000000 00000000 00000000 ................
0x2ebfea80: 00000000 00000000 000004a7 00000000 ................
0x2ebfea90: 00000000 00000000 481e1150 0000026c ........P..Hl...
0x2ebfeaa0: 00000000 00000000 00000001 00000000 ................
0x2ebfeab0: 481e1140 0000026c 0000037f 00000000 @..Hl...........
0x2ebfeac0: 00000000 00000000 00000000 00000000 ................
0x2ebfead0: 82020150 0000026a 00000000 00000000 P...j...........
0x2ebfeae0: 0000037f 00000000 000003ff 00000000 ................
0x2ebfeaf0: 481e1140 0000026c 00000000 00000000 @..Hl...........
0x2ebfeb00: 000003ff 00000000 00000000 00000000 ................
0x2ebfeb10: 00000000 00000000 00000000 00000000 ................
0x2ebfeb20: 00000000 00000000 00000080 00000000 ................
0x2ebfeb30: 82020150 0000026a 000004a7 00000000 P...j...........
0x2ebfeb40: 82029f14 0000026a 82020150 0000026a ....j...P...j...
0x2ebfeb50: 00000000 00000000 000003ff 00000000 ................
0x2ebfeb60: 00000000 00000000 00000000 00000000 ................
0x2ebfeb70: 00000000 00000000 000003ff 00000000 ................
0x2ebfeb80: 00000000 00000000 00000000 00000000 ................
0x2ebfeb90: 00000000 00000000 00000000 00000000 ................
0x2ebfeba0: 00000000 00000000 00000000 00000000 ................
0x2ebfebb0: 00000000 00000000 00000410 00000000 ................
0x2ebfebc0: 00000000 00000000 00000000 00000000 ................
0x2ebfebd0: 00000000 00000000 00000033 00000000 ........3.......
0x2ebfebe0: 00000000 00000000 ec0004e8 00000000 ................
0x2ebfebf0: 00000000 00000000 02000002 00000000 ................
0x2ebfec00: 00000000 00000000 00000000 00000000 ................
0x2ebfec10: 00000000 00000000 00000000 00000000 ................
0x2ebfec20: 00000000 00000000 18000018 00000000 ................
0x2ebfec30: 00000000 00000000 00000000 00000000 ................
0x2ebfec40: 00000000 00000000 00000000 00000000 ................
0x2ebfec50: 00000000 00000000 00000000 00000000 ................
0x2ebfec60: 00800001 00000000 00000000 00000000 ................
0x2ebfec70: 00000410 00000000 00000400 00000000 ................
0x2ebfec80: 00000001 00000000 82020000 0000026a ............j...
0x2ebfec90: 00000041 00000000 4abbb44d 00007ff8 A.......M..J....
0x2ebfeca0: 82020000 0000026a 00800003 00000000 ....j...........
0x2ebfecb0: 00000400 00000000 4abbb90b 00007ff8 ...........J....
0x2ebfecc0: 000f0009 00000000 00000053 00000000 ........S.......
0x2ebfecd0: 068f6b70 0000026c 00000000 00000000 pk..l...........
0x2ebfece0: 00000000 00000000 00000000 00000000 ................
0x2ebfecf0: 00000000 00000000 81f03900 0000026a .........9..j...
0x2ebfed00: 002f6640 002f6644 81f00000 0000026a @f/.Df/.....j...
0x2ebfed10: 81f0047c 0000026a 00000000 00000000 |...j...........
0x2ebfed20: 00002c10 00000000 4abbb86b 00007ff8 .,......k..J....
0x2ebfed30: 00030005 00000000 4abbb90b 00007ff8 ...........J....
0x2ebfed40: 00000013 00000000 0000005c 00000000 ........\.......
0x2ebfed50: 4818e300 0000026c 00000080 00000000 ...Hl...........
0x2ebfed60: 00000000 0000026a 4abbb90b 00007ff8 ....j......J....
0x2ebfed70: 00000000 00000000 81f03240 0000026a ........@2..j...
0x2ebfed80: 4818e300 0000026c 81f00000 0000026a ...Hl.......j...
0x2ebfed90: 81f003a4 0000026a 81f00cc0 0000026a ....j.......j...
0x2ebfeda0: 00000410 00000000 81f00cc0 0000026a ............j...
0x2ebfedb0: 300ab8f0 0000026b 00000000 00000000 ...0k...........
0x2ebfedc0: 00000000 00000000 00000000 00000000 ................
0x2ebfedd0: 00000000 00000000 00000000 00000000 ................
0x2ebfede0: 00000000 00000000 00000000 00000000 ................
0x2ebfedf0: 3001ad10 0000026b 00000001 00000000 ...0k...........
0x2ebfee00: ffffffff 00000000 00000000 00000000 ................
0x2ebfee10: 00000000 00000000 00000000 00000000 ................
0x2ebfee20: 00000041 00000000 4abbb3c7 00007ff8 A..........J....
0x2ebfee30: 81f00000 00000002 00000000 00000000 ................
0x2ebfee40: 00000400 00000000 00000008 00000000 ................
0x2ebfee50: 00000000 00000000 00000000 00000000 ................
0x2ebfee60: 00000000 00000000 100353b0 0000026c .........S..l...
0x2ebfee70: 10036530 0000026c 00000000 00000000 0e..l...........
0x2ebfee80: 00000000 00000000 00000000 00000000 ................
0x2ebfee90: 00000000 00000000 00000000 00000000 ................
0x2ebfeea0: 728a6830 0000026b 728af770 0000026b 0h.rk...p..rk...
0x2ebfeeb0: 00000000 00000000 00000000 00000000 ................
0x2ebfeec0: 00000000 00000000 00000000 00000000 ................
0x2ebfeed0: 00000000 00000000 00000400 00000000 ................
0x2ebfeee0: 2ebff320 00000077 00000001 00000000  ...w...........
0x2ebfeef0: 2ebfef70 00000077 2eaea70e 00007ff8 p...w...........
0x2ebfef00: 2ebfef50 00000077 12d07319 00007ff8 P...w....s......
0x2ebfef10: 2ebfef50 00000077 00000000 00000000 P...w...........
0x2ebfef20: 481d3350 0000026c 2eaea843 00007ff8 P3.Hl...C.......
0x2ebfef30: 00000057 00000000 4abe07b0 00007ff8 W..........J....
0x2ebfef40: 2ebff320 00000077 2ebfef50 00000077  ...w...P...w...
0x2ebfef50: 00000004 00000004 481d3350 0000026c ........P3.Hl...
0x2ebfef60: 2eb15ad0 00007ff8 2ebfef58 00000077 .Z......X...w...
0x2ebfef70: 00000000 00000000 f06d7784 0000026b .........wm.k...
0x2ebfef80: f06d7848 0000026b 00000000 00000000 Hxm.k...........
0x2ebfef90: 00000000 00000000 00000000 00000000 ................
0x2ebfefa0: 00000000 00000000 00000005 00000077 ............w...
0x2ebfefb0: 00000002 00000000 2eaf820d 00007ff8 ................
0x2ebfefc0: 7ffe0385 00000000 00000000 00000000 ................
0x2ebfefd0: 00000005 00000000 00000005 00007ff8 ................
0x2ebfefe0: 7ffe0384 00000000 2eaf1e8a 00007ff8 ................
0x2ebfeff0: 7ffe0385 00000000 00000002 00000000 ................
0x2ebff000: 00000001 00000000 4aba9877 00007ff8 ........w..J....
0x2ebff010: 00000000 00000000 2eaf1a3d 00007ff8 ........=.......
0x2ebff020: 7ffe0384 00000000 4aba9a26 00007ff8 ........&..J....
0x2ebff030: 7ffe0385 00000000 4aba9993 00007ff8 ...........J....
0x2ebff040: 00000002 00000000 2eaf1c9d 00007ff8 ................
0x2ebff050: 00000001 00000000 00000000 00000000 ................
0x2ebff060: 00000000 00000000 00000002 00000000 ................
0x2ebff070: 2c82a000 00000077 d3f30db3 00007fff ...,w...........
0x2ebff080: 00000001 00000000 d536a060 00007fff ........`.6.....
0x2ebff090: 2ead0000 00007ff8 7ffe0384 00000000 ................
0x2ebff0a0: 00000002 00000000 4aba9a26 00007ff8 ........&..J....
0x2ebff0b0: 2ead0000 00007ff8 00000002 00000000 ................
0x2ebff0c0: 00000000 00000000 7ffe0385 00000000 ................
0x2ebff0d0: 00000015 00000000 4abce683 00007ff8 ...........J....
0x2ebff0e0: 2eaf1d60 00007ff8 4abed964 00007ff8 `.......d..J....
0x2ebff0f0: 00000000 00000000 2c9ce000 00000077 ...........,w...
0x2ebff100: 4acfa4d0 00007ff8 2c9ce000 00000077 ...J.......,w...
0x2ebff110: 2eaf1d60 00007ff8 4aba7955 00007ff8 `.......Uy.J....
0x2ebff120: 4acfa4d0 00007ff8 2c9ce000 00000077 ...J.......,w...
0x2ebff130: 00000010 00000077 2eaf1d60 00007ff8 ....w...`.......
0x2ebff140: 4810be80 0000026c 2eaf1d60 00007ff8 ...Hl...`.......
0x2ebff150: 00000048 00000000 00000001 00000000 H...............
0x2ebff160: 00000000 00000000 00000000 00000000 ................
0x2ebff170: 00000070 00000000 ffffffff ffffffff p...............
0x2ebff180: ffffffff ffffffff 4aba7877 00007ff8 ........wx.J....
0x2ebff190: 4aba78aa 00007ff8 00000000 00000000 .x.J............
0x2ebff1a0: 00000000 00000000 00000000 00000000 ................
0x2ebff1b0: e7f55750 00007fff 00000001 00000001 PW..............
0x2ebff1c0: 00000000 00000000 00000007 00000007 ................
0x2ebff1d0: 00000008 00000008 00000008 00000000 ................
0x2ebff1e0: f06d71cc 0000026b 00000001 00000000 .qm.k...........
0x2ebff1f0: 00000008 00000000 00000011 00000000 ................
0x2ebff200: f06d71ec 0000026b 00000001 00000000 .qm.k...........
0x2ebff210: 00000008 00000000 00000011 00000000 ................
0x2ebff220: f06d720c 0000026b 00000001 00000000 .rm.k...........
0x2ebff230: 00000094 00000000 00000129 00000000 ........).......
0x2ebff240: 00000000 00000000 00000001 00000000 ................
0x2ebff250: 00000000 00000000 00000000 00000000 ................
0x2ebff260: 00000000 00000000 00000000 00000000 ................
0x2ebff270: 00000000 00000000 00000000 00000000 ................
0x2ebff280: 2ebff320 00000077 00000000 00000000  ...w...........
0x2ebff290: 4ab90000 00007ff8 4ac04b73 00007ff8 ...J....sK.J....
0x2ebff2a0: 00000000 00000000 4ab90000 00007ff8 ...........J....
0x2ebff2b0: 00000000 00000000 2c82a000 00000077 ...........,w...
0x2ebff2c0: 00000000 00000000 4ac04b28 00007ff8 ........(K.J....
0x2ebff2d0: 2ebff320 00000077 00000000 00000000  ...w...........
0x2ebff2e0: 00000000 00000000 00000000 00000000 ................
0x2ebff2f0: 00000000 00000000 00000000 00000000 ................
0x2ebff300: 00000000 00000000 00000000 00000000 ................
0x2ebff310: 00000000 00000000 00000000 00000000 ................
0x2ebff320: 00000000 00000000 00000000 00000000 ................
0x2ebff330: 00000000 00000000 00000000 00000000 ................
0x2ebff340: 00000000 00000000 00000000 00000000 ................
0x2ebff350: 00000000 00000000 00000000 00000000 ................
0x2ebff360: 00000000 00000000 00000000 00000000 ................
0x2ebff370: 00000000 00000000 00000000 00000000 ................
0x2ebff380: 00000000 00000000 00000000 00000000 ................
0x2ebff390: 00000000 00000000 00000000 00000000 ................
0x2ebff3a0: 00000000 00000000 00000000 00000000 ................
0x2ebff3b0: 00000000 00000000 00000000 00000000 ................
0x2ebff3c0: 00000000 00000000 00000000 00000000 ................
0x2ebff3d0: 00000000 00000000 00000000 00000000 ................
0x2ebff3e0: 00000000 00000000 00000000 00000000 ................
0x2ebff3f0: 00000000 00000000 00000000 00000000 ................
0x2ebff400: 00000000 00000000 4834d69b 00007ff8 ..........4H....
0x2ebff410: 00000000 00000000 4abe2630 00007ff8 ........0&.J....
0x2ebff420: 0000027f 00000000 00000000 00000000 ................
0x2ebff430: 00000000 00000000 00001f80 0000ffff ................
0x2ebff440: fe1b1260 00007ff6 00000000 00000000 `...............
0x2ebff450: 00100000 00000000 00001000 00000000 ................
0x2ebff460: 00000002 00060000 00000006 81600022 ............".`.
0x2ebff470: 04018664 00000000 0009ee00 00000000 d...............
0x2ebff480: 00000040 00000000 4834d548 00007ff8 @.......H.4H....
0x2ebff490: 2ebff550 00000077 00000000 00000000 P...w...........
0x2ebff4a0: 00000000 00000000 00000000 00000000 ................
0x2ebff4b0: 00060009 00089e0a bd9bbfff 00000000 ................
0x2ebff4c0: 00000000 00000000 00000000 00000000 ................
0x2ebff4d0: 00000020 00000000 e708ad8c 00007fff  ...............
0x2ebff4e0: 3009d0d0 0000026b e82cd3c0 00007fff ...0k.....,.....
0x2ebff4f0: 00000000 00000000 00000000 00000000 ................
0x2ebff500: 00000030 00000000 e708ad8c 00007fff 0...............
0x2ebff510: 300a6ce0 0000026b e82cd3c0 00007fff .l.0k.....,.....
0x2ebff520: e82cd3c0 00007fff 00000000 00000000 ..,.............
0x2ebff530: e82bc660 00007fff e7089f0b 00007fff `.+.............
0x2ebff540: 300a6ce0 0000026b 30400100 0000026b .l.0k.....@0k...
0x2ebff550: e82bc660 00007fff e7089cab 00007fff `.+.............
0x2ebff560: 00000010 00000000 00000000 00000000 ................
0x2ebff570: 00000001 00000000 00000000 00000000 ................
0x2ebff580: e82bc660 00007fff e7089cab 00007fff `.+.............
0x2ebff590: e82cd8c0 00007fff 00000030 00000000 ..,.....0.......
0x2ebff5a0: 00000010 00000000 00000000 00000000 ................
0x2ebff5b0: 3009d0b0 0000026b 00001252 00000000 ...0k...R.......
0x2ebff5c0: 3009d0b0 0000026b 00001252 00000000 ...0k...R.......
0x2ebff5d0: 00000000 00000000 00000000 00000000 ................
0x2ebff5e0: 30400080 0000026b e708b006 00007fff ..@0k...........
0x2ebff5f0: 00000020 00000000 00000020 00000000  ....... .......
0x2ebff600: 3009d0d0 0000026b 00000000 00000000 ...0k...........
0x2ebff610: 00000014 00000000 00000017 00000000 ................
0x2ebff620: e82bc660 00007fff 3006e0b0 0000026b `.+........0k...
0x2ebff630: 3009d110 0000026b e7086770 00007fff ...0k...pg......
0x2ebff640: 00000000 00000000 0000000c 00000000 ................
0x2ebff650: 00000000 00007fff e7fb30f8 00007fff .........0......
0x2ebff660: 00000000 00000000 e708602a 00007fff ........*`......
0x2ebff670: 00000000 00000000 00000000 00000000 ................
0x2ebff680: 00000000 00000000 00000000 00000000 ................
0x2ebff690: e700315b 00007fff 00000000 00000000 [1..............
0x2ebff6a0: 00000000 00000000 00000000 00000000 ................
0x2ebff6b0: 00000000 00000000 0000000a 00000000 ................
0x2ebff6c0: 00000000 00000000 300002c0 0000026c ...........0l...
0x2ebff6d0: 7022b8c0 0000026b e700e6cd 00007fff .."pk...........
0x2ebff6e0: 7022b8c0 0000026b 002f6640 002f6644 .."pk...@f/.Df/.
0x2ebff6f0: 3f6a14f0 0000026c 000027f3 00000000 ..j?l....'......
0x2ebff700: 00000000 00000000 e700e7a8 00007fff ................
0x2ebff710: 7022b8c0 0000026b 00000000 00000000 .."pk...........
0x2ebff720: 00000000 00000000 00000000 00000000 ................
0x2ebff730: 3006e0b0 0000026b e7334798 00007fff ...0k....G3.....
0x2ebff740: 3006e0b0 0000026b 00000000 00000000 ...0k...........
0x2ebff750: 00000000 00000000 00000000 00000000 ................
0x2ebff760: 00000000 00000000 49647034 00007ff8 ........4pdI....
0x2ebff770: 00000000 00000000 00000000 00000000 ................
0x2ebff780: 00000000 00000000 00000000 00000000 ................
0x2ebff790: 00000000 00000000 4abe2651 00007ff8 ........Q&.J....
0x2ebff7a0: 00000000 00000000 00000000 00000000 ................
0x2ebff7b0: 00000000 00000000 00000000 00000000 ................
0x2ebff7c0: 00000000 00000000 00000000 00000000 ................
0x2ebff7d0: 00000000 24d9d4d2 00000000 00000000 .......$........
0x2ebff7e0: 00000000 00000000 4842c060 00007ff8 ........`.BH....
0x2ebff7f0: 2ebfcac0 00000077 1ffe1b26 c52c8000 ....w...&.....,.
0x2ebff800: 6c9b14b2 00007ff8 2ebfcac0 00000077 ...l........w...
0x2ebff810: 00000000 00000000 00000000 00000000 ................
0x2ebff820: 00000000 00000000 00000000 00000000 ................
0x2ebff830: 00000000 00000000 00000000 00000000 ................
0x2ebff840: 00000000 00000000 00000000 00000000 ................
0x2ebff850: 00000000 00000000 00000000 00000000 ................
0x2ebff860: 00000000 00000000 00000000 00000000 ................
0x2ebff870: 00000000 00000000 00000000 00000000 ................
0x2ebff880: 00000000 00000000 00000000 00000000 ................
0x2ebff890: 00000000 00000000 00000000 00000000 ................
0x2ebff8a0: 00000000 00000000 00000000 00000000 ................
0x2ebff8b0: 00000000 00000000 00000000 00000000 ................
0x2ebff8c0: 00000000 00000000 00000000 00000000 ................
0x2ebff8d0: 00000000 00000000 00000000 00000000 ................
0x2ebff8e0: 00000000 00000000 00000000 00000000 ................
0x2ebff8f0: 00000000 00000000 00000000 00000000 ................
0x2ebff900: 00000000 00000000 00000000 00000000 ................
0x2ebff910: 00000000 00000000 00000000 00000000 ................
0x2ebff920: 00000000 00000000 00000000 00000000 ................
0x2ebff930: 00000000 00000000 00000000 00000000 ................
0x2ebff940: 00000000 00000000 00000000 00000000 ................
0x2ebff950: 00000000 00000000 00000000 00000000 ................
0x2ebff960: 00000000 00000000 00000000 00000000 ................
0x2ebff970: 00000000 00000000 00000000 00000000 ................
0x2ebff980: 00000000 00000000 00000000 00000000 ................
0x2ebff990: 00000000 00000000 00000000 00000000 ................
0x2ebff9a0: 00000000 00000000 00000000 00000000 ................
0x2ebff9b0: 00000000 00000000 00000000 00000000 ................
0x2ebff9c0: 00000000 00000000 00000000 00000000 ................

Module 1
C:\WINDOWS\SYSTEM32\xinput1_3.dll
Image Base: 0x00400000  Image Size: 0x0001e000
File Size:  107368      File Time:  2007-04-04_185422
Version:
   Company:    Microsoft Corporation
   Product:    Microsoft® DirectX for Windows®
   FileDesc:   Microsoft Common Controller API
   FileVer:    9.18.944.0
   ProdVer:    9.18.944.0

Crash Report configuration:
 * App Name: Temtem
 * App Version: Unity 2019.4.18f1_3310a4d4f880
 * Mono DLL: 
 * Bug Reporter App Path: 
 * Crash Report Path: C:\Users\rqflo\AppData\Local\Temp\Crema\Temtem\Crashes
 * Is Editor: false

Crash Report metadata:

Additional report files:
 * "C:\Users\rqflo\AppData\LocalLow\Crema\Temtem\Player.log" (Output log file)



== [end of error.log] ==
