Temtem by Crema [version: Unity 2019.4.14f1_df5769635aab]

UnityPlayer.dll caused an Access Violation (0xc0000005)
  in module UnityPlayer.dll at 0033:49117719.

Error occurred at 2021-04-09_011518.
C:\Program Files (x86)\Steam\steamapps\common\Temtem\Temtem.exe, run by rqflo.

68% physical memory in use.
8035 MB physical memory [2532 MB free].
10047 MB process peak paging file [10011 MB used].
3611 MB process peak working set [1852 MB used].
System Commit Total/Limit/Peak: 16226MB/16227MB/16227MB
System Physical Total/Available: 8035MB/2532MB
System Process Count: 193
System Thread Count: 1712
System Handle Count: 75256
Disk space data for 'C:\Users\rqflo\AppData\Local\Temp\Crema\Temtem\Crashes\Crash_2021-04-08_171516509\': 553585881088 bytes free of 999007711232 total.

Write to location 0000000000000000 caused an access violation.

Context:
RDI:    0x0000000000000000  RSI: 0x0000000001001000  RAX:   0x0000000000000000
RBX:    0x00007ffc4a354300  RCX: 0x0000000000000000  RDX:   0x00000000000005af
RIP:    0x00007ffc49117719  RBP: 0x0000000000000000  SegCs: 0x0000000000000033
EFlags: 0x0000000000010206  RSP: 0x000000674fe3dc40  SegSs: 0x000000000000002b
R8:     0x000000000000005a  R9:  0x000000000000005e  R10:   0x0000000000000096
R11:    0x0000000000000246  R12: 0x0000000001000058  R13:   0x0000000000000001
R14:    0x0000000000000010  R15: 0x00007ffc4a354420


Bytes at CS:EIP:
48 89 28 48 89 68 08 48 89 48 10 48 8b 8b 70 01 

*** WARNING ***
Managed call stack frames will be incorrect or missing.
The Mono DLL at 'C:\Program Files (x86)\Steam\steamapps\common\Temtem\MonoBleedingEdge\EmbedRuntime\mono-2.0-bdwgc.dll' does not provide out-of-process stack information support.
Upgrade to a newer version of the Mono Scripting Runtime for more detailed debug information.


Stack Trace of Crashed Thread 4172:
0x00007FFC49117719 (UnityPlayer) UnityMain
0x00007FFC491152AA (UnityPlayer) UnityMain
0x00007FFC491119BC (UnityPlayer) UnityMain
0x00007FFC49111285 (UnityPlayer) UnityMain
0x00007FFC49238D08 (UnityPlayer) UnityMain
0x00007FFC49238B04 (UnityPlayer) UnityMain
ERROR: SymGetSymFromAddr64, GetLastError: 'Attempt to access invalid address.' (Address: 00007FFC4909892D)
0x00007FFC4909892D (UnityPlayer) (function-name not available)
ERROR: SymGetSymFromAddr64, GetLastError: 'Attempt to access invalid address.' (Address: 00007FFC4909970D)
0x00007FFC4909970D (UnityPlayer) (function-name not available)
ERROR: SymGetSymFromAddr64, GetLastError: 'Attempt to access invalid address.' (Address: 00007FFC490997E8)
0x00007FFC490997E8 (UnityPlayer) (function-name not available)
0x00007FFC493BF978 (UnityPlayer) UnityMain
ERROR: SymGetSymFromAddr64, GetLastError: 'Attempt to access invalid address.' (Address: 00007FFC8A717034)
0x00007FFC8A717034 (KERNEL32) (function-name not available)
ERROR: SymGetSymFromAddr64, GetLastError: 'Attempt to access invalid address.' (Address: 00007FFC8B462651)
0x00007FFC8B462651 (ntdll) (function-name not available)

Stacks for Running Threads:

Call Stack for Thread 7568:
ERROR: SymGetSymFromAddr64, GetLastError: 'Attempt to access invalid address.' (Address: 00007FFC8B4ACC94)
0x00007FFC8B4ACC94 (ntdll) (function-name not available)
ERROR: SymGetSymFromAddr64, GetLastError: 'Attempt to access invalid address.' (Address: 00007FFC8904A34E)
0x00007FFC8904A34E (KERNELBASE) (function-name not available)
0x00007FFC49A1DEC2 (UnityPlayer) UnityMain
ERROR: SymGetSymFromAddr64, GetLastError: 'Attempt to access invalid address.' (Address: 00007FFC4908BE67)
0x00007FFC4908BE67 (UnityPlayer) (function-name not available)
ERROR: SymGetSymFromAddr64, GetLastError: 'Attempt to access invalid address.' (Address: 00007FFC49075D93)
0x00007FFC49075D93 (UnityPlayer) (function-name not available)
0x00007FFC49326512 (UnityPlayer) UnityMain
0x00007FFC49317DA7 (UnityPlayer) UnityMain
0x00007FFC49317E43 (UnityPlayer) UnityMain
0x00007FFC4931A27C (UnityPlayer) UnityMain
ERROR: SymGetSymFromAddr64, GetLastError: 'Attempt to access invalid address.' (Address: 00007FFC490D001E)
0x00007FFC490D001E (UnityPlayer) (function-name not available)
ERROR: SymGetSymFromAddr64, GetLastError: 'Attempt to access invalid address.' (Address: 00007FFC490CED7A)
0x00007FFC490CED7A (UnityPlayer) (function-name not available)
ERROR: SymGetSymFromAddr64, GetLastError: 'Attempt to access invalid address.' (Address: 00007FFC490D2E2C)
0x00007FFC490D2E2C (UnityPlayer) (function-name not available)
0x00007FFC490D691B (UnityPlayer) UnityMain
ERROR: SymGetSymFromAddr64, GetLastError: 'Attempt to access invalid address.' (Address: 00007FF6746511F2)
0x00007FF6746511F2 (Temtem) (function-name not available)
ERROR: SymGetSymFromAddr64, GetLastError: 'Attempt to access invalid address.' (Address: 00007FFC8A717034)
0x00007FFC8A717034 (KERNEL32) (function-name not available)
ERROR: SymGetSymFromAddr64, GetLastError: 'Attempt to access invalid address.' (Address: 00007FFC8B462651)
0x00007FFC8B462651 (ntdll) (function-name not available)


Call Stack for Thread 2696:
ERROR: SymGetSymFromAddr64, GetLastError: 'Attempt to access invalid address.' (Address: 00007FFC8B4ACC94)
0x00007FFC8B4ACC94 (ntdll) (function-name not available)
ERROR: SymGetSymFromAddr64, GetLastError: 'Attempt to access invalid address.' (Address: 00007FFC8904A34E)
0x00007FFC8904A34E (KERNELBASE) (function-name not available)
0x00007FFC4B435E8F (mono-2.0-bdwgc) mono_conc_hashtable_remove
0x00007FFC4B5242DD (mono-2.0-bdwgc) mono_gc_reference_queue_new
0x00007FFC4B5230B5 (mono-2.0-bdwgc) mono_callspec_parse
0x00007FFC4B4E6398 (mono-2.0-bdwgc) mono_threads_set_shutting_down
0x00007FFC4B4E6126 (mono-2.0-bdwgc) mono_threads_set_shutting_down
ERROR: SymGetSymFromAddr64, GetLastError: 'Attempt to access invalid address.' (Address: 00007FFC8A717034)
0x00007FFC8A717034 (KERNEL32) (function-name not available)
ERROR: SymGetSymFromAddr64, GetLastError: 'Attempt to access invalid address.' (Address: 00007FFC8B462651)
0x00007FFC8B462651 (ntdll) (function-name not available)


Call Stack for Thread 10884:
ERROR: SymGetSymFromAddr64, GetLastError: 'Attempt to access invalid address.' (Address: 00007FFC8B4ACC94)
0x00007FFC8B4ACC94 (ntdll) (function-name not available)
ERROR: SymGetSymFromAddr64, GetLastError: 'Attempt to access invalid address.' (Address: 00007FFC8904A34E)
0x00007FFC8904A34E (KERNELBASE) (function-name not available)
0x00007FFC49A1DEC2 (UnityPlayer) UnityMain
0x00007FFC492D3070 (UnityPlayer) UnityMain
0x00007FFC492D4140 (UnityPlayer) UnityMain
0x00007FFC493BF978 (UnityPlayer) UnityMain
ERROR: SymGetSymFromAddr64, GetLastError: 'Attempt to access invalid address.' (Address: 00007FFC8A717034)
0x00007FFC8A717034 (KERNEL32) (function-name not available)
ERROR: SymGetSymFromAddr64, GetLastError: 'Attempt to access invalid address.' (Address: 00007FFC8B462651)
0x00007FFC8B462651 (ntdll) (function-name not available)


Call Stack for Thread 7736:
ERROR: SymGetSymFromAddr64, GetLastError: 'Attempt to access invalid address.' (Address: 00007FFC8B4ACC94)
0x00007FFC8B4ACC94 (ntdll) (function-name not available)
ERROR: SymGetSymFromAddr64, GetLastError: 'Attempt to access invalid address.' (Address: 00007FFC8904A34E)
0x00007FFC8904A34E (KERNELBASE) (function-name not available)
0x00007FFC49A1DEC2 (UnityPlayer) UnityMain
0x00007FFC492D3070 (UnityPlayer) UnityMain
0x00007FFC492D4140 (UnityPlayer) UnityMain
0x00007FFC493BF978 (UnityPlayer) UnityMain
ERROR: SymGetSymFromAddr64, GetLastError: 'Attempt to access invalid address.' (Address: 00007FFC8A717034)
0x00007FFC8A717034 (KERNEL32) (function-name not available)
ERROR: SymGetSymFromAddr64, GetLastError: 'Attempt to access invalid address.' (Address: 00007FFC8B462651)
0x00007FFC8B462651 (ntdll) (function-name not available)


Call Stack for Thread 5100:
ERROR: SymGetSymFromAddr64, GetLastError: 'Attempt to access invalid address.' (Address: 00007FFC8B4ACC94)
0x00007FFC8B4ACC94 (ntdll) (function-name not available)
ERROR: SymGetSymFromAddr64, GetLastError: 'Attempt to access invalid address.' (Address: 00007FFC8904A34E)
0x00007FFC8904A34E (KERNELBASE) (function-name not available)
0x00007FFC49A1DEC2 (UnityPlayer) UnityMain
0x00007FFC492D3070 (UnityPlayer) UnityMain
0x00007FFC492D4140 (UnityPlayer) UnityMain
0x00007FFC493BF978 (UnityPlayer) UnityMain
ERROR: SymGetSymFromAddr64, GetLastError: 'Attempt to access invalid address.' (Address: 00007FFC8A717034)
0x00007FFC8A717034 (KERNEL32) (function-name not available)
ERROR: SymGetSymFromAddr64, GetLastError: 'Attempt to access invalid address.' (Address: 00007FFC8B462651)
0x00007FFC8B462651 (ntdll) (function-name not available)


Call Stack for Thread 7820:
ERROR: SymGetSymFromAddr64, GetLastError: 'Attempt to access invalid address.' (Address: 00007FFC8B4ACC94)
0x00007FFC8B4ACC94 (ntdll) (function-name not available)
ERROR: SymGetSymFromAddr64, GetLastError: 'Attempt to access invalid address.' (Address: 00007FFC8904A34E)
0x00007FFC8904A34E (KERNELBASE) (function-name not available)
0x00007FFC49A1DEC2 (UnityPlayer) UnityMain
0x00007FFC492D3070 (UnityPlayer) UnityMain
0x00007FFC492D4140 (UnityPlayer) UnityMain
0x00007FFC493BF978 (UnityPlayer) UnityMain
ERROR: SymGetSymFromAddr64, GetLastError: 'Attempt to access invalid address.' (Address: 00007FFC8A717034)
0x00007FFC8A717034 (KERNEL32) (function-name not available)
ERROR: SymGetSymFromAddr64, GetLastError: 'Attempt to access invalid address.' (Address: 00007FFC8B462651)
0x00007FFC8B462651 (ntdll) (function-name not available)


Call Stack for Thread 148:
ERROR: SymGetSymFromAddr64, GetLastError: 'Attempt to access invalid address.' (Address: 00007FFC8B4ACC94)
0x00007FFC8B4ACC94 (ntdll) (function-name not available)
ERROR: SymGetSymFromAddr64, GetLastError: 'Attempt to access invalid address.' (Address: 00007FFC8904A34E)
0x00007FFC8904A34E (KERNELBASE) (function-name not available)
0x00007FFC49A1DEC2 (UnityPlayer) UnityMain
0x00007FFC492D3070 (UnityPlayer) UnityMain
0x00007FFC492D4140 (UnityPlayer) UnityMain
0x00007FFC493BF978 (UnityPlayer) UnityMain
ERROR: SymGetSymFromAddr64, GetLastError: 'Attempt to access invalid address.' (Address: 00007FFC8A717034)
0x00007FFC8A717034 (KERNEL32) (function-name not available)
ERROR: SymGetSymFromAddr64, GetLastError: 'Attempt to access invalid address.' (Address: 00007FFC8B462651)
0x00007FFC8B462651 (ntdll) (function-name not available)


Call Stack for Thread 13172:
Exception encountered during stack walk.


Call Stack for Thread 5740:
Exception encountered during stack walk.


Call Stack for Thread 8676:
ERROR: SymGetSymFromAddr64, GetLastError: 'Attempt to access invalid address.' (Address: 00007FFC8B4ACC94)
0x00007FFC8B4ACC94 (ntdll) (function-name not available)
ERROR: SymGetSymFromAddr64, GetLastError: 'Attempt to access invalid address.' (Address: 00007FFC8904A34E)
ERROR: SymGetModuleInfo64, GetLastError: 'Not enough memory resources are available to process this command.' (Address: 00007FFC8904A34E)
0x00007FFC8904A34E ((<unknown>)) (function-name not available)
ERROR: SymGetModuleInfo64, GetLastError: 'Not enough memory resources are available to process this command.' (Address: 00007FFC49A1DEC2)
0x00007FFC49A1DEC2 ((<unknown>)) UnityMain
ERROR: SymGetModuleInfo64, GetLastError: 'Not enough memory resources are available to process this command.' (Address: 00007FFC492D3070)
0x00007FFC492D3070 ((<unknown>)) UnityMain
ERROR: SymGetModuleInfo64, GetLastError: 'Not enough memory resources are available to process this command.' (Address: 00007FFC492D4140)
0x00007FFC492D4140 ((<unknown>)) UnityMain
ERROR: SymGetModuleInfo64, GetLastError: 'Not enough memory resources are available to process this command.' (Address: 00007FFC493BF978)
0x00007FFC493BF978 ((<unknown>)) UnityMain
ERROR: SymGetSymFromAddr64, GetLastError: 'Attempt to access invalid address.' (Address: 00007FFC8A717034)
ERROR: SymGetModuleInfo64, GetLastError: 'Not enough memory resources are available to process this command.' (Address: 00007FFC8A717034)
0x00007FFC8A717034 ((<unknown>)) (function-name not available)
ERROR: SymGetSymFromAddr64, GetLastError: 'Attempt to access invalid address.' (Address: 00007FFC8B462651)
ERROR: SymGetModuleInfo64, GetLastError: 'Not enough memory resources are available to process this command.' (Address: 00007FFC8B462651)
0x00007FFC8B462651 ((<unknown>)) (function-name not available)


Call Stack for Thread 2256:
Exception encountered during stack walk.


Call Stack for Thread 12960:
Exception encountered during stack walk.


Call Stack for Thread 13044:
Exception encountered during stack walk.


Call Stack for Thread 2204:
Exception encountered during stack walk.


Call Stack for Thread 8672:
Exception encountered during stack walk.


Call Stack for Thread 5996:
Exception encountered during stack walk.


Call Stack for Thread 12092:
Exception encountered during stack walk.


Call Stack for Thread 10604:
Exception encountered during stack walk.


Call Stack for Thread 11404:
Exception encountered during stack walk.


Call Stack for Thread 7840:
Exception encountered during stack walk.


Call Stack for Thread 1152:
Exception encountered during stack walk.


Call Stack for Thread 2108:
Exception encountered during stack walk.


Call Stack for Thread 7200:
Exception encountered during stack walk.


Call Stack for Thread 9552:
Exception encountered during stack walk.


Call Stack for Thread 11352:
Exception encountered during stack walk.


Call Stack for Thread 12776:
Exception encountered during stack walk.


Call Stack for Thread 9236:
Exception encountered during stack walk.


Call Stack for Thread 2332:
Exception encountered during stack walk.


Call Stack for Thread 8240:


Call Stack for Thread 2816:


Call Stack for Thread 7176:


Call Stack for Thread 9152:


Call Stack for Thread 13024:


Call Stack for Thread 12756:


Call Stack for Thread 8780:


Call Stack for Thread 5748:


Call Stack for Thread 8964:
ERROR: SymGetSymFromAddr64, GetLastError: 'Attempt to access invalid address.' (Address: 00007FFC8B4ACC94)
0x00007FFC8B4ACC94 (ntdll) (function-name not available)
ERROR: SymGetSymFromAddr64, GetLastError: 'Attempt to access invalid address.' (Address: 00007FFC8904A34E)
ERROR: SymGetModuleInfo64, GetLastError: 'Not enough memory resources are available to process this command.' (Address: 00007FFC8904A34E)
0x00007FFC8904A34E ((<unknown>)) (function-name not available)
ERROR: SymGetSymFromAddr64, GetLastError: 'Attempt to access invalid address.' (Address: 00007FFC0BECEA4D)
0x00007FFC0BECEA4D (nvwgf2umx) (function-name not available)
ERROR: SymGetSymFromAddr64, GetLastError: 'Attempt to access invalid address.' (Address: 00007FFC0CDE7AAC)
0x00007FFC0CDE7AAC (nvwgf2umx) (function-name not available)
ERROR: SymGetSymFromAddr64, GetLastError: 'Attempt to access invalid address.' (Address: 00007FFC8A717034)
0x00007FFC8A717034 (KERNEL32) (function-name not available)
ERROR: SymGetSymFromAddr64, GetLastError: 'Attempt to access invalid address.' (Address: 00007FFC8B462651)
0x00007FFC8B462651 (ntdll) (function-name not available)


Call Stack for Thread 12456:
ERROR: SymGetSymFromAddr64, GetLastError: 'Attempt to access invalid address.' (Address: 00007FFC8B4ACC94)
0x00007FFC8B4ACC94 (ntdll) (function-name not available)
ERROR: SymGetSymFromAddr64, GetLastError: 'Attempt to access invalid address.' (Address: 00007FFC8904A34E)
0x00007FFC8904A34E (KERNELBASE) (function-name not available)
ERROR: SymGetSymFromAddr64, GetLastError: 'Attempt to access invalid address.' (Address: 00007FFC0BECEA4D)
0x00007FFC0BECEA4D (nvwgf2umx) (function-name not available)
ERROR: SymGetSymFromAddr64, GetLastError: 'Attempt to access invalid address.' (Address: 00007FFC0CDE7AAC)
0x00007FFC0CDE7AAC (nvwgf2umx) (function-name not available)
ERROR: SymGetSymFromAddr64, GetLastError: 'Attempt to access invalid address.' (Address: 00007FFC8A717034)
0x00007FFC8A717034 (KERNEL32) (function-name not available)
ERROR: SymGetSymFromAddr64, GetLastError: 'Attempt to access invalid address.' (Address: 00007FFC8B462651)
0x00007FFC8B462651 (ntdll) (function-name not available)


Call Stack for Thread 12740:
ERROR: SymGetSymFromAddr64, GetLastError: 'Attempt to access invalid address.' (Address: 00007FFC8B4ACC94)
0x00007FFC8B4ACC94 (ntdll) (function-name not available)
ERROR: SymGetSymFromAddr64, GetLastError: 'Attempt to access invalid address.' (Address: 00007FFC8904A34E)
0x00007FFC8904A34E (KERNELBASE) (function-name not available)
ERROR: SymGetSymFromAddr64, GetLastError: 'Attempt to access invalid address.' (Address: 00007FFC0BECEA4D)
0x00007FFC0BECEA4D (nvwgf2umx) (function-name not available)
ERROR: SymGetSymFromAddr64, GetLastError: 'Attempt to access invalid address.' (Address: 00007FFC0CDE7AAC)
0x00007FFC0CDE7AAC (nvwgf2umx) (function-name not available)
ERROR: SymGetSymFromAddr64, GetLastError: 'Attempt to access invalid address.' (Address: 00007FFC8A717034)
0x00007FFC8A717034 (KERNEL32) (function-name not available)
ERROR: SymGetSymFromAddr64, GetLastError: 'Attempt to access invalid address.' (Address: 00007FFC8B462651)
0x00007FFC8B462651 (ntdll) (function-name not available)


Call Stack for Thread 13032:
ERROR: SymGetSymFromAddr64, GetLastError: 'Attempt to access invalid address.' (Address: 00007FFC8B4ACC94)
0x00007FFC8B4ACC94 (ntdll) (function-name not available)
ERROR: SymGetSymFromAddr64, GetLastError: 'Attempt to access invalid address.' (Address: 00007FFC8904A34E)
0x00007FFC8904A34E (KERNELBASE) (function-name not available)
ERROR: SymGetSymFromAddr64, GetLastError: 'Attempt to access invalid address.' (Address: 00007FFC0BECEA4D)
0x00007FFC0BECEA4D (nvwgf2umx) (function-name not available)
ERROR: SymGetSymFromAddr64, GetLastError: 'Attempt to access invalid address.' (Address: 00007FFC0CDE7AAC)
0x00007FFC0CDE7AAC (nvwgf2umx) (function-name not available)
ERROR: SymGetSymFromAddr64, GetLastError: 'Attempt to access invalid address.' (Address: 00007FFC8A717034)
0x00007FFC8A717034 (KERNEL32) (function-name not available)
ERROR: SymGetSymFromAddr64, GetLastError: 'Attempt to access invalid address.' (Address: 00007FFC8B462651)
0x00007FFC8B462651 (ntdll) (function-name not available)


Call Stack for Thread 3544:
ERROR: SymGetSymFromAddr64, GetLastError: 'Attempt to access invalid address.' (Address: 00007FFC8B4ACC94)
0x00007FFC8B4ACC94 (ntdll) (function-name not available)
ERROR: SymGetSymFromAddr64, GetLastError: 'Attempt to access invalid address.' (Address: 00007FFC8904A34E)
0x00007FFC8904A34E (KERNELBASE) (function-name not available)
ERROR: SymGetSymFromAddr64, GetLastError: 'Attempt to access invalid address.' (Address: 00007FFC0BECEA4D)
0x00007FFC0BECEA4D (nvwgf2umx) (function-name not available)
ERROR: SymGetSymFromAddr64, GetLastError: 'Attempt to access invalid address.' (Address: 00007FFC0CDE7AAC)
0x00007FFC0CDE7AAC (nvwgf2umx) (function-name not available)
ERROR: SymGetSymFromAddr64, GetLastError: 'Attempt to access invalid address.' (Address: 00007FFC8A717034)
0x00007FFC8A717034 (KERNEL32) (function-name not available)
ERROR: SymGetSymFromAddr64, GetLastError: 'Attempt to access invalid address.' (Address: 00007FFC8B462651)
0x00007FFC8B462651 (ntdll) (function-name not available)


Call Stack for Thread 13236:
ERROR: SymGetSymFromAddr64, GetLastError: 'Attempt to access invalid address.' (Address: 00007FFC8B4ACC94)
0x00007FFC8B4ACC94 (ntdll) (function-name not available)
ERROR: SymGetSymFromAddr64, GetLastError: 'Attempt to access invalid address.' (Address: 00007FFC8904A34E)
0x00007FFC8904A34E (KERNELBASE) (function-name not available)
ERROR: SymGetSymFromAddr64, GetLastError: 'Attempt to access invalid address.' (Address: 00007FFC0C8666D2)
0x00007FFC0C8666D2 (nvwgf2umx) (function-name not available)
ERROR: SymGetSymFromAddr64, GetLastError: 'Attempt to access invalid address.' (Address: 00007FFC0C8655AA)
0x00007FFC0C8655AA (nvwgf2umx) (function-name not available)
ERROR: SymGetSymFromAddr64, GetLastError: 'Attempt to access invalid address.' (Address: 00007FFC0C85A7ED)
0x00007FFC0C85A7ED (nvwgf2umx) (function-name not available)
ERROR: SymGetSymFromAddr64, GetLastError: 'Attempt to access invalid address.' (Address: 00007FFC0BE3149A)
0x00007FFC0BE3149A (nvwgf2umx) (function-name not available)
ERROR: SymGetSymFromAddr64, GetLastError: 'Attempt to access invalid address.' (Address: 00007FFC0CDE7AAC)
0x00007FFC0CDE7AAC (nvwgf2umx) (function-name not available)
ERROR: SymGetSymFromAddr64, GetLastError: 'Attempt to access invalid address.' (Address: 00007FFC8A717034)
0x00007FFC8A717034 (KERNEL32) (function-name not available)
ERROR: SymGetSymFromAddr64, GetLastError: 'Attempt to access invalid address.' (Address: 00007FFC8B462651)
0x00007FFC8B462651 (ntdll) (function-name not available)


Call Stack for Thread 11796:
ERROR: SymGetSymFromAddr64, GetLastError: 'Attempt to access invalid address.' (Address: 00007FFC8B4ACC94)
0x00007FFC8B4ACC94 (ntdll) (function-name not available)
ERROR: SymGetSymFromAddr64, GetLastError: 'Attempt to access invalid address.' (Address: 00007FFC8904A34E)
0x00007FFC8904A34E (KERNELBASE) (function-name not available)
ERROR: SymGetSymFromAddr64, GetLastError: 'Attempt to access invalid address.' (Address: 00007FFC0BECEA4D)
0x00007FFC0BECEA4D (nvwgf2umx) (function-name not available)
ERROR: SymGetSymFromAddr64, GetLastError: 'Attempt to access invalid address.' (Address: 00007FFC0CDE7AAC)
0x00007FFC0CDE7AAC (nvwgf2umx) (function-name not available)
ERROR: SymGetSymFromAddr64, GetLastError: 'Attempt to access invalid address.' (Address: 00007FFC8A717034)
0x00007FFC8A717034 (KERNEL32) (function-name not available)
ERROR: SymGetSymFromAddr64, GetLastError: 'Attempt to access invalid address.' (Address: 00007FFC8B462651)
0x00007FFC8B462651 (ntdll) (function-name not available)


Call Stack for Thread 3192:
ERROR: SymGetSymFromAddr64, GetLastError: 'Attempt to access invalid address.' (Address: 00007FFC8B4AD764)
0x00007FFC8B4AD764 (ntdll) (function-name not available)
ERROR: SymGetSymFromAddr64, GetLastError: 'Attempt to access invalid address.' (Address: 00007FFC89080D40)
0x00007FFC89080D40 (KERNELBASE) (function-name not available)
ERROR: SymGetSymFromAddr64, GetLastError: 'Attempt to access invalid address.' (Address: 00007FFC89080C3E)
0x00007FFC89080C3E (KERNELBASE) (function-name not available)
ERROR: SymGetSymFromAddr64, GetLastError: 'Attempt to access invalid address.' (Address: 00007FFC490B46E3)
0x00007FFC490B46E3 (UnityPlayer) (function-name not available)
0x00007FFC493BF978 (UnityPlayer) UnityMain
ERROR: SymGetSymFromAddr64, GetLastError: 'Attempt to access invalid address.' (Address: 00007FFC8A717034)
0x00007FFC8A717034 (KERNEL32) (function-name not available)
ERROR: SymGetSymFromAddr64, GetLastError: 'Attempt to access invalid address.' (Address: 00007FFC8B462651)
0x00007FFC8B462651 (ntdll) (function-name not available)


Call Stack for Thread 3016:
ERROR: SymGetSymFromAddr64, GetLastError: 'Attempt to access invalid address.' (Address: 00007FFC8B4AD764)
0x00007FFC8B4AD764 (ntdll) (function-name not available)
ERROR: SymGetSymFromAddr64, GetLastError: 'Attempt to access invalid address.' (Address: 00007FFC89080D40)
0x00007FFC89080D40 (KERNELBASE) (function-name not available)
ERROR: SymGetSymFromAddr64, GetLastError: 'Attempt to access invalid address.' (Address: 00007FFC86127FFE)
0x00007FFC86127FFE (CoreMessaging) (function-name not available)
ERROR: SymGetSymFromAddr64, GetLastError: 'Attempt to access invalid address.' (Address: 00007FFC86127CE9)
0x00007FFC86127CE9 (CoreMessaging) (function-name not available)
ERROR: SymGetSymFromAddr64, GetLastError: 'Attempt to access invalid address.' (Address: 00007FFC86127471)
0x00007FFC86127471 (CoreMessaging) (function-name not available)
ERROR: SymGetSymFromAddr64, GetLastError: 'Attempt to access invalid address.' (Address: 00007FFC86126744)
0x00007FFC86126744 (CoreMessaging) (function-name not available)
ERROR: SymGetSymFromAddr64, GetLastError: 'Attempt to access invalid address.' (Address: 00007FFC8612996B)
0x00007FFC8612996B (CoreMessaging) (function-name not available)
ERROR: SymGetSymFromAddr64, GetLastError: 'Attempt to access invalid address.' (Address: 00007FFC86126C28)
0x00007FFC86126C28 (CoreMessaging) (function-name not available)
ERROR: SymGetSymFromAddr64, GetLastError: 'Attempt to access invalid address.' (Address: 00007FFC8615EBF5)
0x00007FFC8615EBF5 (CoreMessaging) (function-name not available)
ERROR: SymGetSymFromAddr64, GetLastError: 'Attempt to access invalid address.' (Address: 00007FFC8615DA7B)
0x00007FFC8615DA7B (CoreMessaging) (function-name not available)
ERROR: SymGetSymFromAddr64, GetLastError: 'Attempt to access invalid address.' (Address: 00007FFC763A25BA)
0x00007FFC763A25BA (inputhost) (function-name not available)
ERROR: SymGetSymFromAddr64, GetLastError: 'Attempt to access invalid address.' (Address: 00007FFC763A6809)
ERROR: SymGetModuleInfo64, GetLastError: 'Not enough memory resources are available to process this command.' (Address: 00007FFC763A6809)
0x00007FFC763A6809 ((<unknown>)) (function-name not available)
ERROR: SymGetSymFromAddr64, GetLastError: 'Attempt to access invalid address.' (Address: 00007FFC8A717034)
ERROR: SymGetModuleInfo64, GetLastError: 'Not enough memory resources are available to process this command.' (Address: 00007FFC8A717034)
0x00007FFC8A717034 ((<unknown>)) (function-name not available)
ERROR: SymGetSymFromAddr64, GetLastError: 'Attempt to access invalid address.' (Address: 00007FFC8B462651)
ERROR: SymGetModuleInfo64, GetLastError: 'Not enough memory resources are available to process this command.' (Address: 00007FFC8B462651)
0x00007FFC8B462651 ((<unknown>)) (function-name not available)


Call Stack for Thread 3352:
Exception encountered during stack walk.


Call Stack for Thread 5148:
Exception encountered during stack walk.


Call Stack for Thread 3416:
Exception encountered during stack walk.


Call Stack for Thread 4516:
Exception encountered during stack walk.


Call Stack for Thread 7592:
Exception encountered during stack walk.


Call Stack for Thread 10792:
Exception encountered during stack walk.


Call Stack for Thread 9692:
Exception encountered during stack walk.


Call Stack for Thread 12532:
Exception encountered during stack walk.


Call Stack for Thread 9280:
Exception encountered during stack walk.


Call Stack for Thread 472:
Exception encountered during stack walk.


Call Stack for Thread 12280:
Exception encountered during stack walk.


Call Stack for Thread 4460:
Exception encountered during stack walk.


Call Stack for Thread 7652:
Exception encountered during stack walk.


Call Stack for Thread 11608:
Exception encountered during stack walk.


Call Stack for Thread 12664:
Exception encountered during stack walk.


Call Stack for Thread 2072:
Exception encountered during stack walk.


Call Stack for Thread 10868:
Exception encountered during stack walk.


Call Stack for Thread 6840:
Exception encountered during stack walk.


Call Stack for Thread 12624:
Exception encountered during stack walk.


Call Stack for Thread 8892:
Exception encountered during stack walk.


Call Stack for Thread 10368:
Exception encountered during stack walk.


Call Stack for Thread 12424:
Exception encountered during stack walk.


Call Stack for Thread 8800:
Exception encountered during stack walk.


Call Stack for Thread 8232:
Exception encountered during stack walk.


Call Stack for Thread 8280:
Exception encountered during stack walk.


Call Stack for Thread 8260:
Exception encountered during stack walk.


Call Stack for Thread 12524:
Exception encountered during stack walk.


Call Stack for Thread 12440:
Exception encountered during stack walk.


Call Stack for Thread 408:
Exception encountered during stack walk.


Call Stack for Thread 10896:
Exception encountered during stack walk.


Call Stack for Thread 13284:
Exception encountered during stack walk.


Call Stack for Thread 13240:
Exception encountered during stack walk.


Call Stack for Thread 11992:
Exception encountered during stack walk.


Call Stack for Thread 9676:
Exception encountered during stack walk.




Stack Memory [0x000000674FE3DC40-0x000000674FE40000]:
0x4fe3dc40: 01001000 00000000 01080000 00000000 ................
0x4fe3dc50: 01000058 00000000 01080000 00000000 X...............
0x4fe3dc60: 10001000 00000195 49111f0e 00007ffc ...........I....
0x4fe3dc70: 00401000 00000000 4a354300 00007ffc ..@......C5J....
0x4fe3dc80: 00000000 00000000 000b60f2 00000000 .........`......
0x4fe3dc90: 00000000 00000000 000b60f2 00000000 .........`......
0x4fe3dca0: 00000000 00000000 493c1533 00007ffc ........3.<I....
0x4fe3dcb0: 4a3544c0 00007ffc 4911532f 00007ffc .D5J..../S.I....
0x4fe3dcc0: a0b1a210 00000192 4997820d 00007ffc ...........I....
0x4fe3dcd0: a53b4d28 00000192 493c0c62 00007ffc (M;.....b.<I....
0x4fe3dce0: 00000010 00000000 a53b4d60 00000192 ........`M;.....
0x4fe3dcf0: 01000058 00000000 4a354300 00007ffc X........C5J....
0x4fe3dd00: 4a3544c0 00007ffc 491152aa 00007ffc .D5J.....R.I....
0x4fe3dd10: 00000000 00000000 01000058 00000000 ........X.......
0x4fe3dd20: 00000010 00000000 4911660e 00007ffc .........f.I....
0x4fe3dd30: 01000058 00000000 491119bc 00007ffc X..........I....
0x4fe3dd40: 4a343260 00007ffc 0000001c 00000000 `24J............
0x4fe3dd50: 01000058 00000000 4911660e 00007ffc X........f.I....
0x4fe3dd60: 4a343260 00007ffc 49fbc004 00007ffc `24J.......I....
0x4fe3dd70: a53b4d60 00000192 49111d10 00007ffc `M;........I....
0x4fe3dd80: 001b15e0 00000192 00000000 00000000 ................
0x4fe3dd90: a4f5f950 00000192 001b1590 00000192 P...............
0x4fe3dda0: 0000001c 00000000 49111285 00007ffc ...........I....
0x4fe3ddb0: 01000058 00000000 01000058 00000000 X.......X.......
0x4fe3ddc0: a53b4d60 00000192 49fbc004 00007ffc `M;........I....
0x4fe3ddd0: 00000000 00000000 49fbc004 00007ffc ...........I....
0x4fe3dde0: 00000010 00000000 00000000 00000000 ................
0x4fe3ddf0: a0b44760 00000192 49238d08 00007ffc `G........#I....
0x4fe3de00: 001b1590 00000192 00000000 00000000 ................
0x4fe3de10: 00000000 00000000 00000000 00000000 ................
0x4fe3de20: 000000be 00000192 101565a0 00000195 .........e......
0x4fe3de30: 0022a990 00000192 a0b40d50 00000192 ..".....P.......
0x4fe3de40: 00000000 00000000 49238b04 00007ffc ..........#I....
0x4fe3de50: 00000000 00000000 00000000 00000000 ................
0x4fe3de60: 001b1590 00000192 4fe3df20 00000067 ........ ..Og...
0x4fe3de70: 00000000 00000000 00000000 00000000 ................
0x4fe3de80: 00000002 00000000 4909892d 00007ffc ........-..I....
0x4fe3de90: c00002c0 00000192 00000034 00000000 ........4.......
0x4fe3dea0: 00000034 00000000 00000000 00000000 4...............
0x4fe3deb0: 00000000 00000000 00001000 00000000 ................
0x4fe3dec0: 4fe3e0d0 00000067 00000001 00000000 ...Og...........
0x4fe3ded0: 07b8cbe0 00000192 00000000 00000000 ................
0x4fe3dee0: 00000001 00000000 00000000 00000000 ................
0x4fe3def0: 00000000 00000000 00000000 00000000 ................
0x4fe3df00: 00000000 00000000 00000000 00000000 ................
0x4fe3df10: 00000000 00000000 00000000 00000000 ................
0x4fe3df20: 00000001 00000011 943fd3b0 00000195 ..........?.....
0x4fe3df30: 00000004 00000001 00000001 00000000 ................
0x4fe3df40: 00000000 00000000 00000000 00000000 ................
0x4fe3df50: 00000000 00000000 00000000 00000000 ................
0x4fe3df60: 00000000 00000000 00000000 00000000 ................
0x4fe3df70: 00000000 00000000 00000000 00000000 ................
0x4fe3df80: 00000000 00000000 00000000 00000000 ................
0x4fe3df90: 00000000 00000000 00000000 00000000 ................
0x4fe3dfa0: 00000000 00000000 00000000 00000000 ................
0x4fe3dfb0: 00000000 00000000 00000000 00000000 ................
0x4fe3dfc0: 00002421 00000002 00000040 00000004 !$......@.......
0x4fe3dfd0: 00000000 00000000 00000000 00000000 ................
0x4fe3dfe0: 00000000 00000000 00000000 00000000 ................
0x4fe3dff0: 00000000 00000000 00000000 00000000 ................
0x4fe3e000: 00000014 00000002 00000004 00000000 ................
0x4fe3e010: 00000002 00000000 00000000 00000000 ................
0x4fe3e020: 00000000 00000000 00000000 00000000 ................
0x4fe3e030: 00000000 00000000 00000000 00000000 ................
0x4fe3e040: 00000000 00000000 00000000 00000000 ................
0x4fe3e050: 00000000 00000000 00000000 00000000 ................
0x4fe3e060: 00000000 00000000 00000000 00000000 ................
0x4fe3e070: 00000000 00000000 00000000 00000000 ................
0x4fe3e080: 00000000 00000000 00000000 00000000 ................
0x4fe3e090: 00000000 00000000 00000000 00000000 ................
0x4fe3e0a0: a5117c40 00000192 00000004 00000001 @|..............
0x4fe3e0b0: 00000004 00000101 00000000 00000000 ................
0x4fe3e0c0: 00000000 00000000 00000000 00000192 ................
0x4fe3e0d0: ec225ce0 00000195 00000000 00000000 .\".............
0x4fe3e0e0: 00000000 00000000 00000000 00000000 ................
0x4fe3e0f0: 00000000 00000000 00000000 00000000 ................
0x4fe3e100: 00000000 00000000 00000000 00000000 ................
0x4fe3e110: 00000000 00000000 00000000 00000000 ................
0x4fe3e120: 00000000 00000000 00000000 00000000 ................
0x4fe3e130: 00000000 00000000 00000000 00000000 ................
0x4fe3e140: 00000000 00000000 00000000 00000000 ................
0x4fe3e150: 00000000 00000000 00000000 00000000 ................
0x4fe3e160: 00000000 00000000 00000000 00000000 ................
0x4fe3e170: 00000000 00000000 00000000 00000000 ................
0x4fe3e180: 00000000 00000000 00000000 00000000 ................
0x4fe3e190: 00000000 00000000 00000000 00000000 ................
0x4fe3e1a0: 00000000 00000000 00000000 00000000 ................
0x4fe3e1b0: 00000000 00000000 00000000 00000000 ................
0x4fe3e1c0: 00000000 00000000 00000000 00000000 ................
0x4fe3e1d0: 00000000 00000000 00000000 00000000 ................
0x4fe3e1e0: 00000000 00000000 00000000 00000000 ................
0x4fe3e1f0: 00000000 00000000 00000000 00000000 ................
0x4fe3e200: a05d62c0 00000192 0000001c 00000000 .b].............
0x4fe3e210: 00000000 00000000 0000001c 00000000 ................
0x4fe3e220: 00000048 00000000 00000000 00000000 H...............
0x4fe3e230: 00000000 00000000 00000000 00000000 ................
0x4fe3e240: 00000000 00000000 00000000 00000000 ................
0x4fe3e250: 00000000 00000000 00000000 00000000 ................
0x4fe3e260: 00000000 00000000 00000000 00000000 ................
0x4fe3e270: 00000000 00000000 00000000 00000000 ................
0x4fe3e280: 00000000 00000000 00000000 00000000 ................
0x4fe3e290: 00000000 00000000 00000000 00000000 ................
0x4fe3e2a0: 00000000 00000000 00000000 00000000 ................
0x4fe3e2b0: 8000000c 00000000 499468a0 00007ffc .........h.I....
0x4fe3e2c0: 490ff5e0 00007ffc 00000000 00000000 ...I............
0x4fe3e2d0: 8034dc20 00000191 00000002 00007ffc  .4.............
0x4fe3e2e0: d0f4e740 00000195 ccbd2001 00000001 @........ ......
0x4fe3e2f0: 00000000 00000000 00000000 00000000 ................
0x4fe3e300: 00000000 00000000 49111a00 00000000 ...........I....
0x4fe3e310: 00000000 00000000 00000000 00000000 ................
0x4fe3e320: 00000000 00000000 00000000 00000000 ................
0x4fe3e330: 00000000 00000008 00000000 00000008 ................
0x4fe3e340: 00000000 00000008 00000000 00000004 ................
0x4fe3e350: 00000000 00000008 00000000 00000004 ................
0x4fe3e360: 00000000 00000040 00000000 00000040 ....@.......@...
0x4fe3e370: 00000000 00000040 00000000 00000000 ....@...........
0x4fe3e380: 00000000 00000004 00000000 00000004 ................
0x4fe3e390: 00000000 00000040 00000000 00000000 ....@...........
0x4fe3e3a0: 00000000 00000000 00000000 00000000 ................
0x4fe3e3b0: 00000000 00000000 00000000 00000000 ................
0x4fe3e3c0: 00000000 00000004 00000000 00000010 ................
0x4fe3e3d0: 00000000 00000010 00000000 00000000 ................
0x4fe3e3e0: 00000000 00000000 00000000 00000000 ................
0x4fe3e3f0: 00000000 00000000 00000000 00000004 ................
0x4fe3e400: 00000000 00000028 00000000 00000008 ....(...........
0x4fe3e410: 00000000 000000f8 00000000 00000008 ................
0x4fe3e420: 00000000 00000000 00000000 00000070 ............p...
0x4fe3e430: 00000000 00000004 00000000 000000a4 ................
0x4fe3e440: 00000000 00000000 00000000 00000000 ................
0x4fe3e450: 00000000 00000000 00000000 00000000 ................
0x4fe3e460: c00ab810 00000191 c001ad10 00000191 ................
0x4fe3e470: 00000000 00000010 00000000 00000000 ................
0x4fe3e480: 00000000 00000000 00000000 00000000 ................
0x4fe3e490: 00000000 00000000 00000000 00000000 ................
0x4fe3e4a0: 00000000 00000000 00000000 00000000 ................
0x4fe3e4b0: 00000000 00000000 00000000 00000000 ................
0x4fe3e4c0: 00000000 00000000 00000000 00000000 ................
0x4fe3e4d0: 00000000 00000000 00000000 00000010 ................
0x4fe3e4e0: 00000000 00001980 00000000 00000070 ............p...
0x4fe3e4f0: 00000000 00000000 00000000 00000000 ................
0x4fe3e500: 00000000 00000000 00000000 00000000 ................
0x4fe3e510: 00000000 00000000 00000000 00000008 ................
0x4fe3e520: 00000000 00000000 00000000 00000000 ................
0x4fe3e530: 00000000 00000000 00000000 00000000 ................
0x4fe3e540: 00000000 00000000 00000000 00000008 ................
0x4fe3e550: 00000000 00000004 00000000 00000008 ................
0x4fe3e560: 00000000 00000004 00000000 00000008 ................
0x4fe3e570: 00000000 00000004 00000000 00000000 ................
0x4fe3e580: 00000000 00000004 00000000 00000000 ................
0x4fe3e590: 00000000 00000008 00000000 00000004 ................
0x4fe3e5a0: 00000000 00000000 00000000 00000004 ................
0x4fe3e5b0: 00000000 00000000 00000000 00000004 ................
0x4fe3e5c0: 00000000 00000000 00000000 00000000 ................
0x4fe3e5d0: 00000000 00000000 00000000 00000000 ................
0x4fe3e5e0: 00000000 00000000 00000000 00000000 ................
0x4fe3e5f0: 00000000 00000000 00000000 00000000 ................
0x4fe3e600: 00000000 00000000 00000000 00000000 ................
0x4fe3e610: 00000000 00000000 00000000 00000008 ................
0x4fe3e620: 00000000 00000000 00000000 00000000 ................
0x4fe3e630: 00000000 00000000 00000000 00000000 ................
0x4fe3e640: 00000000 00000000 00000000 00000000 ................
0x4fe3e650: 00000000 00000000 00000000 00000000 ................
0x4fe3e660: 00000000 00000000 00000000 00000070 ............p...
0x4fe3e670: 00000000 00000000 00000000 00000000 ................
0x4fe3e680: 00000000 00000000 00000000 00000000 ................
0x4fe3e690: 00000000 00000000 00000000 00000000 ................
0x4fe3e6a0: 00000000 00000000 00000000 00000000 ................
0x4fe3e6b0: 00000000 00000000 00000000 00000000 ................
0x4fe3e6c0: 00000000 00000000 00000000 00000000 ................
0x4fe3e6d0: 00000000 00000000 00000000 00000000 ................
0x4fe3e6e0: 00000000 00000000 00000000 00000000 ................
0x4fe3e6f0: 00000000 00000000 00000000 00000000 ................
0x4fe3e700: 00000000 00000000 00000000 00000000 ................
0x4fe3e710: 00000000 00000000 00000000 00000000 ................
0x4fe3e720: 00000000 00000000 00000000 00000000 ................
0x4fe3e730: 00000000 00000000 00000000 00000000 ................
0x4fe3e740: 00000000 00000000 00000000 0000000c ................
0x4fe3e750: 00000000 0000000c 00000000 00000000 ................
0x4fe3e760: 00000000 00000000 00000000 00000010 ................
0x4fe3e770: 00000000 00000008 00000000 00000000 ................
0x4fe3e780: 00000000 00000000 00000000 00000000 ................
0x4fe3e790: 00000000 00000000 00000000 00000000 ................
0x4fe3e7a0: 00000000 00000000 00000000 00000000 ................
0x4fe3e7b0: 00000000 00000000 00000000 00000004 ................
0x4fe3e7c0: 00000000 00000004 00000000 00000000 ................
0x4fe3e7d0: 00000000 00000000 00000000 00000000 ................
0x4fe3e7e0: 00000000 00000000 00000000 00000000 ................
0x4fe3e7f0: 00000000 00000000 00000000 00000000 ................
0x4fe3e800: 00000000 00000000 00000000 00000000 ................
0x4fe3e810: 00000000 00000000 00000000 00000000 ................
0x4fe3e820: 00000000 00000000 00000000 00000000 ................
0x4fe3e830: 00000000 00000000 00000000 00000000 ................
0x4fe3e840: 00000000 00000000 00000000 00000000 ................
0x4fe3e850: 00000000 00000000 00000000 00000000 ................
0x4fe3e860: 00000000 00000000 00000000 00000000 ................
0x4fe3e870: 00000000 00000000 00000000 00000000 ................
0x4fe3e880: 00000000 00000000 00000000 00000000 ................
0x4fe3e890: 00000000 00000000 00000000 00000000 ................
0x4fe3e8a0: 00000000 00000000 00000000 00000000 ................
0x4fe3e8b0: 00000000 00000000 00000000 00000000 ................
0x4fe3e8c0: 00000000 00000000 00000000 00000000 ................
0x4fe3e8d0: 00000000 00000000 1c00001c 00000000 ................
0x4fe3e8e0: 00000000 00000000 00000000 00000000 ................
0x4fe3e8f0: 00000000 00000000 00000000 00000000 ................
0x4fe3e900: 00000a3c 00000000 07e31f50 00000193 <.......P.......
0x4fe3e910: 00000a3c 00000000 00000a3c 00000000 <.......<.......
0x4fe3e920: 00000a3c 00000000 35350000 00000191 <.........55....
0x4fe3e930: d81f0000 00000192 8b42e2a9 00007ffc ..........B.....
0x4fe3e940: 35359e70 00000191 00000000 00000000 p.55............
0x4fe3e950: 35350001 00000191 000003ff 00007ffc ..55............
0x4fe3e960: 00000a3c 00000000 d838ac10 00000192 <.........8.....
0x4fe3e970: 00000a3c 00000000 8b42ead2 00007ffc <.........B.....
0x4fe3e980: d838ac00 00000192 d81f0000 00000192 ..8.............
0x4fe3e990: 35350000 00000191 d838ac00 00000192 ..55......8.....
0x4fe3e9a0: 000003ff 00000191 00000a3c 00000000 ........<.......
0x4fe3e9b0: d81f0000 00000192 05010004 00000192 ................
0x4fe3e9c0: 35359e70 00000191 00008010 00000000 p.55............
0x4fe3e9d0: 00000801 00000000 35350150 00000191 ........P.55....
0x4fe3e9e0: d838ac00 00000192 8b41e3a9 00007ffc ..8.......A.....
0x4fe3e9f0: 35350000 00000191 4fe3ea40 00000067 ..55....@..Og...
0x4fe3ea00: 00000000 00000000 00000000 00000000 ................
0x4fe3ea10: 00000000 00000000 00000000 00000000 ................
0x4fe3ea20: 00000000 00000000 00000000 00000000 ................
0x4fe3ea30: 00000000 00000000 00000000 00000000 ................
0x4fe3ea40: 35359e70 00000191 35350150 00000191 p.55....P.55....
0x4fe3ea50: 00000801 00000000 3d00013c 00000000 ........<..=....
0x4fe3ea60: 000003ff 00000000 35350000 00000191 ..........55....
0x4fe3ea70: 35350150 00000191 8b43dc91 00007ffc P.55......C.....
0x4fe3ea80: 35350000 00000191 4fe3ed79 00000067 ..55....y..Og...
0x4fe3ea90: d8330fd0 00000192 35350150 00000191 ..3.....P.55....
0x4fe3eaa0: 000003ff 00000000 00000a3c 00000000 ........<.......
0x4fe3eab0: 00000000 00000000 0000023b 00000000 ........;.......
0x4fe3eac0: 00000000 00000000 d838ac10 00000192 ..........8.....
0x4fe3ead0: 00000000 00000000 00000001 00000000 ................
0x4fe3eae0: d838ac00 00000192 00000000 00000000 ..8.............
0x4fe3eaf0: 00000000 00000000 00000000 00000000 ................
0x4fe3eb00: 35350150 00000191 00000000 00000000 P.55............
0x4fe3eb10: 000001bb 00000000 00000000 00000000 ................
0x4fe3eb20: d838ac00 00000192 00000000 00000000 ..8.............
0x4fe3eb30: 0000023b 00000000 00000000 00000000 ;...............
0x4fe3eb40: 00000000 00000000 00000000 00000000 ................
0x4fe3eb50: 00000000 00000000 000003ff 00000000 ................
0x4fe3eb60: 00000000 00000000 0000023b 00000000 ........;.......
0x4fe3eb70: 00000000 00000000 35350150 00000191 ........P.55....
0x4fe3eb80: 00000000 00000000 00000000 00000000 ................
0x4fe3eb90: 000003ff 00000000 00000000 00000000 ................
0x4fe3eba0: 00000000 00000000 0000023b 00000000 ........;.......
0x4fe3ebb0: 00000000 00000000 00000000 00000000 ................
0x4fe3ebc0: 00000000 00000000 00000000 00000000 ................
0x4fe3ebd0: 00000000 00000000 00000000 00000000 ................
0x4fe3ebe0: 00000000 00000000 00008010 00000000 ................
0x4fe3ebf0: 00000000 00000000 00000000 00000000 ................
0x4fe3ec00: 00000000 00000000 0000001b 00000000 ................
0x4fe3ec10: 00000000 00000000 3d00013c 00000000 ........<..=....
0x4fe3ec20: 00000000 00000000 00000000 00000000 ................
0x4fe3ec30: 00000000 00000000 00000000 00000000 ................
0x4fe3ec40: 00000000 00000000 00000000 00000000 ................
0x4fe3ec50: 00000000 00000000 1c00001c 00000000 ................
0x4fe3ec60: 00000000 00000000 00000000 00000000 ................
0x4fe3ec70: 00000000 00000000 00000000 00000000 ................
0x4fe3ec80: 00000000 00000000 00000000 00000000 ................
0x4fe3ec90: 00800001 00000000 00000000 00000000 ................
0x4fe3eca0: 00008010 00000000 00008000 00000000 ................
0x4fe3ecb0: 00000001 00000000 35350000 00000191 ..........55....
0x4fe3ecc0: 00000801 00000000 8b43b44d 00007ffc ........M.C.....
0x4fe3ecd0: 00000000 00000018 00000000 00000008 ................
0x4fe3ece0: 00008000 00000000 00000000 00000020 ............ ...
0x4fe3ecf0: 00000000 00000000 4fe3ed04 00000067 ...........Og...
0x4fe3ed00: 00000000 00000003 00000000 00000058 ............X...
0x4fe3ed10: 00000000 00000008 00000000 00000000 ................
0x4fe3ed20: 00000000 00000000 00000000 00000000 ................
0x4fe3ed30: 00000000 00000008 00000000 00000000 ................
0x4fe3ed40: 00000000 00000000 00000000 00000000 ................
0x4fe3ed50: 00000000 00000000 00000000 00000000 ................
0x4fe3ed60: 00000000 00000000 00000000 00000000 ................
0x4fe3ed70: 00000000 00000000 00000000 00000000 ................
0x4fe3ed80: 00000000 00000000 00000000 00000000 ................
0x4fe3ed90: 00000000 00000000 00000000 00000000 ................
0x4fe3eda0: 0000040f 00000000 00000000 00000000 ................
0x4fe3edb0: 00000000 00000000 00000410 00000000 ................
0x4fe3edc0: 00008000 00000000 35350000 00000191 ..........55....
0x4fe3edd0: 00008000 00000000 8b42f47e 00007ffc ........~.B.....
0x4fe3ede0: d838ac10 00000192 8b41a46c 00007ffc ..8.....l.A.....
0x4fe3edf0: 00000000 00000008 8b578540 00007ffc ........@.W.....
0x4fe3ee00: 00000000 b4842200 00000000 00000000 ....."..........
0x4fe3ee10: 00000000 00000000 00000000 00000000 ................
0x4fe3ee20: 00000000 b4842200 8b43b90b 00007ffc ....."....C.....
0x4fe3ee30: 00130004 00000000 000000f4 00000000 ................
0x4fe3ee40: 97d7d8c0 00000192 352e0000 00000191 ...........5....
0x4fe3ee50: 00000000 00000000 8b430b31 00007ffc ........1.C.....
0x4fe3ee60: 00000000 00000000 00207b30 00207b34 ........0{ .4{ .
0x4fe3ee70: 00000041 00000000 00000000 0000001c A...............
0x4fe3ee80: 00000000 00000004 352e0000 00000191 ...........5....
0x4fe3ee90: 00000000 00000004 8b43b86b 00007ffc ........k.C.....
0x4fe3eea0: 00180009 00000000 8b43b90b 00007ffc ..........C.....
0x4fe3eeb0: 0015001b 00000000 000000fd 00000000 ................
0x4fe3eec0: d833c7c0 00000192 00000080 00000000 ..3.............
0x4fe3eed0: 00000000 00000191 8b43b90b 00007ffc ..........C.....
0x4fe3eee0: 00000000 00000000 352e1ec0 00000191 ...........5....
0x4fe3eef0: 00000000 00000004 352e0000 00000191 ...........5....
0x4fe3ef00: 352e03a4 00000191 352e0cc0 00000191 ...5.......5....
0x4fe3ef10: 00000410 00000000 352e0cc0 00000191 ...........5....
0x4fe3ef20: c00ab810 00000191 00000000 00000000 ................
0x4fe3ef30: 00000000 00000000 00000000 00000000 ................
0x4fe3ef40: 00000000 00000000 00000000 00000000 ................
0x4fe3ef50: 00000000 00000000 00000000 00000000 ................
0x4fe3ef60: c001ad10 00000191 00000001 00000000 ................
0x4fe3ef70: ffffffff 00000000 00000000 00000000 ................
0x4fe3ef80: 00000000 00000000 00000000 00000000 ................
0x4fe3ef90: 00000000 00000000 49111a00 00000000 ...........I....
0x4fe3efa0: 00000000 00000000 00000000 00000000 ................
0x4fe3efb0: d0f4e740 00000195 ccbd2001 00000001 @........ ......
0x4fe3efc0: 00000000 00000000 00000000 00000000 ................
0x4fe3efd0: 00000000 00000000 a00f4100 00000192 .........A......
0x4fe3efe0: a00f0620 00000192 00000000 00000000  ...............
0x4fe3eff0: 00000000 00000000 00000000 00000000 ................
0x4fe3f000: 00000000 00000000 00000000 00000000 ................
0x4fe3f010: 022960f0 00000192 022ca9b0 00000192 .`).......,.....
0x4fe3f020: 00000000 00000000 00000000 00000000 ................
0x4fe3f030: 00000000 00000000 00000000 00000000 ................
0x4fe3f040: 00000000 00000000 00000400 00000000 ................
0x4fe3f050: 4fe3f490 00000067 00000001 00000000 ...Og...........
0x4fe3f060: 4fe3f0e0 00000067 72f2a70e 00007ffc ...Og......r....
0x4fe3f070: 4fe3f0c0 00000067 4bdd7319 00007ffc ...Og....s.K....
0x4fe3f080: 4fe3f0c0 00000067 00000000 00000000 ...Og...........
0x4fe3f090: d838dd20 00000192 72f2a843 00007ffc  .8.....C..r....
0x4fe3f0a0: 00000057 00000000 8b4607b0 00007ffc W.........F.....
0x4fe3f0b0: 4fe3f490 00000067 4fe3f0c0 00000067 ...Og......Og...
0x4fe3f0c0: 00000004 00000004 d838dd20 00000192 ........ .8.....
0x4fe3f0d0: 72f55ad0 00007ffc 4fe3f0c8 00000067 .Z.r.......Og...
0x4fe3f0e0: 00000000 00000000 806080e4 00000192 ..........`.....
0x4fe3f0f0: 806081a8 00000192 00000000 00000000 ..`.............
0x4fe3f100: 00000000 00000000 00000000 00000000 ................
0x4fe3f110: 00000000 00000000 00000005 00000067 ............g...
0x4fe3f120: 00000002 00000000 72f3820d 00007ffc ...........r....
0x4fe3f130: 7ffe0385 00000000 00000000 00000000 ................
0x4fe3f140: 00000005 00000000 00000005 00007ffc ................
0x4fe3f150: 7ffe0384 00000000 72f31e8a 00007ffc ...........r....
0x4fe3f160: 7ffe0385 00000000 00000002 00000000 ................
0x4fe3f170: 00000001 00000000 8b429877 00007ffc ........w.B.....
0x4fe3f180: 00000000 00000000 72f31a3d 00007ffc ........=..r....
0x4fe3f190: 7ffe0384 00000000 8b429a26 00007ffc ........&.B.....
0x4fe3f1a0: 7ffe0385 00000000 8b429993 00007ffc ..........B.....
0x4fe3f1b0: 00000002 00000000 72f31c9d 00007ffc ...........r....
0x4fe3f1c0: 00000001 00000000 00000000 00000000 ................
0x4fe3f1d0: 00000000 00000000 00000002 00000000 ................
0x4fe3f1e0: 4d8a2000 00000067 0b9a0db3 00007ffc . .Mg...........
0x4fe3f1f0: 00000001 00000000 0cdda060 00007ffc ........`.......
0x4fe3f200: 72f10000 00007ffc 7ffe0384 00000000 ...r............
0x4fe3f210: 00000002 00000000 8b429a26 00007ffc ........&.B.....
0x4fe3f220: 72f10000 00007ffc 00000002 00000000 ...r............
0x4fe3f230: 00000000 00000000 7ffe0385 00000000 ................
0x4fe3f240: 00000015 00000000 8b44e683 00007ffc ..........D.....
0x4fe3f250: 72f31d60 00007ffc 8b46d964 00007ffc `..r....d.F.....
0x4fe3f260: 00000000 00000000 4d847000 00000067 .........p.Mg...
0x4fe3f270: 8b57a4d0 00007ffc 4d847000 00000067 ..W......p.Mg...
0x4fe3f280: 72f31d60 00007ffc 8b427955 00007ffc `..r....UyB.....
0x4fe3f290: 8b57a4d0 00007ffc 4d847000 00000067 ..W......p.Mg...
0x4fe3f2a0: 00000010 00000067 72f31d60 00007ffc ....g...`..r....
0x4fe3f2b0: d82e04f0 00000192 72f31d60 00007ffc ........`..r....
0x4fe3f2c0: 00000048 00000000 00000001 00000000 H...............
0x4fe3f2d0: 00000000 00000000 00000000 00000000 ................
0x4fe3f2e0: 00000070 00000000 ffffffff ffffffff p...............
0x4fe3f2f0: ffffffff ffffffff 8b427877 00007ffc ........wxB.....
0x4fe3f300: 8b4278aa 00007ffc 00000000 00000000 .xB.............
0x4fe3f310: 00000000 00000000 00000000 00000000 ................
0x4fe3f320: 49fdc750 00007ffc 00000001 00000001 P..I............
0x4fe3f330: 00000000 00000000 00000007 00000007 ................
0x4fe3f340: 00000008 00000008 00000008 00000000 ................
0x4fe3f350: 80607ae4 00000192 00000001 00000000 .z`.............
0x4fe3f360: 00000008 00000000 00000011 00000000 ................
0x4fe3f370: 80607b04 00000192 00000001 00000000 .{`.............
0x4fe3f380: 00000008 00000000 00000011 00000000 ................
0x4fe3f390: 80607b24 00000192 00000001 00000000 ${`.............
0x4fe3f3a0: 00000094 00000000 00000129 00000000 ........).......
0x4fe3f3b0: 00000000 00000000 00000001 00000000 ................
0x4fe3f3c0: 00000000 00000000 00000000 00000000 ................
0x4fe3f3d0: 00000000 00000000 00000000 00000000 ................
0x4fe3f3e0: 00000000 00000000 00000000 00000000 ................
0x4fe3f3f0: 4fe3f490 00000067 00000000 00000000 ...Og...........
0x4fe3f400: 8b410000 00007ffc 8b484b73 00007ffc ..A.....sKH.....
0x4fe3f410: 00000000 00000000 8b410000 00007ffc ..........A.....
0x4fe3f420: 00000000 00000000 4d8a2000 00000067 ......... .Mg...
0x4fe3f430: 00000000 00000000 8b484b28 00007ffc ........(KH.....
0x4fe3f440: 4fe3f490 00000067 00000000 00000000 ...Og...........
0x4fe3f450: 00000000 00000000 00000000 00000000 ................
0x4fe3f460: 00000000 00000000 00000000 00000000 ................
0x4fe3f470: 00000000 00000000 00000000 00000000 ................
0x4fe3f480: 00000000 00000000 00000000 00000000 ................
0x4fe3f490: 00000000 00000000 00000000 00000000 ................
0x4fe3f4a0: 00000000 00000000 00000000 00000000 ................
0x4fe3f4b0: 00000000 00000000 00000000 00000000 ................
0x4fe3f4c0: 00000000 00000000 00000000 00000000 ................
0x4fe3f4d0: 00000000 00000000 00000000 00000000 ................
0x4fe3f4e0: 00000000 00000000 00000000 00000000 ................
0x4fe3f4f0: 00000000 00000000 00000000 00000000 ................
0x4fe3f500: 00000000 00000000 00000000 00000000 ................
0x4fe3f510: 00000000 00000000 00000000 00000000 ................
0x4fe3f520: 00000000 00000000 00000000 00000000 ................
0x4fe3f530: 00000000 00000000 00000000 00000000 ................
0x4fe3f540: 00000000 00000000 00000000 00000000 ................
0x4fe3f550: 00000000 00000000 00000000 00000000 ................
0x4fe3f560: 00000000 00000000 00000000 00000000 ................
0x4fe3f570: 00000000 00000000 8905d69b 00007ffc ................
0x4fe3f580: 00000000 00000000 8b462630 00007ffc ........0&F.....
0x4fe3f590: 0000027f 00000000 00000000 00000000 ................
0x4fe3f5a0: 00000000 00000000 00001f80 0000ffff ................
0x4fe3f5b0: 74651260 00007ff6 00000000 00000000 `.et............
0x4fe3f5c0: 00100000 00000000 00001000 00000000 ................
0x4fe3f5d0: 00000002 00060000 00000006 81600022 ............".`.
0x4fe3f5e0: 04018664 00000000 0009ee00 00000000 d...............
0x4fe3f5f0: 00000040 00000000 8905d548 00007ffc @.......H.......
0x4fe3f600: 4fe3f6c0 00000067 00000000 00000000 ...Og...........
0x4fe3f610: 00000000 00000000 00000000 00000000 ................
0x4fe3f620: 00060009 00089e0a bd9bbfff 00000000 ................
0x4fe3f630: 00000000 00000000 00000000 00000000 ................
0x4fe3f640: 00000020 00000000 4911632c 00007ffc  .......,c.I....
0x4fe3f650: c009d170 00000191 4a353fc0 00007ffc p........?5J....
0x4fe3f660: 00000000 00000000 00000000 00000000 ................
0x4fe3f670: 00000030 00000000 4911632c 00007ffc 0.......,c.I....
0x4fe3f680: c00a6d40 00000191 4a353fc0 00007ffc @m.......?5J....
0x4fe3f690: 4a353fc0 00007ffc 00000000 00000000 .?5J............
0x4fe3f6a0: 4a343260 00007ffc 491154ab 00007ffc `24J.....T.I....
0x4fe3f6b0: c00a6d40 00000191 c0400100 00000191 @m........@.....
0x4fe3f6c0: 4a343260 00007ffc 4911524b 00007ffc `24J....KR.I....
0x4fe3f6d0: 00000010 00000000 00000000 00000000 ................
0x4fe3f6e0: 00000001 00000000 00000000 00000000 ................
0x4fe3f6f0: 4a343260 00007ffc 4911524b 00007ffc `24J....KR.I....
0x4fe3f700: 4a3544c0 00007ffc 00000030 00000000 .D5J....0.......
0x4fe3f710: 00000010 00000000 00000000 00000000 ................
0x4fe3f720: c009d150 00000191 0000123f 00000000 P.......?.......
0x4fe3f730: c009d150 00000191 0000123f 00000000 P.......?.......
0x4fe3f740: 00000000 00000000 00000000 00000000 ................
0x4fe3f750: c0400080 00000191 491165a6 00007ffc ..@......e.I....
0x4fe3f760: 00000020 00000000 00000020 00000000  ....... .......
0x4fe3f770: c009d170 00000191 00000000 00000000 p...............
0x4fe3f780: 00000014 00000000 00000017 00000000 ................
0x4fe3f790: 4a343260 00007ffc c00861d0 00000191 `24J.....a......
0x4fe3f7a0: c009d1b0 00000191 49111d10 00007ffc ...........I....
0x4fe3f7b0: 00000000 00000000 0000000c 00000000 ................
0x4fe3f7c0: 00000000 00007ffc 4a039698 00007ffc ...........J....
0x4fe3f7d0: 00000000 00000000 491115ca 00007ffc ...........I....
0x4fe3f7e0: 00000000 00000000 00000000 00000000 ................
0x4fe3f7f0: 00000000 00000000 00000000 00000000 ................
0x4fe3f800: 4908e38b 00007ffc 00000000 00000000 ...I............
0x4fe3f810: 00000000 00000000 00000000 00000000 ................
0x4fe3f820: 00000000 00000000 00000034 00000000 ........4.......
0x4fe3f830: 00000000 00000000 c00002c0 00000192 ................
0x4fe3f840: 0022a990 00000192 4909970d 00007ffc .."........I....
0x4fe3f850: 0022a990 00000192 00207b30 00207b34 ..".....0{ .4{ .
0x4fe3f860: cf6ff030 00000192 000027f1 00000000 0.o......'......
0x4fe3f870: 00000000 00000000 490997e8 00007ffc ...........I....
0x4fe3f880: 0022a990 00000192 00000000 00000000 ..".............
0x4fe3f890: 00000000 00000000 00000000 00000000 ................
0x4fe3f8a0: c00861d0 00000191 493bf978 00007ffc .a......x.;I....
0x4fe3f8b0: c00861d0 00000191 00000000 00000000 .a..............
0x4fe3f8c0: 00000000 00000000 00000000 00000000 ................
0x4fe3f8d0: 00000000 00000000 8a717034 00007ffc ........4pq.....
0x4fe3f8e0: 00000000 00000000 00000000 00000000 ................
0x4fe3f8f0: 00000000 00000000 00000000 00000000 ................
0x4fe3f900: 00000000 00000000 8b462651 00007ffc ........Q&F.....
0x4fe3f910: 00000000 00000000 00000000 00000000 ................
0x4fe3f920: 00000000 00000000 00000000 00000000 ................
0x4fe3f930: 00000000 00000000 00000000 00000000 ................
0x4fe3f940: 00000000 ab817a10 00000000 00000000 .....z..........
0x4fe3f950: 00000000 00000000 8913c060 00007ffc ........`.......
0x4fe3f960: 4fe3cd40 00000067 7ffc2292 ba700000 @..Og...."....p.
0x4fe3f970: 2292ba70 00007ffc 4fe3cd40 00000067 p.."....@..Og...
0x4fe3f980: 00000000 00000000 00000000 00000000 ................
0x4fe3f990: 00000000 00000000 00000000 00000000 ................
0x4fe3f9a0: 00000000 00000000 00000000 00000000 ................
0x4fe3f9b0: 00000000 00000000 00000000 00000000 ................
0x4fe3f9c0: 00000000 00000000 00000000 00000000 ................
0x4fe3f9d0: 00000000 00000000 00000000 00000000 ................
0x4fe3f9e0: 00000000 00000000 00000000 00000000 ................
0x4fe3f9f0: 00000000 00000000 00000000 00000000 ................
0x4fe3fa00: 00000000 00000000 00000000 00000000 ................
0x4fe3fa10: 00000000 00000000 00000000 00000000 ................
0x4fe3fa20: 00000000 00000000 00000000 00000000 ................
0x4fe3fa30: 00000000 00000000 00000000 00000000 ................
0x4fe3fa40: 00000000 00000000 00000000 00000000 ................
0x4fe3fa50: 00000000 00000000 00000000 00000000 ................
0x4fe3fa60: 00000000 00000000 00000000 00000000 ................
0x4fe3fa70: 00000000 00000000 00000000 00000000 ................
0x4fe3fa80: 00000000 00000000 00000000 00000000 ................
0x4fe3fa90: 00000000 00000000 00000000 00000000 ................
0x4fe3faa0: 00000000 00000000 00000000 00000000 ................
0x4fe3fab0: 00000000 00000000 00000000 00000000 ................
0x4fe3fac0: 00000000 00000000 00000000 00000000 ................
0x4fe3fad0: 00000000 00000000 00000000 00000000 ................
0x4fe3fae0: 00000000 00000000 00000000 00000000 ................
0x4fe3faf0: 00000000 00000000 00000000 00000000 ................
0x4fe3fb00: 00000000 00000000 00000000 00000000 ................
0x4fe3fb10: 00000000 00000000 00000000 00000000 ................
0x4fe3fb20: 00000000 00000000 00000000 00000000 ................
0x4fe3fb30: 00000000 00000000 00000000 00000000 ................
0x4fe3fb40: 00000000 00000000 00000000 00000000 ................
0x4fe3fb50: 00000000 00000000 00000000 00000000 ................
0x4fe3fb60: 00000000 00000000 00000000 00000000 ................
0x4fe3fb70: 00000000 00000000 00000000 00000000 ................
0x4fe3fb80: 00000000 00000000 00000000 00000000 ................
0x4fe3fb90: 00000000 00000000 00000000 00000000 ................
0x4fe3fba0: 00000000 00000000 00000000 00000000 ................
0x4fe3fbb0: 00000000 00000000 00000000 00000000 ................
0x4fe3fbc0: 00000000 00000000 00000000 00000000 ................
0x4fe3fbd0: 00000000 00000000 00000000 00000000 ................
0x4fe3fbe0: 00000000 00000000 00000000 00000000 ................
0x4fe3fbf0: 00000000 00000000 00000000 00000000 ................
0x4fe3fc00: 00000000 00000000 00000000 00000000 ................
0x4fe3fc10: 00000000 00000000 00000000 00000000 ................
0x4fe3fc20: 00000000 00000000 00000000 00000000 ................
0x4fe3fc30: 00000000 00000000 00000000 00000000 ................

Module 1
C:\WINDOWS\SYSTEM32\xinput1_2.DLL
Image Base: 0x00400000  Image Size: 0x00018000
File Size:  83736       File Time:  2006-07-28_093108
Version:
   Company:    =
   Product:    =
   FileDesc:   =
   FileVer:    0.0.0.0
   ProdVer:    0.0.0.0

Module 2
C:\WINDOWS\SYSTEM32\xinput1_1.DLL
Image Base: 0x00400000  Image Size: 0x00018000
File Size:  83664       File Time:  2006-03-31_123948
Version:
   Company:    =
   Product:    =
   FileDesc:   =
   FileVer:    0.0.0.0
   ProdVer:    0.0.0.0

Module 3
C:\WINDOWS\SYSTEM32\xinput1_3.dll
Image Base: 0x00400000  Image Size: 0x0001e000
File Size:  107368      File Time:  2007-04-04_185422
Version:
   Company:    Microsoft Corporation
   Product:    Microsoft® DirectX for Windows®
   FileDesc:   Microsoft Common Controller API
   FileVer:    9.18.944.0
   ProdVer:    9.18.944.0

Crash Report configuration:
 * App Name: Temtem
 * App Version: Unity 2019.4.14f1_df5769635aab
 * Mono DLL: C:\Program Files (x86)\Steam\steamapps\common\Temtem\MonoBleedingEdge\EmbedRuntime\mono-2.0-bdwgc.dll
 * Bug Reporter App Path: 
 * Crash Report Path: C:\Users\rqflo\AppData\Local\Temp\Crema\Temtem\Crashes
 * Is Editor: false

Crash Report metadata:

Additional report files:
 * "C:\Users\rqflo\AppData\LocalLow\Crema\Temtem\Player.log" (Output log file)



== [end of error.log] ==
