Temtem by Crema [version: Unity 2019.4.18f1_3310a4d4f880]

UnityPlayer.dll caused an Access Violation (0xc0000005)
  in module UnityPlayer.dll at 0033:1167c179.

Error occurred at 2021-04-15_181510.
C:\Program Files (x86)\Steam\steamapps\common\Temtem\Temtem.exe, run by rqflo.

79% physical memory in use.
8035 MB physical memory [1649 MB free].
8067 MB process peak paging file [8044 MB used].
2314 MB process peak working set [2304 MB used].
System Commit Total/Limit/Peak: 16222MB/16227MB/16227MB
System Physical Total/Available: 8035MB/1649MB
System Process Count: 212
System Thread Count: 2268
System Handle Count: 87430
Disk space data for 'C:\Users\rqflo\AppData\Local\Temp\Crema\Temtem\Crashes\Crash_2021-04-15_101507594\': 600642883584 bytes free of 999007711232 total.

Write to location 0000000000000000 caused an access violation.

Context:
RDI:    0x0000000000000000  RSI: 0x0000000001957000  RAX:   0x0000000000000000
RBX:    0x00007ff8128bd700  RCX: 0x0000000000000000  RDX:   0x00000000000005af
RIP:    0x00007ff81167c179  RBP: 0x0000000000000000  SegCs: 0x0000000000000033
EFlags: 0x0000000000010206  RSP: 0x00000005c1c6e060  SegSs: 0x000000000000002b
R8:     0x000000000000005a  R9:  0x000000000000005e  R10:   0x0000000000000096
R11:    0x0000000000000246  R12: 0x000000000195690c  R13:   0x0000000000000001
R14:    0x0000000000000010  R15: 0x00007ff8128bd820


Bytes at CS:EIP:
48 89 28 48 89 68 08 48 89 48 10 48 8b 8b 70 01 

No mono DLL path set. This app is either running IL2CPP, or the crash occurred before mono was initialized.


Stack Trace of Crashed Thread 13600:
0x00007FF81167C179 (UnityPlayer) UnityMain
0x00007FF811679D0A (UnityPlayer) UnityMain
0x00007FF81167641C (UnityPlayer) UnityMain
0x00007FF811675CE5 (UnityPlayer) UnityMain
0x00007FF81179E068 (UnityPlayer) UnityMain
0x00007FF81179DE64 (UnityPlayer) UnityMain
0x00007FF81179B947 (UnityPlayer) UnityMain
0x00007FF811983F8E (UnityPlayer) UnityMain
ERROR: SymGetSymFromAddr64, GetLastError: 'Attempt to access invalid address.' (Address: 00007FF8115FD9BF)
0x00007FF8115FD9BF (UnityPlayer) (function-name not available)
ERROR: SymGetSymFromAddr64, GetLastError: 'Attempt to access invalid address.' (Address: 00007FF8115FE6CD)
0x00007FF8115FE6CD (UnityPlayer) (function-name not available)
ERROR: SymGetSymFromAddr64, GetLastError: 'Attempt to access invalid address.' (Address: 00007FF8115FE7A8)
0x00007FF8115FE7A8 (UnityPlayer) (function-name not available)
0x00007FF811924798 (UnityPlayer) UnityMain
ERROR: SymGetSymFromAddr64, GetLastError: 'Attempt to access invalid address.' (Address: 00007FF849647034)
0x00007FF849647034 (KERNEL32) (function-name not available)
ERROR: SymGetSymFromAddr64, GetLastError: 'Attempt to access invalid address.' (Address: 00007FF84ABE2651)
0x00007FF84ABE2651 (ntdll) (function-name not available)

Stacks for Running Threads:

Call Stack for Thread 3064:
ERROR: SymGetSymFromAddr64, GetLastError: 'Attempt to access invalid address.' (Address: 00007FF84AC2CC94)
0x00007FF84AC2CC94 (ntdll) (function-name not available)
0x00007FF84833A34E (KERNELBASE) WaitForSingleObjectEx
0x00007FF811F87732 (UnityPlayer) UnityMain
0x00007FF8117AF9AC (UnityPlayer) UnityMain
0x00007FF81178606C (UnityPlayer) UnityMain
0x00007FF81177B726 (UnityPlayer) UnityMain
0x00007FF8119F2A3D (UnityPlayer) UnityMain
0x00007FF8119F2EB9 (UnityPlayer) UnityMain
0x00007FF8119E2637 (UnityPlayer) UnityMain
0x00007FF8119E2900 (UnityPlayer) UnityMain
0x00007FF8119E4C6D (UnityPlayer) UnityMain
0x00007FF811959DD6 (UnityPlayer) UnityMain
0x00007FF811A5EC53 (UnityPlayer) UnityMain
ERROR: SymGetSymFromAddr64, GetLastError: 'Attempt to access invalid address.' (Address: 00007FFFDB9EE327)
0x00007FFFDB9EE327 (GameAssembly) (function-name not available)
ERROR: SymGetSymFromAddr64, GetLastError: 'Attempt to access invalid address.' (Address: 00007FFFDC578DAA)
0x00007FFFDC578DAA (GameAssembly) (function-name not available)
ERROR: SymGetSymFromAddr64, GetLastError: 'Attempt to access invalid address.' (Address: 00007FFFDB9F199F)
0x00007FFFDB9F199F (GameAssembly) (function-name not available)
ERROR: SymGetSymFromAddr64, GetLastError: 'Attempt to access invalid address.' (Address: 00007FFFDAC6FDD8)
0x00007FFFDAC6FDD8 (GameAssembly) (function-name not available)
ERROR: SymGetSymFromAddr64, GetLastError: 'Attempt to access invalid address.' (Address: 00007FFFD9D11189)
0x00007FFFD9D11189 (GameAssembly) (function-name not available)
ERROR: SymGetSymFromAddr64, GetLastError: 'Attempt to access invalid address.' (Address: 00007FFFD881513C)
0x00007FFFD881513C (GameAssembly) (function-name not available)
ERROR: SymGetSymFromAddr64, GetLastError: 'Attempt to access invalid address.' (Address: 00007FFFD89C8980)
0x00007FFFD89C8980 (GameAssembly) (function-name not available)
0x00007FF811999D10 (UnityPlayer) UnityMain
0x00007FF8119AB093 (UnityPlayer) UnityMain
0x00007FF8119B3FA3 (UnityPlayer) UnityMain
0x00007FF8119B4065 (UnityPlayer) UnityMain
0x00007FF811730750 (UnityPlayer) UnityMain
0x00007FF81187D217 (UnityPlayer) UnityMain
0x00007FF81187D2B3 (UnityPlayer) UnityMain
0x00007FF81187F6EC (UnityPlayer) UnityMain
ERROR: SymGetSymFromAddr64, GetLastError: 'Attempt to access invalid address.' (Address: 00007FF81163496E)
0x00007FF81163496E (UnityPlayer) (function-name not available)
ERROR: SymGetSymFromAddr64, GetLastError: 'Attempt to access invalid address.' (Address: 00007FF8116336CA)
0x00007FF8116336CA (UnityPlayer) (function-name not available)
ERROR: SymGetSymFromAddr64, GetLastError: 'Attempt to access invalid address.' (Address: 00007FF8116378A8)
0x00007FF8116378A8 (UnityPlayer) (function-name not available)
0x00007FF81163B3AB (UnityPlayer) UnityMain
ERROR: SymGetSymFromAddr64, GetLastError: 'Attempt to access invalid address.' (Address: 00007FF6FE1B11F2)
0x00007FF6FE1B11F2 (Temtem) (function-name not available)
ERROR: SymGetSymFromAddr64, GetLastError: 'Attempt to access invalid address.' (Address: 00007FF849647034)
0x00007FF849647034 (KERNEL32) (function-name not available)
ERROR: SymGetSymFromAddr64, GetLastError: 'Attempt to access invalid address.' (Address: 00007FF84ABE2651)
0x00007FF84ABE2651 (ntdll) (function-name not available)


Call Stack for Thread 16920:
Exception encountered during stack walk.


Call Stack for Thread 17048:
Exception encountered during stack walk.


Call Stack for Thread 9140:
Exception encountered during stack walk.


Call Stack for Thread 12472:
Exception encountered during stack walk.


Call Stack for Thread 8440:
Exception encountered during stack walk.


Call Stack for Thread 11380:
Exception encountered during stack walk.


Call Stack for Thread 1936:
ERROR: SymGetSymFromAddr64, GetLastError: 'Attempt to access invalid address.' (Address: 00007FF84AC2CC94)
0x00007FF84AC2CC94 (ntdll) (function-name not available)
0x00007FF84833A34E (KERNELBASE) WaitForSingleObjectEx
0x00007FF811F87732 (UnityPlayer) UnityMain
0x00007FF811838710 (UnityPlayer) UnityMain
0x00007FF8118397E0 (UnityPlayer) UnityMain
0x00007FF811924798 (UnityPlayer) UnityMain
ERROR: SymGetSymFromAddr64, GetLastError: 'Attempt to access invalid address.' (Address: 00007FF849647034)
0x00007FF849647034 (KERNEL32) (function-name not available)
ERROR: SymGetSymFromAddr64, GetLastError: 'Attempt to access invalid address.' (Address: 00007FF84ABE2651)
0x00007FF84ABE2651 (ntdll) (function-name not available)


Call Stack for Thread 14228:
ERROR: SymGetSymFromAddr64, GetLastError: 'Attempt to access invalid address.' (Address: 00007FF84AC2CC94)
0x00007FF84AC2CC94 (ntdll) (function-name not available)
0x00007FF84833A34E (KERNELBASE) WaitForSingleObjectEx
0x00007FF811F87732 (UnityPlayer) UnityMain
0x00007FF811838710 (UnityPlayer) UnityMain
0x00007FF8118397E0 (UnityPlayer) UnityMain
0x00007FF811924798 (UnityPlayer) UnityMain
ERROR: SymGetSymFromAddr64, GetLastError: 'Attempt to access invalid address.' (Address: 00007FF849647034)
0x00007FF849647034 (KERNEL32) (function-name not available)
ERROR: SymGetSymFromAddr64, GetLastError: 'Attempt to access invalid address.' (Address: 00007FF84ABE2651)
0x00007FF84ABE2651 (ntdll) (function-name not available)


Call Stack for Thread 7616:
Exception encountered during stack walk.


Call Stack for Thread 5536:
Exception encountered during stack walk.


Call Stack for Thread 16724:
Exception encountered during stack walk.


Call Stack for Thread 15640:
Exception encountered during stack walk.


Call Stack for Thread 12888:
Exception encountered during stack walk.


Call Stack for Thread 11480:
Exception encountered during stack walk.


Call Stack for Thread 15204:
ERROR: SymGetSymFromAddr64, GetLastError: 'Attempt to access invalid address.' (Address: 00007FF84AC2CC94)
0x00007FF84AC2CC94 (ntdll) (function-name not available)
0x00007FF84833A34E (KERNELBASE) WaitForSingleObjectEx
0x00007FF811F87732 (UnityPlayer) UnityMain
0x00007FF811838710 (UnityPlayer) UnityMain
0x00007FF8118397E0 (UnityPlayer) UnityMain
0x00007FF811924798 (UnityPlayer) UnityMain
ERROR: SymGetSymFromAddr64, GetLastError: 'Attempt to access invalid address.' (Address: 00007FF849647034)
0x00007FF849647034 (KERNEL32) (function-name not available)
ERROR: SymGetSymFromAddr64, GetLastError: 'Attempt to access invalid address.' (Address: 00007FF84ABE2651)
0x00007FF84ABE2651 (ntdll) (function-name not available)


Call Stack for Thread 9476:
Exception encountered during stack walk.


Call Stack for Thread 7536:
Exception encountered during stack walk.


Call Stack for Thread 16328:
Exception encountered during stack walk.


Call Stack for Thread 2872:
Exception encountered during stack walk.


Call Stack for Thread 14208:
Exception encountered during stack walk.


Call Stack for Thread 17132:
Exception encountered during stack walk.


Call Stack for Thread 32:
Exception encountered during stack walk.


Call Stack for Thread 15644:
Exception encountered during stack walk.


Call Stack for Thread 16632:
Exception encountered during stack walk.


Call Stack for Thread 13272:
Exception encountered during stack walk.


Call Stack for Thread 15988:
Exception encountered during stack walk.


Call Stack for Thread 14652:
Exception encountered during stack walk.


Call Stack for Thread 16544:
Exception encountered during stack walk.


Call Stack for Thread 10572:
Exception encountered during stack walk.


Call Stack for Thread 8764:
Exception encountered during stack walk.


Call Stack for Thread 14124:
Exception encountered during stack walk.


Call Stack for Thread 12780:
Exception encountered during stack walk.


Call Stack for Thread 12608:
Exception encountered during stack walk.


Call Stack for Thread 11608:
Exception encountered during stack walk.


Call Stack for Thread 4420:
Exception encountered during stack walk.


Call Stack for Thread 4052:
Exception encountered during stack walk.


Call Stack for Thread 15164:
Exception encountered during stack walk.


Call Stack for Thread 10916:
Exception encountered during stack walk.


Call Stack for Thread 11340:
Exception encountered during stack walk.


Call Stack for Thread 16900:
Exception encountered during stack walk.


Call Stack for Thread 16532:
Exception encountered during stack walk.


Call Stack for Thread 16812:
Exception encountered during stack walk.


Call Stack for Thread 7820:
Exception encountered during stack walk.


Call Stack for Thread 15688:
Exception encountered during stack walk.


Call Stack for Thread 13792:
Exception encountered during stack walk.


Call Stack for Thread 12208:
Exception encountered during stack walk.


Call Stack for Thread 15496:
ERROR: SymGetSymFromAddr64, GetLastError: 'Attempt to access invalid address.' (Address: 00007FF84AC2CC94)
0x00007FF84AC2CC94 (ntdll) (function-name not available)
0x00007FF84833A34E (KERNELBASE) WaitForSingleObjectEx
ERROR: SymGetSymFromAddr64, GetLastError: 'Attempt to access invalid address.' (Address: 00007FFFEB5EEA4D)
0x00007FFFEB5EEA4D (nvwgf2umx) (function-name not available)
ERROR: SymGetSymFromAddr64, GetLastError: 'Attempt to access invalid address.' (Address: 00007FFFEC507AAC)
0x00007FFFEC507AAC (nvwgf2umx) (function-name not available)
ERROR: SymGetSymFromAddr64, GetLastError: 'Attempt to access invalid address.' (Address: 00007FF849647034)
0x00007FF849647034 (KERNEL32) (function-name not available)
ERROR: SymGetSymFromAddr64, GetLastError: 'Attempt to access invalid address.' (Address: 00007FF84ABE2651)
0x00007FF84ABE2651 (ntdll) (function-name not available)


Call Stack for Thread 7836:
ERROR: SymGetSymFromAddr64, GetLastError: 'Attempt to access invalid address.' (Address: 00007FF84AC2CC94)
0x00007FF84AC2CC94 (ntdll) (function-name not available)
0x00007FF84833A34E (KERNELBASE) WaitForSingleObjectEx
ERROR: SymGetSymFromAddr64, GetLastError: 'Attempt to access invalid address.' (Address: 00007FFFEB5EEA4D)
0x00007FFFEB5EEA4D (nvwgf2umx) (function-name not available)
ERROR: SymGetSymFromAddr64, GetLastError: 'Attempt to access invalid address.' (Address: 00007FFFEC507AAC)
0x00007FFFEC507AAC (nvwgf2umx) (function-name not available)
ERROR: SymGetSymFromAddr64, GetLastError: 'Attempt to access invalid address.' (Address: 00007FF849647034)
0x00007FF849647034 (KERNEL32) (function-name not available)
ERROR: SymGetSymFromAddr64, GetLastError: 'Attempt to access invalid address.' (Address: 00007FF84ABE2651)
0x00007FF84ABE2651 (ntdll) (function-name not available)


Call Stack for Thread 6100:
ERROR: SymGetSymFromAddr64, GetLastError: 'Attempt to access invalid address.' (Address: 00007FF84AC2CC94)
0x00007FF84AC2CC94 (ntdll) (function-name not available)
0x00007FF84833A34E (KERNELBASE) WaitForSingleObjectEx
ERROR: SymGetSymFromAddr64, GetLastError: 'Attempt to access invalid address.' (Address: 00007FFFEB5EEA4D)
0x00007FFFEB5EEA4D (nvwgf2umx) (function-name not available)
ERROR: SymGetSymFromAddr64, GetLastError: 'Attempt to access invalid address.' (Address: 00007FFFEC507AAC)
0x00007FFFEC507AAC (nvwgf2umx) (function-name not available)
ERROR: SymGetSymFromAddr64, GetLastError: 'Attempt to access invalid address.' (Address: 00007FF849647034)
0x00007FF849647034 (KERNEL32) (function-name not available)
ERROR: SymGetSymFromAddr64, GetLastError: 'Attempt to access invalid address.' (Address: 00007FF84ABE2651)
0x00007FF84ABE2651 (ntdll) (function-name not available)


Call Stack for Thread 10536:
ERROR: SymGetSymFromAddr64, GetLastError: 'Attempt to access invalid address.' (Address: 00007FF84AC2CC94)
0x00007FF84AC2CC94 (ntdll) (function-name not available)
0x00007FF84833A34E (KERNELBASE) WaitForSingleObjectEx
ERROR: SymGetSymFromAddr64, GetLastError: 'Attempt to access invalid address.' (Address: 00007FFFEBF866D2)
0x00007FFFEBF866D2 (nvwgf2umx) (function-name not available)
ERROR: SymGetSymFromAddr64, GetLastError: 'Attempt to access invalid address.' (Address: 00007FFFEBF855AA)
0x00007FFFEBF855AA (nvwgf2umx) (function-name not available)
ERROR: SymGetSymFromAddr64, GetLastError: 'Attempt to access invalid address.' (Address: 00007FFFEBF7A7ED)
0x00007FFFEBF7A7ED (nvwgf2umx) (function-name not available)
ERROR: SymGetSymFromAddr64, GetLastError: 'Attempt to access invalid address.' (Address: 00007FFFEB55149A)
0x00007FFFEB55149A (nvwgf2umx) (function-name not available)
ERROR: SymGetSymFromAddr64, GetLastError: 'Attempt to access invalid address.' (Address: 00007FFFEC507AAC)
0x00007FFFEC507AAC (nvwgf2umx) (function-name not available)
ERROR: SymGetSymFromAddr64, GetLastError: 'Attempt to access invalid address.' (Address: 00007FF849647034)
0x00007FF849647034 (KERNEL32) (function-name not available)
ERROR: SymGetSymFromAddr64, GetLastError: 'Attempt to access invalid address.' (Address: 00007FF84ABE2651)
0x00007FF84ABE2651 (ntdll) (function-name not available)


Call Stack for Thread 10960:
ERROR: SymGetSymFromAddr64, GetLastError: 'Attempt to access invalid address.' (Address: 00007FF84AC2CC94)
0x00007FF84AC2CC94 (ntdll) (function-name not available)
0x00007FF84833A34E (KERNELBASE) WaitForSingleObjectEx
ERROR: SymGetSymFromAddr64, GetLastError: 'Attempt to access invalid address.' (Address: 00007FFFEB5EEA4D)
0x00007FFFEB5EEA4D (nvwgf2umx) (function-name not available)
ERROR: SymGetSymFromAddr64, GetLastError: 'Attempt to access invalid address.' (Address: 00007FFFEC507AAC)
0x00007FFFEC507AAC (nvwgf2umx) (function-name not available)
ERROR: SymGetSymFromAddr64, GetLastError: 'Attempt to access invalid address.' (Address: 00007FF849647034)
0x00007FF849647034 (KERNEL32) (function-name not available)
ERROR: SymGetSymFromAddr64, GetLastError: 'Attempt to access invalid address.' (Address: 00007FF84ABE2651)
0x00007FF84ABE2651 (ntdll) (function-name not available)


Call Stack for Thread 11120:
ERROR: SymGetSymFromAddr64, GetLastError: 'Attempt to access invalid address.' (Address: 00007FF84AC2D764)
0x00007FF84AC2D764 (ntdll) (function-name not available)
0x00007FF848370D40 (KERNELBASE) WaitForMultipleObjectsEx
0x00007FF848370C3E (KERNELBASE) WaitForMultipleObjects
ERROR: SymGetSymFromAddr64, GetLastError: 'Attempt to access invalid address.' (Address: 00007FF811619223)
0x00007FF811619223 (UnityPlayer) (function-name not available)
0x00007FF811924798 (UnityPlayer) UnityMain
ERROR: SymGetSymFromAddr64, GetLastError: 'Attempt to access invalid address.' (Address: 00007FF849647034)
0x00007FF849647034 (KERNEL32) (function-name not available)
ERROR: SymGetSymFromAddr64, GetLastError: 'Attempt to access invalid address.' (Address: 00007FF84ABE2651)
0x00007FF84ABE2651 (ntdll) (function-name not available)


Call Stack for Thread 5084:
ERROR: SymGetSymFromAddr64, GetLastError: 'Attempt to access invalid address.' (Address: 00007FF84AC2D764)
ERROR: SymGetModuleInfo64, GetLastError: 'Not enough memory resources are available to process this command.' (Address: 00007FF84AC2D764)
0x00007FF84AC2D764 ((<unknown>)) (function-name not available)
ERROR: SymGetModuleInfo64, GetLastError: 'Not enough memory resources are available to process this command.' (Address: 00007FF848370D40)
0x00007FF848370D40 ((<unknown>)) WaitForMultipleObjectsEx
ERROR: SymGetModuleInfo64, GetLastError: 'Not enough memory resources are available to process this command.' (Address: 00007FF845287FFF)
0x00007FF845287FFF ((<unknown>)) CreateDispatcherQueueController
ERROR: SymGetModuleInfo64, GetLastError: 'Not enough memory resources are available to process this command.' (Address: 00007FF845287CE9)
0x00007FF845287CE9 ((<unknown>)) CreateDispatcherQueueController
ERROR: SymGetModuleInfo64, GetLastError: 'Not enouD' (Address: 00007FF845287471)
0x00007FF845287471 ((<unknown>)) CreateDispatcherQueueController
ERROR: SymGetModuleInfo64, GetLastError: 'Not enouD' (Address: 00007FF845286744)
0x00007FF845286744 ((<unknown>)) CreateDispatcherQueueController
ERROR: SymGetModuleInfo64, GetLastError: 'Not enouD' (Address: 00007FF84528996B)
0x00007FF84528996B ((<unknown>)) CreateDispatcherQueueController
ERROR: SymGetModuleInfo64, GetLastError: 'Not enouD' (Address: 00007FF845286C28)
0x00007FF845286C28 ((<unknown>)) CreateDispatcherQueueController
ERROR: SymGetModuleInfo64, GetLastError: 'Not enouD' (Address: 00007FF8452BEBF5)
0x00007FF8452BEBF5 ((<unknown>)) CoreUICreateEx
ERROR: SymGetModuleInfo64, GetLastError: 'Not enouD' (Address: 00007FF8452BDA7B)
0x00007FF8452BDA7B ((<unknown>)) CoreUICreateEx
ERROR: SymGetSymFromAddr64, GetLastError: 'The specified module could not be found.' (Address: 00007FF839C625BA)
0x00007FF839C625BA (inputhost) (function-name not available)
0x00007FF839C66809 (inputhost) DllGetActivationFactory
ERROR: SymGetSymFromAddr64, GetLastError: 'Attempt to access invalid address.' (Address: 00007FF849647034)
0x00007FF849647034 (KERNEL32) (function-name not available)
ERROR: SymGetSymFromAddr64, GetLastError: 'Attempt to access invalid address.' (Address: 00007FF84ABE2651)
0x00007FF84ABE2651 (ntdll) (function-name not available)


Call Stack for Thread 6096:
ERROR: SymGetSymFromAddr64, GetLastError: 'Attempt to access invalid address.' (Address: 00007FF84AC2CC94)
0x00007FF84AC2CC94 (ntdll) (function-name not available)
0x00007FF84833A34E (KERNELBASE) WaitForSingleObjectEx
ERROR: SymGetSymFromAddr64, GetLastError: 'Attempt to access invalid address.' (Address: 00007FFFEB5EEA4D)
0x00007FFFEB5EEA4D (nvwgf2umx) (function-name not available)
ERROR: SymGetSymFromAddr64, GetLastError: 'Attempt to access invalid address.' (Address: 00007FFFEC507AAC)
0x00007FFFEC507AAC (nvwgf2umx) (function-name not available)
ERROR: SymGetSymFromAddr64, GetLastError: 'Attempt to access invalid address.' (Address: 00007FF849647034)
0x00007FF849647034 (KERNEL32) (function-name not available)
ERROR: SymGetSymFromAddr64, GetLastError: 'Attempt to access invalid address.' (Address: 00007FF84ABE2651)
0x00007FF84ABE2651 (ntdll) (function-name not available)


Call Stack for Thread 11080:
ERROR: SymGetSymFromAddr64, GetLastError: 'Attempt to access invalid address.' (Address: 00007FF84AC2CC94)
0x00007FF84AC2CC94 (ntdll) (function-name not available)
0x00007FF84833A34E (KERNELBASE) WaitForSingleObjectEx
0x00007FF811F87732 (UnityPlayer) UnityMain
0x00007FF81189442A (UnityPlayer) UnityMain
0x00007FF8118945A9 (UnityPlayer) UnityMain
0x00007FF811924798 (UnityPlayer) UnityMain
ERROR: SymGetSymFromAddr64, GetLastError: 'Attempt to access invalid address.' (Address: 00007FF849647034)
0x00007FF849647034 (KERNEL32) (function-name not available)
ERROR: SymGetSymFromAddr64, GetLastError: 'Attempt to access invalid address.' (Address: 00007FF84ABE2651)
0x00007FF84ABE2651 (ntdll) (function-name not available)


Call Stack for Thread 8460:
ERROR: SymGetSymFromAddr64, GetLastError: 'Attempt to access invalid address.' (Address: 00007FF84AC2CC94)
0x00007FF84AC2CC94 (ntdll) (function-name not available)
0x00007FF84833A34E (KERNELBASE) WaitForSingleObjectEx
ERROR: SymGetSymFromAddr64, GetLastError: 'Attempt to access invalid address.' (Address: 00007FFFD899254A)
0x00007FFFD899254A (GameAssembly) (function-name not available)
ERROR: SymGetSymFromAddr64, GetLastError: 'Attempt to access invalid address.' (Address: 00007FFFD89A79F3)
0x00007FFFD89A79F3 (GameAssembly) (function-name not available)
ERROR: SymGetSymFromAddr64, GetLastError: 'Attempt to access invalid address.' (Address: 00007FFFDAF9E306)
0x00007FFFDAF9E306 (GameAssembly) (function-name not available)
ERROR: SymGetSymFromAddr64, GetLastError: 'Attempt to access invalid address.' (Address: 00007FFFDAF9E5B4)
0x00007FFFDAF9E5B4 (GameAssembly) (function-name not available)
ERROR: SymGetSymFromAddr64, GetLastError: 'Attempt to access invalid address.' (Address: 00007FFFDB42134B)
0x00007FFFDB42134B (GameAssembly) (function-name not available)
ERROR: SymGetSymFromAddr64, GetLastError: 'Attempt to access invalid address.' (Address: 00007FFFD8B326D4)
0x00007FFFD8B326D4 (GameAssembly) (function-name not available)
ERROR: SymGetSymFromAddr64, GetLastError: 'Attempt to access invalid address.' (Address: 00007FFFDAF97375)
0x00007FFFDAF97375 (GameAssembly) (function-name not available)
ERROR: SymGetSymFromAddr64, GetLastError: 'Attempt to access invalid address.' (Address: 00007FFFDB584008)
0x00007FFFDB584008 (GameAssembly) (function-name not available)
ERROR: SymGetSymFromAddr64, GetLastError: 'Attempt to access invalid address.' (Address: 00007FFFDB58414A)
0x00007FFFDB58414A (GameAssembly) (function-name not available)
ERROR: SymGetSymFromAddr64, GetLastError: 'Attempt to access invalid address.' (Address: 00007FFFD8B326D4)
0x00007FFFD8B326D4 (GameAssembly) (function-name not available)
ERROR: SymGetSymFromAddr64, GetLastError: 'Attempt to access invalid address.' (Address: 00007FFFD881513C)
0x00007FFFD881513C (GameAssembly) (function-name not available)
ERROR: SymGetSymFromAddr64, GetLastError: 'Attempt to access invalid address.' (Address: 00007FFFD89C8980)
0x00007FFFD89C8980 (GameAssembly) (function-name not available)
ERROR: SymGetSymFromAddr64, GetLastError: 'Attempt to access invalid address.' (Address: 00007FFFD89A71F6)
0x00007FFFD89A71F6 (GameAssembly) (function-name not available)
ERROR: SymGetSymFromAddr64, GetLastError: 'Attempt to access invalid address.' (Address: 00007FFFD8990C92)
0x00007FFFD8990C92 (GameAssembly) (function-name not available)
ERROR: SymGetSymFromAddr64, GetLastError: 'Attempt to access invalid address.' (Address: 00007FFFD8991CB3)
0x00007FFFD8991CB3 (GameAssembly) (function-name not available)
ERROR: SymGetSymFromAddr64, GetLastError: 'Attempt to access invalid address.' (Address: 00007FF849647034)
0x00007FF849647034 (KERNEL32) (function-name not available)
ERROR: SymGetSymFromAddr64, GetLastError: 'Attempt to access invalid address.' (Address: 00007FF84ABE2651)
0x00007FF84ABE2651 (ntdll) (function-name not available)


Call Stack for Thread 15556:
ERROR: SymGetSymFromAddr64, GetLastError: 'Attempt to access invalid address.' (Address: 00007FF84AC2CC94)
0x00007FF84AC2CC94 (ntdll) (function-name not available)
0x00007FF84833A34E (KERNELBASE) WaitForSingleObjectEx
ERROR: SymGetSymFromAddr64, GetLastError: 'Attempt to access invalid address.' (Address: 00007FFFD899254A)
0x00007FFFD899254A (GameAssembly) (function-name not available)
ERROR: SymGetSymFromAddr64, GetLastError: 'Attempt to access invalid address.' (Address: 00007FFFD89A79F3)
0x00007FFFD89A79F3 (GameAssembly) (function-name not available)
ERROR: SymGetSymFromAddr64, GetLastError: 'Attempt to access invalid address.' (Address: 00007FFFDAF9E306)
0x00007FFFDAF9E306 (GameAssembly) (function-name not available)
ERROR: SymGetSymFromAddr64, GetLastError: 'Attempt to access invalid address.' (Address: 00007FFFDAF9E5B4)
0x00007FFFDAF9E5B4 (GameAssembly) (function-name not available)
ERROR: SymGetSymFromAddr64, GetLastError: 'Attempt to access invalid address.' (Address: 00007FFFDB42134B)
0x00007FFFDB42134B (GameAssembly) (function-name not available)
ERROR: SymGetSymFromAddr64, GetLastError: 'Attempt to access invalid address.' (Address: 00007FFFD8B326D4)
0x00007FFFD8B326D4 (GameAssembly) (function-name not available)
ERROR: SymGetSymFromAddr64, GetLastError: 'Attempt to access invalid address.' (Address: 00007FFFDAF97375)
0x00007FFFDAF97375 (GameAssembly) (function-name not available)
ERROR: SymGetSymFromAddr64, GetLastError: 'Attempt to access invalid address.' (Address: 00007FFFDB584008)
0x00007FFFDB584008 (GameAssembly) (function-name not available)
ERROR: SymGetSymFromAddr64, GetLastError: 'Attempt to access invalid address.' (Address: 00007FFFDB58414A)
0x00007FFFDB58414A (GameAssembly) (function-name not available)
ERROR: SymGetSymFromAddr64, GetLastError: 'Attempt to access invalid address.' (Address: 00007FFFD8B326D4)
0x00007FFFD8B326D4 (GameAssembly) (function-name not available)
ERROR: SymGetSymFromAddr64, GetLastError: 'Attempt to access invalid address.' (Address: 00007FFFD881513C)
0x00007FFFD881513C (GameAssembly) (function-name not available)
ERROR: SymGetSymFromAddr64, GetLastError: 'Attempt to access invalid address.' (Address: 00007FFFD89C8980)
0x00007FFFD89C8980 (GameAssembly) (function-name not available)
ERROR: SymGetSymFromAddr64, GetLastError: 'Attempt to access invalid address.' (Address: 00007FFFD89A71F6)
0x00007FFFD89A71F6 (GameAssembly) (function-name not available)
ERROR: SymGetSymFromAddr64, GetLastError: 'Attempt to access invalid address.' (Address: 00007FFFD8990C92)
0x00007FFFD8990C92 (GameAssembly) (function-name not available)
ERROR: SymGetSymFromAddr64, GetLastError: 'Attempt to access invalid address.' (Address: 00007FFFD8991CB3)
0x00007FFFD8991CB3 (GameAssembly) (function-name not available)
ERROR: SymGetSymFromAddr64, GetLastError: 'Attempt to access invalid address.' (Address: 00007FF849647034)
0x00007FF849647034 (KERNEL32) (function-name not available)
ERROR: SymGetSymFromAddr64, GetLastError: 'Attempt to access invalid address.' (Address: 00007FF84ABE2651)
ERROR: SymGetModuleInfo64, GetLastError: 'Not enough memory resources are available to process this command.' (Address: 00007FF84ABE2651)
0x00007FF84ABE2651 ((<unknown>)) (function-name not available)


Call Stack for Thread 12936:
ERROR: SymGetSymFromAddr64, GetLastError: 'Attempt to access invalid address.' (Address: 00007FF84AC2CC94)
ERROR: SymGetModuleInfo64, GetLastError: 'Not enough memory resources are available to process this command.' (Address: 00007FF84AC2CC94)
0x00007FF84AC2CC94 ((<unknown>)) (function-name not available)
ERROR: SymGetModuleInfo64, GetLastError: 'Not enough memory resources are available to process this command.' (Address: 00007FF84833A34E)
0x00007FF84833A34E ((<unknown>)) WaitForSingleObjectEx
ERROR: SymGetSymFromAddr64, GetLastError: 'Attempt to access invalid address.' (Address: 00007FFFD899254A)
ERROR: SymGetModuleInfo64, GetLastError: 'Not enough memory resources are available to process this command.' (Address: 00007FFFD899254A)
0x00007FFFD899254A ((<unknown>)) (function-name not available)
ERROR: SymGetSymFromAddr64, GetLastError: 'Attempt to access invalid address.' (Address: 00007FFFD89A79F3)
0x00007FFFD89A79F3 (GameAssembly) (function-name not available)
ERROR: SymGetSymFromAddr64, GetLastError: 'Attempt to access invalid address.' (Address: 00007FFFDAF9E306)
ERROR: SymGetModuleInfo64, GetLastError: 'Not enough memory resources are available to process this command.' (Address: 00007FFFDAF9E306)
0x00007FFFDAF9E306 ((<unknown>)) (function-name not available)
ERROR: SymGetSymFromAddr64, GetLastError: 'Attempt to access invalid address.' (Address: 00007FFFDAF9E5B4)
0x00007FFFDAF9E5B4 (GameAssembly) (function-name not available)
ERROR: SymGetSymFromAddr64, GetLastError: 'Attempt to access invalid address.' (Address: 00007FFFDCAD529A)
0x00007FFFDCAD529A (GameAssembly) (function-name not available)
ERROR: SymGetSymFromAddr64, GetLastError: 'Attempt to access invalid address.' (Address: 00007FFFD8B326D4)
ERROR: SymGetModuleInfo64, GetLastError: 'Not enough memory resources are available to process this command.' (Address: 00007FFFD8B326D4)
0x00007FFFD8B326D4 ((<unknown>)) (function-name not available)
ERROR: SymGetSymFromAddr64, GetLastError: 'Attempt to access invalid address.' (Address: 00007FFFDAF97375)
ERROR: SymGetModuleInfo64, GetLastError: 'Not enough memory resources are available to process this command.' (Address: 00007FFFDAF97375)
0x00007FFFDAF97375 ((<unknown>)) (function-name not available)
ERROR: SymGetSymFromAddr64, GetLastError: 'Attempt to access invalid address.' (Address: 00007FFFDB584008)
ERROR: SymGetModuleInfo64, GetLastError: 'Not enough memory resources are available to process this command.' (Address: 00007FFFDB584008)
0x00007FFFDB584008 ((<unknown>)) (function-name not available)
ERROR: SymGetSymFromAddr64, GetLastError: 'Attempt to access invalid address.' (Address: 00007FFFDB58414A)
ERROR: SymGetModuleInfo64, GetLastError: 'Not enough memory resources are available to process this command.' (Address: 00007FFFDB58414A)
0x00007FFFDB58414A ((<unknown>)) (function-name not available)
ERROR: SymGetSymFromAddr64, GetLastError: 'Attempt to access invalid address.' (Address: 00007FFFD8B326D4)
ERROR: SymGetModuleInfo64, GetLastError: 'Not enough memory resources are available to process this command.' (Address: 00007FFFD8B326D4)
0x00007FFFD8B326D4 ((<unknown>)) (function-name not available)
ERROR: SymGetSymFromAddr64, GetLastError: 'Attempt to access invalid address.' (Address: 00007FFFD881513C)
ERROR: SymGetModuleInfo64, GetLastError: 'Not enough memory resources are available to process this command.' (Address: 00007FFFD881513C)
0x00007FFFD881513C ((<unknown>)) (function-name not available)
ERROR: SymGetSymFromAddr64, GetLastError: 'Attempt to access invalid address.' (Address: 00007FFFD89C8980)
ERROR: SymGetModuleInfo64, GetLastError: 'Not enough memory resources are available to process this command.' (Address: 00007FFFD89C8980)
0x00007FFFD89C8980 ((<unknown>)) (function-name not available)
ERROR: SymGetSymFromAddr64, GetLastError: 'Attempt to access invalid address.' (Address: 00007FFFD89A71F6)
ERROR: SymGetModuleInfo64, GetLastError: 'Not enough memory resources are available to process this command.' (Address: 00007FFFD89A71F6)
0x00007FFFD89A71F6 ((<unknown>)) (function-name not available)
ERROR: SymGetSymFromAddr64, GetLastError: 'Attempt to access invalid address.' (Address: 00007FFFD8990C92)
ERROR: SymGetModuleInfo64, GetLastError: 'Not enough memory resources are available to process this command.' (Address: 00007FFFD8990C92)
0x00007FFFD8990C92 ((<unknown>)) (function-name not available)
ERROR: SymGetSymFromAddr64, GetLastError: 'Attempt to access invalid address.' (Address: 00007FFFD8991CB3)
ERROR: SymGetModuleInfo64, GetLastError: 'Not enough memory resources are available to process this command.' (Address: 00007FFFD8991CB3)
0x00007FFFD8991CB3 ((<unknown>)) (function-name not available)
ERROR: SymGetSymFromAddr64, GetLastError: 'Attempt to access invalid address.' (Address: 00007FF849647034)
ERROR: SymGetModuleInfo64, GetLastError: 'Not enough memory resources are available to process this command.' (Address: 00007FF849647034)
0x00007FF849647034 ((<unknown>)) (function-name not available)
ERROR: SymGetSymFromAddr64, GetLastError: 'Attempt to access invalid address.' (Address: 00007FF84ABE2651)
ERROR: SymGetModuleInfo64, GetLastError: 'Not enough memory resources are available to process this command.' (Address: 00007FF84ABE2651)
0x00007FF84ABE2651 ((<unknown>)) (function-name not available)


Call Stack for Thread 14748:
ERROR: SymGetSymFromAddr64, GetLastError: 'Attempt to access invalid address.' (Address: 00007FF84AC2CC94)
0x00007FF84AC2CC94 (ntdll) (function-name not available)
0x00007FF84833A34E (KERNELBASE) WaitForSingleObjectEx
0x00007FF812022E22 (UnityPlayer) UnityMain
0x00007FF81200A07F (UnityPlayer) UnityMain
ERROR: SymGetSymFromAddr64, GetLastError: 'Attempt to access invalid address.' (Address: 00007FF849647034)
0x00007FF849647034 (KERNEL32) (function-name not available)
ERROR: SymGetSymFromAddr64, GetLastError: 'Attempt to access invalid address.' (Address: 00007FF84ABE2651)
0x00007FF84ABE2651 (ntdll) (function-name not available)


Call Stack for Thread 15100:
ERROR: SymGetSymFromAddr64, GetLastError: 'Attempt to access invalid address.' (Address: 00007FF84AC2CC94)
0x00007FF84AC2CC94 (ntdll) (function-name not available)
0x00007FF84833A34E (KERNELBASE) WaitForSingleObjectEx
0x00007FF811F87732 (UnityPlayer) UnityMain
ERROR: SymGetSymFromAddr64, GetLastError: 'Attempt to access invalid address.' (Address: 00007FF811535157)
0x00007FF811535157 (UnityPlayer) (function-name not available)
0x00007FF811924798 (UnityPlayer) UnityMain
ERROR: SymGetSymFromAddr64, GetLastError: 'Attempt to access invalid address.' (Address: 00007FF849647034)
0x00007FF849647034 (KERNEL32) (function-name not available)
ERROR: SymGetSymFromAddr64, GetLastError: 'Attempt to access invalid address.' (Address: 00007FF84ABE2651)
0x00007FF84ABE2651 (ntdll) (function-name not available)


Call Stack for Thread 4948:
ERROR: SymGetSymFromAddr64, GetLastError: 'Attempt to access invalid address.' (Address: 00007FF84AC2CC94)
0x00007FF84AC2CC94 (ntdll) (function-name not available)
0x00007FF84833A34E (KERNELBASE) WaitForSingleObjectEx
0x00007FF811F87732 (UnityPlayer) UnityMain
ERROR: SymGetSymFromAddr64, GetLastError: 'Attempt to access invalid address.' (Address: 00007FF811535157)
0x00007FF811535157 (UnityPlayer) (function-name not available)
0x00007FF811924798 (UnityPlayer) UnityMain
ERROR: SymGetSymFromAddr64, GetLastError: 'Attempt to access invalid address.' (Address: 00007FF849647034)
0x00007FF849647034 (KERNEL32) (function-name not available)
ERROR: SymGetSymFromAddr64, GetLastError: 'Attempt to access invalid address.' (Address: 00007FF84ABE2651)
0x00007FF84ABE2651 (ntdll) (function-name not available)


Call Stack for Thread 13120:
ERROR: SymGetSymFromAddr64, GetLastError: 'Attempt to access invalid address.' (Address: 00007FF84AC2CC94)
0x00007FF84AC2CC94 (ntdll) (function-name not available)
0x00007FF84833A34E (KERNELBASE) WaitForSingleObjectEx
0x00007FF811F87732 (UnityPlayer) UnityMain
ERROR: SymGetSymFromAddr64, GetLastError: 'Attempt to access invalid address.' (Address: 00007FF811535157)
0x00007FF811535157 (UnityPlayer) (function-name not available)
0x00007FF811924798 (UnityPlayer) UnityMain
ERROR: SymGetSymFromAddr64, GetLastError: 'Attempt to access invalid address.' (Address: 00007FF849647034)
0x00007FF849647034 (KERNEL32) (function-name not available)
ERROR: SymGetSymFromAddr64, GetLastError: 'Attempt to access invalid address.' (Address: 00007FF84ABE2651)
0x00007FF84ABE2651 (ntdll) (function-name not available)


Call Stack for Thread 12368:
ERROR: SymGetSymFromAddr64, GetLastError: 'Attempt to access invalid address.' (Address: 00007FF84AC2CC94)
0x00007FF84AC2CC94 (ntdll) (function-name not available)
0x00007FF84833A34E (KERNELBASE) WaitForSingleObjectEx
0x00007FF811F87732 (UnityPlayer) UnityMain
ERROR: SymGetSymFromAddr64, GetLastError: 'Attempt to access invalid address.' (Address: 00007FF811535157)
0x00007FF811535157 (UnityPlayer) (function-name not available)
0x00007FF811924798 (UnityPlayer) UnityMain
ERROR: SymGetSymFromAddr64, GetLastError: 'Attempt to access invalid address.' (Address: 00007FF849647034)
0x00007FF849647034 (KERNEL32) (function-name not available)
ERROR: SymGetSymFromAddr64, GetLastError: 'Attempt to access invalid address.' (Address: 00007FF84ABE2651)
0x00007FF84ABE2651 (ntdll) (function-name not available)


Call Stack for Thread 672:
ERROR: SymGetSymFromAddr64, GetLastError: 'Attempt to access invalid address.' (Address: 00007FF84AC2CC94)
0x00007FF84AC2CC94 (ntdll) (function-name not available)
0x00007FF84833A34E (KERNELBASE) WaitForSingleObjectEx
ERROR: SymGetSymFromAddr64, GetLastError: 'Attempt to access invalid address.' (Address: 00007FFFEB5EEA4D)
0x00007FFFEB5EEA4D (nvwgf2umx) (function-name not available)
ERROR: SymGetSymFromAddr64, GetLastError: 'Attempt to access invalid address.' (Address: 00007FFFEC507AAC)
0x00007FFFEC507AAC (nvwgf2umx) (function-name not available)
ERROR: SymGetSymFromAddr64, GetLastError: 'Attempt to access invalid address.' (Address: 00007FF849647034)
0x00007FF849647034 (KERNEL32) (function-name not available)
ERROR: SymGetSymFromAddr64, GetLastError: 'Attempt to access invalid address.' (Address: 00007FF84ABE2651)
0x00007FF84ABE2651 (ntdll) (function-name not available)


Call Stack for Thread 6608:
ERROR: SymGetSymFromAddr64, GetLastError: 'Attempt to access invalid address.' (Address: 00007FF84AC2CC94)
0x00007FF84AC2CC94 (ntdll) (function-name not available)
0x00007FF84833A34E (KERNELBASE) WaitForSingleObjectEx
ERROR: SymGetSymFromAddr64, GetLastError: 'Attempt to access invalid address.' (Address: 00007FFFEB19AAF7)
0x00007FFFEB19AAF7 (nvwgf2umx) (function-name not available)
ERROR: SymGetSymFromAddr64, GetLastError: 'Attempt to access invalid address.' (Address: 00007FFFEC507AAC)
0x00007FFFEC507AAC (nvwgf2umx) (function-name not available)
ERROR: SymGetSymFromAddr64, GetLastError: 'Attempt to access invalid address.' (Address: 00007FF849647034)
0x00007FF849647034 (KERNEL32) (function-name not available)
ERROR: SymGetSymFromAddr64, GetLastError: 'Attempt to access invalid address.' (Address: 00007FF84ABE2651)
0x00007FF84ABE2651 (ntdll) (function-name not available)


Call Stack for Thread 7824:
ERROR: SymGetSymFromAddr64, GetLastError: 'Attempt to access invalid address.' (Address: 00007FF84AC2D764)
0x00007FF84AC2D764 (ntdll) (function-name not available)
0x00007FF848370D40 (KERNELBASE) WaitForMultipleObjectsEx
0x00007FF848370C3E (KERNELBASE) WaitForMultipleObjects
ERROR: SymGetSymFromAddr64, GetLastError: 'Attempt to access invalid address.' (Address: 00007FFFEB2889F7)
0x00007FFFEB2889F7 (nvwgf2umx) (function-name not available)
ERROR: SymGetSymFromAddr64, GetLastError: 'Attempt to access invalid address.' (Address: 00007FFFEB55149A)
0x00007FFFEB55149A (nvwgf2umx) (function-name not available)
ERROR: SymGetSymFromAddr64, GetLastError: 'Attempt to access invalid address.' (Address: 00007FFFEC507AAC)
0x00007FFFEC507AAC (nvwgf2umx) (function-name not available)
ERROR: SymGetSymFromAddr64, GetLastError: 'Attempt to access invalid address.' (Address: 00007FF849647034)
0x00007FF849647034 (KERNEL32) (function-name not available)
ERROR: SymGetSymFromAddr64, GetLastError: 'Attempt to access invalid address.' (Address: 00007FF84ABE2651)
0x00007FF84ABE2651 (ntdll) (function-name not available)


Call Stack for Thread 17360:
ERROR: SymGetSymFromAddr64, GetLastError: 'Attempt to access invalid address.' (Address: 00007FF84AC2CC94)
0x00007FF84AC2CC94 (ntdll) (function-name not available)
0x00007FF84833A34E (KERNELBASE) WaitForSingleObjectEx
ERROR: SymGetSymFromAddr64, GetLastError: 'Attempt to access invalid address.' (Address: 00007FFFEB5EEA4D)
0x00007FFFEB5EEA4D (nvwgf2umx) (function-name not available)
ERROR: SymGetSymFromAddr64, GetLastError: 'Attempt to access invalid address.' (Address: 00007FFFEC507AAC)
0x00007FFFEC507AAC (nvwgf2umx) (function-name not available)
ERROR: SymGetSymFromAddr64, GetLastError: 'Attempt to access invalid address.' (Address: 00007FF849647034)
0x00007FF849647034 (KERNEL32) (function-name not available)
ERROR: SymGetSymFromAddr64, GetLastError: 'Attempt to access invalid address.' (Address: 00007FF84ABE2651)
0x00007FF84ABE2651 (ntdll) (function-name not available)


Call Stack for Thread 7580:
ERROR: SymGetSymFromAddr64, GetLastError: 'Attempt to access invalid address.' (Address: 00007FF84AC2CC94)
0x00007FF84AC2CC94 (ntdll) (function-name not available)
0x00007FF84833A34E (KERNELBASE) WaitForSingleObjectEx
ERROR: SymGetSymFromAddr64, GetLastError: 'Attempt to access invalid address.' (Address: 00007FFFEB5EEA4D)
0x00007FFFEB5EEA4D (nvwgf2umx) (function-name not available)
ERROR: SymGetSymFromAddr64, GetLastError: 'Attempt to access invalid address.' (Address: 00007FFFEC507AAC)
0x00007FFFEC507AAC (nvwgf2umx) (function-name not available)
ERROR: SymGetSymFromAddr64, GetLastError: 'Attempt to access invalid address.' (Address: 00007FF849647034)
0x00007FF849647034 (KERNEL32) (function-name not available)
ERROR: SymGetSymFromAddr64, GetLastError: 'Attempt to access invalid address.' (Address: 00007FF84ABE2651)
0x00007FF84ABE2651 (ntdll) (function-name not available)


Call Stack for Thread 15728:
ERROR: SymGetSymFromAddr64, GetLastError: 'Attempt to access invalid address.' (Address: 00007FF84AC2CC94)
0x00007FF84AC2CC94 (ntdll) (function-name not available)
0x00007FF84833A34E (KERNELBASE) WaitForSingleObjectEx
ERROR: SymGetSymFromAddr64, GetLastError: 'Attempt to access invalid address.' (Address: 00007FFFEB5EEA4D)
0x00007FFFEB5EEA4D (nvwgf2umx) (function-name not available)
ERROR: SymGetSymFromAddr64, GetLastError: 'Attempt to access invalid address.' (Address: 00007FFFEC507AAC)
0x00007FFFEC507AAC (nvwgf2umx) (function-name not available)
ERROR: SymGetSymFromAddr64, GetLastError: 'Attempt to access invalid address.' (Address: 00007FF849647034)
0x00007FF849647034 (KERNEL32) (function-name not available)
ERROR: SymGetSymFromAddr64, GetLastError: 'Attempt to access invalid address.' (Address: 00007FF84ABE2651)
0x00007FF84ABE2651 (ntdll) (function-name not available)


Call Stack for Thread 14572:
ERROR: SymGetSymFromAddr64, GetLastError: 'Attempt to access invalid address.' (Address: 00007FF84AC2CC94)
0x00007FF84AC2CC94 (ntdll) (function-name not available)
0x00007FF84833A34E (KERNELBASE) WaitForSingleObjectEx
ERROR: SymGetSymFromAddr64, GetLastError: 'Attempt to access invalid address.' (Address: 00007FFFEB5EEA4D)
0x00007FFFEB5EEA4D (nvwgf2umx) (function-name not available)
ERROR: SymGetSymFromAddr64, GetLastError: 'Attempt to access invalid address.' (Address: 00007FFFEC507AAC)
0x00007FFFEC507AAC (nvwgf2umx) (function-name not available)
ERROR: SymGetSymFromAddr64, GetLastError: 'Attempt to access invalid address.' (Address: 00007FF849647034)
0x00007FF849647034 (KERNEL32) (function-name not available)
ERROR: SymGetSymFromAddr64, GetLastError: 'Attempt to access invalid address.' (Address: 00007FF84ABE2651)
0x00007FF84ABE2651 (ntdll) (function-name not available)




Stack Memory [0x00000005C1C6E060-0x00000005C1C70000]:
0xc1c6e060: 01957000 00000000 01980000 00000000 .p..............
0xc1c6e070: 0195690c 00000000 01980000 00000000 .i..............
0xc1c6e080: 30001000 00000169 1167696e 00007ff8 ...0i...nig.....
0xc1c6e090: 403f0270 00000166 00000000 00000000 p.?@f...........
0xc1c6e0a0: 00000020 00000000 1167ad8c 00007ff8  .........g.....
0xc1c6e0b0: 403f0270 00000166 128bd3c0 00007ff8 p.?@f...........
0xc1c6e0c0: 128bd3c0 00007ff8 11926353 00007ff8 ........Sc......
0xc1c6e0d0: 128ac660 00007ff8 11679f0b 00007ff8 `.........g.....
0xc1c6e0e0: 403f0270 00000166 40400080 00000166 p.?@f.....@@f...
0xc1c6e0f0: c1c6e220 00000005 11925a82 00007ff8  ........Z......
0xc1c6e100: 00000010 00000000 403f0270 00000166 ........p.?@f...
0xc1c6e110: 0195690c 00000000 128bd700 00007ff8 .i..............
0xc1c6e120: 128bd8c0 00007ff8 11679d0a 00007ff8 ..........g.....
0xc1c6e130: 00000000 00000000 0195690c 00000000 .........i......
0xc1c6e140: 00000010 00000000 1167b006 00007ff8 ..........g.....
0xc1c6e150: 0195690c 00000000 1167641c 00007ff8 .i.......dg.....
0xc1c6e160: 128ac660 00007ff8 0000001c 00000000 `...............
0xc1c6e170: 0195690c 00000000 48386e9b 00007ff8 .i.......n8H....
0xc1c6e180: 128ac660 00007ff8 12525004 00007ff8 `........PR.....
0xc1c6e190: 403f0270 00000166 11676770 00007ff8 p.?@f...pgg.....
0xc1c6e1a0: 801b15e0 00000166 00000000 00000000 ....f...........
0xc1c6e1b0: 403f0270 00000166 801b1590 00000166 p.?@f.......f...
0xc1c6e1c0: 0000001c 00000000 11675ce5 00007ff8 .........\g.....
0xc1c6e1d0: 0195690c 00000000 0195690c 00000000 .i.......i......
0xc1c6e1e0: 403f0270 00000166 12525004 00007ff8 p.?@f....PR.....
0xc1c6e1f0: 00000000 00000000 12525004 00007ff8 .........PR.....
0xc1c6e200: 00000010 00000166 306565b0 00000169 ....f....ee0i...
0xc1c6e210: 20e578c0 00000167 1179e068 00007ff8 .x. g...h.y.....
0xc1c6e220: 801b1590 00000166 00000000 00000000 ....f...........
0xc1c6e230: 00000000 00000000 00000000 00000000 ................
0xc1c6e240: 000000be 00000000 00000000 00000000 ................
0xc1c6e250: c1c6e420 00000005 20e54150 00000167  .......PA. g...
0xc1c6e260: 00000000 00000000 1179de64 00007ff8 ........d.y.....
0xc1c6e270: c1c6e5b0 00000005 8022f3c0 00000166 ..........".f...
0xc1c6e280: 801b1590 00000166 dbeb77b4 000001e0 ....f....w......
0xc1c6e290: 00000000 00000000 00000000 00000000 ................
0xc1c6e2a0: 801b1590 00000166 1179b947 00007ff8 ....f...G.y.....
0xc1c6e2b0: 00000000 00000000 20e57cf0 00000167 .........|. g...
0xc1c6e2c0: 20e57cf0 00000167 00000000 00000000 .|. g...........
0xc1c6e2d0: 20e57a50 00000167 306565b0 00000169 Pz. g....ee0i...
0xc1c6e2e0: 00040000 00000000 00000000 00000000 ................
0xc1c6e2f0: 00000000 00000000 1154e9c6 00007ff8 ..........T.....
0xc1c6e300: 00000000 00000000 00000000 00000000 ................
0xc1c6e310: 00000000 00000000 00000000 00000000 ................
0xc1c6e320: 20e58600 00000167 00000002 00007ff8 ... g...........
0xc1c6e330: 8022b8c0 00000166 00000000 00000000 ..".f...........
0xc1c6e340: 00000000 00000000 00000000 00000000 ................
0xc1c6e350: c1c6e420 00000005 11983f8e 00007ff8  ........?......
0xc1c6e360: c1c6e5b0 00000005 c1c6e420 00000005 ........ .......
0xc1c6e370: 8022f3c0 00000166 00000013 00000000 ..".f...........
0xc1c6e380: 00000013 00000000 115fd9bf 00007ff8 .........._.....
0xc1c6e390: 400002c0 00000167 400002c0 00000167 ...@g......@g...
0xc1c6e3a0: 001516d8 001516dc c1c6e420 00000005 ........ .......
0xc1c6e3b0: 00004000 00000000 00000080 00000000 .@..............
0xc1c6e3c0: 00000080 00000005 00000064 00000000 ........d.......
0xc1c6e3d0: 00000001 00000166 00000003 00000000 ....f...........
0xc1c6e3e0: 00000006 00000000 00000000 00000000 ................
0xc1c6e3f0: 00000000 00000000 00000000 00000000 ................
0xc1c6e400: 00000000 00000000 00000000 00000000 ................
0xc1c6e410: 00000000 00000000 00000000 00000000 ................
0xc1c6e420: 20e58600 00000167 00000002 00007ff8 ... g...........
0xc1c6e430: 00000002 00000000 00000001 00000000 ................
0xc1c6e440: 00000000 00000000 00000000 00000000 ................
0xc1c6e450: 00000000 00000000 00000000 00000000 ................
0xc1c6e460: 00000000 00000000 00000000 00000000 ................
0xc1c6e470: 00000000 00000000 00000000 00000000 ................
0xc1c6e480: 00000000 00000000 00000000 00000000 ................
0xc1c6e490: 00000000 00000000 00000000 00000000 ................
0xc1c6e4a0: 00000000 00000000 00000000 00000000 ................
0xc1c6e4b0: 00000000 00000000 00000000 00000000 ................
0xc1c6e4c0: 0000269a 00000002 00004000 00000080 .&.......@......
0xc1c6e4d0: 00000000 00000000 00000000 00000000 ................
0xc1c6e4e0: 00000000 00000000 00000000 00000000 ................
0xc1c6e4f0: 00000000 00000000 00000000 00000000 ................
0xc1c6e500: 00000014 00000002 00000004 00000000 ................
0xc1c6e510: 00000002 00000000 00000000 00000000 ................
0xc1c6e520: 00000000 00000000 00000000 00000000 ................
0xc1c6e530: 00000000 00000000 00000000 00000000 ................
0xc1c6e540: 00000000 00000000 00000000 00000000 ................
0xc1c6e550: 00000000 00000000 00000000 00000000 ................
0xc1c6e560: 00000000 00000000 00000000 00000000 ................
0xc1c6e570: 00000000 00000000 00000000 00000000 ................
0xc1c6e580: 00000000 00000000 00000000 00000000 ................
0xc1c6e590: 00000000 00000000 00000000 00000000 ................
0xc1c6e5a0: 40164990 00000166 00000004 00007f01 .I.@f...........
0xc1c6e5b0: 00000004 00000101 00000000 00000000 ................
0xc1c6e5c0: 00000000 00000000 00000000 00000166 ............f...
0xc1c6e5d0: 5b1981c0 00000167 00000000 00000000 ...[g...........
0xc1c6e5e0: 00000000 00000000 00000000 00000000 ................
0xc1c6e5f0: 00000000 00000000 00000000 00000000 ................
0xc1c6e600: 00000000 00000000 00000000 00000000 ................
0xc1c6e610: 00000000 00000000 00000000 00000000 ................
0xc1c6e620: 00000000 00000000 00000000 00000000 ................
0xc1c6e630: 00000000 00000000 00000000 00000000 ................
0xc1c6e640: 00000000 00000000 00000000 00000000 ................
0xc1c6e650: 00000000 00000000 00000000 00000000 ................
0xc1c6e660: 00000000 00000000 00000000 00000000 ................
0xc1c6e670: 00000000 00000000 00000000 00000000 ................
0xc1c6e680: 00000000 00000000 00000000 00000000 ................
0xc1c6e690: 00000000 00000000 00000000 00000000 ................
0xc1c6e6a0: 00000000 00000000 00000000 00000000 ................
0xc1c6e6b0: 00000000 00000000 00000000 00000000 ................
0xc1c6e6c0: 00000000 00000000 00000000 00000000 ................
0xc1c6e6d0: 00000000 00000000 00000000 00000000 ................
0xc1c6e6e0: 00000000 00000000 00000000 00000000 ................
0xc1c6e6f0: 00000000 00000000 00000000 00000000 ................
0xc1c6e700: 00000000 00000000 00000000 00000000 ................
0xc1c6e710: 00000000 00000000 00000000 00000000 ................
0xc1c6e720: 00000000 00000000 00000000 00000000 ................
0xc1c6e730: 00000000 00000000 00000000 00000000 ................
0xc1c6e740: 00000000 00000000 00000000 00000000 ................
0xc1c6e750: 00000000 00000000 00000000 00000000 ................
0xc1c6e760: 00000000 00000000 00000000 00000000 ................
0xc1c6e770: 00000000 00000000 00000000 00000000 ................
0xc1c6e780: 00000000 00000000 00000000 00000000 ................
0xc1c6e790: 00000000 00000000 00000000 00000000 ................
0xc1c6e7a0: 00000000 00000000 00000000 00000000 ................
0xc1c6e7b0: 00000000 00000000 00000000 00000000 ................
0xc1c6e7c0: 00000000 00000000 00000000 00000000 ................
0xc1c6e7d0: 00000000 00000000 00000000 00000000 ................
0xc1c6e7e0: 00000000 00000000 00000000 00000000 ................
0xc1c6e7f0: 00000000 00000000 00000000 00000000 ................
0xc1c6e800: 00000000 00000000 00000000 00000000 ................
0xc1c6e810: 00000000 00000000 00000000 00000000 ................
0xc1c6e820: 00000000 00000000 00000000 00000000 ................
0xc1c6e830: 00000000 00000000 00000000 00000000 ................
0xc1c6e840: 00000000 00000000 00000000 00000000 ................
0xc1c6e850: 00000000 00000000 00000000 00000000 ................
0xc1c6e860: 00000000 00000000 00000000 00000000 ................
0xc1c6e870: 00000000 00000000 00000000 00000000 ................
0xc1c6e880: 00000000 00000000 00000000 00000000 ................
0xc1c6e890: 00000000 00000000 00000000 00000000 ................
0xc1c6e8a0: 00000000 00000000 00000000 00000000 ................
0xc1c6e8b0: 00000000 00000000 00000000 00000000 ................
0xc1c6e8c0: 00000000 00000000 00000000 00000000 ................
0xc1c6e8d0: 00000000 00000000 00000000 00000000 ................
0xc1c6e8e0: 00000000 00000000 00000000 00000000 ................
0xc1c6e8f0: 00000000 00000000 00000000 00000000 ................
0xc1c6e900: 00000000 00000000 00000000 00000000 ................
0xc1c6e910: 00000000 00000000 00000000 00000000 ................
0xc1c6e920: 00000000 00000000 00000000 00000070 ............p...
0xc1c6e930: 00000000 00000000 00000000 00000000 ................
0xc1c6e940: 00000000 00000000 00000000 00000000 ................
0xc1c6e950: 00000000 00000000 00000000 00000000 ................
0xc1c6e960: 400ab8f0 00000166 4001ad10 00000166 ...@f......@f...
0xc1c6e970: 00000000 00000000 00000000 00000000 ................
0xc1c6e980: 00000000 00000000 00000000 00000000 ................
0xc1c6e990: 00000000 00000000 00000000 00000000 ................
0xc1c6e9a0: 00000000 00000000 00000000 00000000 ................
0xc1c6e9b0: 00000000 00000000 00000000 00000000 ................
0xc1c6e9c0: 00000000 00000000 00000000 00000000 ................
0xc1c6e9d0: 00000000 00000000 00000000 00000000 ................
0xc1c6e9e0: 00000000 00000000 00000000 00000000 ................
0xc1c6e9f0: 00000000 00000000 00000000 00000000 ................
0xc1c6ea00: 00000000 00000000 00000000 00000000 ................
0xc1c6ea10: 00000000 00000000 00000000 00000000 ................
0xc1c6ea20: 00000000 00000000 00000000 00000000 ................
0xc1c6ea30: 00000000 00000000 00000000 00000000 ................
0xc1c6ea40: 00000000 00000000 00000000 00000000 ................
0xc1c6ea50: 00000000 00000000 00000000 00000000 ................
0xc1c6ea60: 00000000 00000000 00000000 00000000 ................
0xc1c6ea70: 00000000 00000000 00000000 00000000 ................
0xc1c6ea80: 00000000 00000000 00000000 00000000 ................
0xc1c6ea90: 00000000 00000000 00000000 00000000 ................
0xc1c6eaa0: 00000000 00000000 00000000 00000000 ................
0xc1c6eab0: 00000000 00000000 00000000 00000000 ................
0xc1c6eac0: 00000000 00000000 00000000 00000000 ................
0xc1c6ead0: 00000000 00000000 00000000 00000000 ................
0xc1c6eae0: 00000000 00000000 00000000 00000000 ................
0xc1c6eaf0: 00000000 00000000 00000000 00000000 ................
0xc1c6eb00: 00000000 00000000 00000000 00000000 ................
0xc1c6eb10: 00000000 00000000 00000000 00000000 ................
0xc1c6eb20: 00000000 00000000 00000000 00000000 ................
0xc1c6eb30: 00000000 00000000 00000000 00000000 ................
0xc1c6eb40: 00000000 00000000 00000000 00000000 ................
0xc1c6eb50: 00000000 00000000 00000000 00000000 ................
0xc1c6eb60: 00000000 00000000 00000000 00000000 ................
0xc1c6eb70: 00000000 00000000 00000000 00000000 ................
0xc1c6eb80: 00000000 00000000 00000000 00000000 ................
0xc1c6eb90: 00000000 00000000 00000000 00000000 ................
0xc1c6eba0: 00000000 00000000 00000000 00000000 ................
0xc1c6ebb0: 00000000 00000000 00000000 00000000 ................
0xc1c6ebc0: 00000000 00000000 00000000 00000000 ................
0xc1c6ebd0: 00000000 00000000 00000000 00000000 ................
0xc1c6ebe0: 00000000 00000000 00000000 00000000 ................
0xc1c6ebf0: 00000000 00000000 00000000 00000000 ................
0xc1c6ec00: 00000000 00000000 00000000 00000000 ................
0xc1c6ec10: 00000000 00000000 00000000 00000000 ................
0xc1c6ec20: 00000000 00000000 00000000 00000000 ................
0xc1c6ec30: 00000000 00000000 00000000 00000000 ................
0xc1c6ec40: 00000000 00000000 00000000 00000000 ................
0xc1c6ec50: 00000000 00000000 00000000 00000000 ................
0xc1c6ec60: 00000000 00000000 00000000 00000000 ................
0xc1c6ec70: 00000000 00000000 00000000 00000000 ................
0xc1c6ec80: 00000000 00000000 00000000 00000000 ................
0xc1c6ec90: 00000000 00000000 00000000 00000000 ................
0xc1c6eca0: 00000000 00000000 00000000 00000000 ................
0xc1c6ecb0: 00000000 00000000 00000000 00000000 ................
0xc1c6ecc0: 00000000 00000000 00000000 00000000 ................
0xc1c6ecd0: 00000000 00000000 00000000 00000000 ................
0xc1c6ece0: 00000000 00000000 00000000 00000000 ................
0xc1c6ecf0: 00000000 00000000 00000000 00000000 ................
0xc1c6ed00: 00000000 00000000 00000000 00000000 ................
0xc1c6ed10: 00000000 00000000 00000000 00000000 ................
0xc1c6ed20: 00000000 00000000 00000000 00000000 ................
0xc1c6ed30: 00000000 00000000 00000000 00000000 ................
0xc1c6ed40: 00000000 00000000 00000000 00000000 ................
0xc1c6ed50: 00000000 00000000 00000000 00000000 ................
0xc1c6ed60: 00000000 00000000 00000000 00000000 ................
0xc1c6ed70: 00000000 00000000 00000000 00000000 ................
0xc1c6ed80: 00000000 00000000 00000000 00000000 ................
0xc1c6ed90: 00000000 00000000 00000000 00000000 ................
0xc1c6eda0: 00000000 00000000 00000000 00000000 ................
0xc1c6edb0: 00000000 00000000 00000000 00000000 ................
0xc1c6edc0: 00000000 00000000 00000000 00000000 ................
0xc1c6edd0: 00000000 00000000 00000000 00000000 ................
0xc1c6ede0: 00000000 00000000 00000000 00000000 ................
0xc1c6edf0: 00000000 00000000 00000000 00000000 ................
0xc1c6ee00: 00000000 00000000 00000000 00000000 ................
0xc1c6ee10: 00000000 00000000 00000000 00000000 ................
0xc1c6ee20: 00000000 00000000 00000000 00000000 ................
0xc1c6ee30: 00000000 00000000 00000000 00000000 ................
0xc1c6ee40: 00000000 00000000 00000000 00000000 ................
0xc1c6ee50: 00000000 00000000 00000000 00000000 ................
0xc1c6ee60: 00000000 00000000 00000000 00000000 ................
0xc1c6ee70: 00000000 00000000 00000000 00000000 ................
0xc1c6ee80: 00000000 00000000 00000000 00000000 ................
0xc1c6ee90: 00000000 00000000 00000000 00000000 ................
0xc1c6eea0: 00000000 00000000 00000000 00000000 ................
0xc1c6eeb0: 00000000 00000000 00000000 00000000 ................
0xc1c6eec0: 00000000 00000000 00000000 00000000 ................
0xc1c6eed0: 00000000 00000000 00000000 00000000 ................
0xc1c6eee0: 00000000 00000000 00000000 00000000 ................
0xc1c6eef0: 00000000 00000000 00000000 00000000 ................
0xc1c6ef00: 00000000 00000000 00000000 00000000 ................
0xc1c6ef10: 00000000 00000000 00000000 00000000 ................
0xc1c6ef20: 00000000 00000000 00000000 00000000 ................
0xc1c6ef30: 00000000 00000000 00000000 00000000 ................
0xc1c6ef40: 00000000 00000000 00000000 00000000 ................
0xc1c6ef50: 00000000 00000000 00000000 00000000 ................
0xc1c6ef60: 00000000 00000000 00000000 00000000 ................
0xc1c6ef70: 00000000 00000000 00000000 00000000 ................
0xc1c6ef80: 00000000 00000000 00000000 00000000 ................
0xc1c6ef90: 00000000 00000000 00000000 00000000 ................
0xc1c6efa0: 00000000 00000000 00000000 00000000 ................
0xc1c6efb0: 00000000 00000000 00000000 00000000 ................
0xc1c6efc0: 00000000 00000000 00000000 00000000 ................
0xc1c6efd0: 00000000 00000000 00000000 00000000 ................
0xc1c6efe0: 00000000 00000000 00000000 00000000 ................
0xc1c6eff0: 00000000 00000000 00000000 00000000 ................
0xc1c6f000: 00000000 00000000 00000000 00000000 ................
0xc1c6f010: 00000000 00000000 00000000 00000000 ................
0xc1c6f020: 00000000 00000000 00000000 00000000 ................
0xc1c6f030: 00000000 00000000 00000000 00000000 ................
0xc1c6f040: 00000000 00000000 00000000 00000000 ................
0xc1c6f050: 00000000 00000000 00000000 00000000 ................
0xc1c6f060: 00000000 00000000 00000000 00000000 ................
0xc1c6f070: 00000000 00000000 00000000 00000000 ................
0xc1c6f080: 00000000 00000000 00000000 00000000 ................
0xc1c6f090: 00000000 00000000 00000000 00000000 ................
0xc1c6f0a0: 00000000 00000000 00000000 00000000 ................
0xc1c6f0b0: 00000000 00000000 00000000 00000000 ................
0xc1c6f0c0: 00000000 00000000 00000000 00000000 ................
0xc1c6f0d0: 00000000 00000000 00000000 00000000 ................
0xc1c6f0e0: 00000000 00000000 00000000 00000000 ................
0xc1c6f0f0: 00000000 00000000 00000000 00000000 ................
0xc1c6f100: 00000000 00000000 00000000 00000000 ................
0xc1c6f110: 00000000 00000000 0000035a 00000000 ........Z.......
0xc1c6f120: 00000000 00000000 592aa620 00000167 ........ .*Yg...
0xc1c6f130: 00000000 00000000 00000001 00000000 ................
0xc1c6f140: 592aa610 00000167 0000031b 00000000 ..*Yg...........
0xc1c6f150: 00000000 00000000 00000000 00000000 ................
0xc1c6f160: f2e80150 00000165 00000000 00000000 P...e...........
0xc1c6f170: 000002da 00000000 000003ff 00000000 ................
0xc1c6f180: 592aa610 00000167 00000000 00000000 ..*Yg...........
0xc1c6f190: 0000035a 00000000 00000000 00000000 Z...............
0xc1c6f1a0: 00000000 00000000 00000000 00000000 ................
0xc1c6f1b0: 00000000 00000000 00000080 00000000 ................
0xc1c6f1c0: f2e80150 00000165 0000035a 00000000 P...e...Z.......
0xc1c6f1d0: f2e89f08 00000165 f2e80150 00000165 ....e...P...e...
0xc1c6f1e0: 00000000 00000000 0000039b 00000000 ................
0xc1c6f1f0: 00000000 00000000 00000000 00000000 ................
0xc1c6f200: 00000000 00000000 0000035a 00000000 ........Z.......
0xc1c6f210: 00000000 00000000 00000000 00000000 ................
0xc1c6f220: 00000000 00000000 00000000 00000000 ................
0xc1c6f230: 00000000 00000000 00000000 00000000 ................
0xc1c6f240: 00000000 00000000 00000410 00000000 ................
0xc1c6f250: 00000000 00000000 00000000 00000000 ................
0xc1c6f260: 00000000 00000000 00000038 00000000 ........8.......
0xc1c6f270: 00000000 00000000 9800039b 00000000 ................
0xc1c6f280: 00000000 00000000 02000002 00000000 ................
0xc1c6f290: 00000000 00000000 00000000 00000000 ................
0xc1c6f2a0: 00000000 00000000 00000000 00000000 ................
0xc1c6f2b0: 00000000 00000000 17000017 00000000 ................
0xc1c6f2c0: 00000000 00000000 00000000 00000000 ................
0xc1c6f2d0: 00000000 00000000 00000000 00000000 ................
0xc1c6f2e0: 00000000 00000000 00000000 00000000 ................
0xc1c6f2f0: 00800001 00000000 00000000 00000000 ................
0xc1c6f300: 00000410 00000000 00000400 00000000 ................
0xc1c6f310: 00000001 00000000 f2e80000 00000165 ............e...
0xc1c6f320: 00000041 00000000 4abbb44d 00007ff8 A.......M..J....
0xc1c6f330: f2e80000 00000165 00800003 00000000 ....e...........
0xc1c6f340: 00000400 00000000 4abbb90b 00007ff8 ...........J....
0xc1c6f350: 000e0009 00000000 00000079 00000000 ........y.......
0xc1c6f360: 178b9bd0 00000167 00000000 00000000 ....g...........
0xc1c6f370: 00000000 00000000 00000000 00000000 ................
0xc1c6f380: 00000000 00000000 f2e433c0 00000165 .........3..e...
0xc1c6f390: 001516d8 001516dc f2e40000 00000165 ............e...
0xc1c6f3a0: f2e4047c 00000165 00000000 00000000 |...e...........
0xc1c6f3b0: 00002c10 00000000 4abbb86b 00007ff8 .,......k..J....
0xc1c6f3c0: 000a0005 00000000 4abbb90b 00007ff8 ...........J....
0xc1c6f3d0: 00170013 00000000 00000082 00000000 ................
0xc1c6f3e0: 591fd420 00000167 00000080 00000000  ..Yg...........
0xc1c6f3f0: 00000000 00000165 4abbb90b 00007ff8 ....e......J....
0xc1c6f400: 00000000 00000000 f2e43300 00000165 .........3..e...
0xc1c6f410: 591fd420 00000167 f2e40000 00000165  ..Yg.......e...
0xc1c6f420: f2e403a4 00000165 f2e40cc0 00000165 ....e.......e...
0xc1c6f430: 00000410 00000000 f2e40cc0 00000165 ............e...
0xc1c6f440: 400ab8f0 00000166 00000000 00000000 ...@f...........
0xc1c6f450: 00000000 00000000 00000000 00000000 ................
0xc1c6f460: 00000000 00000000 00000000 00000000 ................
0xc1c6f470: 00000000 00000000 00000000 00000000 ................
0xc1c6f480: 4001ad10 00000166 00000001 00000000 ...@f...........
0xc1c6f490: ffffffff 00000000 00000000 00000000 ................
0xc1c6f4a0: 00000000 00000000 00000000 00000000 ................
0xc1c6f4b0: 00000041 00000000 4abbb3c7 00007ff8 A..........J....
0xc1c6f4c0: f2e40000 00000002 00000000 00000000 ................
0xc1c6f4d0: 00000400 00000000 00000008 00000000 ................
0xc1c6f4e0: 00000000 00000000 00000000 00000000 ................
0xc1c6f4f0: 00000000 00000000 200342f0 00000167 .........B. g...
0xc1c6f500: 200d1830 00000167 00000000 00000000 0.. g...........
0xc1c6f510: 00000000 00000000 00000000 00000000 ................
0xc1c6f520: 00000000 00000000 00000000 00000000 ................
0xc1c6f530: 828a66b0 00000166 828af5f0 00000166 .f..f.......f...
0xc1c6f540: 00000000 00000000 00000000 00000000 ................
0xc1c6f550: 00000000 00000000 00000000 00000000 ................
0xc1c6f560: 00000000 00000000 00000400 00000000 ................
0xc1c6f570: c1c6f9b0 00000005 00000001 00000000 ................
0xc1c6f580: c1c6f600 00000005 2eaea70e 00007ff8 ................
0xc1c6f590: c1c6f5e0 00000005 14917319 00007ff8 .........s......
0xc1c6f5a0: c1c6f5e0 00000005 00000000 00000000 ................
0xc1c6f5b0: 59239880 00000167 2eaea843 00007ff8 ..#Yg...C.......
0xc1c6f5c0: 00000057 00000000 4abe07b0 00007ff8 W..........J....
0xc1c6f5d0: c1c6f9b0 00000005 c1c6f5e0 00000005 ................
0xc1c6f5e0: 00000004 00000004 59239880 00000167 ..........#Yg...
0xc1c6f5f0: 2eb15ad0 00007ff8 c1c6f5e8 00000005 .Z..............
0xc1c6f600: 00000000 00000000 00b10d04 00000167 ............g...
0xc1c6f610: 00b10dc8 00000167 00000000 00000000 ....g...........
0xc1c6f620: 00000000 00000000 00000000 00000000 ................
0xc1c6f630: 00000000 00000000 00000005 00000005 ................
0xc1c6f640: 00000002 00000000 2eaf820d 00007ff8 ................
0xc1c6f650: 7ffe0385 00000000 00000000 00000000 ................
0xc1c6f660: 00000005 00000000 00000005 00007ff8 ................
0xc1c6f670: 7ffe0384 00000000 2eaf1e8a 00007ff8 ................
0xc1c6f680: 7ffe0385 00000000 00000002 00000000 ................
0xc1c6f690: 00000001 00000000 4aba9877 00007ff8 ........w..J....
0xc1c6f6a0: 00000000 00000000 2eaf1a3d 00007ff8 ........=.......
0xc1c6f6b0: 7ffe0384 00000000 4aba9a26 00007ff8 ........&..J....
0xc1c6f6c0: 7ffe0385 00000000 4aba9993 00007ff8 ...........J....
0xc1c6f6d0: 00000002 00000000 2eaf1c9d 00007ff8 ................
0xc1c6f6e0: 00000001 00000000 00000000 00000000 ................
0xc1c6f6f0: 00000000 00000000 00000002 00000000 ................
0xc1c6f700: bf82c000 00000005 eb0c0db3 00007fff ................
0xc1c6f710: 00000001 00000000 ec4fa060 00007fff ........`.O.....
0xc1c6f720: 2ead0000 00007ff8 7ffe0384 00000000 ................
0xc1c6f730: 00000002 00000000 4aba9a26 00007ff8 ........&..J....
0xc1c6f740: 2ead0000 00007ff8 00000002 00000000 ................
0xc1c6f750: 00000000 00000000 7ffe0385 00000000 ................
0xc1c6f760: 00000015 00000000 4abce683 00007ff8 ...........J....
0xc1c6f770: 2eaf1d60 00007ff8 4abed964 00007ff8 `.......d..J....
0xc1c6f780: 00000000 00000000 bf9d0000 00000005 ................
0xc1c6f790: 4acfa4d0 00007ff8 bf9d0000 00000005 ...J............
0xc1c6f7a0: 2eaf1d60 00007ff8 4aba7955 00007ff8 `.......Uy.J....
0xc1c6f7b0: 4acfa4d0 00007ff8 bf9d0000 00000005 ...J............
0xc1c6f7c0: bf9d0000 00000005 2eaf1d60 00007ff8 ........`.......
0xc1c6f7d0: 59180780 00000167 2eaf1d60 00007ff8 ...Yg...`.......
0xc1c6f7e0: 00000048 00000000 00000001 00000000 H...............
0xc1c6f7f0: 00000000 00000000 00000000 00000000 ................
0xc1c6f800: 00000070 00000000 ffffffff ffffffff p...............
0xc1c6f810: ffffffff ffffffff 4aba7877 00007ff8 ........wx.J....
0xc1c6f820: 4aba78aa 00007ff8 00000000 00000000 .x.J............
0xc1c6f830: 00000000 00000000 00000000 00000000 ................
0xc1c6f840: 12545750 00007ff8 00000001 00000001 PWT.............
0xc1c6f850: 00000000 00000000 00000007 00000007 ................
0xc1c6f860: 00000008 00000008 00000008 00000000 ................
0xc1c6f870: 00b0ff4c 00000167 00000001 00000000 L...g...........
0xc1c6f880: 00000008 00000000 00000011 00000000 ................
0xc1c6f890: 00b0ff6c 00000167 00000001 00000000 l...g...........
0xc1c6f8a0: 00000008 00000000 00000011 00000000 ................
0xc1c6f8b0: 00b0ff8c 00000167 00000001 00000000 ....g...........
0xc1c6f8c0: 00000094 00000000 00000129 00000000 ........).......
0xc1c6f8d0: 00000000 00000000 00000001 00000000 ................
0xc1c6f8e0: 00000000 00000000 00000000 00000000 ................
0xc1c6f8f0: 00000000 00000000 00000000 00000000 ................
0xc1c6f900: 00000000 00000000 00000000 00000000 ................
0xc1c6f910: c1c6f9b0 00000005 00000000 00000000 ................
0xc1c6f920: 4ab90000 00007ff8 4ac04b73 00007ff8 ...J....sK.J....
0xc1c6f930: 00000000 00000000 4ab90000 00007ff8 ...........J....
0xc1c6f940: 00000000 00000000 bf82c000 00000005 ................
0xc1c6f950: 00000000 00000000 4ac04b28 00007ff8 ........(K.J....
0xc1c6f960: c1c6f9b0 00000005 00000000 00000000 ................
0xc1c6f970: 00000000 00000000 00000000 00000000 ................
0xc1c6f980: 00000000 00000000 00000000 00000000 ................
0xc1c6f990: 00000000 00000000 00000000 00000000 ................
0xc1c6f9a0: 00000000 00000000 00000000 00000000 ................
0xc1c6f9b0: 00000000 00000000 00000000 00000000 ................
0xc1c6f9c0: 00000000 00000000 00000000 00000000 ................
0xc1c6f9d0: 00000000 00000000 00000000 00000000 ................
0xc1c6f9e0: 0010001b 00001f80 00000033 00000000 ........3.......
0xc1c6f9f0: 002b0000 00000200 00000000 00000000 ..+.............
0xc1c6fa00: 00000000 00000000 00000000 00000000 ................
0xc1c6fa10: 00000000 00000000 00000000 00000000 ................
0xc1c6fa20: 00000000 00000000 00000000 00000000 ................
0xc1c6fa30: 11924740 00007ff8 4006e0b0 00000166 @G.........@f...
0xc1c6fa40: 00000000 00000000 c1c6fea8 00000005 ................
0xc1c6fa50: 00000000 00000000 00000000 00000000 ................
0xc1c6fa60: 00000000 00000000 00000000 00000000 ................
0xc1c6fa70: 00000000 00000000 00000000 00000000 ................
0xc1c6fa80: 00000000 00000000 00000000 00000000 ................
0xc1c6fa90: 00000000 00000000 4834d69b 00007ff8 ..........4H....
0xc1c6faa0: 00000000 00000000 4abe2630 00007ff8 ........0&.J....
0xc1c6fab0: 0000027f 00000000 00000000 00000000 ................
0xc1c6fac0: 00000000 00000000 00001f80 0000ffff ................
0xc1c6fad0: fe1b1260 00007ff6 00000000 00000000 `...............
0xc1c6fae0: 00100000 00000000 00001000 00000000 ................
0xc1c6faf0: 00000002 00060000 00000006 81600022 ............".`.
0xc1c6fb00: 04018664 00000000 0009ee00 00000000 d...............
0xc1c6fb10: 00000040 00000000 4834d548 00007ff8 @.......H.4H....
0xc1c6fb20: c1c6fbe0 00000005 00000000 00000000 ................
0xc1c6fb30: 00000000 00000000 00000000 00000000 ................
0xc1c6fb40: 00060009 00089e0a bd9bbfff 00000000 ................
0xc1c6fb50: 00000000 00000000 00000000 00000000 ................
0xc1c6fb60: 00000020 00000000 1167ad8c 00007ff8  .........g.....
0xc1c6fb70: 4009d0d0 00000166 128bd3c0 00007ff8 ...@f...........
0xc1c6fb80: 00000000 00000000 00000000 00000000 ................
0xc1c6fb90: 00000030 00000000 1167ad8c 00007ff8 0.........g.....
0xc1c6fba0: 400a6ce0 00000166 128bd3c0 00007ff8 .l.@f...........
0xc1c6fbb0: 128bd3c0 00007ff8 00000000 00000000 ................
0xc1c6fbc0: 128ac660 00007ff8 11679f0b 00007ff8 `.........g.....
0xc1c6fbd0: 400a6ce0 00000166 40400100 00000166 .l.@f.....@@f...
0xc1c6fbe0: 128ac660 00007ff8 11679cab 00007ff8 `.........g.....
0xc1c6fbf0: 00000010 00000000 00000000 00000000 ................
0xc1c6fc00: 00000001 00000000 00000000 00000000 ................
0xc1c6fc10: 128ac660 00007ff8 11679cab 00007ff8 `.........g.....
0xc1c6fc20: 128bd8c0 00007ff8 00000030 00000000 ........0.......
0xc1c6fc30: 00000010 00000000 00000000 00000000 ................
0xc1c6fc40: 4009d0b0 00000166 00001252 00000000 ...@f...R.......
0xc1c6fc50: 4009d0b0 00000166 00001252 00000000 ...@f...R.......
0xc1c6fc60: 00000000 00000000 00000000 00000000 ................
0xc1c6fc70: 40400080 00000166 1167b006 00007ff8 ..@@f.....g.....
0xc1c6fc80: 00000020 00000000 00000020 00000000  ....... .......
0xc1c6fc90: 4009d0d0 00000166 00000000 00000000 ...@f...........
0xc1c6fca0: 00000014 00000000 00000017 00000000 ................
0xc1c6fcb0: 128ac660 00007ff8 4006e0b0 00000166 `..........@f...
0xc1c6fcc0: 4009d110 00000166 11676770 00007ff8 ...@f...pgg.....
0xc1c6fcd0: 00000000 00000000 0000000c 00000000 ................
0xc1c6fce0: 00000000 00007ff8 125a30f8 00007ff8 .........0Z.....
0xc1c6fcf0: 00000000 00000000 1167602a 00007ff8 ........*`g.....
0xc1c6fd00: 00000000 00000000 00000000 00000000 ................
0xc1c6fd10: 00000000 00000000 00000000 00000000 ................
0xc1c6fd20: 115f315b 00007ff8 00000000 00000000 [1_.............
0xc1c6fd30: 00000000 00000000 00000000 00000000 ................
0xc1c6fd40: 00000000 00000000 00000013 00000000 ................
0xc1c6fd50: 00000000 00000000 400002c0 00000167 ...........@g...
0xc1c6fd60: 8022b8c0 00000166 115fe6cd 00007ff8 ..".f....._.....
0xc1c6fd70: 8022b8c0 00000166 001516d8 001516dc ..".f...........
0xc1c6fd80: 422fd170 00000167 000027f3 00000000 p./Bg....'......
0xc1c6fd90: 00000000 00000000 115fe7a8 00007ff8 .........._.....
0xc1c6fda0: 8022b8c0 00000166 00000000 00000000 ..".f...........
0xc1c6fdb0: 00000000 00000000 00000000 00000000 ................
0xc1c6fdc0: 4006e0b0 00000166 11924798 00007ff8 ...@f....G......
0xc1c6fdd0: 4006e0b0 00000166 00000000 00000000 ...@f...........
0xc1c6fde0: 00000000 00000000 00000000 00000000 ................
0xc1c6fdf0: 00000000 00000000 49647034 00007ff8 ........4pdI....
0xc1c6fe00: 00000000 00000000 00000000 00000000 ................
0xc1c6fe10: 00000000 00000000 00000000 00000000 ................
0xc1c6fe20: 00000000 00000000 4abe2651 00007ff8 ........Q&.J....
0xc1c6fe30: 00000000 00000000 00000000 00000000 ................
0xc1c6fe40: 00000000 00000000 00000000 00000000 ................
0xc1c6fe50: 00000000 00000000 00000000 00000000 ................
0xc1c6fe60: 00000000 fe9578ed 00000000 00000000 .....x..........
0xc1c6fe70: 00000000 00000000 4842c060 00007ff8 ........`.BH....
0xc1c6fe80: c1c6d140 00000005 c4680003 ffc5b6bd @.........h.....
0xc1c6fe90: b6d7b88d 00007ff8 c1c6d140 00000005 ........@.......
0xc1c6fea0: 00000000 00000000 00000000 00000000 ................
0xc1c6feb0: 00000000 00000000 00000000 00000000 ................
0xc1c6fec0: 00000000 00000000 00000000 00000000 ................
0xc1c6fed0: 00000000 00000000 00000000 00000000 ................
0xc1c6fee0: 00000000 00000000 00000000 00000000 ................
0xc1c6fef0: 00000000 00000000 00000000 00000000 ................
0xc1c6ff00: 00000000 00000000 00000000 00000000 ................
0xc1c6ff10: 00000000 00000000 00000000 00000000 ................
0xc1c6ff20: 00000000 00000000 00000000 00000000 ................
0xc1c6ff30: 00000000 00000000 00000000 00000000 ................
0xc1c6ff40: 00000000 00000000 00000000 00000000 ................
0xc1c6ff50: 00000000 00000000 00000000 00000000 ................
0xc1c6ff60: 00000000 00000000 00000000 00000000 ................
0xc1c6ff70: 00000000 00000000 00000000 00000000 ................
0xc1c6ff80: 00000000 00000000 00000000 00000000 ................
0xc1c6ff90: 00000000 00000000 00000000 00000000 ................
0xc1c6ffa0: 00000000 00000000 00000000 00000000 ................
0xc1c6ffb0: 00000000 00000000 00000000 00000000 ................
0xc1c6ffc0: 00000000 00000000 00000000 00000000 ................
0xc1c6ffd0: 00000000 00000000 00000000 00000000 ................
0xc1c6ffe0: 00000000 00000000 00000000 00000000 ................
0xc1c6fff0: 00000000 00000000 00000000 00000000 ................

Module 1
C:\WINDOWS\SYSTEM32\xinput1_3.dll
Image Base: 0x00400000  Image Size: 0x0001e000
File Size:  107368      File Time:  2007-04-04_185422
Version:
   Company:    Microsoft Corporation
   Product:    Microsoft® DirectX for Windows®
   FileDesc:   Microsoft Common Controller API
   FileVer:    9.18.944.0
   ProdVer:    9.18.944.0

Crash Report configuration:
 * App Name: Temtem
 * App Version: Unity 2019.4.18f1_3310a4d4f880
 * Mono DLL: 
 * Bug Reporter App Path: 
 * Crash Report Path: C:\Users\rqflo\AppData\Local\Temp\Crema\Temtem\Crashes
 * Is Editor: false

Crash Report metadata:

Additional report files:
 * "C:\Users\rqflo\AppData\LocalLow\Crema\Temtem\Player.log" (Output log file)



== [end of error.log] ==
