Temtem by Crema [version: Unity 2019.4.18f1_3310a4d4f880]

UnityPlayer.dll caused an Access Violation (0xc0000005)
  in module UnityPlayer.dll at 0033:dce7c179.

Error occurred at 2021-04-15_181346.
C:\Program Files (x86)\Steam\steamapps\common\Temtem\Temtem.exe, run by rqflo.

77% physical memory in use.
8035 MB physical memory [1798 MB free].
8285 MB process peak paging file [8261 MB used].
2285 MB process peak working set [2058 MB used].
System Commit Total/Limit/Peak: 16226MB/16227MB/16227MB
System Physical Total/Available: 8035MB/1798MB
System Process Count: 216
System Thread Count: 2314
System Handle Count: 88799
Disk space data for 'C:\Users\rqflo\AppData\Local\Temp\Crema\Temtem\Crashes\Crash_2021-04-15_101342618\': 600644456448 bytes free of 999007711232 total.

Write to location 0000000000000000 caused an access violation.

Context:
RDI:    0x0000000000000000  RSI: 0x0000000001957000  RAX:   0x0000000000000000
RBX:    0x00007fffde0bd700  RCX: 0x0000000000000000  RDX:   0x00000000000005af
RIP:    0x00007fffdce7c179  RBP: 0x0000000000000000  SegCs: 0x0000000000000033
EFlags: 0x0000000000010206  RSP: 0x000000502e5adf40  SegSs: 0x000000000000002b
R8:     0x000000000000005a  R9:  0x000000000000005e  R10:   0x0000000000000096
R11:    0x0000000000000246  R12: 0x000000000195690c  R13:   0x0000000000000001
R14:    0x0000000000000010  R15: 0x00007fffde0bd820


Bytes at CS:EIP:
48 89 28 48 89 68 08 48 89 48 10 48 8b 8b 70 01 

No mono DLL path set. This app is either running IL2CPP, or the crash occurred before mono was initialized.


Stack Trace of Crashed Thread 7444:
0x00007FFFDCE7C179 (UnityPlayer) UnityMain
0x00007FFFDCE79D0A (UnityPlayer) UnityMain
0x00007FFFDCE7641C (UnityPlayer) UnityMain
0x00007FFFDCE75CE5 (UnityPlayer) UnityMain
0x00007FFFDCF9E068 (UnityPlayer) UnityMain
0x00007FFFDCF9DE64 (UnityPlayer) UnityMain
0x00007FFFDCF9B947 (UnityPlayer) UnityMain
0x00007FFFDD183F8E (UnityPlayer) UnityMain
ERROR: SymGetSymFromAddr64, GetLastError: 'Attempt to access invalid address.' (Address: 00007FFFDCDFD9BF)
0x00007FFFDCDFD9BF (UnityPlayer) (function-name not available)
ERROR: SymGetSymFromAddr64, GetLastError: 'Attempt to access invalid address.' (Address: 00007FFFDCDFE6CD)
0x00007FFFDCDFE6CD (UnityPlayer) (function-name not available)
ERROR: SymGetSymFromAddr64, GetLastError: 'Attempt to access invalid address.' (Address: 00007FFFDCDFE7A8)
0x00007FFFDCDFE7A8 (UnityPlayer) (function-name not available)
0x00007FFFDD124798 (UnityPlayer) UnityMain
ERROR: SymGetSymFromAddr64, GetLastError: 'Attempt to access invalid address.' (Address: 00007FF849647034)
0x00007FF849647034 (KERNEL32) (function-name not available)
ERROR: SymGetSymFromAddr64, GetLastError: 'Attempt to access invalid address.' (Address: 00007FF84ABE2651)
0x00007FF84ABE2651 (ntdll) (function-name not available)

Stacks for Running Threads:

Call Stack for Thread 17308:
ERROR: SymGetSymFromAddr64, GetLastError: 'Attempt to access invalid address.' (Address: 00007FF84AC2CC94)
ERROR: SymGetModuleInfo64, GetLastError: 'Not enough memory resources are available to process this command.' (Address: 00007FF84AC2CC94)
0x00007FF84AC2CC94 ((<unknown>)) (function-name not available)
ERROR: SymGetSymFromAddr64, GetLastError: 'Attempt to access invalid address.' (Address: 00007FF84833A34E)
ERROR: SymGetModuleInfo64, GetLastError: 'Not enough memory resources are available to process this command.' (Address: 00007FF84833A34E)
0x00007FF84833A34E ((<unknown>)) (function-name not available)
ERROR: SymGetModuleInfo64, GetLastError: 'Not enough memory resources are available to process this command.' (Address: 00007FFFDD787732)
0x00007FFFDD787732 ((<unknown>)) UnityMain
ERROR: SymGetModuleInfo64, GetLastError: 'Not enough memory resources are available to process this command.' (Address: 00007FFFDCFAF9AC)
0x00007FFFDCFAF9AC ((<unknown>)) UnityMain
ERROR: SymGetModuleInfo64, GetLastError: 'Not enough memory resources are available to process this command.' (Address: 00007FFFDCF8606C)
0x00007FFFDCF8606C ((<unknown>)) UnityMain
ERROR: SymGetModuleInfo64, GetLastError: 'Not enough memory resources are available to process this command.' (Address: 00007FFFDCF7B726)
0x00007FFFDCF7B726 ((<unknown>)) UnityMain
ERROR: SymGetModuleInfo64, GetLastError: 'Not enough memory resources are available to process this command.' (Address: 00007FFFDD1F2A3D)
0x00007FFFDD1F2A3D ((<unknown>)) UnityMain
ERROR: SymGetModuleInfo64, GetLastError: 'Not enough memory resources are available to process this command.' (Address: 00007FFFDD1F2EB9)
0x00007FFFDD1F2EB9 ((<unknown>)) UnityMain
ERROR: SymGetModuleInfo64, GetLastError: 'Not enouD' (Address: 00007FFFDD1E2637)
0x00007FFFDD1E2637 ((<unknown>)) UnityMain
ERROR: SymGetModuleInfo64, GetLastError: 'Unknown error [8]' (Address: 00007FFFDD1E2900)
0x00007FFFDD1E2900 ((<unknown>)) UnityMain
ERROR: SymGetModuleInfo64, GetLastError: 'Unknown error [8]' (Address: 00007FFFDD1E4C6D)
0x00007FFFDD1E4C6D ((<unknown>)) UnityMain
ERROR: SymGetModuleInfo64, GetLastError: 'Unknown error [8]' (Address: 00007FFFDD15A1E1)
0x00007FFFDD15A1E1 ((<unknown>)) UnityMain
ERROR: SymGetModuleInfo64, GetLastError: 'Unknown error [8]' (Address: 00007FFFDD25EE40)
0x00007FFFDD25EE40 ((<unknown>)) UnityMain
ERROR: SymGetSymFromAddr64, GetLastError: 'Attempt to access invalid address.' (Address: 00007FFFD9523E6D)
ERROR: SymGetModuleInfo64, GetLastError: 'Unknown error [8]' (Address: 00007FFFD9523E6D)
0x00007FFFD9523E6D ((<unknown>)) (function-name not available)
ERROR: SymGetSymFromAddr64, GetLastError: 'Attempt to access invalid address.' (Address: 00007FFFD8251731)
ERROR: SymGetModuleInfo64, GetLastError: 'Unknown error [8]' (Address: 00007FFFD8251731)
0x00007FFFD8251731 ((<unknown>)) (function-name not available)
ERROR: SymGetSymFromAddr64, GetLastError: 'Attempt to access invalid address.' (Address: 00007FFFD8261F46)
ERROR: SymGetModuleInfo64, GetLastError: 'Unknown error [8]' (Address: 00007FFFD8261F46)
0x00007FFFD8261F46 ((<unknown>)) (function-name not available)
ERROR: SymGetSymFromAddr64, GetLastError: 'Attempt to access invalid address.' (Address: 00007FFFD7636B89)
ERROR: SymGetModuleInfo64, GetLastError: 'Unknown error [8]' (Address: 00007FFFD7636B89)
0x00007FFFD7636B89 ((<unknown>)) (function-name not available)
ERROR: SymGetSymFromAddr64, GetLastError: 'Attempt to access invalid address.' (Address: 00007FFFD6E6513C)
ERROR: SymGetModuleInfo64, GetLastError: 'Unknown error [8]' (Address: 00007FFFD6E6513C)
0x00007FFFD6E6513C ((<unknown>)) (function-name not available)
ERROR: SymGetSymFromAddr64, GetLastError: 'Attempt to access invalid address.' (Address: 00007FFFD7018980)
ERROR: SymGetModuleInfo64, GetLastError: 'Unknown error [8]' (Address: 00007FFFD7018980)
0x00007FFFD7018980 ((<unknown>)) (function-name not available)
ERROR: SymGetModuleInfo64, GetLastError: 'Unknown error [8]' (Address: 00007FFFDD199D10)
0x00007FFFDD199D10 ((<unknown>)) UnityMain
ERROR: SymGetModuleInfo64, GetLastError: 'Unknown error [8]' (Address: 00007FFFDD1AB093)
0x00007FFFDD1AB093 ((<unknown>)) UnityMain
ERROR: SymGetModuleInfo64, GetLastError: 'Unknown error [8]' (Address: 00007FFFDD1AB1B4)
0x00007FFFDD1AB1B4 ((<unknown>)) UnityMain
ERROR: SymGetModuleInfo64, GetLastError: 'Unknown error [8]' (Address: 00007FFFDD1DCBD5)
0x00007FFFDD1DCBD5 ((<unknown>)) UnityMain
ERROR: SymGetModuleInfo64, GetLastError: 'Unknown error [8]' (Address: 00007FFFDD1B3EA8)
0x00007FFFDD1B3EA8 ((<unknown>)) UnityMain
ERROR: SymGetModuleInfo64, GetLastError: 'Unknown error [8]' (Address: 00007FFFDD1B3A5D)
0x00007FFFDD1B3A5D ((<unknown>)) UnityMain
ERROR: SymGetModuleInfo64, GetLastError: 'Unknown error [8]' (Address: 00007FFFDD1B3D2C)
0x00007FFFDD1B3D2C ((<unknown>)) UnityMain
ERROR: SymGetModuleInfo64, GetLastError: 'Unknown error [8]' (Address: 00007FFFDD1F2A3D)
0x00007FFFDD1F2A3D ((<unknown>)) UnityMain
ERROR: SymGetModuleInfo64, GetLastError: 'Unknown error [8]' (Address: 00007FFFDD1F2EB9)
0x00007FFFDD1F2EB9 ((<unknown>)) UnityMain
ERROR: SymGetModuleInfo64, GetLastError: 'Unknown error [8]' (Address: 00007FFFDD0924DD)
0x00007FFFDD0924DD ((<unknown>)) UnityMain
ERROR: SymGetModuleInfo64, GetLastError: 'Unknown error [8]' (Address: 00007FFFDD092B21)
0x00007FFFDD092B21 ((<unknown>)) UnityMain
ERROR: SymGetModuleInfo64, GetLastError: 'Unknown error [8]' (Address: 00007FFFDD094F89)
0x00007FFFDD094F89 ((<unknown>)) UnityMain
ERROR: SymGetModuleInfo64, GetLastError: 'Unknown error [8]' (Address: 00007FFFDD094CAD)
0x00007FFFDD094CAD ((<unknown>)) UnityMain
ERROR: SymGetModuleInfo64, GetLastError: 'Unknown error [8]' (Address: 00007FFFDD07D217)
0x00007FFFDD07D217 ((<unknown>)) UnityMain
ERROR: SymGetModuleInfo64, GetLastError: 'Unknown error [8]' (Address: 00007FFFDD07D2B3)
0x00007FFFDD07D2B3 ((<unknown>)) UnityMain
ERROR: SymGetModuleInfo64, GetLastError: 'Unknown error [8]' (Address: 00007FFFDD07F6EC)
0x00007FFFDD07F6EC ((<unknown>)) UnityMain
ERROR: SymGetSymFromAddr64, GetLastError: 'Attempt to access invalid address.' (Address: 00007FFFDCE3496E)
ERROR: SymGetModuleInfo64, GetLastError: 'Unknown error [8]' (Address: 00007FFFDCE3496E)
0x00007FFFDCE3496E ((<unknown>)) (function-name not available)
ERROR: SymGetSymFromAddr64, GetLastError: 'Attempt to access invalid address.' (Address: 00007FFFDCE336CA)
ERROR: SymGetModuleInfo64, GetLastError: 'Unknown error [8' (Address: 00007FFFDCE336CA)
0x00007FFFDCE336CA ((<unknown>)) (function-name not available)
ERROR: SymGetSymFromAddr64, GetLastError: 'Attempt to access invalid address.' (Address: 00007FFFDCE378A8)
ERROR: SymGetModuleInfo64, GetLastError: 'Unknown error [8' (Address: 00007FFFDCE378A8)
0x00007FFFDCE378A8 ((<unknown>)) (function-name not available)
ERROR: SymGetModuleInfo64, GetLastError: 'Unknown error [8' (Address: 00007FFFDCE3B3AB)
0x00007FFFDCE3B3AB ((<unknown>)) UnityMain
ERROR: SymGetSymFromAddr64, GetLastError: 'The specified module could not be found.' (Address: 00007FF6FE1B11F2)
0x00007FF6FE1B11F2 (Temtem) (function-name not available)
ERROR: SymGetSymFromAddr64, GetLastError: 'Attempt to access invalid address.' (Address: 00007FF849647034)
0x00007FF849647034 (KERNEL32) (function-name not available)
ERROR: SymGetSymFromAddr64, GetLastError: 'Attempt to access invalid address.' (Address: 00007FF84ABE2651)
0x00007FF84ABE2651 (ntdll) (function-name not available)


Call Stack for Thread 10456:
ERROR: SymGetSymFromAddr64, GetLastError: 'Attempt to access invalid address.' (Address: 00007FF84AC2CC94)
0x00007FF84AC2CC94 (ntdll) (function-name not available)
ERROR: SymGetSymFromAddr64, GetLastError: 'Attempt to access invalid address.' (Address: 00007FF84833A34E)
0x00007FF84833A34E (KERNELBASE) (function-name not available)
ERROR: SymGetSymFromAddr64, GetLastError: 'Attempt to access invalid address.' (Address: 00007FFFD6FE2139)
0x00007FFFD6FE2139 (GameAssembly) (function-name not available)
ERROR: SymGetSymFromAddr64, GetLastError: 'Attempt to access invalid address.' (Address: 00007FFFD704EBAE)
0x00007FFFD704EBAE (GameAssembly) (function-name not available)
ERROR: SymGetSymFromAddr64, GetLastError: 'Attempt to access invalid address.' (Address: 00007FFFD6FE0C92)
0x00007FFFD6FE0C92 (GameAssembly) (function-name not available)
ERROR: SymGetSymFromAddr64, GetLastError: 'Attempt to access invalid address.' (Address: 00007FFFD6FE1CB3)
0x00007FFFD6FE1CB3 (GameAssembly) (function-name not available)
ERROR: SymGetSymFromAddr64, GetLastError: 'Attempt to access invalid address.' (Address: 00007FF849647034)
0x00007FF849647034 (KERNEL32) (function-name not available)
ERROR: SymGetSymFromAddr64, GetLastError: 'Attempt to access invalid address.' (Address: 00007FF84ABE2651)
0x00007FF84ABE2651 (ntdll) (function-name not available)


Call Stack for Thread 12136:
ERROR: SymGetSymFromAddr64, GetLastError: 'Attempt to access invalid address.' (Address: 00007FF84AC2CC94)
0x00007FF84AC2CC94 (ntdll) (function-name not available)
ERROR: SymGetSymFromAddr64, GetLastError: 'Attempt to access invalid address.' (Address: 00007FF84833A34E)
0x00007FF84833A34E (KERNELBASE) (function-name not available)
0x00007FFFDD787732 (UnityPlayer) UnityMain
0x00007FFFDD038710 (UnityPlayer) UnityMain
0x00007FFFDD0397E0 (UnityPlayer) UnityMain
0x00007FFFDD124798 (UnityPlayer) UnityMain
ERROR: SymGetSymFromAddr64, GetLastError: 'Attempt to access invalid address.' (Address: 00007FF849647034)
0x00007FF849647034 (KERNEL32) (function-name not available)
ERROR: SymGetSymFromAddr64, GetLastError: 'Attempt to access invalid address.' (Address: 00007FF84ABE2651)
0x00007FF84ABE2651 (ntdll) (function-name not available)


Call Stack for Thread 16360:
ERROR: SymGetSymFromAddr64, GetLastError: 'Attempt to access invalid address.' (Address: 00007FF84AC2CC94)
0x00007FF84AC2CC94 (ntdll) (function-name not available)
ERROR: SymGetSymFromAddr64, GetLastError: 'Attempt to access invalid address.' (Address: 00007FF84833A34E)
0x00007FF84833A34E (KERNELBASE) (function-name not available)
0x00007FFFDD787732 (UnityPlayer) UnityMain
0x00007FFFDD038710 (UnityPlayer) UnityMain
0x00007FFFDD0397E0 (UnityPlayer) UnityMain
0x00007FFFDD124798 (UnityPlayer) UnityMain
ERROR: SymGetSymFromAddr64, GetLastError: 'Attempt to access invalid address.' (Address: 00007FF849647034)
0x00007FF849647034 (KERNEL32) (function-name not available)
ERROR: SymGetSymFromAddr64, GetLastError: 'Attempt to access invalid address.' (Address: 00007FF84ABE2651)
0x00007FF84ABE2651 (ntdll) (function-name not available)


Call Stack for Thread 11628:
ERROR: SymGetSymFromAddr64, GetLastError: 'Attempt to access invalid address.' (Address: 00007FF84AC2CC94)
0x00007FF84AC2CC94 (ntdll) (function-name not available)
ERROR: SymGetSymFromAddr64, GetLastError: 'Attempt to access invalid address.' (Address: 00007FF84833A34E)
0x00007FF84833A34E (KERNELBASE) (function-name not available)
0x00007FFFDD787732 (UnityPlayer) UnityMain
0x00007FFFDD038710 (UnityPlayer) UnityMain
0x00007FFFDD0397E0 (UnityPlayer) UnityMain
0x00007FFFDD124798 (UnityPlayer) UnityMain
ERROR: SymGetSymFromAddr64, GetLastError: 'Attempt to access invalid address.' (Address: 00007FF849647034)
0x00007FF849647034 (KERNEL32) (function-name not available)
ERROR: SymGetSymFromAddr64, GetLastError: 'Attempt to access invalid address.' (Address: 00007FF84ABE2651)
0x00007FF84ABE2651 (ntdll) (function-name not available)


Call Stack for Thread 12968:
ERROR: SymGetSymFromAddr64, GetLastError: 'Attempt to access invalid address.' (Address: 00007FF84AC2CC94)
0x00007FF84AC2CC94 (ntdll) (function-name not available)
ERROR: SymGetSymFromAddr64, GetLastError: 'Attempt to access invalid address.' (Address: 00007FF84833A34E)
0x00007FF84833A34E (KERNELBASE) (function-name not available)
0x00007FFFDD787732 (UnityPlayer) UnityMain
ERROR: SymGetModuleInfo64, GetLastError: 'Not enough memory resources are available to process this command.' (Address: 00007FFFDD038710)
0x00007FFFDD038710 ((<unknown>)) UnityMain
ERROR: SymGetModuleInfo64, GetLastError: 'Not enough memory resources are available to process this command.' (Address: 00007FFFDD0397E0)
0x00007FFFDD0397E0 ((<unknown>)) UnityMain
ERROR: SymGetModuleInfo64, GetLastError: 'Not enough memory resources are available to process this command.' (Address: 00007FFFDD124798)
0x00007FFFDD124798 ((<unknown>)) UnityMain
ERROR: SymGetSymFromAddr64, GetLastError: 'Attempt to access invalid address.' (Address: 00007FF849647034)
ERROR: SymGetModuleInfo64, GetLastError: 'Not enough memory resources are available to process this command.' (Address: 00007FF849647034)
0x00007FF849647034 ((<unknown>)) (function-name not available)
ERROR: SymGetSymFromAddr64, GetLastError: 'Attempt to access invalid address.' (Address: 00007FF84ABE2651)
ERROR: SymGetModuleInfo64, GetLastError: 'Not enough memory resources are available to process this command.' (Address: 00007FF84ABE2651)
0x00007FF84ABE2651 ((<unknown>)) (function-name not available)


Call Stack for Thread 10096:
Exception encountered during stack walk.


Call Stack for Thread 14816:
Exception encountered during stack walk.


Call Stack for Thread 12752:
Exception encountered during stack walk.


Call Stack for Thread 16388:
Exception encountered during stack walk.


Call Stack for Thread 1388:
Exception encountered during stack walk.


Call Stack for Thread 12240:
Exception encountered during stack walk.


Call Stack for Thread 2496:
Exception encountered during stack walk.


Call Stack for Thread 2164:
Exception encountered during stack walk.


Call Stack for Thread 12884:
Exception encountered during stack walk.


Call Stack for Thread 15200:
Exception encountered during stack walk.


Call Stack for Thread 3584:
Exception encountered during stack walk.


Call Stack for Thread 11544:
Exception encountered during stack walk.


Call Stack for Thread 8452:
Exception encountered during stack walk.


Call Stack for Thread 11044:
Exception encountered during stack walk.


Call Stack for Thread 4808:
Exception encountered during stack walk.


Call Stack for Thread 3092:
Exception encountered during stack walk.


Call Stack for Thread 3460:
Exception encountered during stack walk.


Call Stack for Thread 7904:
Exception encountered during stack walk.


Call Stack for Thread 8456:
Exception encountered during stack walk.


Call Stack for Thread 13720:
Exception encountered during stack walk.


Call Stack for Thread 6108:
Exception encountered during stack walk.


Call Stack for Thread 2980:
Exception encountered during stack walk.


Call Stack for Thread 7696:
Exception encountered during stack walk.


Call Stack for Thread 7524:
Exception encountered during stack walk.


Call Stack for Thread 16764:
Exception encountered during stack walk.


Call Stack for Thread 9352:
Exception encountered during stack walk.


Call Stack for Thread 11724:
Exception encountered during stack walk.


Call Stack for Thread 15004:
Exception encountered during stack walk.


Call Stack for Thread 148:
Exception encountered during stack walk.


Call Stack for Thread 11864:
Exception encountered during stack walk.


Call Stack for Thread 12756:
Exception encountered during stack walk.


Call Stack for Thread 16740:
Exception encountered during stack walk.


Call Stack for Thread 15256:


Call Stack for Thread 11468:
Exception encountered during stack walk.


Call Stack for Thread 8712:
Exception encountered during stack walk.


Call Stack for Thread 9648:
Exception encountered during stack walk.


Call Stack for Thread 8844:
Exception encountered during stack walk.


Call Stack for Thread 16144:
Exception encountered during stack walk.


Call Stack for Thread 14460:
Exception encountered during stack walk.


Call Stack for Thread 15052:
Exception encountered during stack walk.


Call Stack for Thread 12260:
Exception encountered during stack walk.


Call Stack for Thread 7228:
Exception encountered during stack walk.


Call Stack for Thread 15992:
Exception encountered during stack walk.


Call Stack for Thread 8940:
Exception encountered during stack walk.


Call Stack for Thread 4364:
Exception encountered during stack walk.


Call Stack for Thread 13192:
Exception encountered during stack walk.


Call Stack for Thread 932:
Exception encountered during stack walk.


Call Stack for Thread 4064:
Exception encountered during stack walk.


Call Stack for Thread 8868:
Exception encountered during stack walk.


Call Stack for Thread 516:
Exception encountered during stack walk.


Call Stack for Thread 9960:
Exception encountered during stack walk.


Call Stack for Thread 13036:
Exception encountered during stack walk.


Call Stack for Thread 9364:
Exception encountered during stack walk.


Call Stack for Thread 17312:
Exception encountered during stack walk.


Call Stack for Thread 7556:
ERROR: SymGetSymFromAddr64, GetLastError: 'Attempt to access invalid address.' (Address: 00007FF84AC2CC94)
0x00007FF84AC2CC94 (ntdll) (function-name not available)
ERROR: SymGetSymFromAddr64, GetLastError: 'Attempt to access invalid address.' (Address: 00007FF84833A34E)
0x00007FF84833A34E (KERNELBASE) (function-name not available)
ERROR: SymGetModuleInfo64, GetLastError: 'Not enough memory resources are available to process this command.' (Address: 00007FFFDD787732)
0x00007FFFDD787732 ((<unknown>)) UnityMain
ERROR: SymGetSymFromAddr64, GetLastError: 'Attempt to access invalid address.' (Address: 00007FFFDCD35157)
ERROR: SymGetModuleInfo64, GetLastError: 'Not enough memory resources are available to process this command.' (Address: 00007FFFDCD35157)
0x00007FFFDCD35157 ((<unknown>)) (function-name not available)
0x00007FFFDD124798 (UnityPlayer) UnityMain
ERROR: SymGetSymFromAddr64, GetLastError: 'Attempt to access invalid address.' (Address: 00007FF849647034)
0x00007FF849647034 (KERNEL32) (function-name not available)
ERROR: SymGetSymFromAddr64, GetLastError: 'Attempt to access invalid address.' (Address: 00007FF84ABE2651)
0x00007FF84ABE2651 (ntdll) (function-name not available)


Call Stack for Thread 12596:
ERROR: SymGetSymFromAddr64, GetLastError: 'Attempt to access invalid address.' (Address: 00007FF84AC2CC94)
0x00007FF84AC2CC94 (ntdll) (function-name not available)
ERROR: SymGetSymFromAddr64, GetLastError: 'Attempt to access invalid address.' (Address: 00007FF84833A34E)
0x00007FF84833A34E (KERNELBASE) (function-name not available)
ERROR: SymGetSymFromAddr64, GetLastError: 'Attempt to access invalid address.' (Address: 00007FFFEB19AAF7)
0x00007FFFEB19AAF7 (nvwgf2umx) (function-name not available)
ERROR: SymGetSymFromAddr64, GetLastError: 'Attempt to access invalid address.' (Address: 00007FFFEC507AAC)
0x00007FFFEC507AAC (nvwgf2umx) (function-name not available)
ERROR: SymGetSymFromAddr64, GetLastError: 'Attempt to access invalid address.' (Address: 00007FF849647034)
ERROR: SymGetModuleInfo64, GetLastError: 'Not enough memory resources are available to process this command.' (Address: 00007FF849647034)
0x00007FF849647034 ((<unknown>)) (function-name not available)
ERROR: SymGetSymFromAddr64, GetLastError: 'Attempt to access invalid address.' (Address: 00007FF84ABE2651)
ERROR: SymGetModuleInfo64, GetLastError: 'Not enough memory resources are available to process this command.' (Address: 00007FF84ABE2651)
0x00007FF84ABE2651 ((<unknown>)) (function-name not available)


Call Stack for Thread 2856:
ERROR: SymGetSymFromAddr64, GetLastError: 'Attempt to access invalid address.' (Address: 00007FF84AC2D764)
ERROR: SymGetModuleInfo64, GetLastError: 'Not enough memory resources are available to process this command.' (Address: 00007FF84AC2D764)
0x00007FF84AC2D764 ((<unknown>)) (function-name not available)
ERROR: SymGetSymFromAddr64, GetLastError: 'Attempt to access invalid address.' (Address: 00007FF848370D40)
ERROR: SymGetModuleInfo64, GetLastError: 'Not enough memory resources are available to process this command.' (Address: 00007FF848370D40)
0x00007FF848370D40 ((<unknown>)) (function-name not available)
ERROR: SymGetSymFromAddr64, GetLastError: 'Attempt to access invalid address.' (Address: 00007FF848370C3E)
ERROR: SymGetModuleInfo64, GetLastError: 'Not enough memory resources are available to process this command.' (Address: 00007FF848370C3E)
0x00007FF848370C3E ((<unknown>)) (function-name not available)
ERROR: SymGetSymFromAddr64, GetLastError: 'Attempt to access invalid address.' (Address: 00007FFFEB2889F7)
ERROR: SymGetModuleInfo64, GetLastError: 'Not enough memory resources are available to process this command.' (Address: 00007FFFEB2889F7)
0x00007FFFEB2889F7 ((<unknown>)) (function-name not available)
ERROR: SymGetSymFromAddr64, GetLastError: 'Attempt to access invalid address.' (Address: 00007FFFEB55149A)
ERROR: SymGetModuleInfo64, GetLastError: 'Not enough memory resources are available to process this command.' (Address: 00007FFFEB55149A)
0x00007FFFEB55149A ((<unknown>)) (function-name not available)
ERROR: SymGetSymFromAddr64, GetLastError: 'Attempt to access invalid address.' (Address: 00007FFFEC507AAC)
ERROR: SymGetModuleInfo64, GetLastError: 'Not enough memory resources are available to process this command.' (Address: 00007FFFEC507AAC)
0x00007FFFEC507AAC ((<unknown>)) (function-name not available)
ERROR: SymGetSymFromAddr64, GetLastError: 'Attempt to access invalid address.' (Address: 00007FF849647034)
ERROR: SymGetModuleInfo64, GetLastError: 'Not enough memory resources are available to process this command.' (Address: 00007FF849647034)
0x00007FF849647034 ((<unknown>)) (function-name not available)
ERROR: SymGetSymFromAddr64, GetLastError: 'Attempt to access invalid address.' (Address: 00007FF84ABE2651)
ERROR: SymGetModuleInfo64, GetLastError: 'Not enough memory resources are available to process this command.' (Address: 00007FF84ABE2651)
0x00007FF84ABE2651 ((<unknown>)) (function-name not available)


Call Stack for Thread 13012:
ERROR: SymGetSymFromAddr64, GetLastError: 'Attempt to access invalid address.' (Address: 00007FF84AC2CC94)
ERROR: SymGetModuleInfo64, GetLastError: 'Not enough memory resources are available to process this command.' (Address: 00007FF84AC2CC94)
0x00007FF84AC2CC94 ((<unknown>)) (function-name not available)
ERROR: SymGetSymFromAddr64, GetLastError: 'Attempt to access invalid address.' (Address: 00007FF84833A34E)
ERROR: SymGetModuleInfo64, GetLastError: 'Not enough memory resources are available to process this command.' (Address: 00007FF84833A34E)
0x00007FF84833A34E ((<unknown>)) (function-name not available)
ERROR: SymGetSymFromAddr64, GetLastError: 'Attempt to access invalid address.' (Address: 00007FFFEB5EEA4D)
ERROR: SymGetModuleInfo64, GetLastError: 'Not enough memory resources are available to process this command.' (Address: 00007FFFEB5EEA4D)
0x00007FFFEB5EEA4D ((<unknown>)) (function-name not available)
ERROR: SymGetSymFromAddr64, GetLastError: 'Attempt to access invalid address.' (Address: 00007FFFEC507AAC)
ERROR: SymGetModuleInfo64, GetLastError: 'Not enough memory resources are available to process this command.' (Address: 00007FFFEC507AAC)
0x00007FFFEC507AAC ((<unknown>)) (function-name not available)
ERROR: SymGetSymFromAddr64, GetLastError: 'Attempt to access invalid address.' (Address: 00007FF849647034)
ERROR: SymGetModuleInfo64, GetLastError: 'Not enough memory resources are available to process this command.' (Address: 00007FF849647034)
0x00007FF849647034 ((<unknown>)) (function-name not available)
ERROR: SymGetSymFromAddr64, GetLastError: 'Attempt to access invalid address.' (Address: 00007FF84ABE2651)
ERROR: SymGetModuleInfo64, GetLastError: 'Not enough memory resources are available to process this command.' (Address: 00007FF84ABE2651)
0x00007FF84ABE2651 ((<unknown>)) (function-name not available)


Call Stack for Thread 11692:


Call Stack for Thread 12352:


Call Stack for Thread 6336:


Call Stack for Thread 13636:


Call Stack for Thread 10852:




Stack Memory [0x000000502E5ADF40-0x000000502E5B0000]:
0x2e5adf40: 01957000 00000000 01980000 00000000 .p..............
0x2e5adf50: 0195690c 00000000 01980000 00000000 .i..............
0x2e5adf60: fa3a1000 0000016e dce7696e 00007fff ..:.n...ni......
0x2e5adf70: 01001000 00000000 de0bd700 00007fff ................
0x2e5adf80: 00000000 00000000 0007a002 00000000 ................
0x2e5adf90: 00000000 00000000 0007a002 00000000 ................
0x2e5adfa0: 00000000 00000000 dd126353 00007fff ........Sc......
0x2e5adfb0: de0bd8c0 00007fff dce79d8f 00007fff ................
0x2e5adfc0: a4129630 0000016e dd6e1a7d 00007fff 0...n...}.n.....
0x2e5adfd0: a4177f28 0000016e dd125a82 00007fff (...n....Z......
0x2e5adfe0: 00000010 00000000 a4177f60 0000016e ........`...n...
0x2e5adff0: 0195690c 00000000 de0bd700 00007fff .i..............
0x2e5ae000: de0bd8c0 00007fff dce79d0a 00007fff ................
0x2e5ae010: 00000000 00000000 0195690c 00000000 .........i......
0x2e5ae020: 00000010 00000000 dce7b06e 00007fff ........n.......
0x2e5ae030: 0195690c 00000000 dce7641c 00007fff .i.......d......
0x2e5ae040: de0ac660 00007fff 0000001c 00000000 `...............
0x2e5ae050: 0195690c 00000000 2e5ae129 00000050 .i......).Z.P...
0x2e5ae060: de0ac660 00007fff ddd25004 00007fff `........P......
0x2e5ae070: a4177f60 0000016e dce76770 00007fff `...n...pg......
0x2e5ae080: 001b15e0 0000016e 00000000 00000000 ....n...........
0x2e5ae090: a4177f60 0000016e 001b1590 0000016e `...n.......n...
0x2e5ae0a0: 0000001c 00000000 dce75ce5 00007fff .........\......
0x2e5ae0b0: 0195690c 00000000 0195690c 00000000 .i.......i......
0x2e5ae0c0: a4177f60 0000016e ddd25004 00007fff `...n....P......
0x2e5ae0d0: 00000000 00000000 ddd25004 00007fff .........P......
0x2e5ae0e0: 00000010 0000016e dde7b0a8 00007fff ....n...........
0x2e5ae0f0: a0ea3b00 0000016e dcf9e068 00007fff .;..n...h.......
0x2e5ae100: 001b1590 0000016e 00000000 00000000 ....n...........
0x2e5ae110: 00000000 00000000 00000000 00000000 ................
0x2e5ae120: 000000be 00000000 00000000 00000000 ................
0x2e5ae130: 2e5ae300 00000050 a0ea2af0 0000016e ..Z.P....*..n...
0x2e5ae140: 00000000 00000000 dcf9de64 00007fff ........d.......
0x2e5ae150: 2e5ae490 00000050 0022f3c0 0000016e ..Z.P.....".n...
0x2e5ae160: 001b1590 0000016e a8ed28df 000001e0 ....n....(......
0x2e5ae170: 00000000 00000000 00000000 00000000 ................
0x2e5ae180: 001b1590 0000016e dcf9b947 00007fff ....n...G.......
0x2e5ae190: 00000000 00000000 a0ea3f40 0000016e ........@?..n...
0x2e5ae1a0: a0ea3f40 0000016e 0000001e 00000000 @?..n...........
0x2e5ae1b0: a11f3da0 0000016e fa9f65b0 0000016e .=..n....e..n...
0x2e5ae1c0: 00040000 00000000 00000000 00000000 ................
0x2e5ae1d0: 00000000 0000016e ddd25004 00007fff ....n....P......
0x2e5ae1e0: 00000000 00000000 00000000 00000000 ................
0x2e5ae1f0: 00000000 00000000 00000000 00000000 ................
0x2e5ae200: a0ea4760 0000016e 00000002 00007fff `G..n...........
0x2e5ae210: 0022b8c0 0000016e 00000000 00000000 ..".n...........
0x2e5ae220: 00000000 00000000 00000000 00000000 ................
0x2e5ae230: 2e5ae300 00000050 dd183f8e 00007fff ..Z.P....?......
0x2e5ae240: 2e5ae490 00000050 2e5ae300 00000050 ..Z.P.....Z.P...
0x2e5ae250: 0022f3c0 0000016e 00000000 00000000 ..".n...........
0x2e5ae260: 0000002a 00000000 dcdfd9bf 00007fff *...............
0x2e5ae270: c00002c0 0000016e c00002c0 0000016e ....n.......n...
0x2e5ae280: c00002c0 0000016e 2e5ae300 00000050 ....n.....Z.P...
0x2e5ae290: 00001298 00000000 00000022 00000000 ........".......
0x2e5ae2a0: 00000023 00000050 00000004 00000000 #...P...........
0x2e5ae2b0: 00000001 0000016d 00000003 00000000 ....m...........
0x2e5ae2c0: 00000000 00000000 00000000 00000000 ................
0x2e5ae2d0: 00000000 00000000 00000000 00000000 ................
0x2e5ae2e0: 00000000 00000000 00000000 00000000 ................
0x2e5ae2f0: 00000000 00000000 00000000 00000000 ................
0x2e5ae300: a0ea4760 0000016e 00000002 00007fff `G..n...........
0x2e5ae310: 00000002 00000000 00000001 00000000 ................
0x2e5ae320: 00000000 00000000 00000000 00000000 ................
0x2e5ae330: 00000000 00000000 00000000 00000000 ................
0x2e5ae340: 00000000 00000000 00000000 00000000 ................
0x2e5ae350: 00000000 00000000 00000000 00000000 ................
0x2e5ae360: 00000000 00000000 00000000 00000000 ................
0x2e5ae370: 00000000 00000000 00000000 00000000 ................
0x2e5ae380: 00000000 00000000 00000000 00000000 ................
0x2e5ae390: 00000000 00000000 00000000 00000000 ................
0x2e5ae3a0: 000026d2 00000002 00001298 00000022 .&.........."...
0x2e5ae3b0: 00000000 00000000 00000000 00000000 ................
0x2e5ae3c0: 00000000 00000000 00000000 00000000 ................
0x2e5ae3d0: 00000000 00000000 00000000 00000000 ................
0x2e5ae3e0: 00000014 00000002 00000004 00000000 ................
0x2e5ae3f0: 00000002 00000000 00000000 00000000 ................
0x2e5ae400: 00000000 00000000 00000000 00000000 ................
0x2e5ae410: 00000000 00000000 00000000 00000000 ................
0x2e5ae420: 00000000 00000000 00000000 00000000 ................
0x2e5ae430: 00000000 00000000 00000000 00000000 ................
0x2e5ae440: 00000000 00000000 00000000 00000000 ................
0x2e5ae450: 00000000 00000000 00000000 00000000 ................
0x2e5ae460: 00000000 00000000 00000000 00000000 ................
0x2e5ae470: 00000000 00000000 00000000 00000000 ................
0x2e5ae480: c0165c10 0000016d 00000004 00007f01 .\..m...........
0x2e5ae490: 00000004 00000101 00000000 00000000 ................
0x2e5ae4a0: 00000000 00000000 00000000 0000016e ............n...
0x2e5ae4b0: df1da2c8 0000016e 00000000 00000000 ....n...........
0x2e5ae4c0: 00000000 00000000 00000000 00000000 ................
0x2e5ae4d0: 00000000 00000000 00000000 00000000 ................
0x2e5ae4e0: 00000000 00000000 00000000 00000000 ................
0x2e5ae4f0: 00000000 00000000 00000000 00000000 ................
0x2e5ae500: 00000000 00000000 00000000 00000000 ................
0x2e5ae510: 00000000 00000000 00000000 00000000 ................
0x2e5ae520: 00000000 00000000 00000000 00000000 ................
0x2e5ae530: 00000000 00000000 00000000 00000000 ................
0x2e5ae540: 00000000 00000000 00000000 00000000 ................
0x2e5ae550: 00000000 00000000 00000000 00000000 ................
0x2e5ae560: 00000000 00000000 00000000 00000000 ................
0x2e5ae570: 00000000 00000000 00000000 00000000 ................
0x2e5ae580: 00000000 00000000 00000000 00000000 ................
0x2e5ae590: 00000000 00000000 00000000 00000000 ................
0x2e5ae5a0: 00000000 00000000 00000000 00000000 ................
0x2e5ae5b0: 00000000 00000000 00000000 00000000 ................
0x2e5ae5c0: 00000000 00000000 00000000 00000000 ................
0x2e5ae5d0: 00000000 00000000 00000000 00000000 ................
0x2e5ae5e0: a3c0e7a0 0000016e 0000001c 00000000 ....n...........
0x2e5ae5f0: 00000000 00000000 0000001c 00000000 ................
0x2e5ae600: 00000048 00000000 00000000 00000000 H...............
0x2e5ae610: 00000000 00000000 00000000 00000000 ................
0x2e5ae620: 00000000 00000000 00000000 00000000 ................
0x2e5ae630: 00000000 00000000 00000000 00000000 ................
0x2e5ae640: 00000000 00000000 00000000 00000000 ................
0x2e5ae650: 00000000 00000000 00000000 00000000 ................
0x2e5ae660: 00000000 00000000 00000000 00000000 ................
0x2e5ae670: 00000000 00000000 00000000 00000000 ................
0x2e5ae680: 00000000 00000000 00000000 00000000 ................
0x2e5ae690: 00000000 00000000 00000000 00000000 ................
0x2e5ae6a0: 00000000 00000000 00000000 00000000 ................
0x2e5ae6b0: 00000000 00000000 00000000 00000000 ................
0x2e5ae6c0: 00000000 00000000 00000000 00000000 ................
0x2e5ae6d0: 00000000 00000000 00000000 00000000 ................
0x2e5ae6e0: 00000000 00000000 00000000 00000000 ................
0x2e5ae6f0: 00000000 00000000 00000000 00000000 ................
0x2e5ae700: 00000000 00000000 00000000 00000000 ................
0x2e5ae710: 00000000 00000000 00000000 00000000 ................
0x2e5ae720: 00000000 00000000 00000000 00000000 ................
0x2e5ae730: 00000000 00000000 00000000 00000000 ................
0x2e5ae740: 00000000 00000000 00000000 00000000 ................
0x2e5ae750: 00000000 00000000 00000000 00000000 ................
0x2e5ae760: 00000000 00000000 00000000 00000000 ................
0x2e5ae770: 00000000 00000000 00000000 00000000 ................
0x2e5ae780: 00000000 00000000 00000000 00000000 ................
0x2e5ae790: 00000000 00000000 00000000 00000000 ................
0x2e5ae7a0: 00000000 00000000 00000000 00000000 ................
0x2e5ae7b0: 00000000 00000000 00000000 00000000 ................
0x2e5ae7c0: 00000000 00000000 00000000 00000000 ................
0x2e5ae7d0: 00000000 00000000 00000000 00000000 ................
0x2e5ae7e0: 00000000 00000000 00000000 00000000 ................
0x2e5ae7f0: 00000000 00000000 00000000 00000000 ................
0x2e5ae800: 00000000 00000000 00000000 00000070 ............p...
0x2e5ae810: 00000000 00000000 00000000 000000c0 ................
0x2e5ae820: 00000000 00000000 00000000 00000000 ................
0x2e5ae830: 00000000 00000000 00000000 00000000 ................
0x2e5ae840: c00ab8f0 0000016d c001ad10 0000016d ....m.......m...
0x2e5ae850: 00000000 00000000 00000000 00000000 ................
0x2e5ae860: 00000000 00000000 00000000 00000000 ................
0x2e5ae870: 00000000 00000000 00000000 00000000 ................
0x2e5ae880: 00000000 00000000 00000000 00000000 ................
0x2e5ae890: 00000000 00000000 00000000 00000000 ................
0x2e5ae8a0: 00000000 00000000 00000000 00000000 ................
0x2e5ae8b0: 00000000 00000000 00000000 00000000 ................
0x2e5ae8c0: 00000000 00000000 00000000 00000000 ................
0x2e5ae8d0: 00000000 00000000 00000000 00000000 ................
0x2e5ae8e0: 00000000 00000000 00000000 00000000 ................
0x2e5ae8f0: 00000000 00000000 00000000 00000000 ................
0x2e5ae900: 00000000 00000000 00000000 00000000 ................
0x2e5ae910: 00000000 00000000 00000000 00000000 ................
0x2e5ae920: 00000000 00000000 00000000 00000000 ................
0x2e5ae930: 00000000 00000000 00000000 00000000 ................
0x2e5ae940: 00000000 00000000 00000000 00000000 ................
0x2e5ae950: 00000000 00000000 00000000 00000000 ................
0x2e5ae960: 00000000 00000000 00000000 00000000 ................
0x2e5ae970: 00000000 00000000 00000000 00000000 ................
0x2e5ae980: 00000000 00000000 00000000 00000000 ................
0x2e5ae990: 00000000 00000000 00000000 00000000 ................
0x2e5ae9a0: 00000000 00000000 00000000 00000000 ................
0x2e5ae9b0: 00000000 00000000 00000000 00000000 ................
0x2e5ae9c0: 00000000 00000000 00000000 00000000 ................
0x2e5ae9d0: 00000000 00000000 00000000 00000000 ................
0x2e5ae9e0: 00000000 00000000 00000000 00000000 ................
0x2e5ae9f0: 00000000 00000000 00000000 00000000 ................
0x2e5aea00: 00000000 00000000 00000000 00000000 ................
0x2e5aea10: 00000000 00000000 00000000 00000000 ................
0x2e5aea20: 00000000 00000000 00000000 00000000 ................
0x2e5aea30: 00000000 00000000 00000000 00000000 ................
0x2e5aea40: 00000000 00000000 00000000 00000000 ................
0x2e5aea50: 00000000 00000000 00000000 00000000 ................
0x2e5aea60: 00000000 00000000 00000000 00000000 ................
0x2e5aea70: 00000000 00000000 00000000 00000000 ................
0x2e5aea80: 00000000 00000000 00000000 00000000 ................
0x2e5aea90: 00000000 00000000 00000000 00000000 ................
0x2e5aeaa0: 00000000 00000000 00000000 00000000 ................
0x2e5aeab0: 00000000 00000000 00000000 00000000 ................
0x2e5aeac0: 00000000 00000000 00000000 00000000 ................
0x2e5aead0: 00000000 00000000 00000000 00000000 ................
0x2e5aeae0: 00000000 00000000 00000000 00000000 ................
0x2e5aeaf0: 00000000 00000000 00000000 00000000 ................
0x2e5aeb00: 00000000 00000000 00000000 00000000 ................
0x2e5aeb10: 00000000 00000000 00000000 00000000 ................
0x2e5aeb20: 00000000 00000000 00000000 00000000 ................
0x2e5aeb30: 00000000 00000000 00000000 00000000 ................
0x2e5aeb40: 00000000 00000000 00000000 00000000 ................
0x2e5aeb50: 00000000 00000000 00000000 00000000 ................
0x2e5aeb60: 00000000 00000000 00000000 00000000 ................
0x2e5aeb70: 00000000 00000000 00000000 00000000 ................
0x2e5aeb80: 00000000 00000000 00000000 00000000 ................
0x2e5aeb90: 00000000 00000000 00000000 00000000 ................
0x2e5aeba0: 00000000 00000000 00000000 00000000 ................
0x2e5aebb0: 00000000 00000000 00000000 00000000 ................
0x2e5aebc0: 00000000 00000000 00000000 00000000 ................
0x2e5aebd0: 00000000 00000000 00000000 00000000 ................
0x2e5aebe0: 00000000 00000000 00000000 00000000 ................
0x2e5aebf0: 00000000 00000000 00000000 00000000 ................
0x2e5aec00: 00000000 00000000 00000000 00000000 ................
0x2e5aec10: 00000000 00000000 00000000 00000000 ................
0x2e5aec20: 00000000 00000000 00000000 00000000 ................
0x2e5aec30: 00000000 00000000 00000000 00000000 ................
0x2e5aec40: 00000000 00000000 00000000 00000000 ................
0x2e5aec50: 00000000 00000000 00000000 00000000 ................
0x2e5aec60: 00000000 00000000 00000000 00000000 ................
0x2e5aec70: 00000000 00000000 00000000 00000000 ................
0x2e5aec80: 00000000 00000000 00000000 00000000 ................
0x2e5aec90: 00000000 00000000 00000000 00000000 ................
0x2e5aeca0: 00000000 00000000 00000000 00000000 ................
0x2e5aecb0: 00000000 00000000 00000000 00000000 ................
0x2e5aecc0: 00000000 00000000 00000000 00000000 ................
0x2e5aecd0: 00000000 00000000 00000000 00000000 ................
0x2e5aece0: 00000000 00000000 00000000 00000000 ................
0x2e5aecf0: 00000000 00000000 00000000 00000000 ................
0x2e5aed00: 00000000 00000000 00000000 00000000 ................
0x2e5aed10: fac49650 00000170 00000000 00000000 P...p...........
0x2e5aed20: 00000000 00000000 00000000 00000000 ................
0x2e5aed30: 00000000 00000000 00000000 00000000 ................
0x2e5aed40: 00000000 00000000 00000000 00000000 ................
0x2e5aed50: 00000000 00000000 00000000 00000000 ................
0x2e5aed60: 00000000 00000000 00000000 00000000 ................
0x2e5aed70: 00000000 00000000 00000000 00000000 ................
0x2e5aed80: 00000000 00000000 00000000 00000000 ................
0x2e5aed90: 00000000 00000000 00000000 00000000 ................
0x2e5aeda0: 00000000 00000000 00000000 00000000 ................
0x2e5aedb0: 00000000 00000000 00000000 00000000 ................
0x2e5aedc0: 00000000 00000000 00000000 00000000 ................
0x2e5aedd0: 00000000 00000000 00000000 00000000 ................
0x2e5aede0: 00000000 00000000 00000000 00000000 ................
0x2e5aedf0: 00000000 00000000 00000000 00000000 ................
0x2e5aee00: 00000000 00000000 00000000 00000000 ................
0x2e5aee10: 00000000 00000000 00000000 00000000 ................
0x2e5aee20: 00000000 00000000 00000000 00000000 ................
0x2e5aee30: 00000000 00000000 00000000 00000000 ................
0x2e5aee40: 00000000 00000000 00000000 00000000 ................
0x2e5aee50: 00000000 00000000 00000000 00000000 ................
0x2e5aee60: 00000000 00000000 00000000 00000000 ................
0x2e5aee70: 00000000 00000000 00000000 00000000 ................
0x2e5aee80: 00000000 00000000 00000000 00000000 ................
0x2e5aee90: 00000000 00000000 00000000 00000000 ................
0x2e5aeea0: 00000000 00000000 00000000 00000000 ................
0x2e5aeeb0: 00000000 00000000 00000000 00000000 ................
0x2e5aeec0: 00000000 00000000 00000000 00000000 ................
0x2e5aeed0: 00000000 00000000 00000000 00000000 ................
0x2e5aeee0: 00000000 00000000 00000000 00000000 ................
0x2e5aeef0: 00000000 00000000 00000000 00000000 ................
0x2e5aef00: 00000000 00000000 00000000 00000000 ................
0x2e5aef10: 00000000 00000000 00000000 00000000 ................
0x2e5aef20: 00000000 00000000 00000000 00000000 ................
0x2e5aef30: 00000000 00000000 00000000 00000000 ................
0x2e5aef40: 00000000 00000000 00000000 00000000 ................
0x2e5aef50: 00000000 00000000 00000000 00000000 ................
0x2e5aef60: 00000000 00000000 00000000 00000000 ................
0x2e5aef70: 00000000 00000000 00000000 00000000 ................
0x2e5aef80: 00000000 00000000 00000000 00000000 ................
0x2e5aef90: 00000000 00000000 00000000 00000000 ................
0x2e5aefa0: 00000000 00000000 00000000 00000000 ................
0x2e5aefb0: 00000000 00000000 00000000 00000000 ................
0x2e5aefc0: 00000000 00000000 00000000 00000000 ................
0x2e5aefd0: 00000000 00000000 00000000 00000000 ................
0x2e5aefe0: 00000000 00000000 00000000 00000000 ................
0x2e5aeff0: 00000000 00000000 00000000 00000000 ................
0x2e5af000: 00000000 00000000 00000000 00000000 ................
0x2e5af010: 00000000 00000000 00000000 00000000 ................
0x2e5af020: 00000000 00000000 00000000 00000000 ................
0x2e5af030: 00000000 00000000 00000000 00000000 ................
0x2e5af040: 00000000 00000000 00000000 00000000 ................
0x2e5af050: 00000000 00000000 00000000 00000000 ................
0x2e5af060: 00000000 00000000 00000000 00000000 ................
0x2e5af070: 00000000 00000000 00000000 00000000 ................
0x2e5af080: 00000000 00000000 00000000 00000000 ................
0x2e5af090: 00000000 00000000 00000000 00000000 ................
0x2e5af0a0: 00000000 00000000 00000000 00000000 ................
0x2e5af0b0: 00000000 00000000 00000000 00000000 ................
0x2e5af0c0: 00000000 00000000 00000000 00000000 ................
0x2e5af0d0: 00000000 00000000 00000000 00000000 ................
0x2e5af0e0: 00000000 00000000 00000000 00000000 ................
0x2e5af0f0: 00000000 00000000 00000000 00000000 ................
0x2e5af100: 00000000 00000000 00000000 00000000 ................
0x2e5af110: 00000000 00000000 00000000 00000000 ................
0x2e5af120: 00000000 00000000 00000000 00000000 ................
0x2e5af130: 00000000 00000000 00000000 00000000 ................
0x2e5af140: 00000000 00000000 00000000 00000000 ................
0x2e5af150: 00000000 00000000 00000000 00000000 ................
0x2e5af160: 00000000 00000000 00000000 00000000 ................
0x2e5af170: 00000000 00000000 00000000 00000000 ................
0x2e5af180: 00000000 00000000 00000000 00000000 ................
0x2e5af190: 00000000 00000000 00000000 00000000 ................
0x2e5af1a0: 00000000 00000000 00000000 00000000 ................
0x2e5af1b0: 00000000 00000000 00000000 00000000 ................
0x2e5af1c0: 00000000 00000000 00000000 00000000 ................
0x2e5af1d0: 00000000 00000000 00000000 00000000 ................
0x2e5af1e0: 00000000 00000000 00000000 00000000 ................
0x2e5af1f0: 00000000 00000000 00000000 00000000 ................
0x2e5af200: 00000000 00000000 00000000 00000000 ................
0x2e5af210: 00000000 00000000 00000000 00000000 ................
0x2e5af220: 00000000 00000000 4abbb90b 00007ff8 ...........J....
0x2e5af230: 00060012 00000000 0000002a 00000000 ........*.......
0x2e5af240: dd2eb400 0000016e 00000000 00000000 ....n...........
0x2e5af250: 00000000 00000000 00000000 00000000 ................
0x2e5af260: 00000000 00000000 57033240 0000016d ........@2.Wm...
0x2e5af270: 00289b18 00289b1c 57030000 0000016d ..(...(....Wm...
0x2e5af280: 5703047c 0000016d 00000000 00000000 |..Wm...........
0x2e5af290: 00002c10 00000000 4abbb86b 00007ff8 .,......k..J....
0x2e5af2a0: 00090005 00000000 4abbb90b 00007ff8 ...........J....
0x2e5af2b0: 001b0019 00000000 00000033 00000000 ........3.......
0x2e5af2c0: dd3af750 0000016e 00000080 00000000 P.:.n...........
0x2e5af2d0: 00000000 0000016d 4abbb90b 00007ff8 ....m......J....
0x2e5af2e0: 00000000 00000000 57033300 0000016d .........3.Wm...
0x2e5af2f0: dd3af750 0000016e 57030000 0000016d P.:.n......Wm...
0x2e5af300: 570303a4 0000016d 57030cc0 0000016d ...Wm......Wm...
0x2e5af310: 00000410 00000000 57030cc0 0000016d ...........Wm...
0x2e5af320: c00ab8f0 0000016d 00000000 00000000 ....m...........
0x2e5af330: 00000000 00000000 00000000 00000000 ................
0x2e5af340: 00000000 00000000 00000000 00000000 ................
0x2e5af350: 00000000 00000000 00000000 00000000 ................
0x2e5af360: c001ad10 0000016d 00000001 00000000 ....m...........
0x2e5af370: ffffffff 00000000 00000000 00000000 ................
0x2e5af380: 00000000 00000000 00000000 00000000 ................
0x2e5af390: 00000041 00000000 4abbb3c7 00007ff8 A..........J....
0x2e5af3a0: 57030000 00000002 00000000 00000000 ...W............
0x2e5af3b0: 00000400 00000000 00000008 00000000 ................
0x2e5af3c0: 00000000 00000000 00000000 00000000 ................
0x2e5af3d0: 00000000 00000000 a00344b0 0000016e .........D..n...
0x2e5af3e0: a0034dc0 0000016e 00000000 00000000 .M..n...........
0x2e5af3f0: 00000000 00000000 00000000 00000000 ................
0x2e5af400: 00000000 00000000 00000000 00000000 ................
0x2e5af410: 028a66b0 0000016e 028af5f0 0000016e .f..n.......n...
0x2e5af420: 00000000 00000000 00000000 00000000 ................
0x2e5af430: 00000000 00000000 00000000 00000000 ................
0x2e5af440: 00000000 00000000 00000400 00000000 ................
0x2e5af450: 2e5af890 00000050 00000001 00000000 ..Z.P...........
0x2e5af460: 2e5af4e0 00000050 2eaea70e 00007ff8 ..Z.P...........
0x2e5af470: 2e5af4c0 00000050 14917319 00007ff8 ..Z.P....s......
0x2e5af480: 2e5af4c0 00000050 00000000 00000000 ..Z.P...........
0x2e5af490: dd3c3060 0000016e 2eaea843 00007ff8 `0<.n...C.......
0x2e5af4a0: 00000057 00000000 4abe07b0 00007ff8 W..........J....
0x2e5af4b0: 2e5af890 00000050 2e5af4c0 00000050 ..Z.P.....Z.P...
0x2e5af4c0: 00000004 00000004 dd3c3060 0000016e ........`0<.n...
0x2e5af4d0: 2eb15ad0 00007ff8 2e5af4c8 00000050 .Z........Z.P...
0x2e5af4e0: 00000000 00000000 80689214 0000016e ..........h.n...
0x2e5af4f0: 806892d8 0000016e 00000000 00000000 ..h.n...........
0x2e5af500: 00000000 00000000 00000000 00000000 ................
0x2e5af510: 00000000 00000000 00000005 00000050 ............P...
0x2e5af520: 00000002 00000000 2eaf820d 00007ff8 ................
0x2e5af530: 7ffe0385 00000000 00000000 00000000 ................
0x2e5af540: 00000005 00000000 00000005 00007ff8 ................
0x2e5af550: 7ffe0384 00000000 2eaf1e8a 00007ff8 ................
0x2e5af560: 7ffe0385 00000000 00000002 00000000 ................
0x2e5af570: 00000001 00000000 4aba9877 00007ff8 ........w..J....
0x2e5af580: 00000000 00000000 2eaf1a3d 00007ff8 ........=.......
0x2e5af590: 7ffe0384 00000000 4aba9a26 00007ff8 ........&..J....
0x2e5af5a0: 7ffe0385 00000000 4aba9993 00007ff8 ...........J....
0x2e5af5b0: 00000002 00000000 2eaf1c9d 00007ff8 ................
0x2e5af5c0: 00000001 00000000 00000000 00000000 ................
0x2e5af5d0: 00000000 00000000 00000002 00000000 ................
0x2e5af5e0: 2c030000 00000050 eb0c0db3 00007fff ...,P...........
0x2e5af5f0: 00000001 00000000 ec4fa060 00007fff ........`.O.....
0x2e5af600: 2ead0000 00007ff8 7ffe0384 00000000 ................
0x2e5af610: 00000002 00000000 4aba9a26 00007ff8 ........&..J....
0x2e5af620: 2ead0000 00007ff8 00000002 00000000 ................
0x2e5af630: 00000000 00000000 7ffe0385 00000000 ................
0x2e5af640: 00000015 00000000 4abce683 00007ff8 ...........J....
0x2e5af650: 2eaf1d60 00007ff8 4abed964 00007ff8 `.......d..J....
0x2e5af660: 00000000 00000000 2c1d4000 00000050 .........@.,P...
0x2e5af670: 4acfa4d0 00007ff8 2c1d4000 00000050 ...J.....@.,P...
0x2e5af680: 2eaf1d60 00007ff8 4aba7955 00007ff8 `.......Uy.J....
0x2e5af690: 4acfa4d0 00007ff8 2c1d4000 00000050 ...J.....@.,P...
0x2e5af6a0: 00000010 00000050 2eaf1d60 00007ff8 ....P...`.......
0x2e5af6b0: dd2de8c0 0000016e 2eaf1d60 00007ff8 ..-.n...`.......
0x2e5af6c0: 00000048 00000000 00000001 00000000 H...............
0x2e5af6d0: 00000000 00000000 00000000 00000000 ................
0x2e5af6e0: 00000070 00000000 ffffffff ffffffff p...............
0x2e5af6f0: ffffffff ffffffff 4aba7877 00007ff8 ........wx.J....
0x2e5af700: 4aba78aa 00007ff8 00000000 00000000 .x.J............
0x2e5af710: 00000000 00000000 00000000 00000000 ................
0x2e5af720: ddd45750 00007fff 00000001 00000001 PW..............
0x2e5af730: 00000000 00000000 00000007 00000007 ................
0x2e5af740: 00000008 00000008 00000008 00000000 ................
0x2e5af750: 804ccc9c 0000016e 00000001 00000000 ..L.n...........
0x2e5af760: 00000008 00000000 00000011 00000000 ................
0x2e5af770: 804cccbc 0000016e 00000001 00000000 ..L.n...........
0x2e5af780: 00000008 00000000 00000011 00000000 ................
0x2e5af790: 804cccdc 0000016e 00000001 00000000 ..L.n...........
0x2e5af7a0: 00000094 00000000 00000129 00000000 ........).......
0x2e5af7b0: 00000000 00000000 00000001 00000000 ................
0x2e5af7c0: 00000000 00000000 00000000 00000000 ................
0x2e5af7d0: 00000000 00000000 00000000 00000000 ................
0x2e5af7e0: 00000000 00000000 00000000 00000000 ................
0x2e5af7f0: 2e5af890 00000050 00000000 00000000 ..Z.P...........
0x2e5af800: 4ab90000 00007ff8 4ac04b73 00007ff8 ...J....sK.J....
0x2e5af810: 00000000 00000000 4ab90000 00007ff8 ...........J....
0x2e5af820: 00000000 00000000 2c030000 00000050 ...........,P...
0x2e5af830: 00000000 00000000 4ac04b28 00007ff8 ........(K.J....
0x2e5af840: 2e5af890 00000050 00000000 00000000 ..Z.P...........
0x2e5af850: 00000000 00000000 00000000 00000000 ................
0x2e5af860: 00000000 00000000 00000000 00000000 ................
0x2e5af870: 00000000 00000000 00000000 00000000 ................
0x2e5af880: 00000000 00000000 00000000 00000000 ................
0x2e5af890: 00000000 00000000 00000000 00000000 ................
0x2e5af8a0: 00000000 00000000 00000000 00000000 ................
0x2e5af8b0: 00000000 00000000 00000000 00000000 ................
0x2e5af8c0: 00000000 00000000 00000000 00000000 ................
0x2e5af8d0: 00000000 00000000 00000000 00000000 ................
0x2e5af8e0: 00000000 00000000 00000000 00000000 ................
0x2e5af8f0: 00000000 00000000 00000000 00000000 ................
0x2e5af900: 00000000 00000000 00000000 00000000 ................
0x2e5af910: 00000000 00000000 00000000 00000000 ................
0x2e5af920: 00000000 00000000 00000000 00000000 ................
0x2e5af930: 00000000 00000000 00000000 00000000 ................
0x2e5af940: 00000000 00000000 00000000 00000000 ................
0x2e5af950: 00000000 00000000 00000000 00000000 ................
0x2e5af960: 00000000 00000000 00000000 00000000 ................
0x2e5af970: 00000000 00000000 4834d69b 00007ff8 ..........4H....
0x2e5af980: 00000000 00000000 4abe2630 00007ff8 ........0&.J....
0x2e5af990: 0000027f 00000000 00000000 00000000 ................
0x2e5af9a0: 00000000 00000000 00001f80 0000ffff ................
0x2e5af9b0: fe1b1260 00007ff6 00000000 00000000 `...............
0x2e5af9c0: 00100000 00000000 00001000 00000000 ................
0x2e5af9d0: 00000002 00060000 00000006 81600022 ............".`.
0x2e5af9e0: 04018664 00000000 0009ee00 00000000 d...............
0x2e5af9f0: 00000040 00000000 4834d548 00007ff8 @.......H.4H....
0x2e5afa00: 2e5afac0 00000050 00000000 00000000 ..Z.P...........
0x2e5afa10: 00000000 00000000 00000000 00000000 ................
0x2e5afa20: 00060009 00089e0a bd9bbfff 00000000 ................
0x2e5afa30: 00000000 00000000 00000000 00000000 ................
0x2e5afa40: 00000020 00000000 dce7ad8c 00007fff  ...............
0x2e5afa50: c009d0d0 0000016d de0bd3c0 00007fff ....m...........
0x2e5afa60: 00000000 00000000 00000000 00000000 ................
0x2e5afa70: 00000030 00000000 dce7ad8c 00007fff 0...............
0x2e5afa80: c00a6ce0 0000016d de0bd3c0 00007fff .l..m...........
0x2e5afa90: de0bd3c0 00007fff 00000000 00000000 ................
0x2e5afaa0: de0ac660 00007fff dce79f0b 00007fff `...............
0x2e5afab0: c00a6ce0 0000016d c0400100 0000016d .l..m.....@.m...
0x2e5afac0: de0ac660 00007fff dce79cab 00007fff `...............
0x2e5afad0: 00000010 00000000 00000000 00000000 ................
0x2e5afae0: 00000001 00000000 00000000 00000000 ................
0x2e5afaf0: de0ac660 00007fff dce79cab 00007fff `...............
0x2e5afb00: de0bd8c0 00007fff 00000030 00000000 ........0.......
0x2e5afb10: 00000010 00000000 00000000 00000000 ................
0x2e5afb20: c009d0b0 0000016d 00001252 00000000 ....m...R.......
0x2e5afb30: c009d0b0 0000016d 00001252 00000000 ....m...R.......
0x2e5afb40: 00000000 00000000 00000000 00000000 ................
0x2e5afb50: c0400080 0000016d dce7b006 00007fff ..@.m...........
0x2e5afb60: 00000020 00000000 00000020 00000000  ....... .......
0x2e5afb70: c009d0d0 0000016d 00000000 00000000 ....m...........
0x2e5afb80: 00000014 00000000 00000017 00000000 ................
0x2e5afb90: de0ac660 00007fff c006e0b0 0000016d `...........m...
0x2e5afba0: c009d110 0000016d dce76770 00007fff ....m...pg......
0x2e5afbb0: 00000000 00000000 0000000c 00000000 ................
0x2e5afbc0: 00000000 00007fff ddda30f8 00007fff .........0......
0x2e5afbd0: 00000000 00000000 dce7602a 00007fff ........*`......
0x2e5afbe0: 00000000 00000000 00000000 00000000 ................
0x2e5afbf0: 00000000 00000000 00000000 00000000 ................
0x2e5afc00: dcdf315b 00007fff 00000000 00000000 [1..............
0x2e5afc10: 00000000 00000000 00000000 00000000 ................
0x2e5afc20: 00000000 00000000 0000002a 00000000 ........*.......
0x2e5afc30: 00000000 00000000 c00002c0 0000016e ............n...
0x2e5afc40: 0022b8c0 0000016e dcdfe6cd 00007fff ..".n...........
0x2e5afc50: 0022b8c0 0000016e 00289b18 00289b1c ..".n.....(...(.
0x2e5afc60: c60ff710 0000016e 000027f3 00000000 ....n....'......
0x2e5afc70: 00000000 00000000 dcdfe7a8 00007fff ................
0x2e5afc80: 0022b8c0 0000016e 00000000 00000000 ..".n...........
0x2e5afc90: 00000000 00000000 00000000 00000000 ................
0x2e5afca0: c006e0b0 0000016d dd124798 00007fff ....m....G......
0x2e5afcb0: c006e0b0 0000016d 00000000 00000000 ....m...........
0x2e5afcc0: 00000000 00000000 00000000 00000000 ................
0x2e5afcd0: 00000000 00000000 49647034 00007ff8 ........4pdI....
0x2e5afce0: 00000000 00000000 00000000 00000000 ................
0x2e5afcf0: 00000000 00000000 00000000 00000000 ................
0x2e5afd00: 00000000 00000000 4abe2651 00007ff8 ........Q&.J....
0x2e5afd10: 00000000 00000000 00000000 00000000 ................
0x2e5afd20: 00000000 00000000 00000000 00000000 ................
0x2e5afd30: 00000000 00000000 00000000 00000000 ................
0x2e5afd40: 00000000 31934e87 00000000 00000000 .....N.1........
0x2e5afd50: 00000000 00000000 4842c060 00007ff8 ........`.BH....
0x2e5afd60: 2e5ad040 00000050 f0f3a31d ce0000ff @.Z.P...........
0x2e5afd70: 79d18ee7 00007ff8 2e5ad040 00000050 ...y....@.Z.P...
0x2e5afd80: 00000000 00000000 00000000 00000000 ................
0x2e5afd90: 00000000 00000000 00000000 00000000 ................
0x2e5afda0: 00000000 00000000 00000000 00000000 ................
0x2e5afdb0: 00000000 00000000 00000000 00000000 ................
0x2e5afdc0: 00000000 00000000 00000000 00000000 ................
0x2e5afdd0: 00000000 00000000 00000000 00000000 ................
0x2e5afde0: 00000000 00000000 00000000 00000000 ................
0x2e5afdf0: 00000000 00000000 00000000 00000000 ................
0x2e5afe00: 00000000 00000000 00000000 00000000 ................
0x2e5afe10: 00000000 00000000 00000000 00000000 ................
0x2e5afe20: 00000000 00000000 00000000 00000000 ................
0x2e5afe30: 00000000 00000000 00000000 00000000 ................
0x2e5afe40: 00000000 00000000 00000000 00000000 ................
0x2e5afe50: 00000000 00000000 00000000 00000000 ................
0x2e5afe60: 00000000 00000000 00000000 00000000 ................
0x2e5afe70: 00000000 00000000 00000000 00000000 ................
0x2e5afe80: 00000000 00000000 00000000 00000000 ................
0x2e5afe90: 00000000 00000000 00000000 00000000 ................
0x2e5afea0: 00000000 00000000 00000000 00000000 ................
0x2e5afeb0: 00000000 00000000 00000000 00000000 ................
0x2e5afec0: 00000000 00000000 00000000 00000000 ................
0x2e5afed0: 00000000 00000000 00000000 00000000 ................
0x2e5afee0: 00000000 00000000 00000000 00000000 ................
0x2e5afef0: 00000000 00000000 00000000 00000000 ................
0x2e5aff00: 00000000 00000000 00000000 00000000 ................
0x2e5aff10: 00000000 00000000 00000000 00000000 ................
0x2e5aff20: 00000000 00000000 00000000 00000000 ................
0x2e5aff30: 00000000 00000000 00000000 00000000 ................

Module 1
C:\WINDOWS\SYSTEM32\xinput1_3.dll
Image Base: 0x00400000  Image Size: 0x0001e000
File Size:  107368      File Time:  2007-04-04_185422
Version:
   Company:    Microsoft Corporation
   Product:    Microsoft® DirectX for Windows®
   FileDesc:   Microsoft Common Controller API
   FileVer:    9.18.944.0
   ProdVer:    9.18.944.0

Crash Report configuration:
 * App Name: Temtem
 * App Version: Unity 2019.4.18f1_3310a4d4f880
 * Mono DLL: 
 * Bug Reporter App Path: 
 * Crash Report Path: C:\Users\rqflo\AppData\Local\Temp\Crema\Temtem\Crashes
 * Is Editor: false

Crash Report metadata:

Additional report files:
 * "C:\Users\rqflo\AppData\LocalLow\Crema\Temtem\Player.log" (Output log file)



== [end of error.log] ==
