Temtem by Crema [version: Unity 2019.4.14f1_df5769635aab]

UnityPlayer.dll caused an Access Violation (0xc0000005)
  in module UnityPlayer.dll at 0033:53367719.

Error occurred at 2021-04-09_201320.
C:\Program Files (x86)\Steam\steamapps\common\Temtem\Temtem.exe, run by rqflo.

85% physical memory in use.
8035 MB physical memory [1129 MB free].
9595 MB process peak paging file [9563 MB used].
3287 MB process peak working set [3280 MB used].
System Commit Total/Limit/Peak: 16204MB/16227MB/16227MB
System Physical Total/Available: 8035MB/1129MB
System Process Count: 201
System Thread Count: 1972
System Handle Count: 78778
Disk space data for 'C:\Users\rqflo\AppData\Local\Temp\Crema\Temtem\Crashes\Crash_2021-04-09_121239041\': 552960217088 bytes free of 999007711232 total.

Write to location 0000000000000000 caused an access violation.

Context:
RDI:    0x0000000000000000  RSI: 0x0000000000c01000  RAX:   0x0000000000000000
RBX:    0x00007ffc545a4140  RCX: 0x0000000000000000  RDX:   0x00000000000005af
RIP:    0x00007ffc53367719  RBP: 0x0000000000000000  SegCs: 0x0000000000000033
EFlags: 0x0000000000010206  RSP: 0x000000469b75eed0  SegSs: 0x000000000000002b
R8:     0x000000000000005a  R9:  0x000000000000005e  R10:   0x0000000000000096
R11:    0x0000000000000246  R12: 0x0000000000c00000  R13:   0x0000000000000001
R14:    0x0000000000000010  R15: 0x00007ffc545a4260


Bytes at CS:EIP:
48 89 28 48 89 68 08 48 89 48 10 48 8b 8b 70 01 

*** WARNING ***
Managed call stack frames will be incorrect or missing.
The Mono DLL at 'C:\Program Files (x86)\Steam\steamapps\common\Temtem\MonoBleedingEdge\EmbedRuntime\mono-2.0-bdwgc.dll' does not provide out-of-process stack information support.
Upgrade to a newer version of the Mono Scripting Runtime for more detailed debug information.


Stack Trace of Crashed Thread 11488:
0x00007FFC53367719 (UnityPlayer) UnityMain
0x00007FFC533652AA (UnityPlayer) UnityMain
0x00007FFC533619BC (UnityPlayer) UnityMain
0x00007FFC53361B2B (UnityPlayer) UnityMain
0x00007FFC53361B2B (UnityPlayer) UnityMain
0x00007FFC53364B0C (UnityPlayer) UnityMain
ERROR: SymGetSymFromAddr64, GetLastError: 'Attempt to access invalid address.' (Address: 00007FFC5309DC51)
0x00007FFC5309DC51 (UnityPlayer) (function-name not available)
0x00007FFC53567B99 (UnityPlayer) UnityMain
0x00007FFC5356829C (UnityPlayer) UnityMain
0x00007FFC5357E036 (UnityPlayer) UnityMain
0x00007FFC53580309 (UnityPlayer) UnityMain
0x00007FFC5358002D (UnityPlayer) UnityMain
0x00007FFC53567DA7 (UnityPlayer) UnityMain
0x00007FFC53567E43 (UnityPlayer) UnityMain
0x00007FFC5356A27C (UnityPlayer) UnityMain
ERROR: SymGetSymFromAddr64, GetLastError: 'Attempt to access invalid address.' (Address: 00007FFC5332001E)
0x00007FFC5332001E (UnityPlayer) (function-name not available)
ERROR: SymGetSymFromAddr64, GetLastError: 'Attempt to access invalid address.' (Address: 00007FFC5331ED7A)
0x00007FFC5331ED7A (UnityPlayer) (function-name not available)
ERROR: SymGetSymFromAddr64, GetLastError: 'Attempt to access invalid address.' (Address: 00007FFC53322E2C)
0x00007FFC53322E2C (UnityPlayer) (function-name not available)
0x00007FFC5332691B (UnityPlayer) UnityMain
ERROR: SymGetSymFromAddr64, GetLastError: 'Attempt to access invalid address.' (Address: 00007FF6844511F2)
0x00007FF6844511F2 (Temtem) (function-name not available)
0x00007FFC8A717034 (KERNEL32) BaseThreadInitThunk
0x00007FFC8B462651 (ntdll) RtlUserThreadStart

Stacks for Running Threads:

Call Stack for Thread 4764:
0x00007FFC8B4ACC94 (ntdll) ZwWaitForSingleObject
0x00007FFC8904A34E (KERNELBASE) WaitForSingleObjectEx
0x00007FFC51545E8F (mono-2.0-bdwgc) mono_conc_hashtable_remove
0x00007FFC516342DD (mono-2.0-bdwgc) mono_gc_reference_queue_new
0x00007FFC516330B5 (mono-2.0-bdwgc) mono_callspec_parse
0x00007FFC515F6398 (mono-2.0-bdwgc) mono_threads_set_shutting_down
0x00007FFC515F6126 (mono-2.0-bdwgc) mono_threads_set_shutting_down
0x00007FFC8A717034 (KERNEL32) BaseThreadInitThunk
0x00007FFC8B462651 (ntdll) RtlUserThreadStart


Call Stack for Thread 1200:
0x00007FFC8B4ACC94 (ntdll) ZwWaitForSingleObject
0x00007FFC8904A34E (KERNELBASE) WaitForSingleObjectEx
0x00007FFC53C6DEC2 (UnityPlayer) UnityMain
0x00007FFC53523070 (UnityPlayer) UnityMain
0x00007FFC53524140 (UnityPlayer) UnityMain
0x00007FFC5360F978 (UnityPlayer) UnityMain
0x00007FFC8A717034 (KERNEL32) BaseThreadInitThunk
0x00007FFC8B462651 (ntdll) RtlUserThreadStart


Call Stack for Thread 12416:
0x00007FFC8B4ACC94 (ntdll) ZwWaitForSingleObject
0x00007FFC8904A34E (KERNELBASE) WaitForSingleObjectEx
0x00007FFC53C6DEC2 (UnityPlayer) UnityMain
0x00007FFC53523070 (UnityPlayer) UnityMain
0x00007FFC53524140 (UnityPlayer) UnityMain
0x00007FFC5360F978 (UnityPlayer) UnityMain
0x00007FFC8A717034 (KERNEL32) BaseThreadInitThunk
0x00007FFC8B462651 (ntdll) RtlUserThreadStart


Call Stack for Thread 1332:
0x00007FFC8B4ACC94 (ntdll) ZwWaitForSingleObject
0x00007FFC8904A34E (KERNELBASE) WaitForSingleObjectEx
0x00007FFC53C6DEC2 (UnityPlayer) UnityMain
0x00007FFC53523070 (UnityPlayer) UnityMain
0x00007FFC53524140 (UnityPlayer) UnityMain
0x00007FFC5360F978 (UnityPlayer) UnityMain
0x00007FFC8A717034 (KERNEL32) BaseThreadInitThunk
0x00007FFC8B462651 (ntdll) RtlUserThreadStart


Call Stack for Thread 11416:
0x00007FFC8B4ACC94 (ntdll) ZwWaitForSingleObject
0x00007FFC8904A34E (KERNELBASE) WaitForSingleObjectEx
0x00007FFC53C6DEC2 (UnityPlayer) UnityMain
0x00007FFC53523070 (UnityPlayer) UnityMain
0x00007FFC53524140 (UnityPlayer) UnityMain
0x00007FFC5360F978 (UnityPlayer) UnityMain
0x00007FFC8A717034 (KERNEL32) BaseThreadInitThunk
0x00007FFC8B462651 (ntdll) RtlUserThreadStart


Call Stack for Thread 8160:
0x00007FFC8B4ACC94 (ntdll) ZwWaitForSingleObject
0x00007FFC8904A34E (KERNELBASE) WaitForSingleObjectEx
0x00007FFC53C6DEC2 (UnityPlayer) UnityMain
0x00007FFC53523070 (UnityPlayer) UnityMain
0x00007FFC53524140 (UnityPlayer) UnityMain
0x00007FFC5360F978 (UnityPlayer) UnityMain
0x00007FFC8A717034 (KERNEL32) BaseThreadInitThunk
0x00007FFC8B462651 (ntdll) RtlUserThreadStart


Call Stack for Thread 7532:
0x00007FFC8B4ACC94 (ntdll) ZwWaitForSingleObject
0x00007FFC8904A34E (KERNELBASE) WaitForSingleObjectEx
0x00007FFC53C6DEC2 (UnityPlayer) UnityMain
0x00007FFC53523070 (UnityPlayer) UnityMain
0x00007FFC53524140 (UnityPlayer) UnityMain
0x00007FFC5360F978 (UnityPlayer) UnityMain
0x00007FFC8A717034 (KERNEL32) BaseThreadInitThunk
0x00007FFC8B462651 (ntdll) RtlUserThreadStart


Call Stack for Thread 12152:
0x00007FFC8B4ACC94 (ntdll) ZwWaitForSingleObject
0x00007FFC8904A34E (KERNELBASE) WaitForSingleObjectEx
0x00007FFC53C6DEC2 (UnityPlayer) UnityMain
0x00007FFC53523070 (UnityPlayer) UnityMain
0x00007FFC53524140 (UnityPlayer) UnityMain
0x00007FFC5360F978 (UnityPlayer) UnityMain
0x00007FFC8A717034 (KERNEL32) BaseThreadInitThunk
0x00007FFC8B462651 (ntdll) RtlUserThreadStart


Call Stack for Thread 9560:
0x00007FFC8B4ACC94 (ntdll) ZwWaitForSingleObject
0x00007FFC8904A34E (KERNELBASE) WaitForSingleObjectEx
0x00007FFC53C6DEC2 (UnityPlayer) UnityMain
0x00007FFC53523070 (UnityPlayer) UnityMain
0x00007FFC53524140 (UnityPlayer) UnityMain
0x00007FFC5360F978 (UnityPlayer) UnityMain
0x00007FFC8A717034 (KERNEL32) BaseThreadInitThunk
0x00007FFC8B462651 (ntdll) RtlUserThreadStart


Call Stack for Thread 11456:
0x00007FFC8B4ACC94 (ntdll) ZwWaitForSingleObject
0x00007FFC8904A34E (KERNELBASE) WaitForSingleObjectEx
0x00007FFC53C6DEC2 (UnityPlayer) UnityMain
0x00007FFC53523070 (UnityPlayer) UnityMain
0x00007FFC53524140 (UnityPlayer) UnityMain
0x00007FFC5360F978 (UnityPlayer) UnityMain
0x00007FFC8A717034 (KERNEL32) BaseThreadInitThunk
0x00007FFC8B462651 (ntdll) RtlUserThreadStart


Call Stack for Thread 12148:
0x00007FFC8B4ACC94 (ntdll) ZwWaitForSingleObject
0x00007FFC8904A34E (KERNELBASE) WaitForSingleObjectEx
0x00007FFC53C6DEC2 (UnityPlayer) UnityMain
0x00007FFC53523070 (UnityPlayer) UnityMain
0x00007FFC53524140 (UnityPlayer) UnityMain
0x00007FFC5360F978 (UnityPlayer) UnityMain
0x00007FFC8A717034 (KERNEL32) BaseThreadInitThunk
0x00007FFC8B462651 (ntdll) RtlUserThreadStart


Call Stack for Thread 11928:
0x00007FFC8B4ACC94 (ntdll) ZwWaitForSingleObject
0x00007FFC8904A34E (KERNELBASE) WaitForSingleObjectEx
0x00007FFC53C6DEC2 (UnityPlayer) UnityMain
0x00007FFC53523070 (UnityPlayer) UnityMain
0x00007FFC53524140 (UnityPlayer) UnityMain
0x00007FFC5360F978 (UnityPlayer) UnityMain
0x00007FFC8A717034 (KERNEL32) BaseThreadInitThunk
0x00007FFC8B462651 (ntdll) RtlUserThreadStart


Call Stack for Thread 12508:
0x00007FFC8B4ACC94 (ntdll) ZwWaitForSingleObject
0x00007FFC8904A34E (KERNELBASE) WaitForSingleObjectEx
0x00007FFC53C6DEC2 (UnityPlayer) UnityMain
0x00007FFC53523070 (UnityPlayer) UnityMain
0x00007FFC53524140 (UnityPlayer) UnityMain
0x00007FFC5360F978 (UnityPlayer) UnityMain
0x00007FFC8A717034 (KERNEL32) BaseThreadInitThunk
0x00007FFC8B462651 (ntdll) RtlUserThreadStart


Call Stack for Thread 5312:
0x00007FFC8B4ACC94 (ntdll) ZwWaitForSingleObject
0x00007FFC8904A34E (KERNELBASE) WaitForSingleObjectEx
0x00007FFC53C6DEC2 (UnityPlayer) UnityMain
0x00007FFC53523070 (UnityPlayer) UnityMain
0x00007FFC53524140 (UnityPlayer) UnityMain
0x00007FFC5360F978 (UnityPlayer) UnityMain
0x00007FFC8A717034 (KERNEL32) BaseThreadInitThunk
0x00007FFC8B462651 (ntdll) RtlUserThreadStart


Call Stack for Thread 3972:
0x00007FFC8B4ACC94 (ntdll) ZwWaitForSingleObject
0x00007FFC8904A34E (KERNELBASE) WaitForSingleObjectEx
0x00007FFC53C6DEC2 (UnityPlayer) UnityMain
0x00007FFC53523070 (UnityPlayer) UnityMain
0x00007FFC53524140 (UnityPlayer) UnityMain
0x00007FFC5360F978 (UnityPlayer) UnityMain
0x00007FFC8A717034 (KERNEL32) BaseThreadInitThunk
0x00007FFC8B462651 (ntdll) RtlUserThreadStart


Call Stack for Thread 3136:
0x00007FFC8B4ACC94 (ntdll) ZwWaitForSingleObject
0x00007FFC8904A34E (KERNELBASE) WaitForSingleObjectEx
0x00007FFC53C6DEC2 (UnityPlayer) UnityMain
0x00007FFC53523070 (UnityPlayer) UnityMain
0x00007FFC53524140 (UnityPlayer) UnityMain
0x00007FFC5360F978 (UnityPlayer) UnityMain
0x00007FFC8A717034 (KERNEL32) BaseThreadInitThunk
0x00007FFC8B462651 (ntdll) RtlUserThreadStart


Call Stack for Thread 12676:
0x00007FFC8B4ACC94 (ntdll) ZwWaitForSingleObject
0x00007FFC8904A34E (KERNELBASE) WaitForSingleObjectEx
0x00007FFC53C6DEC2 (UnityPlayer) UnityMain
0x00007FFC53523070 (UnityPlayer) UnityMain
0x00007FFC53524140 (UnityPlayer) UnityMain
0x00007FFC5360F978 (UnityPlayer) UnityMain
0x00007FFC8A717034 (KERNEL32) BaseThreadInitThunk
0x00007FFC8B462651 (ntdll) RtlUserThreadStart


Call Stack for Thread 6756:
0x00007FFC8B4ACC94 (ntdll) ZwWaitForSingleObject
0x00007FFC8904A34E (KERNELBASE) WaitForSingleObjectEx
0x00007FFC53C6DEC2 (UnityPlayer) UnityMain
0x00007FFC53523070 (UnityPlayer) UnityMain
0x00007FFC53524140 (UnityPlayer) UnityMain
0x00007FFC5360F978 (UnityPlayer) UnityMain
0x00007FFC8A717034 (KERNEL32) BaseThreadInitThunk
0x00007FFC8B462651 (ntdll) RtlUserThreadStart


Call Stack for Thread 7332:
0x00007FFC8B4ACC94 (ntdll) ZwWaitForSingleObject
0x00007FFC8904A34E (KERNELBASE) WaitForSingleObjectEx
0x00007FFC53C6DEC2 (UnityPlayer) UnityMain
0x00007FFC53523070 (UnityPlayer) UnityMain
0x00007FFC53524140 (UnityPlayer) UnityMain
0x00007FFC5360F978 (UnityPlayer) UnityMain
0x00007FFC8A717034 (KERNEL32) BaseThreadInitThunk
0x00007FFC8B462651 (ntdll) RtlUserThreadStart


Call Stack for Thread 11960:
0x00007FFC8B4ACC94 (ntdll) ZwWaitForSingleObject
0x00007FFC8904A34E (KERNELBASE) WaitForSingleObjectEx
0x00007FFC53C6DEC2 (UnityPlayer) UnityMain
0x00007FFC53523070 (UnityPlayer) UnityMain
0x00007FFC53524140 (UnityPlayer) UnityMain
0x00007FFC5360F978 (UnityPlayer) UnityMain
0x00007FFC8A717034 (KERNEL32) BaseThreadInitThunk
0x00007FFC8B462651 (ntdll) RtlUserThreadStart


Call Stack for Thread 11920:
0x00007FFC8B4ACC94 (ntdll) ZwWaitForSingleObject
0x00007FFC8904A34E (KERNELBASE) WaitForSingleObjectEx
0x00007FFC53C6DEC2 (UnityPlayer) UnityMain
0x00007FFC53523070 (UnityPlayer) UnityMain
0x00007FFC53524140 (UnityPlayer) UnityMain
0x00007FFC5360F978 (UnityPlayer) UnityMain
0x00007FFC8A717034 (KERNEL32) BaseThreadInitThunk
0x00007FFC8B462651 (ntdll) RtlUserThreadStart


Call Stack for Thread 6644:
0x00007FFC8B4ACC94 (ntdll) ZwWaitForSingleObject
0x00007FFC8904A34E (KERNELBASE) WaitForSingleObjectEx
0x00007FFC53C6DEC2 (UnityPlayer) UnityMain
0x00007FFC53523070 (UnityPlayer) UnityMain
0x00007FFC53524140 (UnityPlayer) UnityMain
0x00007FFC5360F978 (UnityPlayer) UnityMain
0x00007FFC8A717034 (KERNEL32) BaseThreadInitThunk
0x00007FFC8B462651 (ntdll) RtlUserThreadStart


Call Stack for Thread 12772:
0x00007FFC8B4ACC94 (ntdll) ZwWaitForSingleObject
0x00007FFC8904A34E (KERNELBASE) WaitForSingleObjectEx
0x00007FFC53C6DEC2 (UnityPlayer) UnityMain
0x00007FFC53523070 (UnityPlayer) UnityMain
0x00007FFC53524140 (UnityPlayer) UnityMain
0x00007FFC5360F978 (UnityPlayer) UnityMain
0x00007FFC8A717034 (KERNEL32) BaseThreadInitThunk
0x00007FFC8B462651 (ntdll) RtlUserThreadStart


Call Stack for Thread 13232:
0x00007FFC8B4ACC94 (ntdll) ZwWaitForSingleObject
0x00007FFC8904A34E (KERNELBASE) WaitForSingleObjectEx
0x00007FFC53C6DEC2 (UnityPlayer) UnityMain
0x00007FFC53523070 (UnityPlayer) UnityMain
0x00007FFC53524140 (UnityPlayer) UnityMain
0x00007FFC5360F978 (UnityPlayer) UnityMain
0x00007FFC8A717034 (KERNEL32) BaseThreadInitThunk
0x00007FFC8B462651 (ntdll) RtlUserThreadStart


Call Stack for Thread 9364:
0x00007FFC8B4ACC94 (ntdll) ZwWaitForSingleObject
0x00007FFC8904A34E (KERNELBASE) WaitForSingleObjectEx
0x00007FFC53C6DEC2 (UnityPlayer) UnityMain
0x00007FFC536109EA (UnityPlayer) UnityMain
0x00007FFC53566FAC (UnityPlayer) UnityMain
0x00007FFC5360F978 (UnityPlayer) UnityMain
0x00007FFC8A717034 (KERNEL32) BaseThreadInitThunk
0x00007FFC8B462651 (ntdll) RtlUserThreadStart


Call Stack for Thread 5952:
0x00007FFC8B4ACC94 (ntdll) ZwWaitForSingleObject
0x00007FFC8904A34E (KERNELBASE) WaitForSingleObjectEx
0x00007FFC53C6DEC2 (UnityPlayer) UnityMain
0x00007FFC5341B6FD (UnityPlayer) UnityMain
0x00007FFC5360F978 (UnityPlayer) UnityMain
0x00007FFC8A717034 (KERNEL32) BaseThreadInitThunk
0x00007FFC8B462651 (ntdll) RtlUserThreadStart


Call Stack for Thread 9372:
0x00007FFC8B4ACC94 (ntdll) ZwWaitForSingleObject
0x00007FFC8904A34E (KERNELBASE) WaitForSingleObjectEx
0x00007FFC4628EA4D (nvwgf2umx) cask::SafeEnum<cask::GemmChip_ENUMCLASS_SCOPEWRAPPER>::SafeEnum<cask::GemmChip_ENUMCLASS_SCOPEWRAPPER>
0x00007FFC471A7AAC (nvwgf2umx) OpenAdapter12
0x00007FFC8A717034 (KERNEL32) BaseThreadInitThunk
0x00007FFC8B462651 (ntdll) RtlUserThreadStart


Call Stack for Thread 12620:
0x00007FFC8B4ACC94 (ntdll) ZwWaitForSingleObject
0x00007FFC8904A34E (KERNELBASE) WaitForSingleObjectEx
0x00007FFC4628EA4D (nvwgf2umx) cask::SafeEnum<cask::GemmChip_ENUMCLASS_SCOPEWRAPPER>::SafeEnum<cask::GemmChip_ENUMCLASS_SCOPEWRAPPER>
0x00007FFC471A7AAC (nvwgf2umx) OpenAdapter12
0x00007FFC8A717034 (KERNEL32) BaseThreadInitThunk
0x00007FFC8B462651 (ntdll) RtlUserThreadStart


Call Stack for Thread 3196:
0x00007FFC8B4ACC94 (ntdll) ZwWaitForSingleObject
0x00007FFC8904A34E (KERNELBASE) WaitForSingleObjectEx
0x00007FFC4628EA4D (nvwgf2umx) cask::SafeEnum<cask::GemmChip_ENUMCLASS_SCOPEWRAPPER>::SafeEnum<cask::GemmChip_ENUMCLASS_SCOPEWRAPPER>
0x00007FFC471A7AAC (nvwgf2umx) OpenAdapter12
0x00007FFC8A717034 (KERNEL32) BaseThreadInitThunk
0x00007FFC8B462651 (ntdll) RtlUserThreadStart


Call Stack for Thread 10608:
0x00007FFC8B4ACC94 (ntdll) ZwWaitForSingleObject
0x00007FFC8904A34E (KERNELBASE) WaitForSingleObjectEx
0x00007FFC4628EA4D (nvwgf2umx) cask::SafeEnum<cask::GemmChip_ENUMCLASS_SCOPEWRAPPER>::SafeEnum<cask::GemmChip_ENUMCLASS_SCOPEWRAPPER>
0x00007FFC471A7AAC (nvwgf2umx) OpenAdapter12
0x00007FFC8A717034 (KERNEL32) BaseThreadInitThunk
0x00007FFC8B462651 (ntdll) RtlUserThreadStart


Call Stack for Thread 9032:
0x00007FFC8B4ACC94 (ntdll) ZwWaitForSingleObject
0x00007FFC8904A34E (KERNELBASE) WaitForSingleObjectEx
0x00007FFC46C266D2 (nvwgf2umx) cask::ShaderList<cask::SoftmaxShader,cask::SoftmaxOperation>::availableShaders
0x00007FFC46C255AA (nvwgf2umx) cask::ShaderList<cask::SoftmaxShader,cask::SoftmaxOperation>::availableShaders
0x00007FFC46C1A7ED (nvwgf2umx) cask::ShaderList<cask::SoftmaxShader,cask::SoftmaxOperation>::availableShaders
0x00007FFC461F149A (nvwgf2umx) cask::SafeEnum<cask::GemmChip_ENUMCLASS_SCOPEWRAPPER>::SafeEnum<cask::GemmChip_ENUMCLASS_SCOPEWRAPPER>
0x00007FFC471A7AAC (nvwgf2umx) OpenAdapter12
0x00007FFC8A717034 (KERNEL32) BaseThreadInitThunk
0x00007FFC8B462651 (ntdll) RtlUserThreadStart


Call Stack for Thread 11164:
0x00007FFC8B4ACC94 (ntdll) ZwWaitForSingleObject
0x00007FFC8904A34E (KERNELBASE) WaitForSingleObjectEx
0x00007FFC4628EA4D (nvwgf2umx) cask::SafeEnum<cask::GemmChip_ENUMCLASS_SCOPEWRAPPER>::SafeEnum<cask::GemmChip_ENUMCLASS_SCOPEWRAPPER>
0x00007FFC471A7AAC (nvwgf2umx) OpenAdapter12
0x00007FFC8A717034 (KERNEL32) BaseThreadInitThunk
0x00007FFC8B462651 (ntdll) RtlUserThreadStart


Call Stack for Thread 11784:
0x00007FFC8B4ACC94 (ntdll) ZwWaitForSingleObject
0x00007FFC8904A34E (KERNELBASE) WaitForSingleObjectEx
0x00007FFC4628EA4D (nvwgf2umx) cask::SafeEnum<cask::GemmChip_ENUMCLASS_SCOPEWRAPPER>::SafeEnum<cask::GemmChip_ENUMCLASS_SCOPEWRAPPER>
0x00007FFC471A7AAC (nvwgf2umx) OpenAdapter12
0x00007FFC8A717034 (KERNEL32) BaseThreadInitThunk
0x00007FFC8B462651 (ntdll) RtlUserThreadStart


Call Stack for Thread 12840:
0x00007FFC8B4ACC94 (ntdll) ZwWaitForSingleObject
0x00007FFC8904A34E (KERNELBASE) WaitForSingleObjectEx
0x00007FFC4628EA4D (nvwgf2umx) cask::SafeEnum<cask::GemmChip_ENUMCLASS_SCOPEWRAPPER>::SafeEnum<cask::GemmChip_ENUMCLASS_SCOPEWRAPPER>
0x00007FFC471A7AAC (nvwgf2umx) OpenAdapter12
0x00007FFC8A717034 (KERNEL32) BaseThreadInitThunk
0x00007FFC8B462651 (ntdll) RtlUserThreadStart


Call Stack for Thread 1348:
0x00007FFC8B4ACC94 (ntdll) ZwWaitForSingleObject
0x00007FFC8904A34E (KERNELBASE) WaitForSingleObjectEx
0x00007FFC4628EA4D (nvwgf2umx) cask::SafeEnum<cask::GemmChip_ENUMCLASS_SCOPEWRAPPER>::SafeEnum<cask::GemmChip_ENUMCLASS_SCOPEWRAPPER>
0x00007FFC471A7AAC (nvwgf2umx) OpenAdapter12
0x00007FFC8A717034 (KERNEL32) BaseThreadInitThunk
0x00007FFC8B462651 (ntdll) RtlUserThreadStart


Call Stack for Thread 5164:
0x00007FFC8B4ACC94 (ntdll) ZwWaitForSingleObject
0x00007FFC8904A34E (KERNELBASE) WaitForSingleObjectEx
0x00007FFC4628EA4D (nvwgf2umx) cask::SafeEnum<cask::GemmChip_ENUMCLASS_SCOPEWRAPPER>::SafeEnum<cask::GemmChip_ENUMCLASS_SCOPEWRAPPER>
0x00007FFC471A7AAC (nvwgf2umx) OpenAdapter12
0x00007FFC8A717034 (KERNEL32) BaseThreadInitThunk
0x00007FFC8B462651 (ntdll) RtlUserThreadStart


Call Stack for Thread 9496:
0x00007FFC8B4ACC94 (ntdll) ZwWaitForSingleObject
0x00007FFC8904A34E (KERNELBASE) WaitForSingleObjectEx
0x00007FFC53C6DEC2 (UnityPlayer) UnityMain
0x00007FFC536109EA (UnityPlayer) UnityMain
ERROR: SymGetSymFromAddr64, GetLastError: 'Attempt to access invalid address.' (Address: 00007FFC532DE3E5)
0x00007FFC532DE3E5 (UnityPlayer) (function-name not available)
ERROR: SymGetSymFromAddr64, GetLastError: 'Attempt to access invalid address.' (Address: 00007FFC532E970D)
0x00007FFC532E970D (UnityPlayer) (function-name not available)
ERROR: SymGetSymFromAddr64, GetLastError: 'Attempt to access invalid address.' (Address: 00007FFC532E97E8)
0x00007FFC532E97E8 (UnityPlayer) (function-name not available)
0x00007FFC5360F978 (UnityPlayer) UnityMain
0x00007FFC8A717034 (KERNEL32) BaseThreadInitThunk
0x00007FFC8B462651 (ntdll) RtlUserThreadStart


Call Stack for Thread 6124:
0x00007FFC8B4ACC94 (ntdll) ZwWaitForSingleObject
0x00007FFC8904A34E (KERNELBASE) WaitForSingleObjectEx
0x00007FFC4628EA4D (nvwgf2umx) cask::SafeEnum<cask::GemmChip_ENUMCLASS_SCOPEWRAPPER>::SafeEnum<cask::GemmChip_ENUMCLASS_SCOPEWRAPPER>
0x00007FFC471A7AAC (nvwgf2umx) OpenAdapter12
0x00007FFC8A717034 (KERNEL32) BaseThreadInitThunk
0x00007FFC8B462651 (ntdll) RtlUserThreadStart


Call Stack for Thread 6456:
0x00007FFC8B4ACC94 (ntdll) ZwWaitForSingleObject
0x00007FFC8904A34E (KERNELBASE) WaitForSingleObjectEx
0x00007FFC4628EA4D (nvwgf2umx) cask::SafeEnum<cask::GemmChip_ENUMCLASS_SCOPEWRAPPER>::SafeEnum<cask::GemmChip_ENUMCLASS_SCOPEWRAPPER>
0x00007FFC471A7AAC (nvwgf2umx) OpenAdapter12
0x00007FFC8A717034 (KERNEL32) BaseThreadInitThunk
0x00007FFC8B462651 (ntdll) RtlUserThreadStart


Call Stack for Thread 9792:
0x00007FFC8B4ACC94 (ntdll) ZwWaitForSingleObject
0x00007FFC8904A34E (KERNELBASE) WaitForSingleObjectEx
0x00007FFC4628EA4D (nvwgf2umx) cask::SafeEnum<cask::GemmChip_ENUMCLASS_SCOPEWRAPPER>::SafeEnum<cask::GemmChip_ENUMCLASS_SCOPEWRAPPER>
0x00007FFC471A7AAC (nvwgf2umx) OpenAdapter12
0x00007FFC8A717034 (KERNEL32) BaseThreadInitThunk
0x00007FFC8B462651 (ntdll) RtlUserThreadStart


Call Stack for Thread 12196:
0x00007FFC8B4ACC94 (ntdll) ZwWaitForSingleObject
0x00007FFC8904A34E (KERNELBASE) WaitForSingleObjectEx
0x00007FFC4628EA4D (nvwgf2umx) cask::SafeEnum<cask::GemmChip_ENUMCLASS_SCOPEWRAPPER>::SafeEnum<cask::GemmChip_ENUMCLASS_SCOPEWRAPPER>
0x00007FFC471A7AAC (nvwgf2umx) OpenAdapter12
0x00007FFC8A717034 (KERNEL32) BaseThreadInitThunk
0x00007FFC8B462651 (ntdll) RtlUserThreadStart


Call Stack for Thread 2728:
0x00007FFC8B4ACC94 (ntdll) ZwWaitForSingleObject
0x00007FFC8904A34E (KERNELBASE) WaitForSingleObjectEx
0x00007FFC46C266D2 (nvwgf2umx) cask::ShaderList<cask::SoftmaxShader,cask::SoftmaxOperation>::availableShaders
0x00007FFC46C255AA (nvwgf2umx) cask::ShaderList<cask::SoftmaxShader,cask::SoftmaxOperation>::availableShaders
0x00007FFC46C1A7ED (nvwgf2umx) cask::ShaderList<cask::SoftmaxShader,cask::SoftmaxOperation>::availableShaders
0x00007FFC461F149A (nvwgf2umx) cask::SafeEnum<cask::GemmChip_ENUMCLASS_SCOPEWRAPPER>::SafeEnum<cask::GemmChip_ENUMCLASS_SCOPEWRAPPER>
0x00007FFC471A7AAC (nvwgf2umx) OpenAdapter12
0x00007FFC8A717034 (KERNEL32) BaseThreadInitThunk
0x00007FFC8B462651 (ntdll) RtlUserThreadStart


Call Stack for Thread 3680:
0x00007FFC8B4ACC94 (ntdll) ZwWaitForSingleObject
0x00007FFC8904A34E (KERNELBASE) WaitForSingleObjectEx
0x00007FFC4628EA4D (nvwgf2umx) cask::SafeEnum<cask::GemmChip_ENUMCLASS_SCOPEWRAPPER>::SafeEnum<cask::GemmChip_ENUMCLASS_SCOPEWRAPPER>
0x00007FFC471A7AAC (nvwgf2umx) OpenAdapter12
0x00007FFC8A717034 (KERNEL32) BaseThreadInitThunk
0x00007FFC8B462651 (ntdll) RtlUserThreadStart


Call Stack for Thread 12796:
0x00007FFC8B4AD764 (ntdll) NtWaitForMultipleObjects
0x00007FFC89080D40 (KERNELBASE) WaitForMultipleObjectsEx
0x00007FFC89080C3E (KERNELBASE) WaitForMultipleObjects
ERROR: SymGetSymFromAddr64, GetLastError: 'Attempt to access invalid address.' (Address: 00007FFC533046E3)
0x00007FFC533046E3 (UnityPlayer) (function-name not available)
0x00007FFC5360F978 (UnityPlayer) UnityMain
0x00007FFC8A717034 (KERNEL32) BaseThreadInitThunk
0x00007FFC8B462651 (ntdll) RtlUserThreadStart


Call Stack for Thread 8072:
0x00007FFC8B4AD764 (ntdll) NtWaitForMultipleObjects
0x00007FFC89080D40 (KERNELBASE) WaitForMultipleObjectsEx
0x00007FFC86127FFF (CoreMessaging) CreateDispatcherQueueController
0x00007FFC86127CE9 (CoreMessaging) CreateDispatcherQueueController
0x00007FFC86127471 (CoreMessaging) CreateDispatcherQueueController
0x00007FFC86126744 (CoreMessaging) CreateDispatcherQueueController
0x00007FFC8612996B (CoreMessaging) CreateDispatcherQueueController
0x00007FFC86126C28 (CoreMessaging) CreateDispatcherQueueController
0x00007FFC8615EBF5 (CoreMessaging) CoreUICreateEx
0x00007FFC8615DA7B (CoreMessaging) CoreUICreateEx
0x00007FFC763A25BA (inputhost) Ordinal2604
0x00007FFC763A6809 (inputhost) DllGetActivationFactory
0x00007FFC8A717034 (KERNEL32) BaseThreadInitThunk
0x00007FFC8B462651 (ntdll) RtlUserThreadStart


Call Stack for Thread 308:
0x00007FFC8B4ACC94 (ntdll) ZwWaitForSingleObject
0x00007FFC8904A34E (KERNELBASE) WaitForSingleObjectEx
0x00007FFC4628EA4D (nvwgf2umx) cask::SafeEnum<cask::GemmChip_ENUMCLASS_SCOPEWRAPPER>::SafeEnum<cask::GemmChip_ENUMCLASS_SCOPEWRAPPER>
0x00007FFC471A7AAC (nvwgf2umx) OpenAdapter12
0x00007FFC8A717034 (KERNEL32) BaseThreadInitThunk
0x00007FFC8B462651 (ntdll) RtlUserThreadStart


Call Stack for Thread 4576:
0x00007FFC8B4ACC94 (ntdll) ZwWaitForSingleObject
0x00007FFC8904A34E (KERNELBASE) WaitForSingleObjectEx
0x00007FFC5357F5E8 (UnityPlayer) UnityMain
0x00007FFC5357F8BC (UnityPlayer) UnityMain
0x00007FFC5357F929 (UnityPlayer) UnityMain
0x00007FFC5360F978 (UnityPlayer) UnityMain
0x00007FFC8A717034 (KERNEL32) BaseThreadInitThunk
0x00007FFC8B462651 (ntdll) RtlUserThreadStart


Call Stack for Thread 2264:
0x00007FFC8B4ACC94 (ntdll) ZwWaitForSingleObject
0x00007FFC8904A34E (KERNELBASE) WaitForSingleObjectEx
0x00007FFC45E3AAF7 (nvwgf2umx) NVENCODEAPI_Thunk
0x00007FFC471A7AAC (nvwgf2umx) OpenAdapter12
0x00007FFC8A717034 (KERNEL32) BaseThreadInitThunk
0x00007FFC8B462651 (ntdll) RtlUserThreadStart


Call Stack for Thread 12156:
0x00007FFC8B4AD764 (ntdll) NtWaitForMultipleObjects
0x00007FFC89080D40 (KERNELBASE) WaitForMultipleObjectsEx
0x00007FFC89080C3E (KERNELBASE) WaitForMultipleObjects
0x00007FFC45F289F7 (nvwgf2umx) NVDEV_Thunk
0x00007FFC461F149A (nvwgf2umx) cask::SafeEnum<cask::GemmChip_ENUMCLASS_SCOPEWRAPPER>::SafeEnum<cask::GemmChip_ENUMCLASS_SCOPEWRAPPER>
0x00007FFC471A7AAC (nvwgf2umx) OpenAdapter12
0x00007FFC8A717034 (KERNEL32) BaseThreadInitThunk
0x00007FFC8B462651 (ntdll) RtlUserThreadStart


Call Stack for Thread 12028:
0x00007FFC8B4ACC94 (ntdll) ZwWaitForSingleObject
0x00007FFC8904A34E (KERNELBASE) WaitForSingleObjectEx
0x00007FFC4628EA4D (nvwgf2umx) cask::SafeEnum<cask::GemmChip_ENUMCLASS_SCOPEWRAPPER>::SafeEnum<cask::GemmChip_ENUMCLASS_SCOPEWRAPPER>
0x00007FFC471A7AAC (nvwgf2umx) OpenAdapter12
0x00007FFC8A717034 (KERNEL32) BaseThreadInitThunk
0x00007FFC8B462651 (ntdll) RtlUserThreadStart


Call Stack for Thread 10048:
0x00007FFC8B4ACC94 (ntdll) ZwWaitForSingleObject
0x00007FFC8904A34E (KERNELBASE) WaitForSingleObjectEx
0x00007FFC4628EA4D (nvwgf2umx) cask::SafeEnum<cask::GemmChip_ENUMCLASS_SCOPEWRAPPER>::SafeEnum<cask::GemmChip_ENUMCLASS_SCOPEWRAPPER>
0x00007FFC471A7AAC (nvwgf2umx) OpenAdapter12
0x00007FFC8A717034 (KERNEL32) BaseThreadInitThunk
0x00007FFC8B462651 (ntdll) RtlUserThreadStart


Call Stack for Thread 9880:
0x00007FFC8B4ACC94 (ntdll) ZwWaitForSingleObject
0x00007FFC8904A34E (KERNELBASE) WaitForSingleObjectEx
0x00007FFC4628EA4D (nvwgf2umx) cask::SafeEnum<cask::GemmChip_ENUMCLASS_SCOPEWRAPPER>::SafeEnum<cask::GemmChip_ENUMCLASS_SCOPEWRAPPER>
0x00007FFC471A7AAC (nvwgf2umx) OpenAdapter12
0x00007FFC8A717034 (KERNEL32) BaseThreadInitThunk
0x00007FFC8B462651 (ntdll) RtlUserThreadStart


Call Stack for Thread 10704:
0x00007FFC8B4ACC94 (ntdll) ZwWaitForSingleObject
0x00007FFC8904A34E (KERNELBASE) WaitForSingleObjectEx
0x00007FFC4628EA4D (nvwgf2umx) cask::SafeEnum<cask::GemmChip_ENUMCLASS_SCOPEWRAPPER>::SafeEnum<cask::GemmChip_ENUMCLASS_SCOPEWRAPPER>
0x00007FFC471A7AAC (nvwgf2umx) OpenAdapter12
0x00007FFC8A717034 (KERNEL32) BaseThreadInitThunk
0x00007FFC8B462651 (ntdll) RtlUserThreadStart


Call Stack for Thread 3012:
0x00007FFC8B4ACC94 (ntdll) ZwWaitForSingleObject
0x00007FFC8904A34E (KERNELBASE) WaitForSingleObjectEx
0x00007FFC53D095B2 (UnityPlayer) UnityMain
0x00007FFC53CF080F (UnityPlayer) UnityMain
0x00007FFC8A717034 (KERNEL32) BaseThreadInitThunk
0x00007FFC8B462651 (ntdll) RtlUserThreadStart


Call Stack for Thread 3364:
0x00007FFC8B4ACC94 (ntdll) ZwWaitForSingleObject
0x00007FFC8904A34E (KERNELBASE) WaitForSingleObjectEx
0x00007FFC53C6DEC2 (UnityPlayer) UnityMain
ERROR: SymGetSymFromAddr64, GetLastError: 'Attempt to access invalid address.' (Address: 00007FFC53220F87)
0x00007FFC53220F87 (UnityPlayer) (function-name not available)
0x00007FFC5360F978 (UnityPlayer) UnityMain
0x00007FFC8A717034 (KERNEL32) BaseThreadInitThunk
0x00007FFC8B462651 (ntdll) RtlUserThreadStart


Call Stack for Thread 9152:
0x00007FFC8B4ACC94 (ntdll) ZwWaitForSingleObject
0x00007FFC8904A34E (KERNELBASE) WaitForSingleObjectEx
0x00007FFC53C6DEC2 (UnityPlayer) UnityMain
ERROR: SymGetSymFromAddr64, GetLastError: 'Attempt to access invalid address.' (Address: 00007FFC53220F87)
0x00007FFC53220F87 (UnityPlayer) (function-name not available)
0x00007FFC5360F978 (UnityPlayer) UnityMain
0x00007FFC8A717034 (KERNEL32) BaseThreadInitThunk
0x00007FFC8B462651 (ntdll) RtlUserThreadStart


Call Stack for Thread 12884:
0x00007FFC8B4ACC94 (ntdll) ZwWaitForSingleObject
0x00007FFC8904A34E (KERNELBASE) WaitForSingleObjectEx
0x00007FFC53C6DEC2 (UnityPlayer) UnityMain
ERROR: SymGetSymFromAddr64, GetLastError: 'Attempt to access invalid address.' (Address: 00007FFC53220F87)
0x00007FFC53220F87 (UnityPlayer) (function-name not available)
0x00007FFC5360F978 (UnityPlayer) UnityMain
0x00007FFC8A717034 (KERNEL32) BaseThreadInitThunk
0x00007FFC8B462651 (ntdll) RtlUserThreadStart


Call Stack for Thread 6440:
0x00007FFC8B4ACC94 (ntdll) ZwWaitForSingleObject
0x00007FFC8904A34E (KERNELBASE) WaitForSingleObjectEx
0x00007FFC53C6DEC2 (UnityPlayer) UnityMain
ERROR: SymGetSymFromAddr64, GetLastError: 'Attempt to access invalid address.' (Address: 00007FFC53220F87)
0x00007FFC53220F87 (UnityPlayer) (function-name not available)
0x00007FFC5360F978 (UnityPlayer) UnityMain
0x00007FFC8A717034 (KERNEL32) BaseThreadInitThunk
0x00007FFC8B462651 (ntdll) RtlUserThreadStart


Call Stack for Thread 5064:
0x00007FFC8B4ACC94 (ntdll) ZwWaitForSingleObject
0x00007FFC8904A34E (KERNELBASE) WaitForSingleObjectEx
0x00007FFC51545E8F (mono-2.0-bdwgc) mono_conc_hashtable_remove
0x00007FFC515F79B3 (mono-2.0-bdwgc) mono_threads_set_shutting_down
ERROR: SymGetSymFromAddr64, GetLastError: 'The specified module could not be found.' (Address: 0000018E7E878B1D)
ERROR: SymGetModuleInfo64, GetLastError: 'A dynamic link library (DLL) initialization routine failed.' (Address: 0000018E7E878B1D)
0x0000018E7E878B1D ((<unknown>)) (function-name not available)
ERROR: SymGetSymFromAddr64, GetLastError: 'The specified module could not be found.' (Address: 0000000000000004)
ERROR: SymGetModuleInfo64, GetLastError: 'A dynamic link library (DLL) initialization routine failed.' (Address: 0000000000000004)
0x0000000000000004 ((<unknown>)) (function-name not available)


Call Stack for Thread 3456:
0x00007FFC8B4ACC94 (ntdll) ZwWaitForSingleObject
0x00007FFC8904A34E (KERNELBASE) WaitForSingleObjectEx
0x00007FFC51545E8F (mono-2.0-bdwgc) mono_conc_hashtable_remove
0x00007FFC515F79B3 (mono-2.0-bdwgc) mono_threads_set_shutting_down
ERROR: SymGetSymFromAddr64, GetLastError: 'The specified module could not be found.' (Address: 0000018E7E878B1D)
ERROR: SymGetModuleInfo64, GetLastError: 'A dynamic link library (DLL) initialization routine failed.' (Address: 0000018E7E878B1D)
0x0000018E7E878B1D ((<unknown>)) (function-name not available)
ERROR: SymGetSymFromAddr64, GetLastError: 'The specified module could not be found.' (Address: 0000000000000009)
ERROR: SymGetModuleInfo64, GetLastError: 'A dynamic link library (DLL) initialization routine failed.' (Address: 0000000000000009)
0x0000000000000009 ((<unknown>)) (function-name not available)


Call Stack for Thread 88:
0x00007FFC8B4AD294 (ntdll) NtDelayExecution
0x00007FFC8907D84E (KERNELBASE) SleepEx
0x00007FFC55C3D05A (fmodstudio) FMOD_Thread_SetAttributes
0x00007FFC55C33C1A (fmodstudio) FMOD_File_SetDiskBusy
0x00007FFC55C3C396 (fmodstudio) FMOD_Thread_SetAttributes
0x00007FFC55CAE7B1 (fmodstudio) FMOD::SystemI::createMemoryFile
0x00007FFC8A717034 (KERNEL32) BaseThreadInitThunk
0x00007FFC8B462651 (ntdll) RtlUserThreadStart


Call Stack for Thread 4092:
0x00007FFC8B4ACC94 (ntdll) ZwWaitForSingleObject
0x00007FFC8904A34E (KERNELBASE) WaitForSingleObjectEx
0x00007FFC55C3F9F9 (fmodstudio) FMOD_Thread_SetAttributes
0x00007FFC55C33C01 (fmodstudio) FMOD_File_SetDiskBusy
0x00007FFC55C3C396 (fmodstudio) FMOD_Thread_SetAttributes
0x00007FFC55CAE7B1 (fmodstudio) FMOD::SystemI::createMemoryFile
0x00007FFC8A717034 (KERNEL32) BaseThreadInitThunk
0x00007FFC8B462651 (ntdll) RtlUserThreadStart


Call Stack for Thread 11736:
0x00007FFC8B4ACC94 (ntdll) ZwWaitForSingleObject
0x00007FFC8904A34E (KERNELBASE) WaitForSingleObjectEx
0x00007FFC55C3CD9F (fmodstudio) FMOD_Thread_SetAttributes
0x00007FFC55B52453 (fmodstudio) FMOD_Studio_VCA_SetVolume
0x00007FFC55C33C01 (fmodstudio) FMOD_File_SetDiskBusy
0x00007FFC55C3C396 (fmodstudio) FMOD_Thread_SetAttributes
0x00007FFC55CAE7B1 (fmodstudio) FMOD::SystemI::createMemoryFile
0x00007FFC8A717034 (KERNEL32) BaseThreadInitThunk
0x00007FFC8B462651 (ntdll) RtlUserThreadStart


Call Stack for Thread 7408:
0x00007FFC8B4ACC94 (ntdll) ZwWaitForSingleObject
0x00007FFC8904A34E (KERNELBASE) WaitForSingleObjectEx
0x00007FFC55C3CD9F (fmodstudio) FMOD_Thread_SetAttributes
0x00007FFC55B7939B (fmodstudio) FMOD_Studio_VCA_SetVolume
0x00007FFC55C33C01 (fmodstudio) FMOD_File_SetDiskBusy
0x00007FFC55C3C396 (fmodstudio) FMOD_Thread_SetAttributes
0x00007FFC55CAE7B1 (fmodstudio) FMOD::SystemI::createMemoryFile
0x00007FFC8A717034 (KERNEL32) BaseThreadInitThunk
0x00007FFC8B462651 (ntdll) RtlUserThreadStart


Call Stack for Thread 12912:
0x00007FFC8B4ACC94 (ntdll) ZwWaitForSingleObject
0x00007FFC8904A34E (KERNELBASE) WaitForSingleObjectEx
0x00007FFC55C3CD9F (fmodstudio) FMOD_Thread_SetAttributes
0x00007FFC55B786BE (fmodstudio) FMOD_Studio_VCA_SetVolume
0x00007FFC55B78265 (fmodstudio) FMOD_Studio_VCA_SetVolume
0x00007FFC55C33C01 (fmodstudio) FMOD_File_SetDiskBusy
0x00007FFC55C3C396 (fmodstudio) FMOD_Thread_SetAttributes
0x00007FFC55CAE7B1 (fmodstudio) FMOD::SystemI::createMemoryFile
0x00007FFC8A717034 (KERNEL32) BaseThreadInitThunk
0x00007FFC8B462651 (ntdll) RtlUserThreadStart


Call Stack for Thread 11584:
0x00007FFC8B4B0604 (ntdll) ZwWaitForAlertByThreadId
0x00007FFC8B474295 (ntdll) RtlSleepConditionVariableCS
0x00007FFC8909B9D9 (KERNELBASE) SleepConditionVariableCS
0x00007FFC5154112C (mono-2.0-bdwgc) mono_threads_attach_tools_thread
0x00007FFC515F7293 (mono-2.0-bdwgc) mono_threads_set_shutting_down
ERROR: SymGetSymFromAddr64, GetLastError: 'The specified module could not be found.' (Address: 0000018ED55D2883)
ERROR: SymGetModuleInfo64, GetLastError: 'A dynamic link library (DLL) initialization routine failed.' (Address: 0000018ED55D2883)
0x0000018ED55D2883 ((<unknown>)) (function-name not available)


Call Stack for Thread 5080:
0x00007FFC8B4B0604 (ntdll) ZwWaitForAlertByThreadId
0x00007FFC8B474295 (ntdll) RtlSleepConditionVariableCS
0x00007FFC8909B9D9 (KERNELBASE) SleepConditionVariableCS
0x00007FFC5154112C (mono-2.0-bdwgc) mono_threads_attach_tools_thread
0x00007FFC515F7293 (mono-2.0-bdwgc) mono_threads_set_shutting_down
ERROR: SymGetSymFromAddr64, GetLastError: 'The specified module could not be found.' (Address: 0000018ED55D2883)
ERROR: SymGetModuleInfo64, GetLastError: 'A dynamic link library (DLL) initialization routine failed.' (Address: 0000018ED55D2883)
0x0000018ED55D2883 ((<unknown>)) (function-name not available)
ERROR: SymGetSymFromAddr64, GetLastError: 'The specified module could not be found.' (Address: FFFFFE7134CB07DF)
ERROR: SymGetModuleInfo64, GetLastError: 'A dynamic link library (DLL) initialization routine failed.' (Address: FFFFFE7134CB07DF)
0xFFFFFE7134CB07DF ((<unknown>)) (function-name not available)
ERROR: SymGetSymFromAddr64, GetLastError: 'The specified module could not be found.' (Address: 0000018E00000000)
ERROR: SymGetModuleInfo64, GetLastError: 'A dynamic link library (DLL) initialization routine failed.' (Address: 0000018E00000000)
0x0000018E00000000 ((<unknown>)) (function-name not available)
ERROR: SymGetSymFromAddr64, GetLastError: 'The specified module could not be found.' (Address: 0000018E00000004)
ERROR: SymGetModuleInfo64, GetLastError: 'A dynamic link library (DLL) initialization routine failed.' (Address: 0000018E00000004)
0x0000018E00000004 ((<unknown>)) (function-name not available)
0x00007FFC516352C5 (mono-2.0-bdwgc) mono_monitor_exit
ERROR: SymGetSymFromAddr64, GetLastError: 'The specified module could not be found.' (Address: 0000018E83969DE0)
ERROR: SymGetModuleInfo64, GetLastError: 'A dynamic link library (DLL) initialization routine failed.' (Address: 0000018E83969DE0)
0x0000018E83969DE0 ((<unknown>)) (function-name not available)
ERROR: SymGetSymFromAddr64, GetLastError: 'The specified module could not be found.' (Address: 000000469EDEFA30)
ERROR: SymGetModuleInfo64, GetLastError: 'A dynamic link library (DLL) initialization routine failed.' (Address: 000000469EDEFA30)
0x000000469EDEFA30 ((<unknown>)) (function-name not available)
ERROR: SymGetSymFromAddr64, GetLastError: 'The specified module could not be found.' (Address: 0000000000000001)
ERROR: SymGetModuleInfo64, GetLastError: 'A dynamic link library (DLL) initialization routine failed.' (Address: 0000000000000001)
0x0000000000000001 ((<unknown>)) (function-name not available)


Call Stack for Thread 5720:
0x00007FFC8B4B0604 (ntdll) ZwWaitForAlertByThreadId
0x00007FFC8B474295 (ntdll) RtlSleepConditionVariableCS
0x00007FFC8909B9D9 (KERNELBASE) SleepConditionVariableCS
0x00007FFC5154112C (mono-2.0-bdwgc) mono_threads_attach_tools_thread
0x00007FFC515F7293 (mono-2.0-bdwgc) mono_threads_set_shutting_down
ERROR: SymGetSymFromAddr64, GetLastError: 'The specified module could not be found.' (Address: 0000018ED55D2883)
ERROR: SymGetModuleInfo64, GetLastError: 'A dynamic link library (DLL) initialization routine failed.' (Address: 0000018ED55D2883)
0x0000018ED55D2883 ((<unknown>)) (function-name not available)
ERROR: SymGetSymFromAddr64, GetLastError: 'The specified module could not be found.' (Address: 0000018ECB372900)
ERROR: SymGetModuleInfo64, GetLastError: 'A dynamic link library (DLL) initialization routine failed.' (Address: 0000018ECB372900)
0x0000018ECB372900 ((<unknown>)) (function-name not available)
ERROR: SymGetSymFromAddr64, GetLastError: 'The specified module could not be found.' (Address: 88D8FB9300000000)
ERROR: SymGetModuleInfo64, GetLastError: 'A dynamic link library (DLL) initialization routine failed.' (Address: 88D8FB9300000000)
0x88D8FB9300000000 ((<unknown>)) (function-name not available)


Call Stack for Thread 12300:
0x00007FFC8B4ACC94 (ntdll) ZwWaitForSingleObject
0x00007FFC8904A34E (KERNELBASE) WaitForSingleObjectEx
0x00007FFC51545E8F (mono-2.0-bdwgc) mono_conc_hashtable_remove
0x00007FFC515F79B3 (mono-2.0-bdwgc) mono_threads_set_shutting_down
ERROR: SymGetSymFromAddr64, GetLastError: 'The specified module could not be found.' (Address: 0000018E7E878B1D)
ERROR: SymGetModuleInfo64, GetLastError: 'A dynamic link library (DLL) initialization routine failed.' (Address: 0000018E7E878B1D)
0x0000018E7E878B1D ((<unknown>)) (function-name not available)
ERROR: SymGetSymFromAddr64, GetLastError: 'The specified module could not be found.' (Address: 00000000FFFFFFFF)
ERROR: SymGetModuleInfo64, GetLastError: 'A dynamic link library (DLL) initialization routine failed.' (Address: 00000000FFFFFFFF)
0x00000000FFFFFFFF ((<unknown>)) (function-name not available)


Call Stack for Thread 10092:
0x00007FFC8B4ACC94 (ntdll) ZwWaitForSingleObject
ERROR: SymGetSymFromAddr64, GetLastError: 'Attempt to access invalid address.' (Address: 00007FFC882780FC)
0x00007FFC882780FC (mswsock) (function-name not available)
0x00007FFC8827C8CB (mswsock) NSPStartup
0x00007FFC8A401E51 (WS2_32) recv
0x00007FFC5163BC8D (mono-2.0-bdwgc) mono_object_is_alive
0x00007FFC515E233C (mono-2.0-bdwgc) mono_opcode_value
ERROR: SymGetSymFromAddr64, GetLastError: 'The specified module could not be found.' (Address: 0000018ED58BF3D7)
ERROR: SymGetModuleInfo64, GetLastError: 'A dynamic link library (DLL) initialization routine failed.' (Address: 0000018ED58BF3D7)
0x0000018ED58BF3D7 ((<unknown>)) (function-name not available)
ERROR: SymGetSymFromAddr64, GetLastError: 'The specified module could not be found.' (Address: 0000018D8A4A0A70)
ERROR: SymGetModuleInfo64, GetLastError: 'A dynamic link library (DLL) initialization routine failed.' (Address: 0000018D8A4A0A70)
0x0000018D8A4A0A70 ((<unknown>)) (function-name not available)
ERROR: SymGetSymFromAddr64, GetLastError: 'The specified module could not be found.' (Address: 000000469F1EF4E0)
ERROR: SymGetModuleInfo64, GetLastError: 'A dynamic link library (DLL) initialization routine failed.' (Address: 000000469F1EF4E0)
0x000000469F1EF4E0 ((<unknown>)) (function-name not available)
ERROR: SymGetSymFromAddr64, GetLastError: 'The specified module could not be found.' (Address: 000000469F1EF4E0)
ERROR: SymGetModuleInfo64, GetLastError: 'A dynamic link library (DLL) initialization routine failed.' (Address: 000000469F1EF4E0)
0x000000469F1EF4E0 ((<unknown>)) (function-name not available)
ERROR: SymGetSymFromAddr64, GetLastError: 'The specified module could not be found.' (Address: 0000018E00000000)
ERROR: SymGetModuleInfo64, GetLastError: 'A dynamic link library (DLL) initialization routine failed.' (Address: 0000018E00000000)
0x0000018E00000000 ((<unknown>)) (function-name not available)
ERROR: SymGetSymFromAddr64, GetLastError: 'The specified module could not be found.' (Address: 000000469F1EF5B0)
ERROR: SymGetModuleInfo64, GetLastError: 'A dynamic link library (DLL) initialization routine failed.' (Address: 000000469F1EF5B0)
0x000000469F1EF5B0 ((<unknown>)) (function-name not available)
ERROR: SymGetSymFromAddr64, GetLastError: 'The specified module could not be found.' (Address: 0000000000000001)
ERROR: SymGetModuleInfo64, GetLastError: 'A dynamic link library (DLL) initialization routine failed.' (Address: 0000000000000001)
0x0000000000000001 ((<unknown>)) (function-name not available)
ERROR: SymGetSymFromAddr64, GetLastError: 'The specified module could not be found.' (Address: 000000469F1EF408)
ERROR: SymGetModuleInfo64, GetLastError: 'A dynamic link library (DLL) initialization routine failed.' (Address: 000000469F1EF408)
0x000000469F1EF408 ((<unknown>)) (function-name not available)
ERROR: SymGetSymFromAddr64, GetLastError: 'The specified module could not be found.' (Address: 0000018E824F90C0)
ERROR: SymGetModuleInfo64, GetLastError: 'A dynamic link library (DLL) initialization routine failed.' (Address: 0000018E824F90C0)
0x0000018E824F90C0 ((<unknown>)) (function-name not available)
ERROR: SymGetSymFromAddr64, GetLastError: 'The specified module could not be found.' (Address: 000000469F1EF4E0)
ERROR: SymGetModuleInfo64, GetLastError: 'A dynamic link library (DLL) initialization routine failed.' (Address: 000000469F1EF4E0)
0x000000469F1EF4E0 ((<unknown>)) (function-name not available)


Call Stack for Thread 4516:
0x00007FFC8B4ACC94 (ntdll) ZwWaitForSingleObject
0x00007FFC8904A34E (KERNELBASE) WaitForSingleObjectEx
0x00007FFC51545E8F (mono-2.0-bdwgc) mono_conc_hashtable_remove
0x00007FFC515F79B3 (mono-2.0-bdwgc) mono_threads_set_shutting_down
ERROR: SymGetSymFromAddr64, GetLastError: 'The specified module could not be found.' (Address: 0000018E7E878B1D)
ERROR: SymGetModuleInfo64, GetLastError: 'A dynamic link library (DLL) initialization routine failed.' (Address: 0000018E7E878B1D)
0x0000018E7E878B1D ((<unknown>)) (function-name not available)
ERROR: SymGetSymFromAddr64, GetLastError: 'The specified module could not be found.' (Address: 0000000000017157)
ERROR: SymGetModuleInfo64, GetLastError: 'A dynamic link library (DLL) initialization routine failed.' (Address: 0000000000017157)
0x0000000000017157 ((<unknown>)) (function-name not available)


Call Stack for Thread 7716:
0x00007FFC8B4B0664 (ntdll) NtWaitForWorkViaWorkerFactory
0x00007FFC8B462DC7 (ntdll) TpReleaseCleanupGroupMembers
0x00007FFC8A717034 (KERNEL32) BaseThreadInitThunk
0x00007FFC8B462651 (ntdll) RtlUserThreadStart


Call Stack for Thread 11000:
0x00007FFC8B4ACC94 (ntdll) ZwWaitForSingleObject
ERROR: SymGetSymFromAddr64, GetLastError: 'Attempt to access invalid address.' (Address: 00007FFC882780FC)
0x00007FFC882780FC (mswsock) (function-name not available)
0x00007FFC8827F4DE (mswsock) Tcpip4_WSHAddressToString
0x00007FFC8A4016F7 (WS2_32) select
0x00007FFC515396C0 (mono-2.0-bdwgc) mono_poll
0x00007FFC515FCC95 (mono-2.0-bdwgc) mono_threads_set_shutting_down
0x00007FFC515FD727 (mono-2.0-bdwgc) mono_threads_set_shutting_down
0x00007FFC515F6398 (mono-2.0-bdwgc) mono_threads_set_shutting_down
0x00007FFC515F6126 (mono-2.0-bdwgc) mono_threads_set_shutting_down
0x00007FFC8A717034 (KERNEL32) BaseThreadInitThunk
0x00007FFC8B462651 (ntdll) RtlUserThreadStart


Call Stack for Thread 10716:
0x00007FFC8B4ACC94 (ntdll) ZwWaitForSingleObject
0x00007FFC8904A34E (KERNELBASE) WaitForSingleObjectEx
0x00007FFC55C3CD9F (fmodstudio) FMOD_Thread_SetAttributes
0x00007FFC55C33BE1 (fmodstudio) FMOD_File_SetDiskBusy
0x00007FFC55C3C396 (fmodstudio) FMOD_Thread_SetAttributes
0x00007FFC55CAE7B1 (fmodstudio) FMOD::SystemI::createMemoryFile
0x00007FFC8A717034 (KERNEL32) BaseThreadInitThunk
0x00007FFC8B462651 (ntdll) RtlUserThreadStart


Call Stack for Thread 12360:
0x00007FFC8B4AD294 (ntdll) NtDelayExecution
0x00007FFC8907D84E (KERNELBASE) SleepEx
0x00007FFC55C3D05A (fmodstudio) FMOD_Thread_SetAttributes
0x00007FFC55C33C1A (fmodstudio) FMOD_File_SetDiskBusy
0x00007FFC55C3C396 (fmodstudio) FMOD_Thread_SetAttributes
0x00007FFC55CAE7B1 (fmodstudio) FMOD::SystemI::createMemoryFile
0x00007FFC8A717034 (KERNEL32) BaseThreadInitThunk
0x00007FFC8B462651 (ntdll) RtlUserThreadStart


Call Stack for Thread 3224:
0x00007FFC8B4ACC94 (ntdll) ZwWaitForSingleObject
ERROR: SymGetSymFromAddr64, GetLastError: 'Attempt to access invalid address.' (Address: 00007FFC882780FC)
0x00007FFC882780FC (mswsock) (function-name not available)
0x00007FFC8828DE0B (mswsock) Tcpip6_WSHGetWildcardSockaddr
0x00007FFC8A403E74 (WS2_32) recvfrom
0x00007FFC5163BE1A (mono-2.0-bdwgc) mono_object_is_alive
0x00007FFC515E20A2 (mono-2.0-bdwgc) mono_opcode_value
ERROR: SymGetSymFromAddr64, GetLastError: 'The specified module could not be found.' (Address: 0000018D9B0B17A3)
ERROR: SymGetModuleInfo64, GetLastError: 'A dynamic link library (DLL) initialization routine failed.' (Address: 0000018D9B0B17A3)
0x0000018D9B0B17A3 ((<unknown>)) (function-name not available)
ERROR: SymGetSymFromAddr64, GetLastError: 'The specified module could not be found.' (Address: 0000000000000E2C)
ERROR: SymGetModuleInfo64, GetLastError: 'A dynamic link library (DLL) initialization routine failed.' (Address: 0000000000000E2C)
0x0000000000000E2C ((<unknown>)) (function-name not available)
ERROR: SymGetSymFromAddr64, GetLastError: 'The specified module could not be found.' (Address: 0000018ED2688020)
ERROR: SymGetModuleInfo64, GetLastError: 'A dynamic link library (DLL) initialization routine failed.' (Address: 0000018ED2688020)
0x0000018ED2688020 ((<unknown>)) (function-name not available)
ERROR: SymGetSymFromAddr64, GetLastError: 'The specified module could not be found.' (Address: 0000018D66C5C400)
ERROR: SymGetModuleInfo64, GetLastError: 'A dynamic link library (DLL) initialization routine failed.' (Address: 0000018D66C5C400)
0x0000018D66C5C400 ((<unknown>)) (function-name not available)
ERROR: SymGetSymFromAddr64, GetLastError: 'The specified module could not be found.' (Address: 0000000000000E2C)
ERROR: SymGetModuleInfo64, GetLastError: 'A dynamic link library (DLL) initialization routine failed.' (Address: 0000000000000E2C)
0x0000000000000E2C ((<unknown>)) (function-name not available)
ERROR: SymGetSymFromAddr64, GetLastError: 'The specified module could not be found.' (Address: 0000018D66BC7F08)
ERROR: SymGetModuleInfo64, GetLastError: 'A dynamic link library (DLL) initialization routine failed.' (Address: 0000018D66BC7F08)
0x0000018D66BC7F08 ((<unknown>)) (function-name not available)
ERROR: SymGetSymFromAddr64, GetLastError: 'The specified module could not be found.' (Address: 0000004600000010)
ERROR: SymGetModuleInfo64, GetLastError: 'A dynamic link library (DLL) initialization routine failed.' (Address: 0000004600000010)
0x0000004600000010 ((<unknown>)) (function-name not available)
ERROR: SymGetSymFromAddr64, GetLastError: 'The specified module could not be found.' (Address: 0000000000000001)
ERROR: SymGetModuleInfo64, GetLastError: 'A dynamic link library (DLL) initialization routine failed.' (Address: 0000000000000001)
0x0000000000000001 ((<unknown>)) (function-name not available)
ERROR: SymGetSymFromAddr64, GetLastError: 'The specified module could not be found.' (Address: 0000004600000000)
ERROR: SymGetModuleInfo64, GetLastError: 'A dynamic link library (DLL) initialization routine failed.' (Address: 0000004600000000)
0x0000004600000000 ((<unknown>)) (function-name not available)
ERROR: SymGetSymFromAddr64, GetLastError: 'The specified module could not be found.' (Address: 000000469F7EF0D0)
ERROR: SymGetModuleInfo64, GetLastError: 'A dynamic link library (DLL) initialization routine failed.' (Address: 000000469F7EF0D0)
0x000000469F7EF0D0 ((<unknown>)) (function-name not available)
ERROR: SymGetSymFromAddr64, GetLastError: 'The specified module could not be found.' (Address: 0000018D66BC7F08)
ERROR: SymGetModuleInfo64, GetLastError: 'A dynamic link library (DLL) initialization routine failed.' (Address: 0000018D66BC7F08)
0x0000018D66BC7F08 ((<unknown>)) (function-name not available)
ERROR: SymGetSymFromAddr64, GetLastError: 'The specified module could not be found.' (Address: 0000018E8250D800)
ERROR: SymGetModuleInfo64, GetLastError: 'A dynamic link library (DLL) initialization routine failed.' (Address: 0000018E8250D800)
0x0000018E8250D800 ((<unknown>)) (function-name not available)
ERROR: SymGetSymFromAddr64, GetLastError: 'The specified module could not be found.' (Address: 0000018D66BC7F08)
ERROR: SymGetModuleInfo64, GetLastError: 'A dynamic link library (DLL) initialization routine failed.' (Address: 0000018D66BC7F08)
0x0000018D66BC7F08 ((<unknown>)) (function-name not available)
ERROR: SymGetSymFromAddr64, GetLastError: 'The specified module could not be found.' (Address: 0000018ECAAABED0)
ERROR: SymGetModuleInfo64, GetLastError: 'A dynamic link library (DLL) initialization routine failed.' (Address: 0000018ECAAABED0)
0x0000018ECAAABED0 ((<unknown>)) (function-name not available)


Call Stack for Thread 13092:
0x00007FFC8B4B0604 (ntdll) ZwWaitForAlertByThreadId
0x00007FFC8B474295 (ntdll) RtlSleepConditionVariableCS
0x00007FFC8909B9D9 (KERNELBASE) SleepConditionVariableCS
0x00007FFC5154112C (mono-2.0-bdwgc) mono_threads_attach_tools_thread
0x00007FFC515F7293 (mono-2.0-bdwgc) mono_threads_set_shutting_down
ERROR: SymGetSymFromAddr64, GetLastError: 'The specified module could not be found.' (Address: 0000018ED55D2883)
ERROR: SymGetModuleInfo64, GetLastError: 'A dynamic link library (DLL) initialization routine failed.' (Address: 0000018ED55D2883)
0x0000018ED55D2883 ((<unknown>)) (function-name not available)


Call Stack for Thread 9340:
0x00007FFC8B4B0664 (ntdll) NtWaitForWorkViaWorkerFactory
0x00007FFC8B462DC7 (ntdll) TpReleaseCleanupGroupMembers
0x00007FFC8A717034 (KERNEL32) BaseThreadInitThunk
0x00007FFC8B462651 (ntdll) RtlUserThreadStart


Call Stack for Thread 9936:
0x00007FFC8B4B0604 (ntdll) ZwWaitForAlertByThreadId
0x00007FFC8B474295 (ntdll) RtlSleepConditionVariableCS
0x00007FFC8909B9D9 (KERNELBASE) SleepConditionVariableCS
0x00007FFC515FBA37 (mono-2.0-bdwgc) mono_threads_set_shutting_down
0x00007FFC515FBDE8 (mono-2.0-bdwgc) mono_threads_set_shutting_down
0x00007FFC515F6398 (mono-2.0-bdwgc) mono_threads_set_shutting_down
0x00007FFC515F6126 (mono-2.0-bdwgc) mono_threads_set_shutting_down
0x00007FFC8A717034 (KERNEL32) BaseThreadInitThunk
0x00007FFC8B462651 (ntdll) RtlUserThreadStart


Call Stack for Thread 12624:
0x00007FFC8B4B0604 (ntdll) ZwWaitForAlertByThreadId
0x00007FFC8B474295 (ntdll) RtlSleepConditionVariableCS
0x00007FFC8909B9D9 (KERNELBASE) SleepConditionVariableCS
0x00007FFC5154112C (mono-2.0-bdwgc) mono_threads_attach_tools_thread
0x00007FFC515FAC31 (mono-2.0-bdwgc) mono_threads_set_shutting_down
0x00007FFC515F6398 (mono-2.0-bdwgc) mono_threads_set_shutting_down
0x00007FFC515F6126 (mono-2.0-bdwgc) mono_threads_set_shutting_down
0x00007FFC8A717034 (KERNEL32) BaseThreadInitThunk
0x00007FFC8B462651 (ntdll) RtlUserThreadStart


Call Stack for Thread 2272:
0x00007FFC8B4B0604 (ntdll) ZwWaitForAlertByThreadId
0x00007FFC8B474295 (ntdll) RtlSleepConditionVariableCS
0x00007FFC8909B9D9 (KERNELBASE) SleepConditionVariableCS
0x00007FFC515FBA37 (mono-2.0-bdwgc) mono_threads_set_shutting_down
0x00007FFC515FBDE8 (mono-2.0-bdwgc) mono_threads_set_shutting_down
0x00007FFC515F6398 (mono-2.0-bdwgc) mono_threads_set_shutting_down
0x00007FFC515F6126 (mono-2.0-bdwgc) mono_threads_set_shutting_down
0x00007FFC8A717034 (KERNEL32) BaseThreadInitThunk
0x00007FFC8B462651 (ntdll) RtlUserThreadStart




Stack Memory [0x000000469B75EED0-0x000000469B770000]:
0x9b75eed0: 00c01000 00000000 00c00000 00000000 ................
0x9b75eee0: 00c00000 00000000 5153bec9 00007ffc ..........SQ....
0x9b75eef0: f022b520 0000018b 535ced1b 00007ffc  .".......\S....
0x9b75ef00: 00150000 00000000 53bc7dc5 00007ffc .........}.S....
0x9b75ef10: 00000010 00000000 00000000 00000000 ................
0x9b75ef20: 00000000 00000000 00000001 00000000 ................
0x9b75ef30: b5923370 0000018f 53611533 00007ffc p3......3.aS....
0x9b75ef40: 545a4140 00007ffc 00150000 00000000 @AZT............
0x9b75ef50: 00000000 00000000 9b75f1d0 00000046 ..........u.F...
0x9b75ef60: ffffffff ffffffff 53610c62 00007ffc ........b.aS....
0x9b75ef70: 00000010 00000000 9b75f278 00000046 ........x.u.F...
0x9b75ef80: 9b75f230 00000046 545a4140 00007ffc 0.u.F...@AZT....
0x9b75ef90: 545a44c0 00007ffc 533652aa 00007ffc .DZT.....R6S....
0x9b75efa0: 00000000 00000000 00c00000 00000000 ................
0x9b75efb0: 00000010 00000000 00000000 00000000 ................
0x9b75efc0: 00000004 00000000 533619bc 00007ffc ..........6S....
0x9b75efd0: 54593260 00007ffc 0000008f 00000000 `2YT............
0x9b75efe0: 00c00000 00000000 fbfb1260 0000018b ........`.......
0x9b75eff0: 25d42701 0000018b 545a4140 00007ffc .'.%....@AZT....
0x9b75f000: 00000010 00000000 53610c62 00007ffc ........b.aS....
0x9b75f010: 00000010 00000000 00000001 00000000 ................
0x9b75f020: 54593260 00007ffc 00c00000 00000000 `2YT............
0x9b75f030: 545932a8 00007ffc 53361b2b 00007ffc .2YT....+.6S....
0x9b75f040: 00000004 00000000 9b75f230 00000046 ........0.u.F...
0x9b75f050: 9b75f278 00000046 00000010 00000000 x.u.F...........
0x9b75f060: 00000000 00000000 5420c004 00007ffc .......... T....
0x9b75f070: 000002c4 00007ffc 53610c62 00007ffc ........b.aS....
0x9b75f080: 00000010 00000000 00000001 00000000 ................
0x9b75f090: 54593260 00007ffc 00c00000 00000000 `2YT............
0x9b75f0a0: 54593278 00007ffc 53361b2b 00007ffc x2YT....+.6S....
0x9b75f0b0: 00000004 00000000 9b75f230 00000046 ........0.u.F...
0x9b75f0c0: 9b75f278 00000046 000000ff 00000000 x.u.F...........
0x9b75f0d0: 00000000 00000000 5420c004 00007ffc .......... T....
0x9b75f0e0: 000002c4 00000000 53364b97 00007ffc .........K6S....
0x9b75f0f0: 00052398 00000000 00038939 00000000 .#......9.......
0x9b75f100: 00000000 00000000 00c00000 00000000 ................
0x9b75f110: 00000001 00000000 53364b0c 00007ffc .........K6S....
0x9b75f120: 00000004 00000000 9b75f230 00000046 ........0.u.F...
0x9b75f130: 9b75f278 00000046 00000000 00007ffc x.u.F...........
0x9b75f140: 00000000 00007ffc 5420c004 00007ffc .......... T....
0x9b75f150: 000002c4 00000000 535eb3d2 00007ffc ..........^S....
0x9b75f160: 003ffffc 00000000 5309dc51 00007ffc ..?.....Q..S....
0x9b75f170: 00c00000 00000000 5420c004 00007ffc .......... T....
0x9b75f180: 00000000 00000000 5420c004 00007ffc .......... T....
0x9b75f190: 5420c004 00007ffc 000002c4 00000000 .. T............
0x9b75f1a0: fbfb1260 0000018b 53567b99 00007ffc `........{VS....
0x9b75f1b0: 5ca683eb 000000fc 9b75f300 00000046 ...\......u.F...
0x9b75f1c0: 00000000 00000000 00000000 00000000 ................
0x9b75f1d0: 5ca2fab2 000000fc 00038939 00000000 ...\....9.......
0x9b75f1e0: 25d42701 0000018b 00000000 00000000 .'.%............
0x9b75f1f0: 5ca683eb 000000fc 5356829c 00007ffc ...\......VS....
0x9b75f200: 5ca683eb 000000fc 00000000 00000000 ...\............
0x9b75f210: 00000000 00000000 5330b37a 00007ffc ........z.0S....
0x9b75f220: 00000001 00000000 5153f620 00007ffc ........ .SQ....
0x9b75f230: 55a02010 0000018b 00000001 00000046 . .U........F...
0x9b75f240: 0003cd32 00000000 000a4730 00000000 2.......0G......
0x9b75f250: b5923370 0000018f 0000004a 00000000 p3......J.......
0x9b75f260: 0000eb30 00000000 000a4730 00000000 0.......0G......
0x9b75f270: 00000000 00000000 543318e4 00007ffc ..........3T....
0x9b75f280: 00000000 00000000 9b75f328 00000000 ........(.u.....
0x9b75f290: 00000001 00000046 00052398 00000001 ....F....#......
0x9b75f2a0: 9b75f330 00000046 5369dd00 00007ffc 0.u.F.....iS....
0x9b75f2b0: 00000000 00000000 d26fc9a8 0000018c ..........o.....
0x9b75f2c0: 9b75f4b0 00000046 f58dd118 0000018b ..u.F...........
0x9b75f2d0: 00000000 00000000 536a09a5 00007ffc ..........jS....
0x9b75f2e0: 00000000 00000000 00000000 00000000 ................
0x9b75f2f0: 00000000 00000000 d26fc9a8 0000018c ..........o.....
0x9b75f300: 9b75f4b0 00000046 52e72524 00007ffc ..u.F...$%.R....
0x9b75f310: 00000000 00000000 f58dd118 0000018b ................
0x9b75f320: 00000000 00000000 00000000 00000000 ................
0x9b75f330: 00000000 00000000 d26fc9a8 0000018c ..........o.....
0x9b75f340: 00000001 00000000 d26fc9a8 0000018c ..........o.....
0x9b75f350: 9b75f540 00000046 9b75f6a0 00000046 @.u.F.....u.F...
0x9b75f360: 9b75f3a0 00000046 538e9d29 00007ffc ..u.F...)..S....
0x9b75f370: e5c23e55 00000000 9b75f5d0 00000046 U>........u.F...
0x9b75f380: 00000000 00000046 d26fc9a8 0000018c ....F.....o.....
0x9b75f390: 00000000 00000000 53a98ab1 00007ffc ...........S....
0x9b75f3a0: 9b75f340 00000046 00000000 00000000 @.u.F...........
0x9b75f3b0: 00000000 00000000 00000000 00000000 ................
0x9b75f3c0: 00000000 00000000 00000000 00000000 ................
0x9b75f3d0: 00000000 00000000 00000000 00000000 ................
0x9b75f3e0: 00000000 00000000 0000000a 00000000 ................
0x9b75f3f0: 25d42701 0000018b 5ca2faaf 000000fc .'.%.......\....
0x9b75f400: 0000000a 00000000 fbfb1260 0000018b ........`.......
0x9b75f410: f0255270 0000018b 5357e036 00007ffc pR%.....6.WS....
0x9b75f420: 00052398 00000000 f022b520 0000018b .#...... .".....
0x9b75f430: 00000001 00000000 5ca2fab1 000000fc ...........\....
0x9b75f440: 0000000a 00000000 53580309 00007ffc ..........XS....
0x9b75f450: 5ca2faaf 000000fc 00000004 00007f01 ...\............
0x9b75f460: 0000000a 00000000 0000000a 00000000 ................
0x9b75f470: 5ca2fa73 000000fc 53581539 00007ffc s..\....9.XS....
0x9b75f480: 00000000 412e8480 00000000 00000000 .......A........
0x9b75f490: 00000000 43f00000 00000000 00000000 .......C........
0x9b75f4a0: 00000000 00000000 00000000 80000000 ................
0x9b75f4b0: f0255270 0000018b 5ca2faad 000000fc pR%........\....
0x9b75f4c0: 0000000a 00000000 5358002d 00007ffc ........-.XS....
0x9b75f4d0: 5ca2faad 000000fc 0000000a 00000000 ...\............
0x9b75f4e0: 25d427cc 0000018b f58dd300 0000018b .'.%............
0x9b75f4f0: 00000000 00000000 00000000 00000000 ................
0x9b75f500: 00000000 00000000 00000000 00000000 ................
0x9b75f510: 00000000 00000000 00000000 00000000 ................
0x9b75f520: 00000000 00000000 00000000 00000000 ................
0x9b75f530: 00000000 00000000 53567da7 00007ffc .........}VS....
0x9b75f540: f58dda08 0000018b 00000000 00000000 ................
0x9b75f550: f58dd3f0 0000018b 0000000e 00000000 ................
0x9b75f560: 00000000 00000000 00000001 00000000 ................
0x9b75f570: 9b75f5d0 00000046 00000201 00000000 ..u.F...........
0x9b75f580: 00000000 00000000 9b75f6b0 00000046 ..........u.F...
0x9b75f590: 00000000 00000000 515db9a2 00007ffc ..........]Q....
0x9b75f5a0: 9b75f730 00000046 00000000 00000000 0.u.F...........
0x9b75f5b0: d26fc9a8 0000018c 536a63ad 00007ffc ..o......cjS....
0x9b75f5c0: 00000000 00000000 00000000 00000000 ................
0x9b75f5d0: 515db900 00007ffc 026603d5 00000000 ..]Q......f.....
0x9b75f5e0: 00000000 00000000 536a3763 00007ffc ........c7jS....
0x9b75f5f0: 00000000 00000000 9b75f698 00000046 ..........u.F...
0x9b75f600: 9b75f6a0 00000046 9b75f6b0 00000046 ..u.F.....u.F...
0x9b75f610: 9b75f6a0 00000046 5369dd00 00007ffc ..u.F.....iS....
0x9b75f620: 00000000 00000000 00000001 00000000 ................
0x9b75f630: 9b75f820 00000046 00000000 00000000  .u.F...........
0x9b75f640: 00000000 00000000 536a09a5 00007ffc ..........jS....
0x9b75f650: 00000000 00000000 00000000 00000000 ................
0x9b75f660: 00000000 00000000 00000000 00000000 ................
0x9b75f670: 9b75f820 00000046 52e72524 00007ffc  .u.F...$%.R....
0x9b75f680: 00000000 00000000 00000000 00000000 ................
0x9b75f690: 9b75f730 00000046 00000000 00000000 0.u.F...........
0x9b75f6a0: 00000000 00000000 d26fc9a8 0000018c ..........o.....
0x9b75f6b0: 00000001 00000000 53331c62 00007ffc ........b.3S....
0x9b75f6c0: 00000007 00000000 f58dd0b0 0000018b ................
0x9b75f6d0: 00000000 00000000 53567e43 00007ffc ........C~VS....
0x9b75f6e0: 00000000 00000000 00000000 00000000 ................
0x9b75f6f0: f58dd3f0 0000018b 80000012 00000000 ................
0x9b75f700: 9b75f900 00000046 52e72524 00007ffc ..u.F...$%.R....
0x9b75f710: 9b75f6b0 00000046 00000000 00000000 ..u.F...........
0x9b75f720: 00000000 00000000 00000000 00000000 ................
0x9b75f730: 00000000 00000000 00000000 00000000 ................
0x9b75f740: 00000000 00000000 00000000 00000000 ................
0x9b75f750: 00000000 00000000 00000000 00000000 ................
0x9b75f760: 00000000 00000000 00000000 00000000 ................
0x9b75f770: 00000001 00000000 9b000000 00000046 ............F...
0x9b75f780: f09ceeb0 0000018b 00000050 0000002c ........P...,...
0x9b75f790: 00000000 00000000 5330af96 00007ffc ..........0S....
0x9b75f7a0: 00000001 00000046 d26fc9a8 0000018c ....F.....o.....
0x9b75f7b0: 00000000 00000000 00000000 00000000 ................
0x9b75f7c0: 00000000 00000000 00000000 00000000 ................
0x9b75f7d0: 00000000 00000000 00000101 00000000 ................
0x9b75f7e0: 1007a080 0000018c 5332a8df 00007ffc ..........2S....
0x9b75f7f0: b00afee0 0000018b 00000000 00000000 ................
0x9b75f800: 00000001 00000000 89e5a5c3 00007ffc ................
0x9b75f810: 00000000 00000000 5332a310 00007ffc ..........2S....
0x9b75f820: 00000001 00007ffc 00000001 00000000 ................
0x9b75f830: 00000001 00000000 d26fc9a8 0000018c ..........o.....
0x9b75f840: 00000000 00000000 5332b884 00007ffc ..........2S....
0x9b75f850: 1007a080 0000018c 00000000 00000000 ................
0x9b75f860: 00000000 00000000 00000000 00000000 ................
0x9b75f870: 00000000 00000000 5356a27c 00007ffc ........|.VS....
0x9b75f880: 0000091c 00000000 25d427cc 0000018b .........'.%....
0x9b75f890: 0000091c 00000000 0000000a 00000000 ................
0x9b75f8a0: f09ceeb0 0000018b 0000091c 00000000 ................
0x9b75f8b0: 00000000 00000000 5330b1ce 00007ffc ..........0S....
0x9b75f8c0: 00000438 00000780 00000000 00000000 8...............
0x9b75f8d0: 000003d5 00000266 44754000 43e88000 ....f....@uD...C
0x9b75f8e0: 00000000 00000000 6793c00c 00007ffc ...........g....
0x9b75f8f0: 00000000 00000000 5332001e 00007ffc ..........2S....
0x9b75f900: 00000001 00000000 00000000 00000000 ................
0x9b75f910: 00000001 00000000 25d427cc 0000018b .........'.%....
0x9b75f920: 00000000 00000000 5331ed7a 00007ffc ........z.1S....
0x9b75f930: 0000091c 00000000 00000000 00000000 ................
0x9b75f940: 00000000 00000000 00000000 00000000 ................
0x9b75f950: 00000001 00000000 00000000 00000000 ................
0x9b75f960: 001d04d2 00000000 00000201 00000000 ................
0x9b75f970: 00000001 00000000 026603d5 00000000 ..........f.....
0x9b75f980: 0675cf1f 000003d5 00000266 00000000 ..u.....f.......
0x9b75f990: ffffff00 ffffffff 53322e2c 00007ffc ........,.2S....
0x9b75f9a0: 00000001 00000000 00000000 00000000 ................
0x9b75f9b0: 00000000 00000000 00000000 00000000 ................
0x9b75f9c0: 000001f5 00000000 000001f6 00000000 ................
0x9b75f9d0: 0000001d 00000000 00000000 00000000 ................
0x9b75f9e0: 00000000 00000000 00000000 00000000 ................
0x9b75f9f0: 00000000 00000000 00000000 00000000 ................
0x9b75fa00: 00000000 00000000 65726170 5748746e ........parentHW
0x9b75fa10: 7700444e 00006265 0000000a 00000000 ND.web..........
0x9b75fa20: 00000048 00000000 d3259ed0 0000018c H.........%.....
0x9b75fa30: 00000013 00000000 00000000 00000000 ................
0x9b75fa40: 00000013 00000000 00000048 00000000 ........H.......
0x9b75fa50: 00000000 00000000 65646968 646e6957 ........hideWind
0x9b75fa60: 0000776f 00000000 0000000a 00000000 ow..............
0x9b75fa70: 00000048 00000000 30000490 0000018b H..........0....
0x9b75fa80: 0000001e 00000000 00000000 00000000 ................
0x9b75fa90: 0000001e 00000000 00000048 00000000 ........H.......
0x9b75faa0: 00000000 00000000 6d657243 206e0061 ........Crema.n 
0x9b75fab0: 646e6556 0000726f 00000005 00000000 Vendor..........
0x9b75fac0: 00000048 00000000 b0012b80 0000018b H........+......
0x9b75fad0: 00000040 00000000 00000000 00000000 @...............
0x9b75fae0: 00000040 00000000 00000048 00000000 @.......H.......
0x9b75faf0: 00000000 00000000 00000000 00000000 ................
0x9b75fb00: 00000000 00000000 00000000 00000000 ................
0x9b75fb10: 00000000 00000000 00000000 00000000 ................
0x9b75fb20: 00000000 00000000 00000000 00000000 ................
0x9b75fb30: 00000000 00000000 00000000 00000000 ................
0x9b75fb40: 84451844 00007ff6 00000000 00000000 D.E.............
0x9b75fb50: 00000000 00000000 00000000 00000000 ................
0x9b75fb60: 00000002 00000000 00000000 00000000 ................
0x9b75fb70: 532f80b0 00007ffc 00000001 00000000 ../S............
0x9b75fb80: 532f8260 00007ffc 532f8110 00007ffc `./S....../S....
0x9b75fb90: 00000002 00000000 532f7f60 00007ffc ........`./S....
0x9b75fba0: 5331c830 00007ffc 25cf0000 0000018b 0.1S.......%....
0x9b75fbb0: 25cf1000 0000018b 00003000 00000000 ...%.....0......
0x9b75fbc0: 00001000 00000000 00000234 00000000 ........4.......
0x9b75fbd0: 00000218 00000000 0000021c 00000000 ................
0x9b75fbe0: 00000220 00000000 0000022c 00000000  .......,.......
0x9b75fbf0: 00000228 00000000 25d97060 0000018b (.......`p.%....
0x9b75fc00: ffffffff 00000000 00000000 00000000 ................
0x9b75fc10: 00000000 00000000 000000c8 00000000 ................
0x9b75fc20: 00001288 00430022 005c003a 00720050 ....".C.:.\.P.r.
0x9b75fc30: 0067006f 00610072 0020006d 00690046 o.g.r.a.m. .F.i.
0x9b75fc40: 0065006c 00200073 00780028 00360038 l.e.s. .(.x.8.6.
0x9b75fc50: 005c0029 00740053 00610065 005c006d ).\.S.t.e.a.m.\.
0x9b75fc60: 00740073 00610065 0061006d 00700070 s.t.e.a.m.a.p.p.
0x9b75fc70: 005c0073 006f0063 006d006d 006e006f s.\.c.o.m.m.o.n.
0x9b75fc80: 0054005c 006d0065 00650074 005c006d \.T.e.m.t.e.m.\.
0x9b75fc90: 006e0055 00740069 00430079 00610072 U.n.i.t.y.C.r.a.
0x9b75fca0: 00680073 00610048 0064006e 0065006c s.h.H.a.n.d.l.e.
0x9b75fcb0: 00360072 002e0034 00780065 00220065 r.6.4...e.x.e.".
0x9b75fcc0: 002d0020 0061002d 00740074 00630061  .-.-.a.t.t.a.c.
0x9b75fcd0: 00200068 00320031 00350037 00200036 h. .1.2.7.5.6. .
0x9b75fce0: 00360031 00370039 00340031 00340036 1.6.9.7.1.4.6.4.
0x9b75fcf0: 00380030 00360039 00000030 00000000 0.8.9.6.0.......
0x9b75fd00: 00000000 00000000 00000000 00000000 ................
0x9b75fd10: 00000000 00000000 00000000 00000000 ................
0x9b75fd20: 00000000 00000000 00000000 00000000 ................
0x9b75fd30: 00000000 00000000 00000000 00000000 ................
0x9b75fd40: 00000000 00000000 00000000 00000000 ................
0x9b75fd50: 00000000 00000000 00000000 00000000 ................
0x9b75fd60: 00000000 00000000 00000000 00000000 ................
0x9b75fd70: 00000000 00000000 00000000 00000000 ................
0x9b75fd80: 00000000 00000000 00000000 00000000 ................
0x9b75fd90: 00000000 00000000 00000000 00000000 ................
0x9b75fda0: 00000000 00000000 00000000 00000000 ................
0x9b75fdb0: 00000000 00000000 00000000 00000000 ................
0x9b75fdc0: 00000000 00000000 00000000 00000000 ................
0x9b75fdd0: 00000000 00000000 00000000 00000000 ................
0x9b75fde0: 00000000 00000000 00000000 00000000 ................
0x9b75fdf0: 00000000 00000000 00000000 00000000 ................
0x9b75fe00: 00000000 00000000 00000000 00000000 ................
0x9b75fe10: 00000000 00000000 00000000 00000000 ................
0x9b75fe20: 00000000 00000000 00000000 00000000 ................
0x9b75fe30: 00000000 00000000 00000000 00000000 ................
0x9b75fe40: 00000000 00000000 00000000 00000000 ................
0x9b75fe50: 00000000 00000000 00000000 00000000 ................
0x9b75fe60: 00000000 00000000 00000000 00000000 ................
0x9b75fe70: 00000000 00000000 00000000 00000000 ................
0x9b75fe80: 00000000 00000000 00000000 00000000 ................
0x9b75fe90: 00000000 00000000 00000000 00000000 ................
0x9b75fea0: 00000000 00000000 00000000 00000000 ................
0x9b75feb0: 00000000 00000000 00000000 00000000 ................
0x9b75fec0: 00000000 00000000 00000000 00000000 ................
0x9b75fed0: 00000000 00000000 00000000 00000000 ................
0x9b75fee0: 00000000 00000000 00000000 00000000 ................
0x9b75fef0: 00000000 00000000 00000000 00000000 ................
0x9b75ff00: 00000000 00000000 00000000 00000000 ................
0x9b75ff10: 00000000 00000000 00000000 00000000 ................
0x9b75ff20: 00000000 00000000 00000000 00000000 ................
0x9b75ff30: 00000000 00000000 00000000 00000000 ................
0x9b75ff40: 00000000 00000000 00000000 00000000 ................
0x9b75ff50: 00000000 00000000 00000000 00000000 ................
0x9b75ff60: 00000000 00000000 00000000 00000000 ................
0x9b75ff70: 00000000 00000000 00000000 00000000 ................
0x9b75ff80: 00000000 00000000 00000000 00000000 ................
0x9b75ff90: 00000000 00000000 00000000 00000000 ................
0x9b75ffa0: 00000000 00000000 00000000 00000000 ................
0x9b75ffb0: 00000000 00000000 00000000 00000000 ................
0x9b75ffc0: 00000000 00000000 00000000 00000000 ................
0x9b75ffd0: 00000000 00000000 00000000 00000000 ................
0x9b75ffe0: 00000000 00000000 00000000 00000000 ................
0x9b75fff0: 00000000 00000000 00000000 00000000 ................
0x9b760000: 00000000 00000000 00000000 00000000 ................
0x9b760010: 00000000 00000000 00000000 00000000 ................
0x9b760020: 00000000 00000000 00000000 00000000 ................
0x9b760030: 00000000 00000000 00000000 00000000 ................
0x9b760040: 00000000 00000000 00000000 00000000 ................
0x9b760050: 00000000 00000000 00000000 00000000 ................
0x9b760060: 00000000 00000000 00000000 00000000 ................
0x9b760070: 00000000 00000000 00000000 00000000 ................
0x9b760080: 00000000 00000000 00000000 00000000 ................
0x9b760090: 00000000 00000000 00000000 00000000 ................
0x9b7600a0: 00000000 00000000 00000000 00000000 ................
0x9b7600b0: 00000000 00000000 00000000 00000000 ................
0x9b7600c0: 00000000 00000000 00000000 00000000 ................
0x9b7600d0: 00000000 00000000 00000000 00000000 ................
0x9b7600e0: 00000000 00000000 00000000 00000000 ................
0x9b7600f0: 00000000 00000000 00000000 00000000 ................
0x9b760100: 00000000 00000000 00000000 00000000 ................
0x9b760110: 00000000 00000000 00000000 00000000 ................
0x9b760120: 00000000 00000000 00000000 00000000 ................
0x9b760130: 00000000 00000000 00000000 00000000 ................
0x9b760140: 00000000 00000000 00000000 00000000 ................
0x9b760150: 00000000 00000000 00000000 00000000 ................
0x9b760160: 00000000 00000000 00000000 00000000 ................
0x9b760170: 00000000 00000000 00000000 00000000 ................
0x9b760180: 00000000 00000000 00000000 00000000 ................
0x9b760190: 00000000 00000000 00000000 00000000 ................
0x9b7601a0: 00000000 00000000 00000000 00000000 ................
0x9b7601b0: 00000000 00000000 00000000 00000000 ................
0x9b7601c0: 00000000 00000000 00000000 00000000 ................
0x9b7601d0: 00000000 00000000 00000000 00000000 ................
0x9b7601e0: 00000000 00000000 00000000 00000000 ................
0x9b7601f0: 00000000 00000000 00000000 00000000 ................
0x9b760200: 00000000 00000000 00000000 00000000 ................
0x9b760210: 00000000 00000000 00000000 00000000 ................
0x9b760220: 00000000 00000000 00000000 00000000 ................
0x9b760230: 00000000 00000000 00000000 00000000 ................
0x9b760240: 00000000 00000000 00000000 00000000 ................
0x9b760250: 00000000 00000000 00000000 00000000 ................
0x9b760260: 00000000 00000000 00000000 00000000 ................
0x9b760270: 00000000 00000000 00000000 00000000 ................
0x9b760280: 00000000 00000000 00000000 00000000 ................
0x9b760290: 00000000 00000000 00000000 00000000 ................
0x9b7602a0: 00000000 00000000 00000000 00000000 ................
0x9b7602b0: 00000000 00000000 00000000 00000000 ................
0x9b7602c0: 00000000 00000000 00000000 00000000 ................
0x9b7602d0: 00000000 00000000 00000000 00000000 ................
0x9b7602e0: 00000000 00000000 00000000 00000000 ................
0x9b7602f0: 00000000 00000000 00000000 00000000 ................
0x9b760300: 00000000 00000000 00000000 00000000 ................
0x9b760310: 00000000 00000000 00000000 00000000 ................
0x9b760320: 00000000 00000000 00000000 00000000 ................
0x9b760330: 00000000 00000000 00000000 00000000 ................
0x9b760340: 00000000 00000000 00000000 00000000 ................
0x9b760350: 00000000 00000000 00000000 00000000 ................
0x9b760360: 00000000 00000000 00000000 00000000 ................
0x9b760370: 00000000 00000000 00000000 00000000 ................
0x9b760380: 00000000 00000000 00000000 00000000 ................
0x9b760390: 00000000 00000000 00000000 00000000 ................
0x9b7603a0: 00000000 00000000 00000000 00000000 ................
0x9b7603b0: 00000000 00000000 00000000 00000000 ................
0x9b7603c0: 00000000 00000000 00000000 00000000 ................
0x9b7603d0: 00000000 00000000 00000000 00000000 ................
0x9b7603e0: 00000000 00000000 00000000 00000000 ................
0x9b7603f0: 00000000 00000000 00000000 00000000 ................
0x9b760400: 00000000 00000000 00000000 00000000 ................
0x9b760410: 00000000 00000000 00000000 00000000 ................
0x9b760420: 00000000 00000000 00000000 00000000 ................
0x9b760430: 00000000 00000000 00000000 00000000 ................
0x9b760440: 00000000 00000000 00000000 00000000 ................
0x9b760450: 00000000 00000000 00000000 00000000 ................
0x9b760460: 00000000 00000000 00000000 00000000 ................
0x9b760470: 00000000 00000000 00000000 00000000 ................
0x9b760480: 00000000 00000000 00000000 00000000 ................
0x9b760490: 00000000 00000000 00000000 00000000 ................
0x9b7604a0: 00000000 00000000 00000000 00000000 ................
0x9b7604b0: 00000000 00000000 00000000 00000000 ................
0x9b7604c0: 00000000 00000000 00000000 00000000 ................
0x9b7604d0: 00000000 00000000 00000000 00000000 ................
0x9b7604e0: 00000000 00000000 00000000 00000000 ................
0x9b7604f0: 00000000 00000000 00000000 00000000 ................
0x9b760500: 00000000 00000000 00000000 00000000 ................
0x9b760510: 00000000 00000000 00000000 00000000 ................
0x9b760520: 00000000 00000000 00000000 00000000 ................
0x9b760530: 00000000 00000000 00000000 00000000 ................
0x9b760540: 00000000 00000000 00000000 00000000 ................
0x9b760550: 00000000 00000000 00000000 00000000 ................
0x9b760560: 00000000 00000000 00000000 00000000 ................
0x9b760570: 00000000 00000000 00000000 00000000 ................
0x9b760580: 00000000 00000000 00000000 00000000 ................
0x9b760590: 00000000 00000000 00000000 00000000 ................
0x9b7605a0: 00000000 00000000 00000000 00000000 ................
0x9b7605b0: 00000000 00000000 00000000 00000000 ................
0x9b7605c0: 00000000 00000000 00000000 00000000 ................
0x9b7605d0: 00000000 00000000 00000000 00000000 ................
0x9b7605e0: 00000000 00000000 00000000 00000000 ................
0x9b7605f0: 00000000 00000000 00000000 00000000 ................
0x9b760600: 00000000 00000000 00000000 00000000 ................
0x9b760610: 00000000 00000000 00000000 00000000 ................
0x9b760620: 00000000 00000000 00000000 00000000 ................
0x9b760630: 00000000 00000000 00000000 00000000 ................
0x9b760640: 00000000 00000000 00000000 00000000 ................
0x9b760650: 00000000 00000000 00000000 00000000 ................
0x9b760660: 00000000 00000000 00000000 00000000 ................
0x9b760670: 00000000 00000000 00000000 00000000 ................
0x9b760680: 00000000 00000000 00000000 00000000 ................
0x9b760690: 00000000 00000000 00000000 00000000 ................
0x9b7606a0: 00000000 00000000 00000000 00000000 ................
0x9b7606b0: 00000000 00000000 00000000 00000000 ................
0x9b7606c0: 00000000 00000000 00000000 00000000 ................
0x9b7606d0: 00000000 00000000 00000000 00000000 ................
0x9b7606e0: 00000000 00000000 00000000 00000000 ................
0x9b7606f0: 00000000 00000000 00000000 00000000 ................
0x9b760700: 00000000 00000000 00000000 00000000 ................
0x9b760710: 00000000 00000000 00000000 00000000 ................
0x9b760720: 00000000 00000000 00000000 00000000 ................
0x9b760730: 00000000 00000000 00000000 00000000 ................
0x9b760740: 00000000 00000000 00000000 00000000 ................
0x9b760750: 00000000 00000000 00000000 00000000 ................
0x9b760760: 00000000 00000000 00000000 00000000 ................
0x9b760770: 00000000 00000000 00000000 00000000 ................
0x9b760780: 00000000 00000000 00000000 00000000 ................
0x9b760790: 00000000 00000000 00000000 00000000 ................
0x9b7607a0: 00000000 00000000 00000000 00000000 ................
0x9b7607b0: 00000000 00000000 00000000 00000000 ................
0x9b7607c0: 00000000 00000000 00000000 00000000 ................
0x9b7607d0: 00000000 00000000 00000000 00000000 ................
0x9b7607e0: 00000000 00000000 00000000 00000000 ................
0x9b7607f0: 00000000 00000000 00000000 00000000 ................
0x9b760800: 00000000 00000000 00000000 00000000 ................
0x9b760810: 00000000 00000000 00000000 00000000 ................
0x9b760820: 00000000 00000000 00000000 00000000 ................
0x9b760830: 00000000 00000000 00000000 00000000 ................
0x9b760840: 00000000 00000000 00000000 00000000 ................
0x9b760850: 00000000 00000000 00000000 00000000 ................
0x9b760860: 00000000 00000000 00000000 00000000 ................
0x9b760870: 00000000 00000000 00000000 00000000 ................
0x9b760880: 00000000 00000000 00000000 00000000 ................
0x9b760890: 00000000 00000000 00000000 00000000 ................
0x9b7608a0: 00000000 00000000 00000000 00000000 ................
0x9b7608b0: 00000000 00000000 00000000 00000000 ................
0x9b7608c0: 00000000 00000000 00000000 00000000 ................
0x9b7608d0: 00000000 00000000 00000000 00000000 ................
0x9b7608e0: 00000000 00000000 00000000 00000000 ................
0x9b7608f0: 00000000 00000000 00000000 00000000 ................
0x9b760900: 00000000 00000000 00000000 00000000 ................
0x9b760910: 00000000 00000000 00000000 00000000 ................
0x9b760920: 00000000 00000000 00000000 00000000 ................
0x9b760930: 00000000 00000000 00000000 00000000 ................
0x9b760940: 00000000 00000000 00000000 00000000 ................
0x9b760950: 00000000 00000000 00000000 00000000 ................
0x9b760960: 00000000 00000000 00000000 00000000 ................
0x9b760970: 00000000 00000000 00000000 00000000 ................
0x9b760980: 00000000 00000000 00000000 00000000 ................
0x9b760990: 00000000 00000000 00000000 00000000 ................
0x9b7609a0: 00000000 00000000 00000000 00000000 ................
0x9b7609b0: 00000000 00000000 00000000 00000000 ................
0x9b7609c0: 00000000 00000000 00000000 00000000 ................
0x9b7609d0: 00000000 00000000 00000000 00000000 ................
0x9b7609e0: 00000000 00000000 00000000 00000000 ................
0x9b7609f0: 00000000 00000000 00000000 00000000 ................
0x9b760a00: 00000000 00000000 00000000 00000000 ................
0x9b760a10: 00000000 00000000 00000000 00000000 ................
0x9b760a20: 00000000 00000000 00000000 00000000 ................
0x9b760a30: 00000000 00000000 00000000 00000000 ................
0x9b760a40: 00000000 00000000 00000000 00000000 ................
0x9b760a50: 00000000 00000000 00000000 00000000 ................
0x9b760a60: 00000000 00000000 00000000 00000000 ................
0x9b760a70: 00000000 00000000 00000000 00000000 ................
0x9b760a80: 00000000 00000000 00000000 00000000 ................
0x9b760a90: 00000000 00000000 00000000 00000000 ................
0x9b760aa0: 00000000 00000000 00000000 00000000 ................
0x9b760ab0: 00000000 00000000 00000000 00000000 ................
0x9b760ac0: 00000000 00000000 00000000 00000000 ................
0x9b760ad0: 00000000 00000000 00000000 00000000 ................
0x9b760ae0: 00000000 00000000 00000000 00000000 ................
0x9b760af0: 00000000 00000000 00000000 00000000 ................
0x9b760b00: 00000000 00000000 00000000 00000000 ................
0x9b760b10: 00000000 00000000 00000000 00000000 ................
0x9b760b20: 00000000 00000000 00000000 00000000 ................
0x9b760b30: 00000000 00000000 00000000 00000000 ................
0x9b760b40: 00000000 00000000 00000000 00000000 ................
0x9b760b50: 00000000 00000000 00000000 00000000 ................
0x9b760b60: 00000000 00000000 00000000 00000000 ................
0x9b760b70: 00000000 00000000 00000000 00000000 ................
0x9b760b80: 00000000 00000000 00000000 00000000 ................
0x9b760b90: 00000000 00000000 00000000 00000000 ................
0x9b760ba0: 00000000 00000000 00000000 00000000 ................
0x9b760bb0: 00000000 00000000 00000000 00000000 ................
0x9b760bc0: 00000000 00000000 00000000 00000000 ................
0x9b760bd0: 00000000 00000000 00000000 00000000 ................
0x9b760be0: 00000000 00000000 00000000 00000000 ................
0x9b760bf0: 00000000 00000000 00000000 00000000 ................
0x9b760c00: 00000000 00000000 00000000 00000000 ................
0x9b760c10: 00000000 00000000 00000000 00000000 ................
0x9b760c20: 00000000 00000000 00000000 00000000 ................
0x9b760c30: 00000000 00000000 00000000 00000000 ................
0x9b760c40: 00000000 00000000 00000000 00000000 ................
0x9b760c50: 00000000 00000000 00000000 00000000 ................
0x9b760c60: 00000000 00000000 00000000 00000000 ................
0x9b760c70: 00000000 00000000 00000000 00000000 ................
0x9b760c80: 00000000 00000000 00000000 00000000 ................
0x9b760c90: 00000000 00000000 00000000 00000000 ................
0x9b760ca0: 00000000 00000000 00000000 00000000 ................
0x9b760cb0: 00000000 00000000 00000000 00000000 ................
0x9b760cc0: 00000000 00000000 00000000 00000000 ................
0x9b760cd0: 00000000 00000000 00000000 00000000 ................
0x9b760ce0: 00000000 00000000 00000000 00000000 ................
0x9b760cf0: 00000000 00000000 00000000 00000000 ................
0x9b760d00: 00000000 00000000 00000000 00000000 ................
0x9b760d10: 00000000 00000000 00000000 00000000 ................
0x9b760d20: 00000000 00000000 00000000 00000000 ................
0x9b760d30: 00000000 00000000 00000000 00000000 ................
0x9b760d40: 00000000 00000000 00000000 00000000 ................
0x9b760d50: 00000000 00000000 00000000 00000000 ................
0x9b760d60: 00000000 00000000 00000000 00000000 ................
0x9b760d70: 00000000 00000000 00000000 00000000 ................
0x9b760d80: 00000000 00000000 00000000 00000000 ................
0x9b760d90: 00000000 00000000 00000000 00000000 ................
0x9b760da0: 00000000 00000000 00000000 00000000 ................
0x9b760db0: 00000000 00000000 00000000 00000000 ................
0x9b760dc0: 00000000 00000000 00000000 00000000 ................
0x9b760dd0: 00000000 00000000 00000000 00000000 ................
0x9b760de0: 00000000 00000000 00000000 00000000 ................
0x9b760df0: 00000000 00000000 00000000 00000000 ................
0x9b760e00: 00000000 00000000 00000000 00000000 ................
0x9b760e10: 00000000 00000000 00000000 00000000 ................
0x9b760e20: 00000000 00000000 00000000 00000000 ................
0x9b760e30: 00000000 00000000 00000000 00000000 ................
0x9b760e40: 00000000 00000000 00000000 00000000 ................
0x9b760e50: 00000000 00000000 00000000 00000000 ................
0x9b760e60: 00000000 00000000 00000000 00000000 ................
0x9b760e70: 00000000 00000000 00000000 00000000 ................
0x9b760e80: 00000000 00000000 00000000 00000000 ................
0x9b760e90: 00000000 00000000 00000000 00000000 ................
0x9b760ea0: 00000000 00000000 00000000 00000000 ................
0x9b760eb0: 00000000 00000000 00000000 00000000 ................
0x9b760ec0: 00000000 00000000 00000000 00000000 ................

Module 1
C:\WINDOWS\SYSTEM32\xinput1_3.dll
Image Base: 0x00400000  Image Size: 0x0001e000
File Size:  107368      File Time:  2007-04-04_185422
Version:
   Company:    Microsoft Corporation
   Product:    Microsoft® DirectX for Windows®
   FileDesc:   Microsoft Common Controller API
   FileVer:    9.18.944.0
   ProdVer:    9.18.944.0

Module 2
C:\WINDOWS\SYSTEM32\xinput1_2.DLL
Image Base: 0x00400000  Image Size: 0x00018000
File Size:  83736       File Time:  2006-07-28_093108
Version:
   Company:    Microsoft Corporation
   Product:    Microsoft® DirectX for Windows®
   FileDesc:   Microsoft Common Controller API
   FileVer:    9.14.701.0
   ProdVer:    9.14.701.0

Module 3
C:\WINDOWS\SYSTEM32\xinput1_1.DLL
Image Base: 0x00400000  Image Size: 0x00018000
File Size:  83664       File Time:  2006-03-31_123948
Version:
   Company:    Microsoft Corporation
   Product:    Microsoft® DirectX for Windows®
   FileDesc:   Microsoft Common Controller API
   FileVer:    9.12.589.0
   ProdVer:    9.12.589.0

Crash Report configuration:
 * App Name: Temtem
 * App Version: Unity 2019.4.14f1_df5769635aab
 * Mono DLL: C:\Program Files (x86)\Steam\steamapps\common\Temtem\MonoBleedingEdge\EmbedRuntime\mono-2.0-bdwgc.dll
 * Bug Reporter App Path: 
 * Crash Report Path: C:\Users\rqflo\AppData\Local\Temp\Crema\Temtem\Crashes
 * Is Editor: false

Crash Report metadata:

Additional report files:
 * "C:\Users\rqflo\AppData\LocalLow\Crema\Temtem\Player.log" (Output log file)



== [end of error.log] ==
