Temtem by Crema [version: Unity 2019.4.14f1_df5769635aab]

UnityPlayer.dll caused an Access Violation (0xc0000005)
  in module UnityPlayer.dll at 0033:23d67719.

Error occurred at 2021-04-09_233530.
C:\Program Files (x86)\Steam\steamapps\common\Temtem\Temtem.exe, run by rqflo.

76% physical memory in use.
8035 MB physical memory [1860 MB free].
9955 MB process peak paging file [9947 MB used].
2962 MB process peak working set [2097 MB used].
System Commit Total/Limit/Peak: 16227MB/16227MB/16227MB
System Physical Total/Available: 8035MB/1860MB
System Process Count: 189
System Thread Count: 1777
System Handle Count: 73453
Disk space data for 'C:\Users\rqflo\AppData\Local\Temp\Crema\Temtem\Crashes\Crash_2021-04-09_153529027\': 552731844608 bytes free of 999007711232 total.

Write to location 0000000000000000 caused an access violation.

Context:
RDI:    0x0000000000000000  RSI: 0x0000000000c01000  RAX:   0x0000000000000000
RBX:    0x00007ffd24fa4140  RCX: 0x0000000000000000  RDX:   0x00000000000005af
RIP:    0x00007ffd23d67719  RBP: 0x0000000000000000  SegCs: 0x0000000000000033
EFlags: 0x0000000000010206  RSP: 0x000000a27dceefa0  SegSs: 0x000000000000002b
R8:     0x000000000000005a  R9:  0x000000000000005e  R10:   0x0000000000000096
R11:    0x0000000000000246  R12: 0x0000000000c00000  R13:   0x0000000000000001
R14:    0x0000000000000010  R15: 0x00007ffd24fa4260


Bytes at CS:EIP:
48 89 28 48 89 68 08 48 89 48 10 48 8b 8b 70 01 

*** WARNING ***
Managed call stack frames will be incorrect or missing.
The Mono DLL at 'C:\Program Files (x86)\Steam\steamapps\common\Temtem\MonoBleedingEdge\EmbedRuntime\mono-2.0-bdwgc.dll' does not provide out-of-process stack information support.
Upgrade to a newer version of the Mono Scripting Runtime for more detailed debug information.


Stack Trace of Crashed Thread 3796:
0x00007FFD23D67719 (UnityPlayer) UnityMain
ERROR: SymGetModuleInfo64, GetLastError: 'Not enough memory resources are available to process this command.' (Address: 00007FFD23D652AA)
0x00007FFD23D652AA ((<unknown>)) UnityMain
0x00007FFD23D619BC (UnityPlayer) UnityMain
0x00007FFD23D61B2B (UnityPlayer) UnityMain
0x00007FFD23D61B2B (UnityPlayer) UnityMain
0x00007FFD23D64B0C (UnityPlayer) UnityMain
ERROR: SymGetSymFromAddr64, GetLastError: 'Attempt to access invalid address.' (Address: 00007FFD23A9DC51)
0x00007FFD23A9DC51 (UnityPlayer) (function-name not available)
0x00007FFD23F67B99 (UnityPlayer) UnityMain
0x00007FFD23F6829C (UnityPlayer) UnityMain
0x00007FFD23F7E036 (UnityPlayer) UnityMain
0x00007FFD23F80309 (UnityPlayer) UnityMain
0x00007FFD23F8002D (UnityPlayer) UnityMain
0x00007FFD23F67DA7 (UnityPlayer) UnityMain
0x00007FFD23F67E43 (UnityPlayer) UnityMain
0x00007FFD23F6A27C (UnityPlayer) UnityMain
ERROR: SymGetSymFromAddr64, GetLastError: 'Attempt to access invalid address.' (Address: 00007FFD23D2001E)
0x00007FFD23D2001E (UnityPlayer) (function-name not available)
ERROR: SymGetSymFromAddr64, GetLastError: 'Attempt to access invalid address.' (Address: 00007FFD23D1ED7A)
0x00007FFD23D1ED7A (UnityPlayer) (function-name not available)
ERROR: SymGetSymFromAddr64, GetLastError: 'Attempt to access invalid address.' (Address: 00007FFD23D22E2C)
0x00007FFD23D22E2C (UnityPlayer) (function-name not available)
0x00007FFD23D2691B (UnityPlayer) UnityMain
ERROR: SymGetSymFromAddr64, GetLastError: 'Attempt to access invalid address.' (Address: 00007FF6BCC311F2)
0x00007FF6BCC311F2 (Temtem) (function-name not available)
ERROR: SymGetSymFromAddr64, GetLastError: 'Attempt to access invalid address.' (Address: 00007FFD67B67034)
0x00007FFD67B67034 (KERNEL32) (function-name not available)
ERROR: SymGetSymFromAddr64, GetLastError: 'Attempt to access invalid address.' (Address: 00007FFD68BE2651)
0x00007FFD68BE2651 (ntdll) (function-name not available)

Stacks for Running Threads:

Call Stack for Thread 4916:
ERROR: SymGetSymFromAddr64, GetLastError: 'Attempt to access invalid address.' (Address: 00007FFD68C2CC94)
0x00007FFD68C2CC94 (ntdll) (function-name not available)
ERROR: SymGetSymFromAddr64, GetLastError: 'Attempt to access invalid address.' (Address: 00007FFD6690A34E)
0x00007FFD6690A34E (KERNELBASE) (function-name not available)
ERROR: SymGetSymFromAddr64, GetLastError: 'Attempt to access invalid address.' (Address: 00007FFD2E1A5E8F)
0x00007FFD2E1A5E8F (mono-2.0-bdwgc) (function-name not available)
ERROR: SymGetSymFromAddr64, GetLastError: 'Attempt to access invalid address.' (Address: 00007FFD2E2942DD)
0x00007FFD2E2942DD (mono-2.0-bdwgc) (function-name not available)
ERROR: SymGetSymFromAddr64, GetLastError: 'Attempt to access invalid address.' (Address: 00007FFD2E2930B5)
0x00007FFD2E2930B5 (mono-2.0-bdwgc) (function-name not available)
ERROR: SymGetSymFromAddr64, GetLastError: 'Attempt to access invalid address.' (Address: 00007FFD2E256398)
0x00007FFD2E256398 (mono-2.0-bdwgc) (function-name not available)
ERROR: SymGetSymFromAddr64, GetLastError: 'Attempt to access invalid address.' (Address: 00007FFD2E256126)
0x00007FFD2E256126 (mono-2.0-bdwgc) (function-name not available)
ERROR: SymGetSymFromAddr64, GetLastError: 'Attempt to access invalid address.' (Address: 00007FFD67B67034)
0x00007FFD67B67034 (KERNEL32) (function-name not available)
ERROR: SymGetSymFromAddr64, GetLastError: 'Attempt to access invalid address.' (Address: 00007FFD68BE2651)
0x00007FFD68BE2651 (ntdll) (function-name not available)


Call Stack for Thread 8708:
Exception encountered during stack walk.


Call Stack for Thread 6584:
Exception encountered during stack walk.


Call Stack for Thread 10688:
Exception encountered during stack walk.


Call Stack for Thread 7456:
Exception encountered during stack walk.


Call Stack for Thread 5736:
ERROR: SymGetSymFromAddr64, GetLastError: 'Attempt to access invalid address.' (Address: 00007FFD68C2CC94)
0x00007FFD68C2CC94 (ntdll) (function-name not available)
ERROR: SymGetSymFromAddr64, GetLastError: 'Attempt to access invalid address.' (Address: 00007FFD6690A34E)
0x00007FFD6690A34E (KERNELBASE) (function-name not available)
ERROR: SymGetModuleInfo64, GetLastError: 'Not enough memory resources are available to process this command.' (Address: 00007FFD2466DEC2)
0x00007FFD2466DEC2 ((<unknown>)) UnityMain
ERROR: SymGetModuleInfo64, GetLastError: 'Not enough memory resources are available to process this command.' (Address: 00007FFD23F23070)
0x00007FFD23F23070 ((<unknown>)) UnityMain
ERROR: SymGetModuleInfo64, GetLastError: 'Not enough memory resources are available to process this command.' (Address: 00007FFD23F24140)
0x00007FFD23F24140 ((<unknown>)) UnityMain
ERROR: SymGetModuleInfo64, GetLastError: 'Not enough memory resources are available to process this command.' (Address: 00007FFD2400F978)
0x00007FFD2400F978 ((<unknown>)) UnityMain
ERROR: SymGetSymFromAddr64, GetLastError: 'Attempt to access invalid address.' (Address: 00007FFD67B67034)
ERROR: SymGetModuleInfo64, GetLastError: 'Not enough memory resources are available to process this command.' (Address: 00007FFD67B67034)
0x00007FFD67B67034 ((<unknown>)) (function-name not available)
ERROR: SymGetSymFromAddr64, GetLastError: 'Attempt to access invalid address.' (Address: 00007FFD68BE2651)
ERROR: SymGetModuleInfo64, GetLastError: 'Not enough memory resources are available to process this command.' (Address: 00007FFD68BE2651)
0x00007FFD68BE2651 ((<unknown>)) (function-name not available)


Call Stack for Thread 4932:
Exception encountered during stack walk.


Call Stack for Thread 2880:
Exception encountered during stack walk.


Call Stack for Thread 8780:
Exception encountered during stack walk.


Call Stack for Thread 7524:
Exception encountered during stack walk.


Call Stack for Thread 8560:
Exception encountered during stack walk.


Call Stack for Thread 5200:
Exception encountered during stack walk.


Call Stack for Thread 712:
Exception encountered during stack walk.


Call Stack for Thread 9200:
Exception encountered during stack walk.


Call Stack for Thread 9440:
Exception encountered during stack walk.


Call Stack for Thread 5016:
Exception encountered during stack walk.


Call Stack for Thread 472:
Exception encountered during stack walk.


Call Stack for Thread 6780:
Exception encountered during stack walk.


Call Stack for Thread 4492:
Exception encountered during stack walk.


Call Stack for Thread 2620:
Exception encountered during stack walk.


Call Stack for Thread 3244:
Exception encountered during stack walk.


Call Stack for Thread 6748:
Exception encountered during stack walk.


Call Stack for Thread 2288:
Exception encountered during stack walk.


Call Stack for Thread 7252:
Exception encountered during stack walk.


Call Stack for Thread 388:
Exception encountered during stack walk.


Call Stack for Thread 9508:
Exception encountered during stack walk.


Call Stack for Thread 7092:
Exception encountered during stack walk.


Call Stack for Thread 1708:
Exception encountered during stack walk.


Call Stack for Thread 10460:
Exception encountered during stack walk.


Call Stack for Thread 2252:
Exception encountered during stack walk.


Call Stack for Thread 3240:
Exception encountered during stack walk.


Call Stack for Thread 10716:
Exception encountered during stack walk.


Call Stack for Thread 9796:
Exception encountered during stack walk.


Call Stack for Thread 1668:
Exception encountered during stack walk.


Call Stack for Thread 4152:
Exception encountered during stack walk.


Call Stack for Thread 9920:
Exception encountered during stack walk.


Call Stack for Thread 10932:
Exception encountered during stack walk.


Call Stack for Thread 1904:
Exception encountered during stack walk.


Call Stack for Thread 3876:
Exception encountered during stack walk.


Call Stack for Thread 9908:
Exception encountered during stack walk.


Call Stack for Thread 1684:
Exception encountered during stack walk.


Call Stack for Thread 7256:
Exception encountered during stack walk.


Call Stack for Thread 7560:
Exception encountered during stack walk.


Call Stack for Thread 9584:
Exception encountered during stack walk.


Call Stack for Thread 4992:
Exception encountered during stack walk.


Call Stack for Thread 4832:
Exception encountered during stack walk.


Call Stack for Thread 8276:
Exception encountered during stack walk.


Call Stack for Thread 10424:
Exception encountered during stack walk.


Call Stack for Thread 1248:
Exception encountered during stack walk.


Call Stack for Thread 7120:
Exception encountered during stack walk.


Call Stack for Thread 10364:
Exception encountered during stack walk.


Call Stack for Thread 4028:
Exception encountered during stack walk.


Call Stack for Thread 10684:
Exception encountered during stack walk.


Call Stack for Thread 8840:
Exception encountered during stack walk.


Call Stack for Thread 8132:
Exception encountered during stack walk.


Call Stack for Thread 9240:
Exception encountered during stack walk.


Call Stack for Thread 4624:
Exception encountered during stack walk.


Call Stack for Thread 10828:
ERROR: SymGetSymFromAddr64, GetLastError: 'Attempt to access invalid address.' (Address: 00007FFD68C2CC94)
ERROR: SymGetModuleInfo64, GetLastError: 'Not enough memory resources are available to process this command.' (Address: 00007FFD68C2CC94)
0x00007FFD68C2CC94 ((<unknown>)) (function-name not available)
ERROR: SymGetSymFromAddr64, GetLastError: 'Attempt to access invalid address.' (Address: 00007FFD6690A34E)
ERROR: SymGetModuleInfo64, GetLastError: 'Not enough memory resources are available to process this command.' (Address: 00007FFD6690A34E)
0x00007FFD6690A34E ((<unknown>)) (function-name not available)
ERROR: SymGetModuleInfo64, GetLastError: 'Not enough memory resources are available to process this command.' (Address: 00007FFD2466DEC2)
0x00007FFD2466DEC2 ((<unknown>)) UnityMain
ERROR: SymGetSymFromAddr64, GetLastError: 'Attempt to access invalid address.' (Address: 00007FFD23C20F87)
ERROR: SymGetModuleInfo64, GetLastError: 'Not enough memory resources are available to process this command.' (Address: 00007FFD23C20F87)
0x00007FFD23C20F87 ((<unknown>)) (function-name not available)
ERROR: SymGetModuleInfo64, GetLastError: 'Not enough memory resources are available to process this command.' (Address: 00007FFD2400F978)
0x00007FFD2400F978 ((<unknown>)) UnityMain
ERROR: SymGetSymFromAddr64, GetLastError: 'Attempt to access invalid address.' (Address: 00007FFD67B67034)
ERROR: SymGetModuleInfo64, GetLastError: 'Not enough memory resources are available to process this command.' (Address: 00007FFD67B67034)
0x00007FFD67B67034 ((<unknown>)) (function-name not available)
ERROR: SymGetSymFromAddr64, GetLastError: 'Attempt to access invalid address.' (Address: 00007FFD68BE2651)
ERROR: SymGetModuleInfo64, GetLastError: 'Not enough memory resources are available to process this command.' (Address: 00007FFD68BE2651)
0x00007FFD68BE2651 ((<unknown>)) (function-name not available)


Call Stack for Thread 5712:
Exception encountered during stack walk.


Call Stack for Thread 6564:
Exception encountered during stack walk.


Call Stack for Thread 1252:
Exception encountered during stack walk.


Call Stack for Thread 3264:
ERROR: SymGetSymFromAddr64, GetLastError: 'Attempt to access invalid address.' (Address: 00007FFD68C2CC94)
ERROR: SymGetModuleInfo64, GetLastError: 'Not enough memory resources are available to process this command.' (Address: 00007FFD68C2CC94)
0x00007FFD68C2CC94 ((<unknown>)) (function-name not available)
ERROR: SymGetSymFromAddr64, GetLastError: 'Attempt to access invalid address.' (Address: 00007FFD6690A34E)
ERROR: SymGetModuleInfo64, GetLastError: 'Not enough memory resources are available to process this command.' (Address: 00007FFD6690A34E)
0x00007FFD6690A34E ((<unknown>)) (function-name not available)
ERROR: SymGetSymFromAddr64, GetLastError: 'The specified module could not be found.' (Address: 00007FFD2798F9F9)
ERROR: SymGetModuleInfo64, GetLastError: 'Not enough memory resources are available to process this command.' (Address: 00007FFD2798F9F9)
0x00007FFD2798F9F9 ((<unknown>)) (function-name not available)
ERROR: SymGetSymFromAddr64, GetLastError: 'The specified module could not be found.' (Address: 00007FFD27983C01)
0x00007FFD27983C01 (fmodstudio) (function-name not available)
ERROR: SymGetSymFromAddr64, GetLastError: 'Unknown error [-529697949]' (Address: 00007FFD2798C396)
ERROR: SymGetModuleInfo64, GetLastError: 'Not enough memory resources are available to process this command.' (Address: 00007FFD2798C396)
0x00007FFD2798C396 ((<unknown>)) (function-name not available)
ERROR: SymGetSymFromAddr64, GetLastError: 'The specified module could not be found.' (Address: 00007FFD279FE7B1)
ERROR: SymGetModuleInfo64, GetLastError: 'Not enough memory resources are available to process this command.' (Address: 00007FFD279FE7B1)
0x00007FFD279FE7B1 ((<unknown>)) (function-name not available)
ERROR: SymGetSymFromAddr64, GetLastError: 'Attempt to access invalid address.' (Address: 00007FFD67B67034)
ERROR: SymGetModuleInfo64, GetLastError: 'Not enough memory resources are available to process this command.' (Address: 00007FFD67B67034)
0x00007FFD67B67034 ((<unknown>)) (function-name not available)
ERROR: SymGetSymFromAddr64, GetLastError: 'Attempt to access invalid address.' (Address: 00007FFD68BE2651)
ERROR: SymGetModuleInfo64, GetLastError: 'Not enough memory resources are available to process this command.' (Address: 00007FFD68BE2651)
0x00007FFD68BE2651 ((<unknown>)) (function-name not available)


Call Stack for Thread 6516:
Exception encountered during stack walk.


Call Stack for Thread 8680:
Exception encountered during stack walk.


Call Stack for Thread 2908:
Exception encountered during stack walk.


Call Stack for Thread 6924:
Exception encountered during stack walk.


Call Stack for Thread 468:
Exception encountered during stack walk.


Call Stack for Thread 8148:
Exception encountered during stack walk.


Call Stack for Thread 9532:
Exception encountered during stack walk.


Call Stack for Thread 2208:
Exception encountered during stack walk.


Call Stack for Thread 5900:
Exception encountered during stack walk.


Call Stack for Thread 6392:
Exception encountered during stack walk.


Call Stack for Thread 4568:
Exception encountered during stack walk.


Call Stack for Thread 8044:
Exception encountered during stack walk.


Call Stack for Thread 8500:
Exception encountered during stack walk.


Call Stack for Thread 8524:
Exception encountered during stack walk.


Call Stack for Thread 7960:
Exception encountered during stack walk.


Call Stack for Thread 6168:
Exception encountered during stack walk.


Call Stack for Thread 3052:
Exception encountered during stack walk.


Call Stack for Thread 10540:
ERROR: SymGetSymFromAddr64, GetLastError: 'Attempt to access invalid address.' (Address: 00007FFD68C30604)
0x00007FFD68C30604 (ntdll) (function-name not available)
ERROR: SymGetSymFromAddr64, GetLastError: 'Attempt to access invalid address.' (Address: 00007FFD68BF4295)
ERROR: SymGetModuleInfo64, GetLastError: 'Not enough memory resources are available to process this command.' (Address: 00007FFD68BF4295)
0x00007FFD68BF4295 ((<unknown>)) (function-name not available)
ERROR: SymGetSymFromAddr64, GetLastError: 'Attempt to access invalid address.' (Address: 00007FFD6695B9D9)
ERROR: SymGetModuleInfo64, GetLastError: 'Not enough memory resources are available to process this command.' (Address: 00007FFD6695B9D9)
0x00007FFD6695B9D9 ((<unknown>)) (function-name not available)
ERROR: SymGetSymFromAddr64, GetLastError: 'Attempt to access invalid address.' (Address: 00007FFD2E1A112C)
ERROR: SymGetModuleInfo64, GetLastError: 'Not enough memory resources are available to process this command.' (Address: 00007FFD2E1A112C)
0x00007FFD2E1A112C ((<unknown>)) (function-name not available)
ERROR: SymGetSymFromAddr64, GetLastError: 'Attempt to access invalid address.' (Address: 00007FFD2E25AC31)
0x00007FFD2E25AC31 (mono-2.0-bdwgc) (function-name not available)
ERROR: SymGetSymFromAddr64, GetLastError: 'Attempt to access invalid address.' (Address: 00007FFD2E256398)
ERROR: SymGetModuleInfo64, GetLastError: 'Not enough memory resources are available to process this command.' (Address: 00007FFD2E256398)
0x00007FFD2E256398 ((<unknown>)) (function-name not available)
ERROR: SymGetSymFromAddr64, GetLastError: 'Attempt to access invalid address.' (Address: 00007FFD2E256126)
ERROR: SymGetModuleInfo64, GetLastError: 'Not enough memory resources are available to process this command.' (Address: 00007FFD2E256126)
0x00007FFD2E256126 ((<unknown>)) (function-name not available)
ERROR: SymGetSymFromAddr64, GetLastError: 'Attempt to access invalid address.' (Address: 00007FFD67B67034)
ERROR: SymGetModuleInfo64, GetLastError: 'Not enough memory resources are available to process this command.' (Address: 00007FFD67B67034)
0x00007FFD67B67034 ((<unknown>)) (function-name not available)
ERROR: SymGetSymFromAddr64, GetLastError: 'Attempt to access invalid address.' (Address: 00007FFD68BE2651)
0x00007FFD68BE2651 (ntdll) (function-name not available)


Call Stack for Thread 8700:
ERROR: SymGetSymFromAddr64, GetLastError: 'Attempt to access invalid address.' (Address: 00007FFD68C30604)
ERROR: SymGetModuleInfo64, GetLastError: 'Not enough memory resources are available to process this command.' (Address: 00007FFD68C30604)
0x00007FFD68C30604 ((<unknown>)) (function-name not available)
ERROR: SymGetSymFromAddr64, GetLastError: 'Attempt to access invalid address.' (Address: 00007FFD68BF4295)
ERROR: SymGetModuleInfo64, GetLastError: 'Not enough memory resources are available to process this command.' (Address: 00007FFD68BF4295)
0x00007FFD68BF4295 ((<unknown>)) (function-name not available)
ERROR: SymGetSymFromAddr64, GetLastError: 'Attempt to access invalid address.' (Address: 00007FFD6695B9D9)
ERROR: SymGetModuleInfo64, GetLastError: 'Not enough memory resources are available to process this command.' (Address: 00007FFD6695B9D9)
0x00007FFD6695B9D9 ((<unknown>)) (function-name not available)
ERROR: SymGetSymFromAddr64, GetLastError: 'Attempt to access invalid address.' (Address: 00007FFD2E25BA37)
ERROR: SymGetModuleInfo64, GetLastError: 'Not enough memory resources are available to process this command.' (Address: 00007FFD2E25BA37)
0x00007FFD2E25BA37 ((<unknown>)) (function-name not available)
ERROR: SymGetSymFromAddr64, GetLastError: 'Attempt to access invalid address.' (Address: 00007FFD2E25BDE8)
ERROR: SymGetModuleInfo64, GetLastError: 'Not enough memory resources are available to process this command.' (Address: 00007FFD2E25BDE8)
0x00007FFD2E25BDE8 ((<unknown>)) (function-name not available)
ERROR: SymGetSymFromAddr64, GetLastError: 'Attempt to access invalid address.' (Address: 00007FFD2E256398)
ERROR: SymGetModuleInfo64, GetLastError: 'Not enough memory resources are available to process this command.' (Address: 00007FFD2E256398)
0x00007FFD2E256398 ((<unknown>)) (function-name not available)
ERROR: SymGetSymFromAddr64, GetLastError: 'Attempt to access invalid address.' (Address: 00007FFD2E256126)
ERROR: SymGetModuleInfo64, GetLastError: 'Not enough memory resources are available to process this command.' (Address: 00007FFD2E256126)
0x00007FFD2E256126 ((<unknown>)) (function-name not available)
ERROR: SymGetSymFromAddr64, GetLastError: 'Attempt to access invalid address.' (Address: 00007FFD67B67034)
ERROR: SymGetModuleInfo64, GetLastError: 'Not enough memory resources are available to process this command.' (Address: 00007FFD67B67034)
0x00007FFD67B67034 ((<unknown>)) (function-name not available)
ERROR: SymGetSymFromAddr64, GetLastError: 'Attempt to access invalid address.' (Address: 00007FFD68BE2651)
ERROR: SymGetModuleInfo64, GetLastError: 'Not enough memory resources are available to process this command.' (Address: 00007FFD68BE2651)
0x00007FFD68BE2651 ((<unknown>)) (function-name not available)


Call Stack for Thread 8188:
ERROR: SymGetSymFromAddr64, GetLastError: 'Attempt to access invalid address.' (Address: 00007FFD68C30604)
ERROR: SymGetModuleInfo64, GetLastError: 'Not enough memory resources are available to process this command.' (Address: 00007FFD68C30604)
0x00007FFD68C30604 ((<unknown>)) (function-name not available)
ERROR: SymGetSymFromAddr64, GetLastError: 'Attempt to access invalid address.' (Address: 00007FFD68BF4295)
ERROR: SymGetModuleInfo64, GetLastError: 'Not enough memory resources are available to process this command.' (Address: 00007FFD68BF4295)
0x00007FFD68BF4295 ((<unknown>)) (function-name not available)
ERROR: SymGetSymFromAddr64, GetLastError: 'Attempt to access invalid address.' (Address: 00007FFD6695B9D9)
ERROR: SymGetModuleInfo64, GetLastError: 'Not enough memory resources are available to process this command.' (Address: 00007FFD6695B9D9)
0x00007FFD6695B9D9 ((<unknown>)) (function-name not available)
ERROR: SymGetSymFromAddr64, GetLastError: 'Attempt to access invalid address.' (Address: 00007FFD2E25BA37)
ERROR: SymGetModuleInfo64, GetLastError: 'Not enough memory resources are available to process this command.' (Address: 00007FFD2E25BA37)
0x00007FFD2E25BA37 ((<unknown>)) (function-name not available)
ERROR: SymGetSymFromAddr64, GetLastError: 'Attempt to access invalid address.' (Address: 00007FFD2E25BDE8)
ERROR: SymGetModuleInfo64, GetLastError: 'Unknown error [8]' (Address: 00007FFD2E25BDE8)
0x00007FFD2E25BDE8 ((<unknown>)) (function-name not available)
ERROR: SymGetSymFromAddr64, GetLastError: 'Attempt to access invalid address.' (Address: 00007FFD2E256398)
ERROR: SymGetModuleInfo64, GetLastError: 'Unknown error [8]' (Address: 00007FFD2E256398)
0x00007FFD2E256398 ((<unknown>)) (function-name not available)
ERROR: SymGetSymFromAddr64, GetLastError: 'Attempt to access invalid address.' (Address: 00007FFD2E256126)
ERROR: SymGetModuleInfo64, GetLastError: 'Unknown error [8]' (Address: 00007FFD2E256126)
0x00007FFD2E256126 ((<unknown>)) (function-name not available)
ERROR: SymGetSymFromAddr64, GetLastError: 'Attempt to access invalid address.' (Address: 00007FFD67B67034)
ERROR: SymGetModuleInfo64, GetLastError: 'Unknown error [8]' (Address: 00007FFD67B67034)
0x00007FFD67B67034 ((<unknown>)) (function-name not available)
Exception encountered during stack walk.


Call Stack for Thread 7492:


Call Stack for Thread 6320:




Stack Memory [0x000000A27DCEEFA0-0x000000A27DD00000]:
0x7dceefa0: 00c01000 00000000 00c00000 00000000 ................
0x7dceefb0: 00c00000 00000000 23d67b7f 00007ffd .........{.#....
0x7dceefc0: 00000020 00000000 23fced1b 00007ffd  ..........#....
0x7dceefd0: 00168000 00000000 245c7dc5 00007ffd .........}\$....
0x7dceefe0: 00000010 00000000 00000010 00000000 ................
0x7dceeff0: 00000001 00000000 0016094c 00000000 ........L.......
0x7dcef000: 98000030 000001de 24011533 00007ffd 0.......3..$....
0x7dcef010: 24fa4140 00007ffd 00168000 00000000 @A.$............
0x7dcef020: 00168000 00000000 7dcef2a0 000000a2 ...........}....
0x7dcef030: ffffffff ffffffff 24010c62 00007ffd ........b..$....
0x7dcef040: 00000010 00000000 7dcef348 000000a2 ........H..}....
0x7dcef050: 7dcef300 000000a2 24fa4140 00007ffd ...}....@A.$....
0x7dcef060: 24fa44c0 00007ffd 23d652aa 00007ffd .D.$.....R.#....
0x7dcef070: 00000000 00000000 00c00000 00000000 ................
0x7dcef080: 00000010 00000000 00000000 00000000 ................
0x7dcef090: 00000004 00000000 23d619bc 00007ffd ...........#....
0x7dcef0a0: 24f93260 00007ffd 0000008f 00000000 `2.$............
0x7dcef0b0: 00c00000 00000000 9667fbe0 000001de ..........g.....
0x7dcef0c0: 77802701 000001da 24fa4140 00007ffd .'.w....@A.$....
0x7dcef0d0: 00000010 00000000 24010c62 00007ffd ........b..$....
0x7dcef0e0: 00000010 00000000 00000001 00000000 ................
0x7dcef0f0: 24f93260 00007ffd 00c00000 00000000 `2.$............
0x7dcef100: 24f932a8 00007ffd 23d61b2b 00007ffd .2.$....+..#....
0x7dcef110: 00000004 00000000 7dcef300 000000a2 ...........}....
0x7dcef120: 7dcef348 000000a2 00000010 00000000 H..}............
0x7dcef130: 00000000 00000000 24c0c004 00007ffd ...........$....
0x7dcef140: 000002c4 00007ffd 24010c62 00007ffd ........b..$....
0x7dcef150: 00000010 00000000 00000001 00000000 ................
0x7dcef160: 24f93260 00007ffd 00c00000 00000000 `2.$............
0x7dcef170: 24f93278 00007ffd 23d61b2b 00007ffd x2.$....+..#....
0x7dcef180: 00000004 00000000 7dcef300 000000a2 ...........}....
0x7dcef190: 7dcef348 000000a2 02069a28 000001db H..}....(.......
0x7dcef1a0: 00000000 00000000 24c0c004 00007ffd ...........$....
0x7dcef1b0: 000002c4 00000000 23d64b97 00007ffd .........K.#....
0x7dcef1c0: 00058253 00000000 00044e24 00000000 S.......$N......
0x7dcef1d0: 00000000 00000000 00c00000 00000000 ................
0x7dcef1e0: 00000001 00000000 23d64b0c 00007ffd .........K.#....
0x7dcef1f0: 00000004 00000000 7dcef300 000000a2 ...........}....
0x7dcef200: 7dcef348 000000a2 00000000 00007ffd H..}............
0x7dcef210: 00000000 00007ffd 24c0c004 00007ffd ...........$....
0x7dcef220: 000002c4 00000000 23feb3d2 00007ffd ...........#....
0x7dcef230: 003ffffc 00000000 23a9dc51 00007ffd ..?.....Q..#....
0x7dcef240: 00c00000 00000000 24c0c004 00007ffd ...........$....
0x7dcef250: 00000000 00000000 24c0c004 00007ffd ...........$....
0x7dcef260: 24c0c004 00007ffd 000002c4 00000000 ...$............
0x7dcef270: 9667fbe0 000001de 23f67b99 00007ffd ..g......{.#....
0x7dcef280: b54141a4 0000001b 7dcef3d0 000000a2 .AA........}....
0x7dcef290: 00000000 00000000 00000000 00000000 ................
0x7dcef2a0: b53cf380 0000001b 00044e24 00000000 ..<.....$N......
0x7dcef2b0: 77802701 000001da 00000000 00000000 .'.w............
0x7dcef2c0: b54141a4 0000001b 23f6829c 00007ffd .AA........#....
0x7dcef2d0: b54141a4 0000001b 00000000 00000000 .AA.............
0x7dcef2e0: 00000000 00000000 00000000 00000000 ................
0x7dcef2f0: 02069a28 000001db 2e19f620 00007ffd (....... .......
0x7dcef300: 25a02010 000001da 00000001 000000a2 . .%............
0x7dcef310: 0003fcdc 00000000 000b04a6 00000000 ................
0x7dcef320: 98000030 000001de 0000004a 00000000 0.......J.......
0x7dcef330: 00010c43 00000000 000b04a6 00000000 C...............
0x7dcef340: 00000000 00000000 24d318e4 00007ffd ...........$....
0x7dcef350: 00000000 00000000 7dcef3f8 00000000 ...........}....
0x7dcef360: 00000001 000000a2 00058253 00000001 ........S.......
0x7dcef370: 7dcef400 000000a2 2409dd00 00007ffd ...}.......$....
0x7dcef380: 00000000 00000000 e42aa688 000001db ..........*.....
0x7dcef390: 7dcef580 000000a2 058dd198 000001db ...}............
0x7dcef3a0: 00000000 00000000 240a09a5 00007ffd ...........$....
0x7dcef3b0: 00000000 00000000 00000000 00000000 ................
0x7dcef3c0: 00000000 00000000 e42aa688 000001db ..........*.....
0x7dcef3d0: 7dcef580 000000a2 23872524 00007ffd ...}....$%.#....
0x7dcef3e0: 00000000 00000000 058dd198 000001db ................
0x7dcef3f0: 00000000 00000000 00000000 00000000 ................
0x7dcef400: 00000000 00000000 e42aa688 000001db ..........*.....
0x7dcef410: 00000001 00000000 e42aa688 000001db ..........*.....
0x7dcef420: 7dcef610 000000a2 7dcef770 000000a2 ...}....p..}....
0x7dcef430: 7dcef470 000000a2 242e9d29 00007ffd p..}....)..$....
0x7dcef440: 2f912667 000001db 7dcef6a0 000000a2 g&./.......}....
0x7dcef450: 00000000 000000a2 e42aa688 000001db ..........*.....
0x7dcef460: 00000000 00000000 24498ab1 00007ffd ..........I$....
0x7dcef470: 7dcef410 000000a2 00000000 00000000 ...}............
0x7dcef480: 00000000 00000000 00000000 00000000 ................
0x7dcef490: 00000000 00000000 00000000 00000000 ................
0x7dcef4a0: 00000000 00000000 00000000 00000000 ................
0x7dcef4b0: 00000000 00000000 0000000a 00000000 ................
0x7dcef4c0: 77802701 000001da b53cf37a 0000001b .'.w....z.<.....
0x7dcef4d0: 0000000a 00000000 9667fbe0 000001de ..........g.....
0x7dcef4e0: 00255270 000001db 23f7e036 00007ffd pR%.....6..#....
0x7dcef4f0: 00058253 00000000 0022b520 000001db S....... .".....
0x7dcef500: 00000001 000001db b53cf37f 0000001b ..........<.....
0x7dcef510: 0000000a 00000000 23f80309 00007ffd ...........#....
0x7dcef520: b53cf37a 0000001b 00000004 00007f01 z.<.............
0x7dcef530: 0000000a 00000000 0000000a 00000000 ................
0x7dcef540: b53cf33b 0000001b 23f81539 00007ffd ;.<.....9..#....
0x7dcef550: 00000000 412e8480 00000000 00000000 .......A........
0x7dcef560: 00000000 43f00000 00000000 00000000 .......C........
0x7dcef570: 00000000 00000000 00000000 80000000 ................
0x7dcef580: 00255270 000001db b53cf378 0000001b pR%.....x.<.....
0x7dcef590: 0000000a 00000000 23f8002d 00007ffd ........-..#....
0x7dcef5a0: b53cf378 0000001b 0000000a 00000000 x.<.............
0x7dcef5b0: 778027cc 000001da 058dd400 000001db .'.w............
0x7dcef5c0: 00000000 00000000 00000000 00000000 ................
0x7dcef5d0: 00000000 00000000 00000000 00000000 ................
0x7dcef5e0: 00000000 00000000 00000000 00000000 ................
0x7dcef5f0: 00000000 00000000 00000000 00000000 ................
0x7dcef600: 00000000 00000000 23f67da7 00007ffd .........}.#....
0x7dcef610: 058dda88 000001db 00000000 00000000 ................
0x7dcef620: 058dd470 000001db 0000000e 00000000 p...............
0x7dcef630: 00000000 00000000 00000000 00000000 ................
0x7dcef640: 7dcef6a0 000000a2 00000200 00000000 ...}............
0x7dcef650: 00000000 00000000 7dcef780 000000a2 ...........}....
0x7dcef660: 00000000 00000000 2e23b9a2 00007ffd ..........#.....
0x7dcef670: 7dcef800 000000a2 00000000 00000000 ...}............
0x7dcef680: e42aa688 000001db 240a63ad 00007ffd ..*......c.$....
0x7dcef690: 00000000 00000000 00000000 00000000 ................
0x7dcef6a0: 2e23b900 00007ffd 0313050c 00000000 ..#.............
0x7dcef6b0: 00000000 00000000 240a3763 00007ffd ........c7.$....
0x7dcef6c0: 00000000 00000000 7dcef768 000000a2 ........h..}....
0x7dcef6d0: 7dcef770 000000a2 7dcef780 000000a2 p..}.......}....
0x7dcef6e0: 7dcef770 000000a2 2409dd00 00007ffd p..}.......$....
0x7dcef6f0: 00000000 00000000 00000000 00000000 ................
0x7dcef700: 7dcef8f0 000000a2 00000000 00000000 ...}............
0x7dcef710: 00000000 00000000 240a09a5 00007ffd ...........$....
0x7dcef720: 00000000 00000000 00000000 00000000 ................
0x7dcef730: 00000000 00000000 00000000 00000000 ................
0x7dcef740: 7dcef8f0 000000a2 23872524 00007ffd ...}....$%.#....
0x7dcef750: 00000000 00000000 00000000 00000000 ................
0x7dcef760: 7dcef800 000000a2 00000000 00000000 ...}............
0x7dcef770: 00000000 00000000 e42aa688 000001db ..........*.....
0x7dcef780: 00000001 00000000 23d31c62 00007ffd ........b..#....
0x7dcef790: 00000007 00000000 058dd130 000001db ........0.......
0x7dcef7a0: 00000000 00000000 23f67e43 00007ffd ........C~.#....
0x7dcef7b0: 00000000 00000000 00000000 00000000 ................
0x7dcef7c0: 058dd470 000001db 80000012 00000000 p...............
0x7dcef7d0: 7dcef9d0 000000a2 23872524 00007ffd ...}....$%.#....
0x7dcef7e0: 7dcef780 000000a2 00000000 00000000 ...}............
0x7dcef7f0: 00000000 00000000 00000000 00000000 ................
0x7dcef800: 00000000 00000000 00000000 00000000 ................
0x7dcef810: 00000000 00000000 00000000 00000000 ................
0x7dcef820: 00000000 00000000 00000000 00000000 ................
0x7dcef830: 00000000 00000000 00000000 00000000 ................
0x7dcef840: 00000001 00000000 7d000000 000000a2 ...........}....
0x7dcef850: 009ceeb0 000001db 00000050 0000002c ........P...,...
0x7dcef860: 00000000 00000000 23d0af96 00007ffd ...........#....
0x7dcef870: 00000001 000000a2 e42aa688 000001db ..........*.....
0x7dcef880: 00000000 00000000 00000000 00000000 ................
0x7dcef890: 00000000 00000000 00000000 00000000 ................
0x7dcef8a0: 00000000 00000000 00000101 00000000 ................
0x7dcef8b0: 2007a080 000001db 23d2a8df 00007ffd ... .......#....
0x7dcef8c0: c00afee0 000001da 00000000 00000000 ................
0x7dcef8d0: 00000001 00000000 6780a5c3 00007ffd ...........g....
0x7dcef8e0: 00000000 00000000 23d2a310 00007ffd ...........#....
0x7dcef8f0: 00000001 00007ffd 00000001 00000000 ................
0x7dcef900: 00000001 00000000 e42aa688 000001db ..........*.....
0x7dcef910: 00000000 00000000 23d2b884 00007ffd ...........#....
0x7dcef920: 2007a080 000001db 00000000 00000000 ... ............
0x7dcef930: 00000000 00000000 00000000 00000000 ................
0x7dcef940: 00000000 00000000 23f6a27c 00007ffd ........|..#....
0x7dcef950: 0000099c 00000000 778027cc 000001da .........'.w....
0x7dcef960: 0000099c 00000000 0000000a 00000000 ................
0x7dcef970: 009ceeb0 000001db 0000099c 00000000 ................
0x7dcef980: 00000000 00000000 23d0b1ce 00007ffd ...........#....
0x7dcef990: 00000438 00000780 00000000 00000000 8...............
0x7dcef9a0: 0000050c 00000313 44a18000 43920000 ...........D...C
0x7dcef9b0: 00000000 00000000 2d31c00c 00007ffd ..........1-....
0x7dcef9c0: 00000000 00000000 23d2001e 00007ffd ...........#....
0x7dcef9d0: 00000001 00000000 00000000 00000000 ................
0x7dcef9e0: 00000001 00000000 778027cc 000001da .........'.w....
0x7dcef9f0: 00000000 00000000 23d1ed7a 00007ffd ........z..#....
0x7dcefa00: 0000099c 00000000 00000000 00000000 ................
0x7dcefa10: 00000000 00000000 00000000 00000000 ................
0x7dcefa20: 00000001 00000000 00000000 00000000 ................
0x7dcefa30: 00090666 00000000 00000200 00000000 f...............
0x7dcefa40: 00000000 00000000 0313050c 00000000 ................
0x7dcefa50: 00b590e5 0000050c 00000313 00000000 ................
0x7dcefa60: ffffff00 ffffffff 23d22e2c 00007ffd ........,..#....
0x7dcefa70: 00000001 00000000 00000000 00000000 ................
0x7dcefa80: 00000000 00000000 00000000 00000000 ................
0x7dcefa90: 000001f5 00000000 000001f6 00000000 ................
0x7dcefaa0: 0000001d 00000000 00000000 00000000 ................
0x7dcefab0: 00000000 00000000 00000000 00000000 ................
0x7dcefac0: 00000000 00000000 00000000 00000000 ................
0x7dcefad0: 00000000 00000000 65726170 5748746e ........parentHW
0x7dcefae0: 7700444e 00006265 0000000a 00000000 ND.web..........
0x7dcefaf0: 00000048 00000000 e4dd9ed0 000001db H...............
0x7dcefb00: 00000013 00000000 00000000 00000000 ................
0x7dcefb10: 00000013 00000000 00000048 00000000 ........H.......
0x7dcefb20: 00000000 00000000 65646968 646e6957 ........hideWind
0x7dcefb30: 0000776f 00000000 0000000a 00000000 ow..............
0x7dcefb40: 00000048 00000000 00000490 000001da H...............
0x7dcefb50: 0000001e 00000000 00000000 00000000 ................
0x7dcefb60: 0000001e 00000000 00000048 00000000 ........H.......
0x7dcefb70: 00000000 00000000 6d657243 206e0061 ........Crema.n 
0x7dcefb80: 646e6556 0000726f 00000005 00000000 Vendor..........
0x7dcefb90: 00000048 00000000 c0012b80 000001da H........+......
0x7dcefba0: 00000040 00000000 00000000 00000000 @...............
0x7dcefbb0: 00000040 00000000 00000048 00000000 @.......H.......
0x7dcefbc0: 00000000 00000000 00000000 00000000 ................
0x7dcefbd0: 00000000 00000000 00000000 00000000 ................
0x7dcefbe0: 00000000 00000000 00000000 00000000 ................
0x7dcefbf0: 00000000 00000000 00000000 00000000 ................
0x7dcefc00: 00000000 00000000 00000000 00000000 ................
0x7dcefc10: bcc31844 00007ff6 00000000 00000000 D...............
0x7dcefc20: 00000000 00000000 00000000 00000000 ................
0x7dcefc30: 00000002 00000000 00000000 00000000 ................
0x7dcefc40: 23cf80b0 00007ffd 00000001 00000000 ...#............
0x7dcefc50: 23cf8260 00007ffd 23cf8110 00007ffd `..#.......#....
0x7dcefc60: 00000002 00000000 23cf7f60 00007ffd ........`..#....
0x7dcefc70: 23d1c830 00007ffd 77920000 000001da 0..#.......w....
0x7dcefc80: 77921000 000001da 00003000 00000000 ...w.....0......
0x7dcefc90: 00001000 00000000 00000114 00000000 ................
0x7dcefca0: 0000022c 00000000 00000230 00000000 ,.......0.......
0x7dcefcb0: 00000234 00000000 00000240 00000000 4.......@.......
0x7dcefcc0: 0000023c 00000000 77856ea0 000001da <........n.w....
0x7dcefcd0: ffffffff 00000000 00000000 00000000 ................
0x7dcefce0: 00000000 00000000 000000c8 00000000 ................
0x7dcefcf0: 00001a38 00430022 005c003a 00720050 8...".C.:.\.P.r.
0x7dcefd00: 0067006f 00610072 0020006d 00690046 o.g.r.a.m. .F.i.
0x7dcefd10: 0065006c 00200073 00780028 00360038 l.e.s. .(.x.8.6.
0x7dcefd20: 005c0029 00740053 00610065 005c006d ).\.S.t.e.a.m.\.
0x7dcefd30: 00740073 00610065 0061006d 00700070 s.t.e.a.m.a.p.p.
0x7dcefd40: 005c0073 006f0063 006d006d 006e006f s.\.c.o.m.m.o.n.
0x7dcefd50: 0054005c 006d0065 00650074 005c006d \.T.e.m.t.e.m.\.
0x7dcefd60: 006e0055 00740069 00430079 00610072 U.n.i.t.y.C.r.a.
0x7dcefd70: 00680073 00610048 0064006e 0065006c s.h.H.a.n.d.l.e.
0x7dcefd80: 00360072 002e0034 00780065 00220065 r.6.4...e.x.e.".
0x7dcefd90: 002d0020 0061002d 00740074 00630061  .-.-.a.t.t.a.c.
0x7dcefda0: 00200068 00360038 00360037 00320020 h. .8.6.7.6. .2.
0x7dcefdb0: 00330030 00380037 00300032 00350035 0.3.7.8.2.0.5.5.
0x7dcefdc0: 00330039 00300036 00000000 00000000 9.3.6.0.........
0x7dcefdd0: 00000000 00000000 00000000 00000000 ................
0x7dcefde0: 00000000 00000000 00000000 00000000 ................
0x7dcefdf0: 00000000 00000000 00000000 00000000 ................
0x7dcefe00: 00000000 00000000 00000000 00000000 ................
0x7dcefe10: 00000000 00000000 00000000 00000000 ................
0x7dcefe20: 00000000 00000000 00000000 00000000 ................
0x7dcefe30: 00000000 00000000 00000000 00000000 ................
0x7dcefe40: 00000000 00000000 00000000 00000000 ................
0x7dcefe50: 00000000 00000000 00000000 00000000 ................
0x7dcefe60: 00000000 00000000 00000000 00000000 ................
0x7dcefe70: 00000000 00000000 00000000 00000000 ................
0x7dcefe80: 00000000 00000000 00000000 00000000 ................
0x7dcefe90: 00000000 00000000 00000000 00000000 ................
0x7dcefea0: 00000000 00000000 00000000 00000000 ................
0x7dcefeb0: 00000000 00000000 00000000 00000000 ................
0x7dcefec0: 00000000 00000000 00000000 00000000 ................
0x7dcefed0: 00000000 00000000 00000000 00000000 ................
0x7dcefee0: 00000000 00000000 00000000 00000000 ................
0x7dcefef0: 00000000 00000000 00000000 00000000 ................
0x7dceff00: 00000000 00000000 00000000 00000000 ................
0x7dceff10: 00000000 00000000 00000000 00000000 ................
0x7dceff20: 00000000 00000000 00000000 00000000 ................
0x7dceff30: 00000000 00000000 00000000 00000000 ................
0x7dceff40: 00000000 00000000 00000000 00000000 ................
0x7dceff50: 00000000 00000000 00000000 00000000 ................
0x7dceff60: 00000000 00000000 00000000 00000000 ................
0x7dceff70: 00000000 00000000 00000000 00000000 ................
0x7dceff80: 00000000 00000000 00000000 00000000 ................
0x7dceff90: 00000000 00000000 00000000 00000000 ................
0x7dceffa0: 00000000 00000000 00000000 00000000 ................
0x7dceffb0: 00000000 00000000 00000000 00000000 ................
0x7dceffc0: 00000000 00000000 00000000 00000000 ................
0x7dceffd0: 00000000 00000000 00000000 00000000 ................
0x7dceffe0: 00000000 00000000 00000000 00000000 ................
0x7dcefff0: 00000000 00000000 00000000 00000000 ................
0x7dcf0000: 00000000 00000000 00000000 00000000 ................
0x7dcf0010: 00000000 00000000 00000000 00000000 ................
0x7dcf0020: 00000000 00000000 00000000 00000000 ................
0x7dcf0030: 00000000 00000000 00000000 00000000 ................
0x7dcf0040: 00000000 00000000 00000000 00000000 ................
0x7dcf0050: 00000000 00000000 00000000 00000000 ................
0x7dcf0060: 00000000 00000000 00000000 00000000 ................
0x7dcf0070: 00000000 00000000 00000000 00000000 ................
0x7dcf0080: 00000000 00000000 00000000 00000000 ................
0x7dcf0090: 00000000 00000000 00000000 00000000 ................
0x7dcf00a0: 00000000 00000000 00000000 00000000 ................
0x7dcf00b0: 00000000 00000000 00000000 00000000 ................
0x7dcf00c0: 00000000 00000000 00000000 00000000 ................
0x7dcf00d0: 00000000 00000000 00000000 00000000 ................
0x7dcf00e0: 00000000 00000000 00000000 00000000 ................
0x7dcf00f0: 00000000 00000000 00000000 00000000 ................
0x7dcf0100: 00000000 00000000 00000000 00000000 ................
0x7dcf0110: 00000000 00000000 00000000 00000000 ................
0x7dcf0120: 00000000 00000000 00000000 00000000 ................
0x7dcf0130: 00000000 00000000 00000000 00000000 ................
0x7dcf0140: 00000000 00000000 00000000 00000000 ................
0x7dcf0150: 00000000 00000000 00000000 00000000 ................
0x7dcf0160: 00000000 00000000 00000000 00000000 ................
0x7dcf0170: 00000000 00000000 00000000 00000000 ................
0x7dcf0180: 00000000 00000000 00000000 00000000 ................
0x7dcf0190: 00000000 00000000 00000000 00000000 ................
0x7dcf01a0: 00000000 00000000 00000000 00000000 ................
0x7dcf01b0: 00000000 00000000 00000000 00000000 ................
0x7dcf01c0: 00000000 00000000 00000000 00000000 ................
0x7dcf01d0: 00000000 00000000 00000000 00000000 ................
0x7dcf01e0: 00000000 00000000 00000000 00000000 ................
0x7dcf01f0: 00000000 00000000 00000000 00000000 ................
0x7dcf0200: 00000000 00000000 00000000 00000000 ................
0x7dcf0210: 00000000 00000000 00000000 00000000 ................
0x7dcf0220: 00000000 00000000 00000000 00000000 ................
0x7dcf0230: 00000000 00000000 00000000 00000000 ................
0x7dcf0240: 00000000 00000000 00000000 00000000 ................
0x7dcf0250: 00000000 00000000 00000000 00000000 ................
0x7dcf0260: 00000000 00000000 00000000 00000000 ................
0x7dcf0270: 00000000 00000000 00000000 00000000 ................
0x7dcf0280: 00000000 00000000 00000000 00000000 ................
0x7dcf0290: 00000000 00000000 00000000 00000000 ................
0x7dcf02a0: 00000000 00000000 00000000 00000000 ................
0x7dcf02b0: 00000000 00000000 00000000 00000000 ................
0x7dcf02c0: 00000000 00000000 00000000 00000000 ................
0x7dcf02d0: 00000000 00000000 00000000 00000000 ................
0x7dcf02e0: 00000000 00000000 00000000 00000000 ................
0x7dcf02f0: 00000000 00000000 00000000 00000000 ................
0x7dcf0300: 00000000 00000000 00000000 00000000 ................
0x7dcf0310: 00000000 00000000 00000000 00000000 ................
0x7dcf0320: 00000000 00000000 00000000 00000000 ................
0x7dcf0330: 00000000 00000000 00000000 00000000 ................
0x7dcf0340: 00000000 00000000 00000000 00000000 ................
0x7dcf0350: 00000000 00000000 00000000 00000000 ................
0x7dcf0360: 00000000 00000000 00000000 00000000 ................
0x7dcf0370: 00000000 00000000 00000000 00000000 ................
0x7dcf0380: 00000000 00000000 00000000 00000000 ................
0x7dcf0390: 00000000 00000000 00000000 00000000 ................
0x7dcf03a0: 00000000 00000000 00000000 00000000 ................
0x7dcf03b0: 00000000 00000000 00000000 00000000 ................
0x7dcf03c0: 00000000 00000000 00000000 00000000 ................
0x7dcf03d0: 00000000 00000000 00000000 00000000 ................
0x7dcf03e0: 00000000 00000000 00000000 00000000 ................
0x7dcf03f0: 00000000 00000000 00000000 00000000 ................
0x7dcf0400: 00000000 00000000 00000000 00000000 ................
0x7dcf0410: 00000000 00000000 00000000 00000000 ................
0x7dcf0420: 00000000 00000000 00000000 00000000 ................
0x7dcf0430: 00000000 00000000 00000000 00000000 ................
0x7dcf0440: 00000000 00000000 00000000 00000000 ................
0x7dcf0450: 00000000 00000000 00000000 00000000 ................
0x7dcf0460: 00000000 00000000 00000000 00000000 ................
0x7dcf0470: 00000000 00000000 00000000 00000000 ................
0x7dcf0480: 00000000 00000000 00000000 00000000 ................
0x7dcf0490: 00000000 00000000 00000000 00000000 ................
0x7dcf04a0: 00000000 00000000 00000000 00000000 ................
0x7dcf04b0: 00000000 00000000 00000000 00000000 ................
0x7dcf04c0: 00000000 00000000 00000000 00000000 ................
0x7dcf04d0: 00000000 00000000 00000000 00000000 ................
0x7dcf04e0: 00000000 00000000 00000000 00000000 ................
0x7dcf04f0: 00000000 00000000 00000000 00000000 ................
0x7dcf0500: 00000000 00000000 00000000 00000000 ................
0x7dcf0510: 00000000 00000000 00000000 00000000 ................
0x7dcf0520: 00000000 00000000 00000000 00000000 ................
0x7dcf0530: 00000000 00000000 00000000 00000000 ................
0x7dcf0540: 00000000 00000000 00000000 00000000 ................
0x7dcf0550: 00000000 00000000 00000000 00000000 ................
0x7dcf0560: 00000000 00000000 00000000 00000000 ................
0x7dcf0570: 00000000 00000000 00000000 00000000 ................
0x7dcf0580: 00000000 00000000 00000000 00000000 ................
0x7dcf0590: 00000000 00000000 00000000 00000000 ................
0x7dcf05a0: 00000000 00000000 00000000 00000000 ................
0x7dcf05b0: 00000000 00000000 00000000 00000000 ................
0x7dcf05c0: 00000000 00000000 00000000 00000000 ................
0x7dcf05d0: 00000000 00000000 00000000 00000000 ................
0x7dcf05e0: 00000000 00000000 00000000 00000000 ................
0x7dcf05f0: 00000000 00000000 00000000 00000000 ................
0x7dcf0600: 00000000 00000000 00000000 00000000 ................
0x7dcf0610: 00000000 00000000 00000000 00000000 ................
0x7dcf0620: 00000000 00000000 00000000 00000000 ................
0x7dcf0630: 00000000 00000000 00000000 00000000 ................
0x7dcf0640: 00000000 00000000 00000000 00000000 ................
0x7dcf0650: 00000000 00000000 00000000 00000000 ................
0x7dcf0660: 00000000 00000000 00000000 00000000 ................
0x7dcf0670: 00000000 00000000 00000000 00000000 ................
0x7dcf0680: 00000000 00000000 00000000 00000000 ................
0x7dcf0690: 00000000 00000000 00000000 00000000 ................
0x7dcf06a0: 00000000 00000000 00000000 00000000 ................
0x7dcf06b0: 00000000 00000000 00000000 00000000 ................
0x7dcf06c0: 00000000 00000000 00000000 00000000 ................
0x7dcf06d0: 00000000 00000000 00000000 00000000 ................
0x7dcf06e0: 00000000 00000000 00000000 00000000 ................
0x7dcf06f0: 00000000 00000000 00000000 00000000 ................
0x7dcf0700: 00000000 00000000 00000000 00000000 ................
0x7dcf0710: 00000000 00000000 00000000 00000000 ................
0x7dcf0720: 00000000 00000000 00000000 00000000 ................
0x7dcf0730: 00000000 00000000 00000000 00000000 ................
0x7dcf0740: 00000000 00000000 00000000 00000000 ................
0x7dcf0750: 00000000 00000000 00000000 00000000 ................
0x7dcf0760: 00000000 00000000 00000000 00000000 ................
0x7dcf0770: 00000000 00000000 00000000 00000000 ................
0x7dcf0780: 00000000 00000000 00000000 00000000 ................
0x7dcf0790: 00000000 00000000 00000000 00000000 ................
0x7dcf07a0: 00000000 00000000 00000000 00000000 ................
0x7dcf07b0: 00000000 00000000 00000000 00000000 ................
0x7dcf07c0: 00000000 00000000 00000000 00000000 ................
0x7dcf07d0: 00000000 00000000 00000000 00000000 ................
0x7dcf07e0: 00000000 00000000 00000000 00000000 ................
0x7dcf07f0: 00000000 00000000 00000000 00000000 ................
0x7dcf0800: 00000000 00000000 00000000 00000000 ................
0x7dcf0810: 00000000 00000000 00000000 00000000 ................
0x7dcf0820: 00000000 00000000 00000000 00000000 ................
0x7dcf0830: 00000000 00000000 00000000 00000000 ................
0x7dcf0840: 00000000 00000000 00000000 00000000 ................
0x7dcf0850: 00000000 00000000 00000000 00000000 ................
0x7dcf0860: 00000000 00000000 00000000 00000000 ................
0x7dcf0870: 00000000 00000000 00000000 00000000 ................
0x7dcf0880: 00000000 00000000 00000000 00000000 ................
0x7dcf0890: 00000000 00000000 00000000 00000000 ................
0x7dcf08a0: 00000000 00000000 00000000 00000000 ................
0x7dcf08b0: 00000000 00000000 00000000 00000000 ................
0x7dcf08c0: 00000000 00000000 00000000 00000000 ................
0x7dcf08d0: 00000000 00000000 00000000 00000000 ................
0x7dcf08e0: 00000000 00000000 00000000 00000000 ................
0x7dcf08f0: 00000000 00000000 00000000 00000000 ................
0x7dcf0900: 00000000 00000000 00000000 00000000 ................
0x7dcf0910: 00000000 00000000 00000000 00000000 ................
0x7dcf0920: 00000000 00000000 00000000 00000000 ................
0x7dcf0930: 00000000 00000000 00000000 00000000 ................
0x7dcf0940: 00000000 00000000 00000000 00000000 ................
0x7dcf0950: 00000000 00000000 00000000 00000000 ................
0x7dcf0960: 00000000 00000000 00000000 00000000 ................
0x7dcf0970: 00000000 00000000 00000000 00000000 ................
0x7dcf0980: 00000000 00000000 00000000 00000000 ................
0x7dcf0990: 00000000 00000000 00000000 00000000 ................
0x7dcf09a0: 00000000 00000000 00000000 00000000 ................
0x7dcf09b0: 00000000 00000000 00000000 00000000 ................
0x7dcf09c0: 00000000 00000000 00000000 00000000 ................
0x7dcf09d0: 00000000 00000000 00000000 00000000 ................
0x7dcf09e0: 00000000 00000000 00000000 00000000 ................
0x7dcf09f0: 00000000 00000000 00000000 00000000 ................
0x7dcf0a00: 00000000 00000000 00000000 00000000 ................
0x7dcf0a10: 00000000 00000000 00000000 00000000 ................
0x7dcf0a20: 00000000 00000000 00000000 00000000 ................
0x7dcf0a30: 00000000 00000000 00000000 00000000 ................
0x7dcf0a40: 00000000 00000000 00000000 00000000 ................
0x7dcf0a50: 00000000 00000000 00000000 00000000 ................
0x7dcf0a60: 00000000 00000000 00000000 00000000 ................
0x7dcf0a70: 00000000 00000000 00000000 00000000 ................
0x7dcf0a80: 00000000 00000000 00000000 00000000 ................
0x7dcf0a90: 00000000 00000000 00000000 00000000 ................
0x7dcf0aa0: 00000000 00000000 00000000 00000000 ................
0x7dcf0ab0: 00000000 00000000 00000000 00000000 ................
0x7dcf0ac0: 00000000 00000000 00000000 00000000 ................
0x7dcf0ad0: 00000000 00000000 00000000 00000000 ................
0x7dcf0ae0: 00000000 00000000 00000000 00000000 ................
0x7dcf0af0: 00000000 00000000 00000000 00000000 ................
0x7dcf0b00: 00000000 00000000 00000000 00000000 ................
0x7dcf0b10: 00000000 00000000 00000000 00000000 ................
0x7dcf0b20: 00000000 00000000 00000000 00000000 ................
0x7dcf0b30: 00000000 00000000 00000000 00000000 ................
0x7dcf0b40: 00000000 00000000 00000000 00000000 ................
0x7dcf0b50: 00000000 00000000 00000000 00000000 ................
0x7dcf0b60: 00000000 00000000 00000000 00000000 ................
0x7dcf0b70: 00000000 00000000 00000000 00000000 ................
0x7dcf0b80: 00000000 00000000 00000000 00000000 ................
0x7dcf0b90: 00000000 00000000 00000000 00000000 ................
0x7dcf0ba0: 00000000 00000000 00000000 00000000 ................
0x7dcf0bb0: 00000000 00000000 00000000 00000000 ................
0x7dcf0bc0: 00000000 00000000 00000000 00000000 ................
0x7dcf0bd0: 00000000 00000000 00000000 00000000 ................
0x7dcf0be0: 00000000 00000000 00000000 00000000 ................
0x7dcf0bf0: 00000000 00000000 00000000 00000000 ................
0x7dcf0c00: 00000000 00000000 00000000 00000000 ................
0x7dcf0c10: 00000000 00000000 00000000 00000000 ................
0x7dcf0c20: 00000000 00000000 00000000 00000000 ................
0x7dcf0c30: 00000000 00000000 00000000 00000000 ................
0x7dcf0c40: 00000000 00000000 00000000 00000000 ................
0x7dcf0c50: 00000000 00000000 00000000 00000000 ................
0x7dcf0c60: 00000000 00000000 00000000 00000000 ................
0x7dcf0c70: 00000000 00000000 00000000 00000000 ................
0x7dcf0c80: 00000000 00000000 00000000 00000000 ................
0x7dcf0c90: 00000000 00000000 00000000 00000000 ................
0x7dcf0ca0: 00000000 00000000 00000000 00000000 ................
0x7dcf0cb0: 00000000 00000000 00000000 00000000 ................
0x7dcf0cc0: 00000000 00000000 00000000 00000000 ................
0x7dcf0cd0: 00000000 00000000 00000000 00000000 ................
0x7dcf0ce0: 00000000 00000000 00000000 00000000 ................
0x7dcf0cf0: 00000000 00000000 00000000 00000000 ................
0x7dcf0d00: 00000000 00000000 00000000 00000000 ................
0x7dcf0d10: 00000000 00000000 00000000 00000000 ................
0x7dcf0d20: 00000000 00000000 00000000 00000000 ................
0x7dcf0d30: 00000000 00000000 00000000 00000000 ................
0x7dcf0d40: 00000000 00000000 00000000 00000000 ................
0x7dcf0d50: 00000000 00000000 00000000 00000000 ................
0x7dcf0d60: 00000000 00000000 00000000 00000000 ................
0x7dcf0d70: 00000000 00000000 00000000 00000000 ................
0x7dcf0d80: 00000000 00000000 00000000 00000000 ................
0x7dcf0d90: 00000000 00000000 00000000 00000000 ................
0x7dcf0da0: 00000000 00000000 00000000 00000000 ................
0x7dcf0db0: 00000000 00000000 00000000 00000000 ................
0x7dcf0dc0: 00000000 00000000 00000000 00000000 ................
0x7dcf0dd0: 00000000 00000000 00000000 00000000 ................
0x7dcf0de0: 00000000 00000000 00000000 00000000 ................
0x7dcf0df0: 00000000 00000000 00000000 00000000 ................
0x7dcf0e00: 00000000 00000000 00000000 00000000 ................
0x7dcf0e10: 00000000 00000000 00000000 00000000 ................
0x7dcf0e20: 00000000 00000000 00000000 00000000 ................
0x7dcf0e30: 00000000 00000000 00000000 00000000 ................
0x7dcf0e40: 00000000 00000000 00000000 00000000 ................
0x7dcf0e50: 00000000 00000000 00000000 00000000 ................
0x7dcf0e60: 00000000 00000000 00000000 00000000 ................
0x7dcf0e70: 00000000 00000000 00000000 00000000 ................
0x7dcf0e80: 00000000 00000000 00000000 00000000 ................
0x7dcf0e90: 00000000 00000000 00000000 00000000 ................
0x7dcf0ea0: 00000000 00000000 00000000 00000000 ................
0x7dcf0eb0: 00000000 00000000 00000000 00000000 ................
0x7dcf0ec0: 00000000 00000000 00000000 00000000 ................
0x7dcf0ed0: 00000000 00000000 00000000 00000000 ................
0x7dcf0ee0: 00000000 00000000 00000000 00000000 ................
0x7dcf0ef0: 00000000 00000000 00000000 00000000 ................
0x7dcf0f00: 00000000 00000000 00000000 00000000 ................
0x7dcf0f10: 00000000 00000000 00000000 00000000 ................
0x7dcf0f20: 00000000 00000000 00000000 00000000 ................
0x7dcf0f30: 00000000 00000000 00000000 00000000 ................
0x7dcf0f40: 00000000 00000000 00000000 00000000 ................
0x7dcf0f50: 00000000 00000000 00000000 00000000 ................
0x7dcf0f60: 00000000 00000000 00000000 00000000 ................
0x7dcf0f70: 00000000 00000000 00000000 00000000 ................
0x7dcf0f80: 00000000 00000000 00000000 00000000 ................
0x7dcf0f90: 00000000 00000000 00000000 00000000 ................

Module 1
C:\WINDOWS\SYSTEM32\xinput1_3.dll
Image Base: 0x00400000  Image Size: 0x0001e000
File Size:  107368      File Time:  2007-04-04_185422
Version:
   Company:    Microsoft Corporation
   Product:    Microsoft® DirectX for Windows®
   FileDesc:   Microsoft Common Controller API
   FileVer:    9.18.944.0
   ProdVer:    9.18.944.0

Module 2
C:\WINDOWS\SYSTEM32\xinput1_2.DLL
Image Base: 0x00400000  Image Size: 0x00018000
File Size:  83736       File Time:  2006-07-28_093108
Version:
   Company:    Microsoft Corporation
   Product:    Microsoft® DirectX for Windows®
   FileDesc:   Microsoft Common Controller API
   FileVer:    9.14.701.0
   ProdVer:    9.14.701.0

Module 3
C:\WINDOWS\SYSTEM32\xinput1_1.DLL
Image Base: 0x00400000  Image Size: 0x00018000
File Size:  83664       File Time:  2006-03-31_123948
Version:
   Company:    Microsoft Corporation
   Product:    Microsoft® DirectX for Windows®
   FileDesc:   Microsoft Common Controller API
   FileVer:    9.12.589.0
   ProdVer:    9.12.589.0

Crash Report configuration:
 * App Name: Temtem
 * App Version: Unity 2019.4.14f1_df5769635aab
 * Mono DLL: C:\Program Files (x86)\Steam\steamapps\common\Temtem\MonoBleedingEdge\EmbedRuntime\mono-2.0-bdwgc.dll
 * Bug Reporter App Path: 
 * Crash Report Path: C:\Users\rqflo\AppData\Local\Temp\Crema\Temtem\Crashes
 * Is Editor: false

Crash Report metadata:

Additional report files:
 * "C:\Users\rqflo\AppData\LocalLow\Crema\Temtem\Player.log" (Output log file)



== [end of error.log] ==
